              :-) GROMACS - gmx mdrun, 2020.1-Ubuntu-2020.1-1 (-:

                            GROMACS is written by:
     Emile Apol      Rossen Apostolov      Paul Bauer     Herman J.C. Berendsen
    Par Bjelkmar      Christian Blau   Viacheslav Bolnykh     Kevin Boyd    
 Aldert van Buuren   Rudi van Drunen     Anton Feenstra       Alan Gray     
  Gerrit Groenhof     Anca Hamuraru    Vincent Hindriksen  M. Eric Irrgang  
  Aleksei Iupinov   Christoph Junghans     Joe Jordan     Dimitrios Karkoulis
    Peter Kasson        Jiri Kraus      Carsten Kutzner      Per Larsson    
  Justin A. Lemkul    Viveca Lindahl    Magnus Lundborg     Erik Marklund   
    Pascal Merz     Pieter Meulenhoff    Teemu Murtola       Szilard Pall   
    Sander Pronk      Roland Schulz      Michael Shirts    Alexey Shvetsov  
   Alfons Sijbers     Peter Tieleman      Jon Vincent      Teemu Virolainen 
 Christian Wennberg    Maarten Wolf      Artem Zhmurov   
                           and the project leaders:
        Mark Abraham, Berk Hess, Erik Lindahl, and David van der Spoel

Copyright (c) 1991-2000, University of Groningen, The Netherlands.
Copyright (c) 2001-2019, The GROMACS development team at
Uppsala University, Stockholm University and
the Royal Institute of Technology, Sweden.
check out http://www.gromacs.org for more information.

GROMACS is free software; you can redistribute it and/or modify it
under the terms of the GNU Lesser General Public License
as published by the Free Software Foundation; either version 2.1
of the License, or (at your option) any later version.

GROMACS:      gmx mdrun, version 2020.1-Ubuntu-2020.1-1
Executable:   /usr/bin/gmx
Data prefix:  /usr
Working dir:  /content
Process ID:   104775
Command line:
  gmx mdrun -s MD-prod/Terza_simulazione/prod_MD_pep1.tpr -deffnm MD-prod/Terza_simulazione/MD_pep1_v -v -nt 12

GROMACS version:    2020.1-Ubuntu-2020.1-1
Precision:          single
Memory model:       64 bit
MPI library:        thread_mpi
OpenMP support:     enabled (GMX_OPENMP_MAX_THREADS = 64)
GPU support:        disabled
SIMD instructions:  SSE2
FFT library:        fftw-3.3.8-sse2-avx
RDTSCP usage:       disabled
TNG support:        enabled
Hwloc support:      hwloc-2.1.0
Tracing support:    disabled
C compiler:         /usr/bin/cc GNU 9.3.0
C compiler flags:   -msse2 -fexcess-precision=fast -funroll-all-loops
C++ compiler:       /usr/bin/c++ GNU 9.3.0
C++ compiler flags: -msse2 -fexcess-precision=fast -funroll-all-loops -fopenmp


Running on 1 node with total 1 cores, 2 logical cores
Hardware detected:
  CPU info:
    Vendor: Intel
    Brand:  Intel(R) Xeon(R) CPU @ 2.20GHz
    Family: 6   Model: 79   Stepping: 0
    Features: aes apic avx avx2 clfsh cmov cx8 cx16 f16c fma hle htt intel lahf mmx msr nonstop_tsc pcid pclmuldq pdpe1gb popcnt pse rdrnd rdtscp rtm sse2 sse3 sse4.1 sse4.2 ssse3 x2apic
  Hardware topology: Full, with devices
    Sockets, cores, and logical processors:
      Socket  0: [   0   1]
    Numa nodes:
      Node  0 (13616316416 bytes mem):   0   1
      Latency:
               0
         0  1.00
    Caches:
      L1: 32768 bytes, linesize 64 bytes, assoc. 8, shared 2 ways
      L2: 262144 bytes, linesize 64 bytes, assoc. 8, shared 2 ways
      L3: 57671680 bytes, linesize 64 bytes, assoc. 20, shared 2 ways
    PCI devices:
      0000:00:04.0  Id: 1af4:1000  Class: 0x0200  Numa: 0

Highest SIMD level requested by all nodes in run: AVX2_256
SIMD instructions selected at compile time:       SSE2
This program was compiled for different hardware than you are running on,
which could influence performance.
The current CPU can measure timings more accurately than the code in
gmx mdrun was configured to use. This might affect your simulation
speed as accurate timings are needed for load-balancing.
Please consider rebuilding gmx mdrun with the GMX_USE_RDTSCP=ON CMake option.

++++ PLEASE READ AND CITE THE FOLLOWING REFERENCE ++++
M. J. Abraham, T. Murtola, R. Schulz, S. Páll, J. C. Smith, B. Hess, E.
Lindahl
GROMACS: High performance molecular simulations through multi-level
parallelism from laptops to supercomputers
SoftwareX 1 (2015) pp. 19-25
-------- -------- --- Thank You --- -------- --------


++++ PLEASE READ AND CITE THE FOLLOWING REFERENCE ++++
S. Páll, M. J. Abraham, C. Kutzner, B. Hess, E. Lindahl
Tackling Exascale Software Challenges in Molecular Dynamics Simulations with
GROMACS
In S. Markidis & E. Laure (Eds.), Solving Software Challenges for Exascale 8759 (2015) pp. 3-27
-------- -------- --- Thank You --- -------- --------


++++ PLEASE READ AND CITE THE FOLLOWING REFERENCE ++++
S. Pronk, S. Páll, R. Schulz, P. Larsson, P. Bjelkmar, R. Apostolov, M. R.
Shirts, J. C. Smith, P. M. Kasson, D. van der Spoel, B. Hess, and E. Lindahl
GROMACS 4.5: a high-throughput and highly parallel open source molecular
simulation toolkit
Bioinformatics 29 (2013) pp. 845-54
-------- -------- --- Thank You --- -------- --------


++++ PLEASE READ AND CITE THE FOLLOWING REFERENCE ++++
B. Hess and C. Kutzner and D. van der Spoel and E. Lindahl
GROMACS 4: Algorithms for highly efficient, load-balanced, and scalable
molecular simulation
J. Chem. Theory Comput. 4 (2008) pp. 435-447
-------- -------- --- Thank You --- -------- --------


++++ PLEASE READ AND CITE THE FOLLOWING REFERENCE ++++
D. van der Spoel, E. Lindahl, B. Hess, G. Groenhof, A. E. Mark and H. J. C.
Berendsen
GROMACS: Fast, Flexible and Free
J. Comp. Chem. 26 (2005) pp. 1701-1719
-------- -------- --- Thank You --- -------- --------


++++ PLEASE READ AND CITE THE FOLLOWING REFERENCE ++++
E. Lindahl and B. Hess and D. van der Spoel
GROMACS 3.0: A package for molecular simulation and trajectory analysis
J. Mol. Mod. 7 (2001) pp. 306-317
-------- -------- --- Thank You --- -------- --------


++++ PLEASE READ AND CITE THE FOLLOWING REFERENCE ++++
H. J. C. Berendsen, D. van der Spoel and R. van Drunen
GROMACS: A message-passing parallel molecular dynamics implementation
Comp. Phys. Comm. 91 (1995) pp. 43-56
-------- -------- --- Thank You --- -------- --------

Input Parameters:
   integrator                     = md
   tinit                          = 0
   dt                             = 0.004
   nsteps                         = 500000
   init-step                      = 0
   simulation-part                = 1
   comm-mode                      = Angular
   nstcomm                        = 500
   bd-fric                        = 0
   ld-seed                        = 323150214
   emtol                          = 10
   emstep                         = 0.01
   niter                          = 20
   fcstep                         = 0
   nstcgsteep                     = 1000
   nbfgscorr                      = 10
   rtpi                           = 0.05
   nstxout                        = 500
   nstvout                        = 500
   nstfout                        = 0
   nstlog                         = 5000
   nstcalcenergy                  = 500
   nstenergy                      = 500
   nstxout-compressed             = 0
   compressed-x-precision         = 1000
   cutoff-scheme                  = Verlet
   nstlist                        = 10
   pbc                            = xyz
   periodic-molecules             = false
   verlet-buffer-tolerance        = 0.005
   rlist                          = 1.049
   coulombtype                    = Cut-off
   coulomb-modifier               = Potential-shift
   rcoulomb-switch                = 0
   rcoulomb                       = 1
   epsilon-r                      = 1
   epsilon-rf                     = inf
   vdw-type                       = Cut-off
   vdw-modifier                   = Potential-shift
   rvdw-switch                    = 0
   rvdw                           = 1
   DispCorr                       = No
   table-extension                = 1
   fourierspacing                 = 0.12
   fourier-nx                     = 0
   fourier-ny                     = 0
   fourier-nz                     = 0
   pme-order                      = 4
   ewald-rtol                     = 1e-05
   ewald-rtol-lj                  = 0.001
   lj-pme-comb-rule               = Geometric
   ewald-geometry                 = 0
   epsilon-surface                = 0
   tcoupl                         = V-rescale
   nsttcouple                     = 10
   nh-chain-length                = 0
   print-nose-hoover-chain-variables = false
   pcoupl                         = No
   pcoupltype                     = Isotropic
   nstpcouple                     = -1
   tau-p                          = 1
   compressibility (3x3):
      compressibility[    0]={ 0.00000e+00,  0.00000e+00,  0.00000e+00}
      compressibility[    1]={ 0.00000e+00,  0.00000e+00,  0.00000e+00}
      compressibility[    2]={ 0.00000e+00,  0.00000e+00,  0.00000e+00}
   ref-p (3x3):
      ref-p[    0]={ 0.00000e+00,  0.00000e+00,  0.00000e+00}
      ref-p[    1]={ 0.00000e+00,  0.00000e+00,  0.00000e+00}
      ref-p[    2]={ 0.00000e+00,  0.00000e+00,  0.00000e+00}
   refcoord-scaling               = No
   posres-com (3):
      posres-com[0]= 0.00000e+00
      posres-com[1]= 0.00000e+00
      posres-com[2]= 0.00000e+00
   posres-comB (3):
      posres-comB[0]= 0.00000e+00
      posres-comB[1]= 0.00000e+00
      posres-comB[2]= 0.00000e+00
   QMMM                           = false
   QMconstraints                  = 0
   QMMMscheme                     = 0
   MMChargeScaleFactor            = 1
qm-opts:
   ngQM                           = 0
   constraint-algorithm           = Lincs
   continuation                   = false
   Shake-SOR                      = false
   shake-tol                      = 0.0001
   lincs-order                    = 4
   lincs-iter                     = 1
   lincs-warnangle                = 30
   nwall                          = 0
   wall-type                      = 9-3
   wall-r-linpot                  = -1
   wall-atomtype[0]               = -1
   wall-atomtype[1]               = -1
   wall-density[0]                = 0
   wall-density[1]                = 0
   wall-ewald-zfac                = 3
   pull                           = false
   awh                            = false
   rotation                       = false
   interactiveMD                  = false
   disre                          = No
   disre-weighting                = Conservative
   disre-mixed                    = false
   dr-fc                          = 1000
   dr-tau                         = 0
   nstdisreout                    = 100
   orire-fc                       = 0
   orire-tau                      = 0
   nstorireout                    = 100
   free-energy                    = no
   cos-acceleration               = 0
   deform (3x3):
      deform[    0]={ 0.00000e+00,  0.00000e+00,  0.00000e+00}
      deform[    1]={ 0.00000e+00,  0.00000e+00,  0.00000e+00}
      deform[    2]={ 0.00000e+00,  0.00000e+00,  0.00000e+00}
   simulated-tempering            = false
   swapcoords                     = no
   userint1                       = 0
   userint2                       = 0
   userint3                       = 0
   userint4                       = 0
   userreal1                      = 0
   userreal2                      = 0
   userreal3                      = 0
   userreal4                      = 0
   applied-forces:
     electric-field:
       x:
         E0                       = 0
         omega                    = 0
         t0                       = 0
         sigma                    = 0
       y:
         E0                       = 0
         omega                    = 0
         t0                       = 0
         sigma                    = 0
       z:
         E0                       = 0
         omega                    = 0
         t0                       = 0
         sigma                    = 0
     density-guided-simulation:
       active                     = false
       group                      = protein
       similarity-measure         = inner-product
       atom-spreading-weight      = unity
       force-constant             = 1e+09
       gaussian-transform-spreading-width = 0.2
       gaussian-transform-spreading-range-in-multiples-of-width = 4
       reference-density-filename = reference.mrc
       nst                        = 1
       normalize-densities        = true
       adaptive-force-scaling     = false
       adaptive-force-scaling-time-constant = 4
grpopts:
   nrdf:         788
   ref-t:         300
   tau-t:         0.5
annealing:          No
annealing-npoints:           0
   acc:	           0           0           0
   nfreeze:           N           N           N
   energygrp-flags[  0]: 0

Changing nstlist from 10 to 25, rlist from 1.049 to 1.159


Using 1 MPI thread

Non-default thread affinity set, disabling internal thread affinity

Using 12 OpenMP threads 


WARNING: Oversubscribing the available 2 logical CPU cores with 12 threads.
         This will cause considerable performance loss.
System total charge: 3.000
Potential shift: LJ r^-12: -1.000e+00 r^-6: -1.000e+00, Coulomb -1e+00
Generated table with 1079 data points for 1-4 COUL.
Tabscale = 500 points/nm
Generated table with 1079 data points for 1-4 LJ6.
Tabscale = 500 points/nm
Generated table with 1079 data points for 1-4 LJ12.
Tabscale = 500 points/nm

Using SIMD 4x4 nonbonded short-range kernels

Using a dual 4x4 pair-list setup updated with dynamic pruning:
  outer list: updated every 25 steps, buffer 0.159 nm, rlist 1.159 nm
  inner list: updated every  4 steps, buffer 0.011 nm, rlist 1.011 nm
At tolerance 0.005 kJ/mol/ps per atom, equivalent classical 1x1 list would be:
  outer list: updated every 25 steps, buffer 0.208 nm, rlist 1.208 nm
  inner list: updated every  4 steps, buffer 0.018 nm, rlist 1.018 nm

Using Lorentz-Berthelot Lennard-Jones combination rule

Removing pbc first time

Initializing LINear Constraint Solver

++++ PLEASE READ AND CITE THE FOLLOWING REFERENCE ++++
B. Hess and H. Bekker and H. J. C. Berendsen and J. G. E. M. Fraaije
LINCS: A Linear Constraint Solver for molecular simulations
J. Comp. Chem. 18 (1997) pp. 1463-1472
-------- -------- --- Thank You --- -------- --------

The number of constraints is 412

++++ PLEASE READ AND CITE THE FOLLOWING REFERENCE ++++
G. Bussi, D. Donadio and M. Parrinello
Canonical sampling through velocity rescaling
J. Chem. Phys. 126 (2007) pp. 014101
-------- -------- --- Thank You --- -------- --------

There are: 402 Atoms

Constraining the starting coordinates (step 0)

Constraining the coordinates at t0-dt (step 0)
Center of mass motion removal mode is Angular
We have the following groups for center of mass motion removal:
  0:  rest
RMS relative constraint deviation after constraining: 3.73e-06
Initial temperature: 0.00178498 K

Started mdrun on rank 0 Thu May 11 20:11:20 2023

           Step           Time
              0        0.00000

   Energies (kJ/mol)
          Angle    Proper Dih.  Improper Dih.          LJ-14     Coulomb-14
    1.94451e+02    8.21037e+02    9.88903e+00    3.59791e+02    4.92373e+03
        LJ (SR)   Coulomb (SR)      Potential    Kinetic En.   Total Energy
   -5.74597e+02   -7.07370e+03   -1.33940e+03    1.24977e+00   -1.33815e+03
  Conserved En.    Temperature Pressure (bar)   Constr. rmsd
   -1.33815e+03    3.81505e-01   -5.87563e+01    9.65333e-05

Group rest with mass  2.85129e+03, Ekrot  2.44675e+01 Det(I) =  5.58014e+08
  COM:      4.18500       3.91138       1.99431
  P:        0.00010      -0.00004       0.00023
  V:        0.00000      -0.00000       0.00000
  J:     -280.41061      -0.00041    -315.95410
  w:       -0.07138       0.05661      -0.09153
Inertia tensor (3x3):
   Inertia tensor[    0]={ 3.14426e+02, -9.28594e+01,  1.25213e+02}
   Inertia tensor[    1]={-9.28594e+01,  3.54645e+03, -5.03037e+02}
   Inertia tensor[    2]={ 1.25213e+02, -5.03037e+02,  6.15906e+02}
Group rest with mass  2.85129e+03, Ekrot  1.93524e+00 Det(I) =  4.13592e+08
  COM:      4.18500       3.95234       1.99431
  P:        0.00021       0.00007      -0.00007
  V:        0.00000       0.00000      -0.00000
  J:      116.32239       0.00015      26.70596
  w:        0.03098      -0.01303       0.01000
Inertia tensor (3x3):
   Inertia tensor[    0]={ 3.36770e+02, -1.97312e+02,  1.52346e+02}
   Inertia tensor[    1]={-1.97312e+02,  3.40327e+03, -4.57789e+02}
   Inertia tensor[    2]={ 1.52346e+02, -4.57789e+02,  4.83780e+02}
Group rest with mass  2.85129e+03, Ekrot  2.72412e+00 Det(I) =  3.59184e+08
  COM:      4.18500       3.95824       1.99431
  P:        0.00012       0.00003       0.00001
  V:        0.00000       0.00000       0.00000
  J:      -30.85930       0.00026     136.12511
  w:       -0.00579      -0.02396       0.03871
Inertia tensor (3x3):
   Inertia tensor[    0]={ 3.66914e+02, -1.73250e+02,  1.18240e+02}
   Inertia tensor[    1]={-1.73250e+02,  3.43642e+03, -4.92264e+02}
   Inertia tensor[    2]={ 1.18240e+02, -4.92264e+02,  3.86699e+02}
Group rest with mass  2.85129e+03, Ekrot  1.56576e+00 Det(I) =  3.13713e+08
  COM:      4.18500       3.97574       1.99431
  P:       -0.00012      -0.00042      -0.00008
  V:       -0.00000      -0.00000      -0.00000
  J:      102.12967       0.00058     -31.76762
  w:        0.02842      -0.00607      -0.00721
Inertia tensor (3x3):
   Inertia tensor[    0]={ 3.83445e+02, -2.37695e+02,  1.09064e+02}
   Inertia tensor[    1]={-2.37695e+02,  3.30105e+03, -3.48877e+02}
   Inertia tensor[    2]={ 1.09064e+02, -3.48877e+02,  3.15530e+02}
Group rest with mass  2.85129e+03, Ekrot  6.31192e+00 Det(I) =  3.07854e+08
  COM:      4.18500       4.01097       1.99431
  P:        0.00041      -0.00014       0.00017
  V:        0.00000      -0.00000       0.00000
  J:      163.26526      -0.00001     108.24017
  w:        0.05422      -0.03989       0.03484
Inertia tensor (3x3):
   Inertia tensor[    0]={ 4.70125e+02, -3.83578e+02,  1.08814e+02}
   Inertia tensor[    1]={-3.83578e+02,  3.09292e+03, -2.50582e+02}
   Inertia tensor[    2]={ 1.08814e+02, -2.50582e+02,  2.70159e+02}
Group rest with mass  2.85129e+03, Ekrot  1.26056e+00 Det(I) =  2.00480e+08
  COM:      4.18500       4.09513       1.99431
  P:        0.00011      -0.00006       0.00015
  V:        0.00000      -0.00000       0.00000
  J:       45.55845       0.00019     -70.76794
  w:        0.01485       0.00577      -0.02606
Inertia tensor (3x3):
   Inertia tensor[    0]={ 4.12562e+02, -4.26777e+02,  1.37947e+02}
   Inertia tensor[    1]={-4.26777e+02,  2.31519e+03, -4.10811e+02}
   Inertia tensor[    2]={ 1.37947e+02, -4.10811e+02,  3.43836e+02}
           Step           Time
           5000       20.00000

Group rest with mass  2.85129e+03, Ekrot  3.74130e+00 Det(I) =  2.49367e+08
  COM:      4.18500       4.07746       1.99431
  P:       -0.00004      -0.00029      -0.00010
  V:       -0.00000      -0.00000      -0.00000
  J:     -131.69550      -0.00026      71.14818
  w:       -0.04675       0.01345       0.01864
Inertia tensor (3x3):
   Inertia tensor[    0]={ 4.72488e+02, -4.63070e+02,  1.93719e+02}
   Inertia tensor[    1]={-4.63070e+02,  2.47434e+03, -5.32707e+02}
   Inertia tensor[    2]={ 1.93719e+02, -5.32707e+02,  3.98811e+02}
   Energies (kJ/mol)
          Angle    Proper Dih.  Improper Dih.          LJ-14     Coulomb-14
    8.27709e+02    1.09191e+03    5.84070e+01    3.96372e+02    4.94763e+03
        LJ (SR)   Coulomb (SR)      Potential    Kinetic En.   Total Energy
   -5.04737e+02   -8.22161e+03   -1.40432e+03    9.27632e+02   -4.76690e+02
  Conserved En.    Temperature Pressure (bar)   Constr. rmsd
   -2.08243e+03    2.83169e+02   -5.87140e+01    2.31015e-04

Group rest with mass  2.85129e+03, Ekrot  2.21630e+00 Det(I) =  2.50700e+08
  COM:      4.18500       4.08319       1.99431
  P:       -0.00019       0.00028       0.00012
  V:       -0.00000       0.00000       0.00000
  J:      -45.93495      -0.00074     -87.73013
  w:       -0.02371       0.03488      -0.03811
Inertia tensor (3x3):
   Inertia tensor[    0]={ 4.59113e+02, -4.15863e+02,  1.72580e+02}
   Inertia tensor[    1]={-4.15863e+02,  2.43024e+03, -5.24729e+02}
   Inertia tensor[    2]={ 1.72580e+02, -5.24729e+02,  3.96871e+02}
Group rest with mass  2.85129e+03, Ekrot  1.17147e+00 Det(I) =  2.69359e+08
  COM:      4.18500       4.06746       1.99431
  P:        0.00020      -0.00007      -0.00008
  V:        0.00000      -0.00000      -0.00000
  J:       24.60946      -0.00076      72.40271
  w:        0.01335      -0.02453       0.02782
Inertia tensor (3x3):
   Inertia tensor[    0]={ 4.74312e+02, -4.61586e+02,  1.74225e+02}
   Inertia tensor[    1]={-4.61586e+02,  2.67809e+03, -5.28959e+02}
   Inertia tensor[    2]={ 1.74225e+02, -5.28959e+02,  3.76739e+02}
Group rest with mass  2.85129e+03, Ekrot  5.80510e+00 Det(I) =  3.06491e+08
  COM:      4.18500       3.98934       1.99431
  P:        0.00028      -0.00013      -0.00018
  V:        0.00000      -0.00000      -0.00000
  J:     -142.76671       0.00000    -133.95221
  w:       -0.04342       0.03536      -0.04039
Inertia tensor (3x3):
   Inertia tensor[    0]={ 4.08992e+02, -2.47906e+02,  6.70684e+01}
   Inertia tensor[    1]={-2.47906e+02,  3.27315e+03, -3.35584e+02}
   Inertia tensor[    2]={ 6.70684e+01, -3.35584e+02,  2.78816e+02}
Group rest with mass  2.85129e+03, Ekrot  5.03246e+00 Det(I) =  2.34779e+08
  COM:      4.18500       4.04810       1.99431
  P:        0.00004      -0.00007      -0.00055
  V:        0.00000      -0.00000      -0.00000
  J:      144.11890      -0.00123      86.82710
  w:        0.05236      -0.04312       0.02901
Inertia tensor (3x3):
   Inertia tensor[    0]={ 4.22328e+02, -4.68109e+02,  7.89707e+01}
   Inertia tensor[    1]={-4.68109e+02,  2.93514e+03, -1.48959e+02}
   Inertia tensor[    2]={ 7.89707e+01, -1.48959e+02,  2.46399e+02}
           Step           Time
          10000       40.00000

   Energies (kJ/mol)
          Angle    Proper Dih.  Improper Dih.          LJ-14     Coulomb-14
    7.51865e+02    1.08943e+03    6.55620e+01    4.13023e+02    4.85180e+03
        LJ (SR)   Coulomb (SR)      Potential    Kinetic En.   Total Energy
   -4.57866e+02   -8.17297e+03   -1.45915e+03    1.00545e+03   -4.53702e+02
  Conserved En.    Temperature Pressure (bar)   Constr. rmsd
   -3.08661e+03    3.06923e+02    3.47778e+01    2.31764e-04

Group rest with mass  2.85129e+03, Ekrot  7.02025e+00 Det(I) =  3.05122e+08
  COM:      4.18500       3.93675       1.99431
  P:       -0.00019       0.00001       0.00012
  V:       -0.00000       0.00000       0.00000
  J:      232.65355       0.00013      23.20082
  w:        0.05977      -0.01564       0.00585
Inertia tensor (3x3):
   Inertia tensor[    0]={ 3.70379e+02, -1.54141e+02,  5.59961e+00}
   Inertia tensor[    1]={-1.54141e+02,  3.70732e+03, -2.02422e+01}
   Inertia tensor[    2]={ 5.59961e+00, -2.02422e+01,  2.26298e+02}
Group rest with mass  2.85129e+03, Ekrot  2.51836e+00 Det(I) =  2.62306e+08
  COM:      4.18500       3.96428       1.99431
  P:        0.00026       0.00006       0.00016
  V:        0.00000       0.00000       0.00000
  J:      -17.15288       0.00077    -136.37344
  w:       -0.00540       0.00818      -0.03625
Inertia tensor (3x3):
   Inertia tensor[    0]={ 3.14836e+02, -1.87727e+02,  3.95449e+01}
   Inertia tensor[    1]={-1.87727e+02,  3.47530e+03, -1.00557e+02}
   Inertia tensor[    2]={ 3.95449e+01, -1.00557e+02,  2.54442e+02}
Group rest with mass  2.85129e+03, Ekrot  1.04712e+00 Det(I) =  2.49832e+08
  COM:      4.18500       4.01490       1.99431
  P:        0.00002      -0.00003       0.00012
  V:        0.00000      -0.00000       0.00000
  J:      -79.50784      -0.00060      22.61148
  w:       -0.02462       0.00739       0.00606
Inertia tensor (3x3):
   Inertia tensor[    0]={ 3.70199e+02, -2.06137e+02,  5.08926e+01}
   Inertia tensor[    1]={-2.06137e+02,  3.03993e+03, -9.44492e+01}
   Inertia tensor[    2]={ 5.08926e+01, -9.44492e+01,  2.39199e+02}
Group rest with mass  2.85129e+03, Ekrot  1.76251e+00 Det(I) =  2.83758e+08
  COM:      4.18500       3.97001       1.99431
  P:        0.00003      -0.00010      -0.00024
  V:        0.00000      -0.00000      -0.00000
  J:      -95.43649      -0.00090      57.38788
  w:       -0.02772       0.00656       0.01532
Inertia tensor (3x3):
   Inertia tensor[    0]={ 3.79480e+02, -2.03953e+02,  7.24707e+01}
   Inertia tensor[    1]={-2.03953e+02,  3.19349e+03, -9.61484e+01}
   Inertia tensor[    2]={ 7.24707e+01, -9.61484e+01,  2.57373e+02}
Group rest with mass  2.85129e+03, Ekrot  2.33559e+00 Det(I) =  2.27553e+08
  COM:      4.18500       4.03833       1.99431
  P:       -0.00020       0.00021       0.00008
  V:       -0.00000       0.00000       0.00000
  J:       68.75726      -0.00021      88.52032
  w:        0.02655      -0.01128       0.03215
Inertia tensor (3x3):
   Inertia tensor[    0]={ 3.56590e+02, -2.05359e+02,  4.71680e+01}
   Inertia tensor[    1]={-2.05359e+02,  2.45464e+03, -5.36367e+01}
   Inertia tensor[    2]={ 4.71680e+01, -5.36367e+01,  2.79671e+02}
Group rest with mass  2.85129e+03, Ekrot  2.46616e+00 Det(I) =  2.45945e+08
  COM:      4.18500       3.99544       1.99431
  P:        0.00021       0.00025       0.00004
  V:        0.00000       0.00000       0.00000
  J:     -115.22384       0.00008     -42.16303
  w:       -0.03798       0.01404      -0.01320
Inertia tensor (3x3):
   Inertia tensor[    0]={ 3.64176e+02, -2.13449e+02, -1.28711e+00}
   Inertia tensor[    1]={-2.13449e+02,  2.86553e+03, -3.59922e+01}
   Inertia tensor[    2]={-1.28711e+00, -3.59922e+01,  2.46937e+02}
Group rest with mass  2.85129e+03, Ekrot  9.67291e+00 Det(I) =  2.23804e+08
  COM:      4.18500       3.99954       1.99431
  P:        0.00001       0.00018      -0.00021
  V:        0.00000       0.00000      -0.00000
  J:      221.60313       0.00021    -111.22321
  w:        0.07014      -0.01664      -0.03419
Inertia tensor (3x3):
   Inertia tensor[    0]={ 3.09941e+02, -1.32707e+02,  1.59961e+00}
   Inertia tensor[    1]={-1.32707e+02,  2.93979e+03,  5.70312e-01}
   Inertia tensor[    2]={ 1.59961e+00,  5.70312e-01,  2.50475e+02}
Group rest with mass  2.85129e+03, Ekrot  1.11780e+00 Det(I) =  2.59992e+08
  COM:      4.18500       3.98380       1.99431
  P:        0.00006      -0.00007       0.00039
  V:        0.00000      -0.00000       0.00000
  J:       22.67469       0.00140      81.39805
  w:        0.00774      -0.00546       0.02531
Inertia tensor (3x3):
   Inertia tensor[    0]={ 3.36418e+02, -1.41219e+02,  4.98066e+01}
   Inertia tensor[    1]={-1.41219e+02,  2.91421e+03, -8.98789e+01}
   Inertia tensor[    2]={ 4.98066e+01, -8.98789e+01,  2.79738e+02}
Group rest with mass  2.85129e+03, Ekrot  3.06276e+00 Det(I) =  2.24718e+08
  COM:      4.18500       4.01117       1.99431
  P:        0.00001      -0.00014      -0.00010
  V:        0.00000      -0.00000      -0.00000
  J:     -111.44257       0.00018     -68.80549
  w:       -0.03952       0.00938      -0.02502
Inertia tensor (3x3):
   Inertia tensor[    0]={ 3.15949e+02, -5.36719e+01,  5.45918e+01}
   Inertia tensor[    1]={-5.36719e+01,  2.57370e+03, -1.43719e+02}
   Inertia tensor[    2]={ 5.45918e+01, -1.43719e+02,  2.93814e+02}
           Step           Time
          15000       60.00000

Group rest with mass  2.85129e+03, Ekrot  3.66408e+00 Det(I) =  2.21878e+08
  COM:      4.18500       4.02293       1.99431
  P:       -0.00007      -0.00010       0.00020
  V:       -0.00000      -0.00000       0.00000
  J:      127.20302      -0.00095     -70.42722
  w:        0.04437       0.00336      -0.02391
Inertia tensor (3x3):
   Inertia tensor[    0]={ 3.19500e+02, -4.71562e+01,  6.59727e+01}
   Inertia tensor[    1]={-4.71562e+01,  2.52782e+03, -1.74559e+02}
   Inertia tensor[    2]={ 6.59727e+01, -1.74559e+02,  2.99882e+02}
   Energies (kJ/mol)
          Angle    Proper Dih.  Improper Dih.          LJ-14     Coulomb-14
    8.13987e+02    1.03881e+03    3.89350e+01    4.21561e+02    4.91282e+03
        LJ (SR)   Coulomb (SR)      Potential    Kinetic En.   Total Energy
   -5.30232e+02   -8.21470e+03   -1.51882e+03    9.88952e+02   -5.29863e+02
  Conserved En.    Temperature Pressure (bar)   Constr. rmsd
   -4.03105e+03    3.01887e+02    4.33057e+00    2.24350e-04

Group rest with mass  2.85129e+03, Ekrot  3.58640e+00 Det(I) =  2.47024e+08
  COM:      4.18500       4.01507       1.99431
  P:       -0.00012       0.00005       0.00008
  V:       -0.00000       0.00000       0.00000
  J:      110.48648       0.00037      89.97867
  w:        0.03796      -0.02042       0.03310
Inertia tensor (3x3):
   Inertia tensor[    0]={ 2.94340e+02, -1.27535e+02,  9.53633e+01}
   Inertia tensor[    1]={-1.27535e+02,  2.69482e+03, -2.61812e+02}
   Inertia tensor[    2]={ 9.53633e+01, -2.61812e+02,  3.67266e+02}
Group rest with mass  2.85129e+03, Ekrot  3.53466e+00 Det(I) =  2.86479e+08
  COM:      4.18500       4.02473       1.99431
  P:       -0.00025       0.00013       0.00018
  V:       -0.00000       0.00000       0.00000
  J:     -147.08253      -0.00013      12.38769
  w:       -0.04794       0.00453       0.00152
Inertia tensor (3x3):
   Inertia tensor[    0]={ 3.03109e+02, -8.82930e+01,  1.24973e+02}
   Inertia tensor[    1]={-8.82930e+01,  2.58968e+03, -4.38016e+02}
   Inertia tensor[    2]={ 1.24973e+02, -4.38016e+02,  4.83057e+02}
Group rest with mass  2.85129e+03, Ekrot  3.00560e+00 Det(I) =  2.53029e+08
  COM:      4.18500       4.07533       1.99431
  P:       -0.00007       0.00016       0.00003
  V:       -0.00000       0.00000       0.00000
  J:     -122.85179       0.00096     -21.14643
  w:       -0.04655       0.01381      -0.01384
Inertia tensor (3x3):
   Inertia tensor[    0]={ 3.04777e+02, -9.25742e+01,  1.09715e+02}
   Inertia tensor[    1]={-9.25742e+01,  2.14032e+03, -5.50260e+02}
   Inertia tensor[    2]={ 1.09715e+02, -5.50260e+02,  5.59063e+02}
Group rest with mass  2.85129e+03, Ekrot  1.21264e+00 Det(I) =  2.88815e+08
  COM:      4.18500       4.07746       1.99431
  P:       -0.00005       0.00030      -0.00045
  V:       -0.00000       0.00000      -0.00000
  J:      -56.81523      -0.00016      54.38687
  w:       -0.01985      -0.01144       0.02386
Inertia tensor (3x3):
   Inertia tensor[    0]={ 3.33594e+02, -1.19125e+02,  9.27109e+01}
   Inertia tensor[    1]={-1.19125e+02,  2.12228e+03, -5.27670e+02}
   Inertia tensor[    2]={ 9.27109e+01, -5.27670e+02,  5.59660e+02}
Group rest with mass  2.85129e+03, Ekrot  5.08406e+00 Det(I) =  3.11522e+08
  COM:      4.18500       4.03833       1.99431
  P:        0.00002      -0.00000       0.00005
  V:        0.00000      -0.00000       0.00000
  J:      -90.54178      -0.00002    -134.65959
  w:       -0.03197       0.03286      -0.05401
Inertia tensor (3x3):
   Inertia tensor[    0]={ 2.91305e+02, -7.45781e+01,  8.62988e+01}
   Inertia tensor[    1]={-7.45781e+01,  2.52845e+03, -4.52846e+02}
   Inertia tensor[    2]={ 8.62988e+01, -4.52846e+02,  5.25675e+02}
Group rest with mass  2.85129e+03, Ekrot  1.21817e+00 Det(I) =  3.18521e+08
  COM:      4.18500       3.97788       1.99431
  P:        0.00019       0.00003       0.00002
  V:        0.00000       0.00000       0.00000
  J:       79.90594       0.00024      41.29864
  w:        0.02328      -0.00938       0.01396
Inertia tensor (3x3):
   Inertia tensor[    0]={ 2.88238e+02, -6.48750e+01,  9.56035e+01}
   Inertia tensor[    1]={-6.48750e+01,  3.08346e+03, -3.76562e+02}
   Inertia tensor[    2]={ 9.56035e+01, -3.76562e+02,  4.32875e+02}
Group rest with mass  2.85129e+03, Ekrot  1.08845e+00 Det(I) =  2.98238e+08
  COM:      4.18500       3.99737       1.99431
  P:       -0.00001      -0.00034      -0.00012
  V:       -0.00000      -0.00000      -0.00000
  J:      -15.85016      -0.00025      82.14022
  w:       -0.00377      -0.00991       0.02577
Inertia tensor (3x3):
   Inertia tensor[    0]={ 3.07785e+02, -9.07930e+01,  9.03398e+01}
   Inertia tensor[    1]={-9.07930e+01,  2.97218e+03, -2.76500e+02}
   Inertia tensor[    2]={ 9.03398e+01, -2.76500e+02,  3.76692e+02}
Group rest with mass  2.85129e+03, Ekrot  2.19128e+00 Det(I) =  2.65906e+08
  COM:      4.18500       3.96431       1.99431
  P:        0.00014      -0.00013      -0.00011
  V:        0.00000      -0.00000      -0.00000
  J:       91.70016       0.00021      81.97894
  w:        0.02634      -0.00774       0.02400
Inertia tensor (3x3):
   Inertia tensor[    0]={ 2.81102e+02, -4.12188e+01,  3.70938e+01}
   Inertia tensor[    1]={-4.12188e+01,  3.22236e+03, -1.43869e+02}
   Inertia tensor[    2]={ 3.70938e+01, -1.43869e+02,  3.04960e+02}
           Step           Time
          20000       80.00000

Group rest with mass  2.85129e+03, Ekrot  4.05202e+00 Det(I) =  2.37645e+08
  COM:      4.18500       3.99934       1.99431
  P:        0.00005       0.00003       0.00001
  V:        0.00000       0.00000       0.00000
  J:      107.17376       0.00047    -122.23525
  w:        0.03217       0.01279      -0.03809
Inertia tensor (3x3):
   Inertia tensor[    0]={ 2.69926e+02,  3.67578e+00,  4.02773e+01}
   Inertia tensor[    1]={ 3.67578e+00,  2.97000e+03, -1.93365e+02}
   Inertia tensor[    2]={ 4.02773e+01, -1.93365e+02,  3.15109e+02}
   Energies (kJ/mol)
          Angle    Proper Dih.  Improper Dih.          LJ-14     Coulomb-14
    7.78772e+02    1.10784e+03    5.15467e+01    4.23305e+02    4.95020e+03
        LJ (SR)   Coulomb (SR)      Potential    Kinetic En.   Total Energy
   -4.86179e+02   -8.38402e+03   -1.55854e+03    9.23393e+02   -6.35143e+02
  Conserved En.    Temperature Pressure (bar)   Constr. rmsd
   -5.03035e+03    2.81875e+02    6.81667e+00    2.14015e-04

Group rest with mass  2.85129e+03, Ekrot  2.50511e+00 Det(I) =  2.76207e+08
  COM:      4.18500       3.93285       1.99431
  P:        0.00030       0.00031       0.00012
  V:        0.00000       0.00000       0.00000
  J:     -130.24768       0.00006     -48.94677
  w:       -0.03355       0.00148      -0.01310
Inertia tensor (3x3):
   Inertia tensor[    0]={ 2.51570e+02,  4.22656e+01,  2.58398e+01}
   Inertia tensor[    1]={ 4.22656e+01,  3.57150e+03, -1.72652e+02}
   Inertia tensor[    2]={ 2.58398e+01, -1.72652e+02,  3.19470e+02}
Group rest with mass  2.85129e+03, Ekrot  2.43335e+00 Det(I) =  2.62335e+08
  COM:      4.18500       3.95838       1.99431
  P:        0.00012      -0.00020      -0.00002
  V:        0.00000      -0.00000      -0.00000
  J:      -17.62186      -0.00011     128.76013
  w:       -0.00459      -0.01258       0.03717
Inertia tensor (3x3):
   Inertia tensor[    0]={ 2.84855e+02,  2.27461e+01,  4.41621e+01}
   Inertia tensor[    1]={ 2.27461e+01,  3.24032e+03, -1.96264e+02}
   Inertia tensor[    2]={ 4.41621e+01, -1.96264e+02,  3.03544e+02}
Group rest with mass  2.85129e+03, Ekrot  1.39198e+00 Det(I) =  2.56485e+08
  COM:      4.18500       3.95234       1.99431
  P:       -0.00012      -0.00013      -0.00014
  V:       -0.00000      -0.00000      -0.00000
  J:      -95.09963       0.00048      30.02228
  w:       -0.02651      -0.00813       0.00876
Inertia tensor (3x3):
   Inertia tensor[    0]={ 2.56066e+02,  1.06277e+02,  3.31934e+01}
   Inertia tensor[    1]={ 1.06277e+02,  3.27767e+03, -2.23939e+02}
   Inertia tensor[    2]={ 3.31934e+01, -2.23939e+02,  3.31541e+02}
Group rest with mass  2.85129e+03, Ekrot  6.44774e+00 Det(I) =  2.42717e+08
  COM:      4.18500       3.95644       1.99431
  P:        0.00004      -0.00035       0.00017
  V:        0.00000      -0.00000       0.00000
  J:      209.60509       0.00004      30.77799
  w:        0.06037       0.01795       0.00787
Inertia tensor (3x3):
   Inertia tensor[    0]={ 2.78996e+02,  1.91023e+02, -6.42578e-01}
   Inertia tensor[    1]={ 1.91023e+02,  3.23984e+03, -1.69768e+02}
   Inertia tensor[    2]={-6.42578e-01, -1.69768e+02,  2.89040e+02}
Group rest with mass  2.85129e+03, Ekrot  2.26690e+00 Det(I) =  2.98824e+08
  COM:      4.18500       3.99544       1.99431
  P:       -0.00030      -0.00015       0.00007
  V:       -0.00000      -0.00000       0.00000
  J:       50.74401       0.00009    -104.34267
  w:        0.01854       0.02192      -0.03444
Inertia tensor (3x3):
   Inertia tensor[    0]={ 3.63680e+02,  3.15719e+02, -6.15000e+01}
   Inertia tensor[    1]={ 3.15719e+02,  2.87895e+03, -2.81787e+02}
   Inertia tensor[    2]={-6.15000e+01, -2.81787e+02,  3.45862e+02}
Group rest with mass  2.85129e+03, Ekrot  1.47461e+00 Det(I) =  3.54616e+08
  COM:      4.18500       3.97397       1.99431
  P:        0.00019       0.00007      -0.00021
  V:        0.00000       0.00000      -0.00000
  J:       20.39181       0.00016      95.37109
  w:        0.00400      -0.01173       0.03007
Inertia tensor (3x3):
   Inertia tensor[    0]={ 3.72055e+02,  3.24680e+02, -1.07590e+02}
   Inertia tensor[    1]={ 3.24680e+02,  2.92234e+03, -3.51092e+02}
   Inertia tensor[    2]={-1.07590e+02, -3.51092e+02,  4.17350e+02}
           Step           Time
          25000      100.00000

Group rest with mass  2.85129e+03, Ekrot  3.06612e+00 Det(I) =  3.46277e+08
  COM:      4.18500       4.03260       1.99431
  P:       -0.00013       0.00010      -0.00004
  V:       -0.00000       0.00000      -0.00000
  J:     -128.93933       0.00031       0.82821
  w:       -0.04751      -0.02549       0.00699
Inertia tensor (3x3):
   Inertia tensor[    0]={ 4.48352e+02,  4.37707e+02, -1.93104e+02}
   Inertia tensor[    1]={ 4.37707e+02,  2.49559e+03, -4.14518e+02}
   Inertia tensor[    2]={-1.93104e+02, -4.14518e+02,  4.81283e+02}
   Energies (kJ/mol)
          Angle    Proper Dih.  Improper Dih.          LJ-14     Coulomb-14
    8.98676e+02    1.10942e+03    5.73104e+01    3.87060e+02    4.84719e+03
        LJ (SR)   Coulomb (SR)      Potential    Kinetic En.   Total Energy
   -4.48930e+02   -8.31521e+03   -1.46449e+03    8.92822e+02   -5.71664e+02
  Conserved En.    Temperature Pressure (bar)   Constr. rmsd
   -6.03827e+03    2.72543e+02    1.53892e+01    2.15016e-04

Group rest with mass  2.85129e+03, Ekrot  3.15292e+00 Det(I) =  3.52354e+08
  COM:      4.18500       4.05406       1.99431
  P:       -0.00039      -0.00022       0.00012
  V:       -0.00000      -0.00000       0.00000
  J:      -44.13623      -0.00019    -124.37540
  w:       -0.00833       0.01854      -0.04774
Inertia tensor (3x3):
   Inertia tensor[    0]={ 5.34105e+02,  5.29699e+02, -2.36658e+02}
   Inertia tensor[    1]={ 5.29699e+02,  2.22696e+03, -5.08150e+02}
   Inertia tensor[    2]={-2.36658e+02, -5.08150e+02,  5.36494e+02}
Group rest with mass  2.85129e+03, Ekrot  1.57954e+00 Det(I) =  3.44112e+08
  COM:      4.18500       4.05406       1.99431
  P:        0.00023      -0.00011       0.00002
  V:        0.00000      -0.00000       0.00000
  J:      -17.67500       0.00067      81.92515
  w:       -0.01341      -0.02242       0.03567
Inertia tensor (3x3):
   Inertia tensor[    0]={ 5.08059e+02,  4.79852e+02, -2.15855e+02}
   Inertia tensor[    1]={ 4.79852e+02,  2.16632e+03, -4.71496e+02}
   Inertia tensor[    2]={-2.15855e+02, -4.71496e+02,  5.28884e+02}
Group rest with mass  2.85129e+03, Ekrot  6.01972e+00 Det(I) =  2.95259e+08
  COM:      4.18500       4.08336       1.99431
  P:       -0.00010       0.00001       0.00023
  V:       -0.00000       0.00000       0.00000
  J:      147.32016      -0.00014     -39.45231
  w:        0.07344       0.04522      -0.03095
Inertia tensor (3x3):
   Inertia tensor[    0]={ 5.26289e+02,  4.48082e+02, -1.97148e+02}
   Inertia tensor[    1]={ 4.48082e+02,  1.86164e+03, -4.41580e+02}
   Inertia tensor[    2]={-1.97148e+02, -4.41580e+02,  5.03506e+02}
Group rest with mass  2.85129e+03, Ekrot  2.21612e+00 Det(I) =  2.79862e+08
  COM:      4.18500       4.10679       1.99431
  P:        0.00015       0.00008       0.00014
  V:        0.00000       0.00000       0.00000
  J:      -95.77695      -0.00074     -14.15729
  w:       -0.04728      -0.02272       0.00679
Inertia tensor (3x3):
   Inertia tensor[    0]={ 5.62047e+02,  5.23828e+02, -3.19348e+02}
   Inertia tensor[    1]={ 5.23828e+02,  1.61278e+03, -6.09090e+02}
   Inertia tensor[    2]={-3.19348e+02, -6.09090e+02,  7.10484e+02}
Group rest with mass  2.85129e+03, Ekrot  1.75902e+00 Det(I) =  2.85614e+08
  COM:      4.18500       4.11466       1.99431
  P:        0.00014       0.00026      -0.00011
  V:        0.00000       0.00000      -0.00000
  J:       73.69402       0.00011     -19.05326
  w:        0.04226       0.02591      -0.02119
Inertia tensor (3x3):
   Inertia tensor[    0]={ 5.84645e+02,  4.85711e+02, -2.48521e+02}
   Inertia tensor[    1]={ 4.85711e+02,  1.49833e+03, -5.63043e+02}
   Inertia tensor[    2]={-2.48521e+02, -5.63043e+02,  6.67998e+02}
           Step           Time
          30000      120.00000

   Energies (kJ/mol)
          Angle    Proper Dih.  Improper Dih.          LJ-14     Coulomb-14
    8.85515e+02    1.11169e+03    6.60433e+01    3.99722e+02    4.83125e+03
        LJ (SR)   Coulomb (SR)      Potential    Kinetic En.   Total Energy
   -5.40609e+02   -8.32310e+03   -1.56948e+03    8.86664e+02   -6.82818e+02
  Conserved En.    Temperature Pressure (bar)   Constr. rmsd
   -7.00875e+03    2.70663e+02   -1.18216e+02    2.37076e-04

Group rest with mass  2.85129e+03, Ekrot  1.28976e+00 Det(I) =  2.05142e+08
  COM:      4.18500       4.13019       1.99431
  P:        0.00002      -0.00004      -0.00001
  V:        0.00000      -0.00000      -0.00000
  J:       54.47945       0.00017     -22.41842
  w:        0.03612       0.02690      -0.02728
Inertia tensor (3x3):
   Inertia tensor[    0]={ 5.27195e+02,  4.71363e+02, -2.91160e+02}
   Inertia tensor[    1]={ 4.71363e+02,  1.31764e+03, -6.46697e+02}
   Inertia tensor[    2]={-2.91160e+02, -6.46697e+02,  7.61567e+02}
Group rest with mass  2.85129e+03, Ekrot  2.59126e+00 Det(I) =  2.21278e+08
  COM:      4.18500       4.13019       1.99431
  P:        0.00017      -0.00039       0.00007
  V:        0.00000      -0.00000       0.00000
  J:      -54.08471      -0.00023      56.56757
  w:       -0.04091      -0.04192       0.05251
Inertia tensor (3x3):
   Inertia tensor[    0]={ 5.06750e+02,  4.78922e+02, -3.32160e+02}
   Inertia tensor[    1]={ 4.78922e+02,  1.39367e+03, -7.06762e+02}
   Inertia tensor[    2]={-3.32160e+02, -7.06762e+02,  8.45731e+02}
           Step           Time
          35000      140.00000

   Energies (kJ/mol)
          Angle    Proper Dih.  Improper Dih.          LJ-14     Coulomb-14
    8.80717e+02    1.06235e+03    6.87070e+01    4.03705e+02    4.85046e+03
        LJ (SR)   Coulomb (SR)      Potential    Kinetic En.   Total Energy
   -5.04964e+02   -8.31079e+03   -1.54982e+03    8.47423e+02   -7.02393e+02
  Conserved En.    Temperature Pressure (bar)   Constr. rmsd
   -8.00870e+03    2.58684e+02   -9.01866e+01    2.42044e-04

           Step           Time
          40000      160.00000

   Energies (kJ/mol)
          Angle    Proper Dih.  Improper Dih.          LJ-14     Coulomb-14
    8.26004e+02    1.09494e+03    6.77029e+01    4.10521e+02    4.83117e+03
        LJ (SR)   Coulomb (SR)      Potential    Kinetic En.   Total Energy
   -4.81211e+02   -8.33202e+03   -1.58290e+03    9.33156e+02   -6.49741e+02
  Conserved En.    Temperature Pressure (bar)   Constr. rmsd
   -9.00310e+03    2.84855e+02    3.49869e+01    2.17604e-04

           Step           Time
          45000      180.00000

   Energies (kJ/mol)
          Angle    Proper Dih.  Improper Dih.          LJ-14     Coulomb-14
    8.61984e+02    1.04774e+03    5.20230e+01    4.22418e+02    4.89922e+03
        LJ (SR)   Coulomb (SR)      Potential    Kinetic En.   Total Energy
   -4.60563e+02   -8.40379e+03   -1.58097e+03    9.00288e+02   -6.80680e+02
  Conserved En.    Temperature Pressure (bar)   Constr. rmsd
   -1.00171e+04    2.74822e+02   -8.11310e+01    2.50267e-04

           Step           Time
          50000      200.00000

   Energies (kJ/mol)
          Angle    Proper Dih.  Improper Dih.          LJ-14     Coulomb-14
    8.63258e+02    1.13005e+03    7.56009e+01    4.07632e+02    4.86088e+03
        LJ (SR)   Coulomb (SR)      Potential    Kinetic En.   Total Energy
   -5.08047e+02   -8.40073e+03   -1.57136e+03    9.44723e+02   -6.26634e+02
  Conserved En.    Temperature Pressure (bar)   Constr. rmsd
   -1.09417e+04    2.88386e+02    8.24948e+01    2.15816e-04

           Step           Time
          55000      220.00000

   Energies (kJ/mol)
          Angle    Proper Dih.  Improper Dih.          LJ-14     Coulomb-14
    8.18906e+02    1.09250e+03    5.95392e+01    4.47590e+02    4.90271e+03
        LJ (SR)   Coulomb (SR)      Potential    Kinetic En.   Total Energy
   -4.80591e+02   -8.41643e+03   -1.57578e+03    9.32033e+02   -6.43746e+02
  Conserved En.    Temperature Pressure (bar)   Constr. rmsd
   -1.19297e+04    2.84512e+02    1.39762e+02    1.94335e-04

           Step           Time
          60000      240.00000

   Energies (kJ/mol)
          Angle    Proper Dih.  Improper Dih.          LJ-14     Coulomb-14
    8.03573e+02    1.10300e+03    6.60314e+01    4.21497e+02    4.90774e+03
        LJ (SR)   Coulomb (SR)      Potential    Kinetic En.   Total Energy
   -5.37819e+02   -8.40379e+03   -1.63977e+03    9.83593e+02   -6.56173e+02
  Conserved En.    Temperature Pressure (bar)   Constr. rmsd
   -1.28940e+04    3.00251e+02   -5.73652e+00    2.19665e-04

           Step           Time
          65000      260.00000

   Energies (kJ/mol)
          Angle    Proper Dih.  Improper Dih.          LJ-14     Coulomb-14
    8.76642e+02    1.03820e+03    6.19640e+01    4.03561e+02    4.84977e+03
        LJ (SR)   Coulomb (SR)      Potential    Kinetic En.   Total Energy
   -4.54392e+02   -8.52574e+03   -1.75000e+03    9.46865e+02   -8.03134e+02
  Conserved En.    Temperature Pressure (bar)   Constr. rmsd
   -1.38979e+04    2.89040e+02   -4.02432e+01    2.50250e-04

           Step           Time
          70000      280.00000

   Energies (kJ/mol)
          Angle    Proper Dih.  Improper Dih.          LJ-14     Coulomb-14
    8.72313e+02    1.06746e+03    5.87664e+01    3.95814e+02    4.84527e+03
        LJ (SR)   Coulomb (SR)      Potential    Kinetic En.   Total Energy
   -4.88822e+02   -8.44007e+03   -1.68926e+03    9.63017e+02   -7.26247e+02
  Conserved En.    Temperature Pressure (bar)   Constr. rmsd
   -1.48946e+04    2.93970e+02   -1.53616e+02    2.58579e-04

           Step           Time
          75000      300.00000

   Energies (kJ/mol)
          Angle    Proper Dih.  Improper Dih.          LJ-14     Coulomb-14
    8.36846e+02    1.08569e+03    7.17141e+01    4.00825e+02    4.83327e+03
        LJ (SR)   Coulomb (SR)      Potential    Kinetic En.   Total Energy
   -4.69688e+02   -8.47529e+03   -1.71663e+03    1.03080e+03   -6.85838e+02
  Conserved En.    Temperature Pressure (bar)   Constr. rmsd
   -1.59285e+04    3.14660e+02   -2.49281e+01    2.35650e-04

           Step           Time
          80000      320.00000

   Energies (kJ/mol)
          Angle    Proper Dih.  Improper Dih.          LJ-14     Coulomb-14
    9.08438e+02    1.01992e+03    6.29011e+01    4.15265e+02    4.87783e+03
        LJ (SR)   Coulomb (SR)      Potential    Kinetic En.   Total Energy
   -4.52617e+02   -8.52342e+03   -1.69168e+03    1.00139e+03   -6.90291e+02
  Conserved En.    Temperature Pressure (bar)   Constr. rmsd
   -1.69277e+04    3.05685e+02    3.70010e+00    2.35817e-04

           Step           Time
          85000      340.00000

   Energies (kJ/mol)
          Angle    Proper Dih.  Improper Dih.          LJ-14     Coulomb-14
    8.39829e+02    1.04085e+03    5.37949e+01    4.31210e+02    4.83665e+03
        LJ (SR)   Coulomb (SR)      Potential    Kinetic En.   Total Energy
   -5.18753e+02   -8.41331e+03   -1.72972e+03    1.01186e+03   -7.17863e+02
  Conserved En.    Temperature Pressure (bar)   Constr. rmsd
   -1.78822e+04    3.08881e+02    1.42166e+01    2.26774e-04

           Step           Time
          90000      360.00000

   Energies (kJ/mol)
          Angle    Proper Dih.  Improper Dih.          LJ-14     Coulomb-14
    9.18759e+02    1.03807e+03    5.78785e+01    4.14023e+02    4.91997e+03
        LJ (SR)   Coulomb (SR)      Potential    Kinetic En.   Total Energy
   -4.59747e+02   -8.57368e+03   -1.68472e+03    9.13457e+02   -7.71262e+02
  Conserved En.    Temperature Pressure (bar)   Constr. rmsd
   -1.88598e+04    2.78842e+02    2.45489e+01    2.34789e-04

           Step           Time
          95000      380.00000

   Energies (kJ/mol)
          Angle    Proper Dih.  Improper Dih.          LJ-14     Coulomb-14
    7.94233e+02    1.06628e+03    5.05073e+01    4.22626e+02    4.85516e+03
        LJ (SR)   Coulomb (SR)      Potential    Kinetic En.   Total Energy
   -4.41044e+02   -8.51337e+03   -1.76560e+03    9.22229e+02   -8.43373e+02
  Conserved En.    Temperature Pressure (bar)   Constr. rmsd
   -1.98030e+04    2.81519e+02    1.38508e+01    2.04771e-04

           Step           Time
         100000      400.00000

   Energies (kJ/mol)
          Angle    Proper Dih.  Improper Dih.          LJ-14     Coulomb-14
    7.69992e+02    1.02582e+03    6.88887e+01    4.47206e+02    4.90291e+03
        LJ (SR)   Coulomb (SR)      Potential    Kinetic En.   Total Energy
   -4.67388e+02   -8.54063e+03   -1.79320e+03    1.03882e+03   -7.54387e+02
  Conserved En.    Temperature Pressure (bar)   Constr. rmsd
   -2.08157e+04    3.17109e+02    2.43313e+01    2.32011e-04

           Step           Time
         105000      420.00000

   Energies (kJ/mol)
          Angle    Proper Dih.  Improper Dih.          LJ-14     Coulomb-14
    8.45492e+02    1.10788e+03    5.54400e+01    4.04674e+02    4.85550e+03
        LJ (SR)   Coulomb (SR)      Potential    Kinetic En.   Total Energy
   -4.66204e+02   -8.46541e+03   -1.66263e+03    9.63901e+02   -6.98728e+02
  Conserved En.    Temperature Pressure (bar)   Constr. rmsd
   -2.17993e+04    2.94240e+02   -8.24375e+01    2.65075e-04

           Step           Time
         110000      440.00000

   Energies (kJ/mol)
          Angle    Proper Dih.  Improper Dih.          LJ-14     Coulomb-14
    8.48965e+02    1.02038e+03    3.94176e+01    3.99729e+02    4.84317e+03
        LJ (SR)   Coulomb (SR)      Potential    Kinetic En.   Total Energy
   -4.81064e+02   -8.46265e+03   -1.79205e+03    9.74759e+02   -8.17293e+02
  Conserved En.    Temperature Pressure (bar)   Constr. rmsd
   -2.27875e+04    2.97555e+02    5.10954e+01    2.00663e-04

           Step           Time
         115000      460.00000

   Energies (kJ/mol)
          Angle    Proper Dih.  Improper Dih.          LJ-14     Coulomb-14
    8.04511e+02    1.02943e+03    6.26070e+01    4.06650e+02    4.88643e+03
        LJ (SR)   Coulomb (SR)      Potential    Kinetic En.   Total Energy
   -4.60173e+02   -8.50398e+03   -1.77452e+03    9.82966e+02   -7.91552e+02
  Conserved En.    Temperature Pressure (bar)   Constr. rmsd
   -2.37590e+04    3.00060e+02    6.84335e+01    2.10650e-04

           Step           Time
         120000      480.00000

   Energies (kJ/mol)
          Angle    Proper Dih.  Improper Dih.          LJ-14     Coulomb-14
    8.64510e+02    1.05041e+03    5.03254e+01    3.95100e+02    4.87580e+03
        LJ (SR)   Coulomb (SR)      Potential    Kinetic En.   Total Energy
   -4.85205e+02   -8.51081e+03   -1.75987e+03    9.68602e+02   -7.91263e+02
  Conserved En.    Temperature Pressure (bar)   Constr. rmsd
   -2.47628e+04    2.95675e+02   -1.01211e+02    2.40352e-04

           Step           Time
         125000      500.00000

   Energies (kJ/mol)
          Angle    Proper Dih.  Improper Dih.          LJ-14     Coulomb-14
    8.81200e+02    1.03462e+03    4.99884e+01    4.41059e+02    4.88900e+03
        LJ (SR)   Coulomb (SR)      Potential    Kinetic En.   Total Energy
   -4.86355e+02   -8.51700e+03   -1.70748e+03    9.65254e+02   -7.42227e+02
  Conserved En.    Temperature Pressure (bar)   Constr. rmsd
   -2.57900e+04    2.94653e+02    1.87633e+02    1.83862e-04

           Step           Time
         130000      520.00000

   Energies (kJ/mol)
          Angle    Proper Dih.  Improper Dih.          LJ-14     Coulomb-14
    9.14926e+02    1.06394e+03    6.51544e+01    4.16478e+02    4.90721e+03
        LJ (SR)   Coulomb (SR)      Potential    Kinetic En.   Total Energy
   -5.41400e+02   -8.55988e+03   -1.73357e+03    9.05456e+02   -8.28111e+02
  Conserved En.    Temperature Pressure (bar)   Constr. rmsd
   -2.67365e+04    2.76399e+02   -1.05559e+02    2.52412e-04

           Step           Time
         135000      540.00000

   Energies (kJ/mol)
          Angle    Proper Dih.  Improper Dih.          LJ-14     Coulomb-14
    7.97033e+02    1.03279e+03    4.83154e+01    4.04809e+02    4.96460e+03
        LJ (SR)   Coulomb (SR)      Potential    Kinetic En.   Total Energy
   -5.04736e+02   -8.61227e+03   -1.86946e+03    1.02417e+03   -8.45288e+02
  Conserved En.    Temperature Pressure (bar)   Constr. rmsd
   -2.77052e+04    3.12639e+02   -7.89434e+01    2.44680e-04

           Step           Time
         140000      560.00000

   Energies (kJ/mol)
          Angle    Proper Dih.  Improper Dih.          LJ-14     Coulomb-14
    8.95829e+02    1.11636e+03    5.10267e+01    4.16589e+02    4.92330e+03
        LJ (SR)   Coulomb (SR)      Potential    Kinetic En.   Total Energy
   -5.06328e+02   -8.60490e+03   -1.70812e+03    9.40297e+02   -7.67828e+02
  Conserved En.    Temperature Pressure (bar)   Constr. rmsd
   -2.87107e+04    2.87035e+02    1.85856e+01    2.14020e-04

           Step           Time
         145000      580.00000

   Energies (kJ/mol)
          Angle    Proper Dih.  Improper Dih.          LJ-14     Coulomb-14
    9.25903e+02    1.05629e+03    5.77813e+01    3.91381e+02    4.96054e+03
        LJ (SR)   Coulomb (SR)      Potential    Kinetic En.   Total Energy
   -5.28557e+02   -8.65344e+03   -1.79012e+03    9.55128e+02   -8.34988e+02
  Conserved En.    Temperature Pressure (bar)   Constr. rmsd
   -2.96831e+04    2.91562e+02    3.37741e+01    2.00348e-04

           Step           Time
         150000      600.00000

   Energies (kJ/mol)
          Angle    Proper Dih.  Improper Dih.          LJ-14     Coulomb-14
    9.10508e+02    1.11553e+03    5.19441e+01    4.26711e+02    4.96347e+03
        LJ (SR)   Coulomb (SR)      Potential    Kinetic En.   Total Energy
   -4.93321e+02   -8.68053e+03   -1.70569e+03    9.73756e+02   -7.31938e+02
  Conserved En.    Temperature Pressure (bar)   Constr. rmsd
   -3.06466e+04    2.97249e+02    6.84891e+01    2.14479e-04

           Step           Time
         155000      620.00000

   Energies (kJ/mol)
          Angle    Proper Dih.  Improper Dih.          LJ-14     Coulomb-14
    8.68474e+02    1.04932e+03    5.85443e+01    4.34168e+02    4.97317e+03
        LJ (SR)   Coulomb (SR)      Potential    Kinetic En.   Total Energy
   -4.88543e+02   -8.73824e+03   -1.84310e+03    1.00927e+03   -8.33829e+02
  Conserved En.    Temperature Pressure (bar)   Constr. rmsd
   -3.16419e+04    3.08090e+02   -2.40830e+00    2.44991e-04

           Step           Time
         160000      640.00000

   Energies (kJ/mol)
          Angle    Proper Dih.  Improper Dih.          LJ-14     Coulomb-14
    7.98880e+02    1.10353e+03    5.47958e+01    4.22858e+02    4.96596e+03
        LJ (SR)   Coulomb (SR)      Potential    Kinetic En.   Total Energy
   -4.93742e+02   -8.64771e+03   -1.79543e+03    9.11016e+02   -8.84414e+02
  Conserved En.    Temperature Pressure (bar)   Constr. rmsd
   -3.25871e+04    2.78097e+02    4.80472e+01    2.15189e-04

           Step           Time
         165000      660.00000

   Energies (kJ/mol)
          Angle    Proper Dih.  Improper Dih.          LJ-14     Coulomb-14
    8.81887e+02    1.04248e+03    4.41121e+01    4.11289e+02    4.98102e+03
        LJ (SR)   Coulomb (SR)      Potential    Kinetic En.   Total Energy
   -5.82010e+02   -8.58824e+03   -1.80946e+03    9.41465e+02   -8.67995e+02
  Conserved En.    Temperature Pressure (bar)   Constr. rmsd
   -3.35995e+04    2.87391e+02   -8.94232e+01    2.41443e-04

           Step           Time
         170000      680.00000

   Energies (kJ/mol)
          Angle    Proper Dih.  Improper Dih.          LJ-14     Coulomb-14
    9.10530e+02    1.01568e+03    6.37969e+01    4.10078e+02    4.95853e+03
        LJ (SR)   Coulomb (SR)      Potential    Kinetic En.   Total Energy
   -4.72428e+02   -8.65515e+03   -1.76896e+03    8.84549e+02   -8.84413e+02
  Conserved En.    Temperature Pressure (bar)   Constr. rmsd
   -3.45436e+04    2.70017e+02    4.42324e+01    2.39494e-04

           Step           Time
         175000      700.00000

   Energies (kJ/mol)
          Angle    Proper Dih.  Improper Dih.          LJ-14     Coulomb-14
    8.34617e+02    1.06946e+03    6.34247e+01    4.26521e+02    4.95025e+03
        LJ (SR)   Coulomb (SR)      Potential    Kinetic En.   Total Energy
   -4.75167e+02   -8.70149e+03   -1.83238e+03    9.64956e+02   -8.67427e+02
  Conserved En.    Temperature Pressure (bar)   Constr. rmsd
   -3.55129e+04    2.94562e+02    6.87018e+01    2.19947e-04

           Step           Time
         180000      720.00000

   Energies (kJ/mol)
          Angle    Proper Dih.  Improper Dih.          LJ-14     Coulomb-14
    9.17033e+02    9.91952e+02    5.16413e+01    4.46826e+02    4.97414e+03
        LJ (SR)   Coulomb (SR)      Potential    Kinetic En.   Total Energy
   -5.18846e+02   -8.61802e+03   -1.75528e+03    8.92341e+02   -8.62936e+02
  Conserved En.    Temperature Pressure (bar)   Constr. rmsd
   -3.64887e+04    2.72396e+02    1.48156e+02    2.00884e-04

           Step           Time
         185000      740.00000

   Energies (kJ/mol)
          Angle    Proper Dih.  Improper Dih.          LJ-14     Coulomb-14
    8.83753e+02    1.05332e+03    5.05592e+01    4.22435e+02    4.94714e+03
        LJ (SR)   Coulomb (SR)      Potential    Kinetic En.   Total Energy
   -4.38944e+02   -8.70912e+03   -1.79085e+03    1.00257e+03   -7.88288e+02
  Conserved En.    Temperature Pressure (bar)   Constr. rmsd
   -3.75096e+04    3.06043e+02   -2.88950e+01    2.59344e-04

           Step           Time
         190000      760.00000

   Energies (kJ/mol)
          Angle    Proper Dih.  Improper Dih.          LJ-14     Coulomb-14
    8.15001e+02    1.03775e+03    8.60033e+01    4.25415e+02    5.00280e+03
        LJ (SR)   Coulomb (SR)      Potential    Kinetic En.   Total Energy
   -4.68686e+02   -8.69356e+03   -1.79527e+03    9.11280e+02   -8.83993e+02
  Conserved En.    Temperature Pressure (bar)   Constr. rmsd
   -3.85284e+04    2.78177e+02    2.80988e+01    2.42738e-04

           Step           Time
         195000      780.00000

   Energies (kJ/mol)
          Angle    Proper Dih.  Improper Dih.          LJ-14     Coulomb-14
    7.87727e+02    1.05854e+03    6.13044e+01    4.10981e+02    5.02363e+03
        LJ (SR)   Coulomb (SR)      Potential    Kinetic En.   Total Energy
   -5.24172e+02   -8.68421e+03   -1.86621e+03    9.17958e+02   -9.48250e+02
  Conserved En.    Temperature Pressure (bar)   Constr. rmsd
   -3.94799e+04    2.80216e+02   -1.07442e+02    2.26059e-04

           Step           Time
         200000      800.00000

   Energies (kJ/mol)
          Angle    Proper Dih.  Improper Dih.          LJ-14     Coulomb-14
    8.41837e+02    1.00732e+03    6.25904e+01    4.00026e+02    4.91574e+03
        LJ (SR)   Coulomb (SR)      Potential    Kinetic En.   Total Energy
   -5.07227e+02   -8.56866e+03   -1.84837e+03    9.41520e+02   -9.06854e+02
  Conserved En.    Temperature Pressure (bar)   Constr. rmsd
   -4.04099e+04    2.87408e+02   -1.95470e+01    2.18949e-04

           Step           Time
         205000      820.00000

   Energies (kJ/mol)
          Angle    Proper Dih.  Improper Dih.          LJ-14     Coulomb-14
    8.59418e+02    1.08195e+03    6.61792e+01    4.09841e+02    4.90652e+03
        LJ (SR)   Coulomb (SR)      Potential    Kinetic En.   Total Energy
   -4.81612e+02   -8.61625e+03   -1.77396e+03    9.47705e+02   -8.26255e+02
  Conserved En.    Temperature Pressure (bar)   Constr. rmsd
   -4.14047e+04    2.89296e+02    4.06751e+01    2.23384e-04

           Step           Time
         210000      840.00000

   Energies (kJ/mol)
          Angle    Proper Dih.  Improper Dih.          LJ-14     Coulomb-14
    8.33386e+02    1.03767e+03    6.35884e+01    4.19601e+02    4.95890e+03
        LJ (SR)   Coulomb (SR)      Potential    Kinetic En.   Total Energy
   -4.77892e+02   -8.65869e+03   -1.82343e+03    1.00811e+03   -8.15327e+02
  Conserved En.    Temperature Pressure (bar)   Constr. rmsd
   -4.23885e+04    3.07734e+02    1.72819e+00    2.43454e-04

           Step           Time
         215000      860.00000

   Energies (kJ/mol)
          Angle    Proper Dih.  Improper Dih.          LJ-14     Coulomb-14
    8.92994e+02    1.07757e+03    4.36869e+01    4.47369e+02    4.98792e+03
        LJ (SR)   Coulomb (SR)      Potential    Kinetic En.   Total Energy
   -4.89225e+02   -8.65188e+03   -1.69156e+03    9.98100e+02   -6.93456e+02
  Conserved En.    Temperature Pressure (bar)   Constr. rmsd
   -4.33803e+04    3.04680e+02    1.04944e+02    2.09694e-04

           Step           Time
         220000      880.00000

   Energies (kJ/mol)
          Angle    Proper Dih.  Improper Dih.          LJ-14     Coulomb-14
    7.81794e+02    1.06929e+03    6.40666e+01    4.27960e+02    5.03288e+03
        LJ (SR)   Coulomb (SR)      Potential    Kinetic En.   Total Energy
   -5.14755e+02   -8.72509e+03   -1.86385e+03    9.62175e+02   -9.01677e+02
  Conserved En.    Temperature Pressure (bar)   Constr. rmsd
   -4.43318e+04    2.93713e+02    8.78624e+01    1.99874e-04

           Step           Time
         225000      900.00000

   Energies (kJ/mol)
          Angle    Proper Dih.  Improper Dih.          LJ-14     Coulomb-14
    9.16820e+02    1.04003e+03    4.73988e+01    4.11553e+02    4.96445e+03
        LJ (SR)   Coulomb (SR)      Potential    Kinetic En.   Total Energy
   -5.18432e+02   -8.70911e+03   -1.84729e+03    9.57205e+02   -8.90089e+02
  Conserved En.    Temperature Pressure (bar)   Constr. rmsd
   -4.53341e+04    2.92196e+02    2.25413e+01    2.38121e-04

           Step           Time
         230000      920.00000

   Energies (kJ/mol)
          Angle    Proper Dih.  Improper Dih.          LJ-14     Coulomb-14
    9.13266e+02    1.10578e+03    6.23731e+01    3.99233e+02    4.97626e+03
        LJ (SR)   Coulomb (SR)      Potential    Kinetic En.   Total Energy
   -4.67810e+02   -8.74260e+03   -1.75349e+03    9.38814e+02   -8.14675e+02
  Conserved En.    Temperature Pressure (bar)   Constr. rmsd
   -4.63410e+04    2.86582e+02   -2.04592e+01    2.20955e-04

           Step           Time
         235000      940.00000

   Energies (kJ/mol)
          Angle    Proper Dih.  Improper Dih.          LJ-14     Coulomb-14
    8.81358e+02    1.05816e+03    5.90908e+01    4.06751e+02    4.90908e+03
        LJ (SR)   Coulomb (SR)      Potential    Kinetic En.   Total Energy
   -4.84513e+02   -8.58453e+03   -1.75460e+03    9.61746e+02   -7.92854e+02
  Conserved En.    Temperature Pressure (bar)   Constr. rmsd
   -4.73495e+04    2.93582e+02    2.79616e+01    2.40852e-04

           Step           Time
         240000      960.00000

   Energies (kJ/mol)
          Angle    Proper Dih.  Improper Dih.          LJ-14     Coulomb-14
    8.36479e+02    1.03895e+03    5.00874e+01    4.49597e+02    4.93328e+03
        LJ (SR)   Coulomb (SR)      Potential    Kinetic En.   Total Energy
   -5.39578e+02   -8.59459e+03   -1.82578e+03    9.53895e+02   -8.71882e+02
  Conserved En.    Temperature Pressure (bar)   Constr. rmsd
   -4.83446e+04    2.91186e+02    1.05907e+02    1.98870e-04

           Step           Time
         245000      980.00000

   Energies (kJ/mol)
          Angle    Proper Dih.  Improper Dih.          LJ-14     Coulomb-14
    8.91858e+02    1.05014e+03    6.78017e+01    4.11539e+02    4.93421e+03
        LJ (SR)   Coulomb (SR)      Potential    Kinetic En.   Total Energy
   -4.67375e+02   -8.67222e+03   -1.78405e+03    9.42275e+02   -8.41775e+02
  Conserved En.    Temperature Pressure (bar)   Constr. rmsd
   -4.93991e+04    2.87639e+02    1.08959e+02    2.11375e-04

           Step           Time
         250000     1000.00000

   Energies (kJ/mol)
          Angle    Proper Dih.  Improper Dih.          LJ-14     Coulomb-14
    8.01766e+02    1.08985e+03    5.10716e+01    4.04894e+02    4.98252e+03
        LJ (SR)   Coulomb (SR)      Potential    Kinetic En.   Total Energy
   -5.10969e+02   -8.70339e+03   -1.88427e+03    9.57832e+02   -9.26435e+02
  Conserved En.    Temperature Pressure (bar)   Constr. rmsd
   -5.04025e+04    2.92387e+02   -1.41668e+02    2.54542e-04

           Step           Time
         255000     1020.00000

   Energies (kJ/mol)
          Angle    Proper Dih.  Improper Dih.          LJ-14     Coulomb-14
    9.44865e+02    1.05726e+03    5.31287e+01    3.78969e+02    4.92666e+03
        LJ (SR)   Coulomb (SR)      Potential    Kinetic En.   Total Energy
   -5.21062e+02   -8.62836e+03   -1.78854e+03    1.01213e+03   -7.76418e+02
  Conserved En.    Temperature Pressure (bar)   Constr. rmsd
   -5.14037e+04    3.08961e+02   -7.12504e+01    2.40669e-04

           Step           Time
         260000     1040.00000

   Energies (kJ/mol)
          Angle    Proper Dih.  Improper Dih.          LJ-14     Coulomb-14
    8.39019e+02    1.09682e+03    5.60738e+01    4.02999e+02    4.97912e+03
        LJ (SR)   Coulomb (SR)      Potential    Kinetic En.   Total Energy
   -5.50221e+02   -8.62976e+03   -1.80594e+03    1.05398e+03   -7.51958e+02
  Conserved En.    Temperature Pressure (bar)   Constr. rmsd
   -5.23876e+04    3.21738e+02   -7.51528e+01    2.60011e-04

           Step           Time
         265000     1060.00000

   Energies (kJ/mol)
          Angle    Proper Dih.  Improper Dih.          LJ-14     Coulomb-14
    8.46296e+02    1.03991e+03    5.03528e+01    3.96325e+02    4.95768e+03
        LJ (SR)   Coulomb (SR)      Potential    Kinetic En.   Total Energy
   -5.27815e+02   -8.60545e+03   -1.84270e+03    9.46420e+02   -8.96279e+02
  Conserved En.    Temperature Pressure (bar)   Constr. rmsd
   -5.33707e+04    2.88904e+02   -7.69036e+01    2.39474e-04

           Step           Time
         270000     1080.00000

   Energies (kJ/mol)
          Angle    Proper Dih.  Improper Dih.          LJ-14     Coulomb-14
    8.57832e+02    1.00775e+03    6.15061e+01    3.87128e+02    4.94120e+03
        LJ (SR)   Coulomb (SR)      Potential    Kinetic En.   Total Energy
   -5.21137e+02   -8.62094e+03   -1.88666e+03    9.55318e+02   -9.31341e+02
  Conserved En.    Temperature Pressure (bar)   Constr. rmsd
   -5.43449e+04    2.91620e+02   -1.45273e+02    2.51625e-04

           Step           Time
         275000     1100.00000

   Energies (kJ/mol)
          Angle    Proper Dih.  Improper Dih.          LJ-14     Coulomb-14
    8.01741e+02    1.03485e+03    4.25514e+01    4.22514e+02    5.03656e+03
        LJ (SR)   Coulomb (SR)      Potential    Kinetic En.   Total Energy
   -5.17385e+02   -8.71741e+03   -1.89658e+03    8.86869e+02   -1.00971e+03
  Conserved En.    Temperature Pressure (bar)   Constr. rmsd
   -5.52836e+04    2.70725e+02    7.45914e+01    1.93119e-04

           Step           Time
         280000     1120.00000

   Energies (kJ/mol)
          Angle    Proper Dih.  Improper Dih.          LJ-14     Coulomb-14
    8.28854e+02    1.07918e+03    4.90807e+01    3.83734e+02    4.94698e+03
        LJ (SR)   Coulomb (SR)      Potential    Kinetic En.   Total Energy
   -4.93629e+02   -8.71022e+03   -1.91601e+03    9.32016e+02   -9.83995e+02
  Conserved En.    Temperature Pressure (bar)   Constr. rmsd
   -5.62564e+04    2.84507e+02    3.99598e+01    2.23527e-04

           Step           Time
         285000     1140.00000

   Energies (kJ/mol)
          Angle    Proper Dih.  Improper Dih.          LJ-14     Coulomb-14
    8.45604e+02    1.01515e+03    4.22698e+01    4.06151e+02    4.99078e+03
        LJ (SR)   Coulomb (SR)      Potential    Kinetic En.   Total Energy
   -5.28903e+02   -8.66383e+03   -1.89278e+03    9.41317e+02   -9.51460e+02
  Conserved En.    Temperature Pressure (bar)   Constr. rmsd
   -5.72542e+04    2.87346e+02   -1.03259e+02    2.40808e-04

           Step           Time
         290000     1160.00000

   Energies (kJ/mol)
          Angle    Proper Dih.  Improper Dih.          LJ-14     Coulomb-14
    8.71485e+02    1.05791e+03    4.46654e+01    4.16147e+02    4.96571e+03
        LJ (SR)   Coulomb (SR)      Potential    Kinetic En.   Total Energy
   -5.19475e+02   -8.66562e+03   -1.82918e+03    1.05977e+03   -7.69410e+02
  Conserved En.    Temperature Pressure (bar)   Constr. rmsd
   -5.82312e+04    3.23506e+02   -1.87936e+01    2.41176e-04

           Step           Time
         295000     1180.00000

   Energies (kJ/mol)
          Angle    Proper Dih.  Improper Dih.          LJ-14     Coulomb-14
    8.93896e+02    1.08234e+03    3.64090e+01    4.28413e+02    4.95851e+03
        LJ (SR)   Coulomb (SR)      Potential    Kinetic En.   Total Energy
   -4.71788e+02   -8.70965e+03   -1.78187e+03    1.00856e+03   -7.73308e+02
  Conserved En.    Temperature Pressure (bar)   Constr. rmsd
   -5.92018e+04    3.07873e+02    3.42715e+01    2.35080e-04

           Step           Time
         300000     1200.00000

   Energies (kJ/mol)
          Angle    Proper Dih.  Improper Dih.          LJ-14     Coulomb-14
    8.49631e+02    1.01304e+03    4.92498e+01    4.31380e+02    4.96241e+03
        LJ (SR)   Coulomb (SR)      Potential    Kinetic En.   Total Energy
   -5.05297e+02   -8.66562e+03   -1.86521e+03    9.53262e+02   -9.11953e+02
  Conserved En.    Temperature Pressure (bar)   Constr. rmsd
   -6.02151e+04    2.90992e+02    9.00647e+00    2.32492e-04

           Step           Time
         305000     1220.00000

   Energies (kJ/mol)
          Angle    Proper Dih.  Improper Dih.          LJ-14     Coulomb-14
    9.34946e+02    1.06164e+03    4.81099e+01    3.92844e+02    4.90667e+03
        LJ (SR)   Coulomb (SR)      Potential    Kinetic En.   Total Energy
   -5.09659e+02   -8.66804e+03   -1.83349e+03    9.53615e+02   -8.79876e+02
  Conserved En.    Temperature Pressure (bar)   Constr. rmsd
   -6.12173e+04    2.91100e+02   -9.14085e+01    2.86638e-04

           Step           Time
         310000     1240.00000

   Energies (kJ/mol)
          Angle    Proper Dih.  Improper Dih.          LJ-14     Coulomb-14
    8.79043e+02    1.05254e+03    6.14488e+01    4.32385e+02    4.96140e+03
        LJ (SR)   Coulomb (SR)      Potential    Kinetic En.   Total Energy
   -4.96260e+02   -8.66477e+03   -1.77421e+03    9.98554e+02   -7.75656e+02
  Conserved En.    Temperature Pressure (bar)   Constr. rmsd
   -6.21943e+04    3.04818e+02    8.66185e+01    2.18622e-04

           Step           Time
         315000     1260.00000

   Energies (kJ/mol)
          Angle    Proper Dih.  Improper Dih.          LJ-14     Coulomb-14
    8.30950e+02    1.06835e+03    4.85993e+01    4.33509e+02    4.96560e+03
        LJ (SR)   Coulomb (SR)      Potential    Kinetic En.   Total Energy
   -5.10240e+02   -8.65250e+03   -1.81573e+03    9.89845e+02   -8.25886e+02
  Conserved En.    Temperature Pressure (bar)   Constr. rmsd
   -6.31664e+04    3.02160e+02    1.01015e+02    2.08433e-04

           Step           Time
         320000     1280.00000

   Energies (kJ/mol)
          Angle    Proper Dih.  Improper Dih.          LJ-14     Coulomb-14
    8.42065e+02    1.04385e+03    6.25626e+01    4.30275e+02    4.97405e+03
        LJ (SR)   Coulomb (SR)      Potential    Kinetic En.   Total Energy
   -4.98556e+02   -8.63337e+03   -1.77912e+03    1.00791e+03   -7.71213e+02
  Conserved En.    Temperature Pressure (bar)   Constr. rmsd
   -6.41810e+04    3.07673e+02   -8.87751e+01    2.68172e-04

           Step           Time
         325000     1300.00000

   Energies (kJ/mol)
          Angle    Proper Dih.  Improper Dih.          LJ-14     Coulomb-14
    8.04983e+02    1.06870e+03    3.86474e+01    3.99835e+02    4.92494e+03
        LJ (SR)   Coulomb (SR)      Potential    Kinetic En.   Total Energy
   -5.35162e+02   -8.53696e+03   -1.83501e+03    9.32796e+02   -9.02214e+02
  Conserved En.    Temperature Pressure (bar)   Constr. rmsd
   -6.51950e+04    2.84745e+02   -2.12314e+01    2.31745e-04

           Step           Time
         330000     1320.00000

   Energies (kJ/mol)
          Angle    Proper Dih.  Improper Dih.          LJ-14     Coulomb-14
    8.43732e+02    1.10634e+03    5.61205e+01    4.33265e+02    4.99078e+03
        LJ (SR)   Coulomb (SR)      Potential    Kinetic En.   Total Energy
   -4.87401e+02   -8.71602e+03   -1.77319e+03    9.18863e+02   -8.54324e+02
  Conserved En.    Temperature Pressure (bar)   Constr. rmsd
   -6.61597e+04    2.80492e+02    4.74516e+01    2.07024e-04

           Step           Time
         335000     1340.00000

   Energies (kJ/mol)
          Angle    Proper Dih.  Improper Dih.          LJ-14     Coulomb-14
    8.28804e+02    1.08536e+03    4.89085e+01    3.92577e+02    4.97845e+03
        LJ (SR)   Coulomb (SR)      Potential    Kinetic En.   Total Energy
   -4.59902e+02   -8.72185e+03   -1.84765e+03    1.07787e+03   -7.69785e+02
  Conserved En.    Temperature Pressure (bar)   Constr. rmsd
   -6.71593e+04    3.29029e+02    2.50316e+01    2.72397e-04

           Step           Time
         340000     1360.00000

   Energies (kJ/mol)
          Angle    Proper Dih.  Improper Dih.          LJ-14     Coulomb-14
    8.99249e+02    1.00537e+03    6.57961e+01    3.88223e+02    4.91316e+03
        LJ (SR)   Coulomb (SR)      Potential    Kinetic En.   Total Energy
   -4.93101e+02   -8.54415e+03   -1.76545e+03    1.06433e+03   -7.01121e+02
  Conserved En.    Temperature Pressure (bar)   Constr. rmsd
   -6.81638e+04    3.24897e+02   -6.05526e+01    2.47823e-04

Writing checkpoint, step 340025 at Thu May 11 20:26:20 2023


           Step           Time
         345000     1380.00000

   Energies (kJ/mol)
          Angle    Proper Dih.  Improper Dih.          LJ-14     Coulomb-14
    8.24985e+02    1.07830e+03    7.41774e+01    4.25419e+02    5.00247e+03
        LJ (SR)   Coulomb (SR)      Potential    Kinetic En.   Total Energy
   -5.27837e+02   -8.66728e+03   -1.78976e+03    1.00525e+03   -7.84515e+02
  Conserved En.    Temperature Pressure (bar)   Constr. rmsd
   -6.91832e+04    3.06862e+02   -3.25630e+01    2.46798e-04

           Step           Time
         350000     1400.00000

   Energies (kJ/mol)
          Angle    Proper Dih.  Improper Dih.          LJ-14     Coulomb-14
    8.34787e+02    1.05605e+03    4.18167e+01    4.07674e+02    4.97583e+03
        LJ (SR)   Coulomb (SR)      Potential    Kinetic En.   Total Energy
   -5.41997e+02   -8.62523e+03   -1.85107e+03    1.00011e+03   -8.50961e+02
  Conserved En.    Temperature Pressure (bar)   Constr. rmsd
   -7.02109e+04    3.05293e+02    1.29422e+01    2.38909e-04

           Step           Time
         355000     1420.00000

   Energies (kJ/mol)
          Angle    Proper Dih.  Improper Dih.          LJ-14     Coulomb-14
    8.97802e+02    1.04668e+03    4.58453e+01    3.97909e+02    4.93575e+03
        LJ (SR)   Coulomb (SR)      Potential    Kinetic En.   Total Energy
   -5.50559e+02   -8.61316e+03   -1.83974e+03    8.66368e+02   -9.73368e+02
  Conserved En.    Temperature Pressure (bar)   Constr. rmsd
   -7.11730e+04    2.64467e+02   -8.40198e+01    2.38807e-04

           Step           Time
         360000     1440.00000

   Energies (kJ/mol)
          Angle    Proper Dih.  Improper Dih.          LJ-14     Coulomb-14
    8.73453e+02    1.07661e+03    4.00397e+01    4.04306e+02    4.91984e+03
        LJ (SR)   Coulomb (SR)      Potential    Kinetic En.   Total Energy
   -4.85534e+02   -8.71163e+03   -1.88292e+03    8.55962e+02   -1.02695e+03
  Conserved En.    Temperature Pressure (bar)   Constr. rmsd
   -7.22042e+04    2.61291e+02    5.84832e+01    2.10641e-04

           Step           Time
         365000     1460.00000

   Energies (kJ/mol)
          Angle    Proper Dih.  Improper Dih.          LJ-14     Coulomb-14
    9.08256e+02    1.03498e+03    5.96223e+01    4.04608e+02    4.97563e+03
        LJ (SR)   Coulomb (SR)      Potential    Kinetic En.   Total Energy
   -4.88294e+02   -8.67271e+03   -1.77790e+03    1.01044e+03   -7.67460e+02
  Conserved En.    Temperature Pressure (bar)   Constr. rmsd
   -7.31574e+04    3.08448e+02    4.85956e+01    2.35559e-04

           Step           Time
         370000     1480.00000

   Energies (kJ/mol)
          Angle    Proper Dih.  Improper Dih.          LJ-14     Coulomb-14
    8.43549e+02    1.14922e+03    3.36412e+01    4.23531e+02    4.96633e+03
        LJ (SR)   Coulomb (SR)      Potential    Kinetic En.   Total Energy
   -5.58228e+02   -8.64536e+03   -1.78732e+03    8.67686e+02   -9.19630e+02
  Conserved En.    Temperature Pressure (bar)   Constr. rmsd
   -7.41621e+04    2.64870e+02    1.25981e+02    1.96282e-04

           Step           Time
         375000     1500.00000

   Energies (kJ/mol)
          Angle    Proper Dih.  Improper Dih.          LJ-14     Coulomb-14
    9.51761e+02    1.05856e+03    6.28424e+01    3.86012e+02    4.89985e+03
        LJ (SR)   Coulomb (SR)      Potential    Kinetic En.   Total Energy
   -5.25778e+02   -8.59251e+03   -1.75927e+03    9.19454e+02   -8.39816e+02
  Conserved En.    Temperature Pressure (bar)   Constr. rmsd
   -7.51498e+04    2.80672e+02    7.11512e+00    2.46268e-04

           Step           Time
         380000     1520.00000

   Energies (kJ/mol)
          Angle    Proper Dih.  Improper Dih.          LJ-14     Coulomb-14
    8.53692e+02    1.04602e+03    4.63306e+01    3.99954e+02    4.93360e+03
        LJ (SR)   Coulomb (SR)      Potential    Kinetic En.   Total Energy
   -4.90812e+02   -8.66416e+03   -1.87538e+03    9.59925e+02   -9.15451e+02
  Conserved En.    Temperature Pressure (bar)   Constr. rmsd
   -7.61828e+04    2.93026e+02    1.62998e+00    2.40929e-04

           Step           Time
         385000     1540.00000

   Energies (kJ/mol)
          Angle    Proper Dih.  Improper Dih.          LJ-14     Coulomb-14
    8.23912e+02    1.03550e+03    4.07744e+01    3.95889e+02    4.96530e+03
        LJ (SR)   Coulomb (SR)      Potential    Kinetic En.   Total Energy
   -4.84356e+02   -8.64749e+03   -1.87047e+03    9.74272e+02   -8.96196e+02
  Conserved En.    Temperature Pressure (bar)   Constr. rmsd
   -7.71848e+04    2.97406e+02   -3.90170e+01    2.53865e-04

           Step           Time
         390000     1560.00000

   Energies (kJ/mol)
          Angle    Proper Dih.  Improper Dih.          LJ-14     Coulomb-14
    8.62797e+02    1.04623e+03    4.70831e+01    4.18849e+02    4.94156e+03
        LJ (SR)   Coulomb (SR)      Potential    Kinetic En.   Total Energy
   -5.24261e+02   -8.60993e+03   -1.81767e+03    9.35984e+02   -8.81690e+02
  Conserved En.    Temperature Pressure (bar)   Constr. rmsd
   -7.81136e+04    2.85718e+02    6.88695e+01    2.11358e-04

           Step           Time
         395000     1580.00000

   Energies (kJ/mol)
          Angle    Proper Dih.  Improper Dih.          LJ-14     Coulomb-14
    8.05012e+02    1.03035e+03    4.53335e+01    4.25601e+02    5.04208e+03
        LJ (SR)   Coulomb (SR)      Potential    Kinetic En.   Total Energy
   -5.60489e+02   -8.68284e+03   -1.89495e+03    9.10074e+02   -9.84877e+02
  Conserved En.    Temperature Pressure (bar)   Constr. rmsd
   -7.91128e+04    2.77809e+02    8.92557e-02    2.23785e-04

           Step           Time
         400000     1600.00000

   Energies (kJ/mol)
          Angle    Proper Dih.  Improper Dih.          LJ-14     Coulomb-14
    8.79665e+02    1.06205e+03    4.53946e+01    4.21932e+02    4.97160e+03
        LJ (SR)   Coulomb (SR)      Potential    Kinetic En.   Total Energy
   -5.14865e+02   -8.66318e+03   -1.79741e+03    9.59267e+02   -8.38141e+02
  Conserved En.    Temperature Pressure (bar)   Constr. rmsd
   -8.01149e+04    2.92826e+02    1.48562e+02    1.89389e-04

           Step           Time
         405000     1620.00000

   Energies (kJ/mol)
          Angle    Proper Dih.  Improper Dih.          LJ-14     Coulomb-14
    9.26729e+02    1.04098e+03    6.14704e+01    4.12593e+02    4.97427e+03
        LJ (SR)   Coulomb (SR)      Potential    Kinetic En.   Total Energy
   -5.44367e+02   -8.60164e+03   -1.72996e+03    1.05917e+03   -6.70791e+02
  Conserved En.    Temperature Pressure (bar)   Constr. rmsd
   -8.11261e+04    3.23322e+02    2.83805e+01    2.41065e-04

           Step           Time
         410000     1640.00000

   Energies (kJ/mol)
          Angle    Proper Dih.  Improper Dih.          LJ-14     Coulomb-14
    8.51066e+02    1.08843e+03    5.36888e+01    4.21257e+02    5.03462e+03
        LJ (SR)   Coulomb (SR)      Potential    Kinetic En.   Total Energy
   -5.01027e+02   -8.78684e+03   -1.83880e+03    9.67154e+02   -8.71650e+02
  Conserved En.    Temperature Pressure (bar)   Constr. rmsd
   -8.21204e+04    2.95233e+02    6.05131e+01    2.19863e-04

           Step           Time
         415000     1660.00000

   Energies (kJ/mol)
          Angle    Proper Dih.  Improper Dih.          LJ-14     Coulomb-14
    8.11091e+02    1.06063e+03    6.53273e+01    4.46945e+02    5.00297e+03
        LJ (SR)   Coulomb (SR)      Potential    Kinetic En.   Total Energy
   -4.59845e+02   -8.74449e+03   -1.81737e+03    9.29079e+02   -8.88292e+02
  Conserved En.    Temperature Pressure (bar)   Constr. rmsd
   -8.31674e+04    2.83610e+02    1.23949e+02    2.01125e-04

           Step           Time
         420000     1680.00000

   Energies (kJ/mol)
          Angle    Proper Dih.  Improper Dih.          LJ-14     Coulomb-14
    9.29547e+02    1.03139e+03    5.56144e+01    3.88890e+02    4.87057e+03
        LJ (SR)   Coulomb (SR)      Potential    Kinetic En.   Total Energy
   -4.92816e+02   -8.57871e+03   -1.79551e+03    8.78699e+02   -9.16813e+02
  Conserved En.    Temperature Pressure (bar)   Constr. rmsd
   -8.41321e+04    2.68232e+02    3.72953e-01    2.30839e-04

           Step           Time
         425000     1700.00000

   Energies (kJ/mol)
          Angle    Proper Dih.  Improper Dih.          LJ-14     Coulomb-14
    9.30519e+02    1.02373e+03    4.42439e+01    3.96387e+02    4.95850e+03
        LJ (SR)   Coulomb (SR)      Potential    Kinetic En.   Total Energy
   -5.80789e+02   -8.58943e+03   -1.81684e+03    9.99848e+02   -8.16993e+02
  Conserved En.    Temperature Pressure (bar)   Constr. rmsd
   -8.50898e+04    3.05213e+02   -1.43299e+02    2.49924e-04

           Step           Time
         430000     1720.00000

   Energies (kJ/mol)
          Angle    Proper Dih.  Improper Dih.          LJ-14     Coulomb-14
    9.03531e+02    1.04560e+03    5.01623e+01    4.36727e+02    5.00001e+03
        LJ (SR)   Coulomb (SR)      Potential    Kinetic En.   Total Energy
   -4.71204e+02   -8.75965e+03   -1.79483e+03    9.26755e+02   -8.68075e+02
  Conserved En.    Temperature Pressure (bar)   Constr. rmsd
   -8.60612e+04    2.82901e+02   -1.05725e+01    2.59535e-04

           Step           Time
         435000     1740.00000

   Energies (kJ/mol)
          Angle    Proper Dih.  Improper Dih.          LJ-14     Coulomb-14
    9.03629e+02    1.04962e+03    4.79733e+01    4.21496e+02    4.98515e+03
        LJ (SR)   Coulomb (SR)      Potential    Kinetic En.   Total Energy
   -4.99453e+02   -8.64234e+03   -1.73393e+03    9.84110e+02   -7.49819e+02
  Conserved En.    Temperature Pressure (bar)   Constr. rmsd
   -8.70914e+04    3.00409e+02    5.92400e+01    2.19523e-04

           Step           Time
         440000     1760.00000

   Energies (kJ/mol)
          Angle    Proper Dih.  Improper Dih.          LJ-14     Coulomb-14
    8.76226e+02    1.00154e+03    4.61395e+01    4.18427e+02    4.97585e+03
        LJ (SR)   Coulomb (SR)      Potential    Kinetic En.   Total Energy
   -5.17567e+02   -8.59048e+03   -1.78987e+03    9.64036e+02   -8.25832e+02
  Conserved En.    Temperature Pressure (bar)   Constr. rmsd
   -8.80995e+04    2.94281e+02    2.82221e+01    2.15219e-04

           Step           Time
         445000     1780.00000

   Energies (kJ/mol)
          Angle    Proper Dih.  Improper Dih.          LJ-14     Coulomb-14
    8.26644e+02    1.04288e+03    4.45987e+01    4.20586e+02    4.99446e+03
        LJ (SR)   Coulomb (SR)      Potential    Kinetic En.   Total Energy
   -4.81538e+02   -8.68215e+03   -1.83452e+03    9.07596e+02   -9.26923e+02
  Conserved En.    Temperature Pressure (bar)   Constr. rmsd
   -8.91106e+04    2.77053e+02    4.68962e+01    2.10440e-04

           Step           Time
         450000     1800.00000

   Energies (kJ/mol)
          Angle    Proper Dih.  Improper Dih.          LJ-14     Coulomb-14
    9.41526e+02    1.07363e+03    5.11234e+01    4.16189e+02    5.02648e+03
        LJ (SR)   Coulomb (SR)      Potential    Kinetic En.   Total Energy
   -5.38169e+02   -8.71844e+03   -1.74765e+03    1.00856e+03   -7.39098e+02
  Conserved En.    Temperature Pressure (bar)   Constr. rmsd
   -9.01570e+04    3.07872e+02   -1.55082e+01    2.43813e-04

           Step           Time
         455000     1820.00000

   Energies (kJ/mol)
          Angle    Proper Dih.  Improper Dih.          LJ-14     Coulomb-14
    9.17439e+02    1.06224e+03    4.79700e+01    4.00978e+02    4.95264e+03
        LJ (SR)   Coulomb (SR)      Potential    Kinetic En.   Total Energy
   -5.31795e+02   -8.67719e+03   -1.82771e+03    1.07023e+03   -7.57483e+02
  Conserved En.    Temperature Pressure (bar)   Constr. rmsd
   -9.11404e+04    3.26697e+02   -8.55648e+00    2.62412e-04

           Step           Time
         460000     1840.00000

   Energies (kJ/mol)
          Angle    Proper Dih.  Improper Dih.          LJ-14     Coulomb-14
    8.17960e+02    1.04108e+03    4.21738e+01    4.10232e+02    4.98417e+03
        LJ (SR)   Coulomb (SR)      Potential    Kinetic En.   Total Energy
   -5.24938e+02   -8.67329e+03   -1.90261e+03    9.43304e+02   -9.59302e+02
  Conserved En.    Temperature Pressure (bar)   Constr. rmsd
   -9.21476e+04    2.87953e+02   -4.68042e+01    2.30570e-04

           Step           Time
         465000     1860.00000

   Energies (kJ/mol)
          Angle    Proper Dih.  Improper Dih.          LJ-14     Coulomb-14
    9.17543e+02    1.05592e+03    3.83626e+01    3.99129e+02    4.94725e+03
        LJ (SR)   Coulomb (SR)      Potential    Kinetic En.   Total Energy
   -5.45868e+02   -8.61381e+03   -1.80148e+03    9.57958e+02   -8.43517e+02
  Conserved En.    Temperature Pressure (bar)   Constr. rmsd
   -9.31805e+04    2.92426e+02   -7.93505e+01    2.35605e-04

           Step           Time
         470000     1880.00000

   Energies (kJ/mol)
          Angle    Proper Dih.  Improper Dih.          LJ-14     Coulomb-14
    8.15335e+02    1.02249e+03    4.52398e+01    4.12861e+02    5.02146e+03
        LJ (SR)   Coulomb (SR)      Potential    Kinetic En.   Total Energy
   -5.42692e+02   -8.63920e+03   -1.86451e+03    9.57175e+02   -9.07335e+02
  Conserved En.    Temperature Pressure (bar)   Constr. rmsd
   -9.41397e+04    2.92187e+02    2.93727e+01    2.17813e-04

           Step           Time
         475000     1900.00000

   Energies (kJ/mol)
          Angle    Proper Dih.  Improper Dih.          LJ-14     Coulomb-14
    9.38572e+02    1.08065e+03    4.56444e+01    3.96458e+02    4.96463e+03
        LJ (SR)   Coulomb (SR)      Potential    Kinetic En.   Total Energy
   -5.96727e+02   -8.57882e+03   -1.74960e+03    9.58373e+02   -7.91230e+02
  Conserved En.    Temperature Pressure (bar)   Constr. rmsd
   -9.51575e+04    2.92553e+02   -5.81930e+01    2.43921e-04

           Step           Time
         480000     1920.00000

   Energies (kJ/mol)
          Angle    Proper Dih.  Improper Dih.          LJ-14     Coulomb-14
    8.89551e+02    1.02099e+03    3.75953e+01    4.08882e+02    4.96550e+03
        LJ (SR)   Coulomb (SR)      Potential    Kinetic En.   Total Energy
   -5.05050e+02   -8.63014e+03   -1.81267e+03    8.99155e+02   -9.13520e+02
  Conserved En.    Temperature Pressure (bar)   Constr. rmsd
   -9.61390e+04    2.74476e+02   -4.46711e+01    2.56869e-04

           Step           Time
         485000     1940.00000

   Energies (kJ/mol)
          Angle    Proper Dih.  Improper Dih.          LJ-14     Coulomb-14
    8.70442e+02    1.05128e+03    6.18910e+01    4.11398e+02    5.01712e+03
        LJ (SR)   Coulomb (SR)      Potential    Kinetic En.   Total Energy
   -5.22828e+02   -8.74387e+03   -1.85457e+03    9.81962e+02   -8.72604e+02
  Conserved En.    Temperature Pressure (bar)   Constr. rmsd
   -9.71407e+04    2.99753e+02   -1.11717e+02    2.72252e-04

           Step           Time
         490000     1960.00000

   Energies (kJ/mol)
          Angle    Proper Dih.  Improper Dih.          LJ-14     Coulomb-14
    8.10877e+02    1.05036e+03    5.03606e+01    4.17827e+02    5.01053e+03
        LJ (SR)   Coulomb (SR)      Potential    Kinetic En.   Total Energy
   -4.50968e+02   -8.76800e+03   -1.87901e+03    9.03376e+02   -9.75634e+02
  Conserved En.    Temperature Pressure (bar)   Constr. rmsd
   -9.81417e+04    2.75764e+02    9.84099e+01    2.20390e-04

           Step           Time
         495000     1980.00000

   Energies (kJ/mol)
          Angle    Proper Dih.  Improper Dih.          LJ-14     Coulomb-14
    8.82700e+02    1.06703e+03    5.79422e+01    4.01778e+02    4.93014e+03
        LJ (SR)   Coulomb (SR)      Potential    Kinetic En.   Total Energy
   -4.87085e+02   -8.70017e+03   -1.84767e+03    9.54821e+02   -8.92847e+02
  Conserved En.    Temperature Pressure (bar)   Constr. rmsd
   -9.91317e+04    2.91468e+02    3.99578e+01    2.29479e-04

           Step           Time
         500000     2000.00000

Writing checkpoint, step 500000 at Thu May 11 20:33:26 2023


   Energies (kJ/mol)
          Angle    Proper Dih.  Improper Dih.          LJ-14     Coulomb-14
    8.75012e+02    1.05468e+03    6.12564e+01    3.81700e+02    4.91239e+03
        LJ (SR)   Coulomb (SR)      Potential    Kinetic En.   Total Energy
   -5.39903e+02   -8.60951e+03   -1.86437e+03    9.10898e+02   -9.53474e+02
  Conserved En.    Temperature Pressure (bar)   Constr. rmsd
   -1.00129e+05    2.78061e+02   -2.19259e+01    2.32145e-04


	<======  ###############  ==>
	<====  A V E R A G E S  ====>
	<==  ###############  ======>

	Statistics over 500001 steps using 1001 frames

   Energies (kJ/mol)
          Angle    Proper Dih.  Improper Dih.          LJ-14     Coulomb-14
    8.55788e+02    1.05665e+03    5.53483e+01    4.11961e+02    4.94214e+03
        LJ (SR)   Coulomb (SR)      Potential    Kinetic En.   Total Energy
   -5.01222e+02   -8.59262e+03   -1.77195e+03    9.53666e+02   -8.18283e+02
  Conserved En.    Temperature Pressure (bar)   Constr. rmsd
   -5.04495e+04    2.91116e+02    4.11230e+00    0.00000e+00

   Total Virial (kJ/mol)
    2.90534e+02    6.28104e+00    1.07964e+01
    6.28123e+00    2.96624e+02    4.42339e+00
    1.07964e+01    4.42345e+00    3.21303e+02

   Pressure (bar)
    5.32428e+00   -8.71663e-01   -1.35929e+00
   -8.71715e-01    5.21660e+00   -1.24993e+00
   -1.35931e+00   -1.24995e+00    1.79604e+00


	M E G A - F L O P S   A C C O U N T I N G

 NB=Group-cutoff nonbonded kernels    NxN=N-by-N cluster Verlet kernels
 RF=Reaction-Field  VdW=Van der Waals  QSTab=quadratic-spline table
 W3=SPC/TIP3p  W4=TIP4p (single or pairs)
 V&F=Potential and force  V=Potential only  F=Force only

 Computing:                               M-Number         M-Flops  % Flops
-----------------------------------------------------------------------------
 Pair Search distance check             223.873690        2014.863     0.1
 NxN RF Elec. + LJ [F]                36658.346760     1393017.177    82.1
 NxN RF Elec. + LJ [V&F]                 73.551728        3971.793     0.2
 NxN RF Electrostatics [F]              428.466120       13282.450     0.8
 NxN RF Electrostatics [V&F]              0.841776          30.304     0.0
 1,4 nonbonded interactions             535.001070       48150.096     2.8
 Shift-X                                  8.040402          48.242     0.0
 Angles                                 372.500745       62580.125     3.7
 Propers                                560.001120      128240.256     7.6
 Impropers                               42.500085        8840.018     0.5
 Virial                                   0.447447           8.054     0.0
 Stop-CM                                  0.402804           4.028     0.0
 Calc-Ekin                               80.400804        2170.822     0.1
 Lincs                                  206.001236       12360.074     0.7
 Lincs-Mat                             4470.026820       17880.107     1.1
 Constraint-V                           412.001648        3296.013     0.2
 Constraint-Vir                           0.412412           9.898     0.0
-----------------------------------------------------------------------------
 Total                                                 1695904.321   100.0
-----------------------------------------------------------------------------


     R E A L   C Y C L E   A N D   T I M E   A C C O U N T I N G

On 1 MPI rank, each using 12 OpenMP threads

 Computing:          Num   Num      Call    Wall time         Giga-Cycles
                     Ranks Threads  Count      (s)         total sum    %
-----------------------------------------------------------------------------
 Neighbor search        1   12      20001      16.002        422.416   1.2
 Force                  1   12     500001     398.488      10519.100  30.1
 NB X/F buffer ops.     1   12     980001     212.727       5615.473  16.0
 Write traj.            1   12       1002       0.270          7.134   0.0
 Update                 1   12     500001     137.896       3640.128  10.4
 Constraints            1   12     500003     524.891      13855.847  39.6
 Rest                                          35.279        931.290   2.7
-----------------------------------------------------------------------------
 Total                                       1325.554      34991.388 100.0
-----------------------------------------------------------------------------

               Core t (s)   Wall t (s)        (%)
       Time:    15906.647     1325.554     1200.0
                 (ns/day)    (hour/ns)
Performance:      130.361        0.184
Finished mdrun on rank 0 Thu May 11 20:33:26 2023

