              :-) GROMACS - gmx mdrun, 2020.1-Ubuntu-2020.1-1 (-:

                            GROMACS is written by:
     Emile Apol      Rossen Apostolov      Paul Bauer     Herman J.C. Berendsen
    Par Bjelkmar      Christian Blau   Viacheslav Bolnykh     Kevin Boyd    
 Aldert van Buuren   Rudi van Drunen     Anton Feenstra       Alan Gray     
  Gerrit Groenhof     Anca Hamuraru    Vincent Hindriksen  M. Eric Irrgang  
  Aleksei Iupinov   Christoph Junghans     Joe Jordan     Dimitrios Karkoulis
    Peter Kasson        Jiri Kraus      Carsten Kutzner      Per Larsson    
  Justin A. Lemkul    Viveca Lindahl    Magnus Lundborg     Erik Marklund   
    Pascal Merz     Pieter Meulenhoff    Teemu Murtola       Szilard Pall   
    Sander Pronk      Roland Schulz      Michael Shirts    Alexey Shvetsov  
   Alfons Sijbers     Peter Tieleman      Jon Vincent      Teemu Virolainen 
 Christian Wennberg    Maarten Wolf      Artem Zhmurov   
                           and the project leaders:
        Mark Abraham, Berk Hess, Erik Lindahl, and David van der Spoel

Copyright (c) 1991-2000, University of Groningen, The Netherlands.
Copyright (c) 2001-2019, The GROMACS development team at
Uppsala University, Stockholm University and
the Royal Institute of Technology, Sweden.
check out http://www.gromacs.org for more information.

GROMACS is free software; you can redistribute it and/or modify it
under the terms of the GNU Lesser General Public License
as published by the Free Software Foundation; either version 2.1
of the License, or (at your option) any later version.

GROMACS:      gmx mdrun, version 2020.1-Ubuntu-2020.1-1
Executable:   /usr/bin/gmx
Data prefix:  /usr
Working dir:  /content
Process ID:   22521
Command line:
  gmx mdrun -s /content/sandrozzona-multiscala/tat_4_vuoto/Steered/pull_3/md_smd_3.tpr -v -deffnm /content/sandrozzona-multiscala/tat_4_vuoto/Steered/pull_3/ms_smd_3

GROMACS version:    2020.1-Ubuntu-2020.1-1
Precision:          single
Memory model:       64 bit
MPI library:        thread_mpi
OpenMP support:     enabled (GMX_OPENMP_MAX_THREADS = 64)
GPU support:        disabled
SIMD instructions:  SSE2
FFT library:        fftw-3.3.8-sse2-avx
RDTSCP usage:       disabled
TNG support:        enabled
Hwloc support:      hwloc-2.1.0
Tracing support:    disabled
C compiler:         /usr/bin/cc GNU 9.3.0
C compiler flags:   -msse2 -fexcess-precision=fast -funroll-all-loops
C++ compiler:       /usr/bin/c++ GNU 9.3.0
C++ compiler flags: -msse2 -fexcess-precision=fast -funroll-all-loops -fopenmp


Running on 1 node with total 1 cores, 2 logical cores
Hardware detected:
  CPU info:
    Vendor: Intel
    Brand:  Intel(R) Xeon(R) CPU @ 2.20GHz
    Family: 6   Model: 79   Stepping: 0
    Features: aes apic avx avx2 clfsh cmov cx8 cx16 f16c fma hle htt intel lahf mmx msr nonstop_tsc pcid pclmuldq pdpe1gb popcnt pse rdrnd rdtscp rtm sse2 sse3 sse4.1 sse4.2 ssse3 x2apic
  Hardware topology: Full, with devices
    Sockets, cores, and logical processors:
      Socket  0: [   0   1]
    Numa nodes:
      Node  0 (13616324608 bytes mem):   0   1
      Latency:
               0
         0  1.00
    Caches:
      L1: 32768 bytes, linesize 64 bytes, assoc. 8, shared 2 ways
      L2: 262144 bytes, linesize 64 bytes, assoc. 8, shared 2 ways
      L3: 57671680 bytes, linesize 64 bytes, assoc. 20, shared 2 ways
    PCI devices:
      0000:00:04.0  Id: 1af4:1000  Class: 0x0200  Numa: 0

Highest SIMD level requested by all nodes in run: AVX2_256
SIMD instructions selected at compile time:       SSE2
This program was compiled for different hardware than you are running on,
which could influence performance.
The current CPU can measure timings more accurately than the code in
gmx mdrun was configured to use. This might affect your simulation
speed as accurate timings are needed for load-balancing.
Please consider rebuilding gmx mdrun with the GMX_USE_RDTSCP=ON CMake option.

++++ PLEASE READ AND CITE THE FOLLOWING REFERENCE ++++
M. J. Abraham, T. Murtola, R. Schulz, S. Páll, J. C. Smith, B. Hess, E.
Lindahl
GROMACS: High performance molecular simulations through multi-level
parallelism from laptops to supercomputers
SoftwareX 1 (2015) pp. 19-25
-------- -------- --- Thank You --- -------- --------


++++ PLEASE READ AND CITE THE FOLLOWING REFERENCE ++++
S. Páll, M. J. Abraham, C. Kutzner, B. Hess, E. Lindahl
Tackling Exascale Software Challenges in Molecular Dynamics Simulations with
GROMACS
In S. Markidis & E. Laure (Eds.), Solving Software Challenges for Exascale 8759 (2015) pp. 3-27
-------- -------- --- Thank You --- -------- --------


++++ PLEASE READ AND CITE THE FOLLOWING REFERENCE ++++
S. Pronk, S. Páll, R. Schulz, P. Larsson, P. Bjelkmar, R. Apostolov, M. R.
Shirts, J. C. Smith, P. M. Kasson, D. van der Spoel, B. Hess, and E. Lindahl
GROMACS 4.5: a high-throughput and highly parallel open source molecular
simulation toolkit
Bioinformatics 29 (2013) pp. 845-54
-------- -------- --- Thank You --- -------- --------


++++ PLEASE READ AND CITE THE FOLLOWING REFERENCE ++++
B. Hess and C. Kutzner and D. van der Spoel and E. Lindahl
GROMACS 4: Algorithms for highly efficient, load-balanced, and scalable
molecular simulation
J. Chem. Theory Comput. 4 (2008) pp. 435-447
-------- -------- --- Thank You --- -------- --------


++++ PLEASE READ AND CITE THE FOLLOWING REFERENCE ++++
D. van der Spoel, E. Lindahl, B. Hess, G. Groenhof, A. E. Mark and H. J. C.
Berendsen
GROMACS: Fast, Flexible and Free
J. Comp. Chem. 26 (2005) pp. 1701-1719
-------- -------- --- Thank You --- -------- --------


++++ PLEASE READ AND CITE THE FOLLOWING REFERENCE ++++
E. Lindahl and B. Hess and D. van der Spoel
GROMACS 3.0: A package for molecular simulation and trajectory analysis
J. Mol. Mod. 7 (2001) pp. 306-317
-------- -------- --- Thank You --- -------- --------


++++ PLEASE READ AND CITE THE FOLLOWING REFERENCE ++++
H. J. C. Berendsen, D. van der Spoel and R. van Drunen
GROMACS: A message-passing parallel molecular dynamics implementation
Comp. Phys. Comm. 91 (1995) pp. 43-56
-------- -------- --- Thank You --- -------- --------

Input Parameters:
   integrator                     = md
   tinit                          = 0
   dt                             = 0.002
   nsteps                         = 500000
   init-step                      = 0
   simulation-part                = 1
   comm-mode                      = Angular
   nstcomm                        = 500
   bd-fric                        = 0
   ld-seed                        = -980197972
   emtol                          = 10
   emstep                         = 0.01
   niter                          = 20
   fcstep                         = 0
   nstcgsteep                     = 1000
   nbfgscorr                      = 10
   rtpi                           = 0.05
   nstxout                        = 500
   nstvout                        = 500
   nstfout                        = 0
   nstlog                         = 5000
   nstcalcenergy                  = 500
   nstenergy                      = 5000
   nstxout-compressed             = 0
   compressed-x-precision         = 1000
   cutoff-scheme                  = Verlet
   nstlist                        = 10
   pbc                            = xyz
   periodic-molecules             = false
   verlet-buffer-tolerance        = 0.005
   rlist                          = 1.007
   coulombtype                    = Cut-off
   coulomb-modifier               = Potential-shift
   rcoulomb-switch                = 0
   rcoulomb                       = 1
   epsilon-r                      = 1
   epsilon-rf                     = inf
   vdw-type                       = Cut-off
   vdw-modifier                   = Potential-shift
   rvdw-switch                    = 0
   rvdw                           = 1
   DispCorr                       = No
   table-extension                = 1
   fourierspacing                 = 0.12
   fourier-nx                     = 0
   fourier-ny                     = 0
   fourier-nz                     = 0
   pme-order                      = 4
   ewald-rtol                     = 1e-05
   ewald-rtol-lj                  = 0.001
   lj-pme-comb-rule               = Geometric
   ewald-geometry                 = 0
   epsilon-surface                = 0
   tcoupl                         = V-rescale
   nsttcouple                     = 10
   nh-chain-length                = 0
   print-nose-hoover-chain-variables = false
   pcoupl                         = No
   pcoupltype                     = Isotropic
   nstpcouple                     = -1
   tau-p                          = 1
   compressibility (3x3):
      compressibility[    0]={ 0.00000e+00,  0.00000e+00,  0.00000e+00}
      compressibility[    1]={ 0.00000e+00,  0.00000e+00,  0.00000e+00}
      compressibility[    2]={ 0.00000e+00,  0.00000e+00,  0.00000e+00}
   ref-p (3x3):
      ref-p[    0]={ 0.00000e+00,  0.00000e+00,  0.00000e+00}
      ref-p[    1]={ 0.00000e+00,  0.00000e+00,  0.00000e+00}
      ref-p[    2]={ 0.00000e+00,  0.00000e+00,  0.00000e+00}
   refcoord-scaling               = No
   posres-com (3):
      posres-com[0]= 0.00000e+00
      posres-com[1]= 0.00000e+00
      posres-com[2]= 0.00000e+00
   posres-comB (3):
      posres-comB[0]= 0.00000e+00
      posres-comB[1]= 0.00000e+00
      posres-comB[2]= 0.00000e+00
   QMMM                           = false
   QMconstraints                  = 0
   QMMMscheme                     = 0
   MMChargeScaleFactor            = 1
qm-opts:
   ngQM                           = 0
   constraint-algorithm           = Lincs
   continuation                   = false
   Shake-SOR                      = false
   shake-tol                      = 0.0001
   lincs-order                    = 4
   lincs-iter                     = 1
   lincs-warnangle                = 30
   nwall                          = 0
   wall-type                      = 9-3
   wall-r-linpot                  = -1
   wall-atomtype[0]               = -1
   wall-atomtype[1]               = -1
   wall-density[0]                = 0
   wall-density[1]                = 0
   wall-ewald-zfac                = 3
   pull                           = true
   pull-cylinder-r                = 1.5
   pull-constr-tol                = 1e-06
   pull-print-COM                 = false
   pull-print-ref-value           = false
   pull-print-components          = false
   pull-nstxout                   = 50
   pull-nstfout                   = 50
   pull-pbc-ref-prev-step-com     = false
   pull-xout-average              = false
   pull-fout-average              = false
   pull-ngroups                   = 3
   pull-group 0:
     atom: not available
     weight: not available
     pbcatom                        = -1
   pull-group 1:
     atom (23):
        atom[0,...,22] = {0,...,22}
     weight: not available
     pbcatom                        = 11
   pull-group 2:
     atom (25):
        atom[0,...,24] = {211,...,235}
     weight: not available
     pbcatom                        = 223
   pull-ncoords                   = 1
   pull-coord 0:
   type                           = umbrella
   geometry                       = distance
   group[0]                       = 1
   group[1]                       = 2
   dim (3):
      dim[0]=0
      dim[1]=0
      dim[2]=1
   origin (3):
      origin[0]= 0.00000e+00
      origin[1]= 0.00000e+00
      origin[2]= 0.00000e+00
   vec (3):
      vec[0]= 0.00000e+00
      vec[1]= 0.00000e+00
      vec[2]= 0.00000e+00
   start                          = true
   init                           = 0.992187
   rate                           = 1
   k                              = 1000
   kB                             = 1000
   awh                            = false
   rotation                       = false
   interactiveMD                  = false
   disre                          = No
   disre-weighting                = Conservative
   disre-mixed                    = false
   dr-fc                          = 1000
   dr-tau                         = 0
   nstdisreout                    = 100
   orire-fc                       = 0
   orire-tau                      = 0
   nstorireout                    = 100
   free-energy                    = no
   cos-acceleration               = 0
   deform (3x3):
      deform[    0]={ 0.00000e+00,  0.00000e+00,  0.00000e+00}
      deform[    1]={ 0.00000e+00,  0.00000e+00,  0.00000e+00}
      deform[    2]={ 0.00000e+00,  0.00000e+00,  0.00000e+00}
   simulated-tempering            = false
   swapcoords                     = no
   userint1                       = 0
   userint2                       = 0
   userint3                       = 0
   userint4                       = 0
   userreal1                      = 0
   userreal2                      = 0
   userreal3                      = 0
   userreal4                      = 0
   applied-forces:
     electric-field:
       x:
         E0                       = 0
         omega                    = 0
         t0                       = 0
         sigma                    = 0
       y:
         E0                       = 0
         omega                    = 0
         t0                       = 0
         sigma                    = 0
       z:
         E0                       = 0
         omega                    = 0
         t0                       = 0
         sigma                    = 0
     density-guided-simulation:
       active                     = false
       group                      = protein
       similarity-measure         = inner-product
       atom-spreading-weight      = unity
       force-constant             = 1e+09
       gaussian-transform-spreading-width = 0.2
       gaussian-transform-spreading-range-in-multiples-of-width = 4
       reference-density-filename = reference.mrc
       nst                        = 1
       normalize-densities        = true
       adaptive-force-scaling     = false
       adaptive-force-scaling-time-constant = 4
grpopts:
   nrdf:         466
   ref-t:         300
   tau-t:         0.1
annealing:          No
annealing-npoints:           0
   acc:	           0           0           0
   nfreeze:           N           N           N
   energygrp-flags[  0]: 0

Changing nstlist from 10 to 100, rlist from 1.007 to 1.236


Using 1 MPI thread

Non-default thread affinity set, disabling internal thread affinity

Using 2 OpenMP threads 

System total charge: 8.000
Potential shift: LJ r^-12: -1.000e+00 r^-6: -1.000e+00, Coulomb -1e+00
Generated table with 1118 data points for 1-4 COUL.
Tabscale = 500 points/nm
Generated table with 1118 data points for 1-4 LJ6.
Tabscale = 500 points/nm
Generated table with 1118 data points for 1-4 LJ12.
Tabscale = 500 points/nm

Using SIMD 4x4 nonbonded short-range kernels

Using a dual 4x4 pair-list setup updated with dynamic pruning:
  outer list: updated every 100 steps, buffer 0.236 nm, rlist 1.236 nm
  inner list: updated every   6 steps, buffer 0.001 nm, rlist 1.001 nm
At tolerance 0.005 kJ/mol/ps per atom, equivalent classical 1x1 list would be:
  outer list: updated every 100 steps, buffer 0.236 nm, rlist 1.236 nm
  inner list: updated every   6 steps, buffer 0.001 nm, rlist 1.001 nm

Using Lorentz-Berthelot Lennard-Jones combination rule

Removing pbc first time

Will apply potential COM pulling
with 1 pull coordinate and 2 groups
Pull group 1:    23 atoms, mass   165.188
Pull group 2:    25 atoms, mass   173.204

Initializing LINear Constraint Solver

++++ PLEASE READ AND CITE THE FOLLOWING REFERENCE ++++
B. Hess and H. Bekker and H. J. C. Berendsen and J. G. E. M. Fraaije
LINCS: A Linear Constraint Solver for molecular simulations
J. Comp. Chem. 18 (1997) pp. 1463-1472
-------- -------- --- Thank You --- -------- --------

The number of constraints is 236

++++ PLEASE READ AND CITE THE FOLLOWING REFERENCE ++++
G. Bussi, D. Donadio and M. Parrinello
Canonical sampling through velocity rescaling
J. Chem. Phys. 126 (2007) pp. 014101
-------- -------- --- Thank You --- -------- --------

There are: 236 Atoms

Constraining the starting coordinates (step 0)

Constraining the coordinates at t0-dt (step 0)
Center of mass motion removal mode is Angular
We have the following groups for center of mass motion removal:
  0:  rest
RMS relative constraint deviation after constraining: 1.87e-05
Initial temperature: 282.91 K

Started mdrun on rank 0 Wed May 10 17:29:32 2023

           Step           Time
              0        0.00000

   Energies (kJ/mol)
          Angle    Proper Dih.  Improper Dih.          LJ-14     Coulomb-14
    5.02049e+02    4.46248e+02    3.00522e+01    1.94192e+02   -3.77002e+03
        LJ (SR)   Coulomb (SR)   COM Pull En.      Potential    Kinetic En.
   -1.98979e+02   -7.04472e+02    2.73546e-10   -3.50092e+03    5.59530e+02
   Total Energy  Conserved En.    Temperature Pressure (bar)   Constr. rmsd
   -2.94140e+03   -2.94140e+03    2.88824e+02    1.47272e+00    4.36029e-05

Group rest with mass  1.56797e+03, Ekrot  2.26930e+01 Det(I) =  2.36229e+07
  COM:     13.90554      13.89541       6.55833
  P:        0.00013       0.00005       0.00005
  V:        0.00000       0.00000       0.00000
  J:      153.38593    -137.59787      -0.00102
  w:        0.17001      -0.14032      -0.05681
Inertia tensor (3x3):
   Inertia tensor[    0]={ 2.72062e+02,  3.75000e-01, -1.80469e+01}
   Inertia tensor[    1]={ 3.75000e-01,  1.41000e+02,  1.45359e+02}
   Inertia tensor[    2]={-1.80469e+01,  1.45359e+02,  7.66914e+02}
Group rest with mass  1.56797e+03, Ekrot  5.65516e+01 Det(I) =  2.48774e+07
  COM:     13.90554      13.89541       6.55833
  P:        0.00004      -0.00068       0.00117
  V:        0.00000      -0.00000       0.00000
  J:      210.72173    -309.74170       0.00378
  w:        0.17753      -0.24438      -0.02772
Inertia tensor (3x3):
   Inertia tensor[    0]={ 2.24000e+02, -1.28125e+01,  1.00719e+02}
   Inertia tensor[    1]={-1.28125e+01,  1.23312e+02,  1.12578e+02}
   Inertia tensor[    2]={ 1.00719e+02,  1.12578e+02,  1.06555e+03}
Group rest with mass  1.56797e+03, Ekrot  5.55229e+01 Det(I) =  2.43541e+07
  COM:     13.90554      13.89540       6.55833
  P:       -0.00066      -0.00069       0.00281
  V:       -0.00000      -0.00000       0.00000
  J:      221.08807    -380.86462       0.00507
  w:        0.12787      -0.21734      -0.02181
Inertia tensor (3x3):
   Inertia tensor[    0]={ 1.41906e+02, -9.34375e+00,  6.53281e+01}
   Inertia tensor[    1]={-9.34375e+00,  1.11312e+02,  6.38750e+01}
   Inertia tensor[    2]={ 6.53281e+01,  6.38750e+01,  1.62243e+03}
Group rest with mass  1.56797e+03, Ekrot  3.33494e+01 Det(I) =  1.95547e+07
  COM:     13.90554      13.89540       6.55833
  P:       -0.00083      -0.00062       0.00196
  V:       -0.00000      -0.00000       0.00000
  J:      245.12724    -268.01624      -0.00627
  w:        0.12724      -0.13249      -0.02225
Inertia tensor (3x3):
   Inertia tensor[    0]={ 1.59094e+02,  3.40000e+01, -6.62188e+01}
   Inertia tensor[    1]={ 3.40000e+01,  7.56250e+01, -2.42188e+01}
   Inertia tensor[    2]={-6.62188e+01, -2.42188e+01,  1.82710e+03}
Group rest with mass  1.56797e+03, Ekrot  6.23342e+00 Det(I) =  1.21759e+07
  COM:     13.90554      13.89540       6.55833
  P:       -0.00030      -0.00046       0.00077
  V:       -0.00000      -0.00000       0.00000
  J:      -32.99717     181.16556       0.00424
  w:       -0.01077       0.06685      -0.01733
Inertia tensor (3x3):
   Inertia tensor[    0]={ 1.55406e+02,  2.44375e+01, -1.87906e+02}
   Inertia tensor[    1]={ 2.44375e+01,  3.83750e+01, -8.05625e+01}
   Inertia tensor[    2]={-1.87906e+02, -8.05625e+01,  2.57143e+03}
Group rest with mass  1.56797e+03, Ekrot  3.37275e+01 Det(I) =  1.20988e+07
  COM:     13.90554      13.89540       6.55833
  P:        0.00015      -0.00012      -0.00014
  V:        0.00000      -0.00000      -0.00000
  J:     -120.43114     414.10699       0.00281
  w:       -0.04079       0.15103       0.03213
Inertia tensor (3x3):
   Inertia tensor[    0]={ 7.57188e+01,  2.93750e+01,  1.21500e+02}
   Inertia tensor[    1]={ 2.93750e+01,  7.60312e+01,  6.50781e+01}
   Inertia tensor[    2]={ 1.21500e+02,  6.50781e+01,  2.67207e+03}
Group rest with mass  1.56797e+03, Ekrot  6.34867e+00 Det(I) =  1.06584e+07
  COM:     13.90554      13.89540       6.55833
  P:        0.00055       0.00037      -0.00053
  V:        0.00000       0.00000      -0.00000
  J:       33.64725    -189.79002       0.00904
  w:        0.01094      -0.06496       0.01450
Inertia tensor (3x3):
   Inertia tensor[    0]={ 6.44375e+01,  3.65938e+01,  5.91562e+01}
   Inertia tensor[    1]={ 3.65938e+01,  8.09375e+01, -2.23438e+01}
   Inertia tensor[    2]={ 5.91562e+01, -2.23438e+01,  2.85595e+03}
Group rest with mass  1.56797e+03, Ekrot  9.78276e+00 Det(I) =  1.75823e+07
  COM:     13.90554      13.89541       6.55833
  P:       -0.00005      -0.00019      -0.00005
  V:       -0.00000      -0.00000      -0.00000
  J:      228.95544      84.24748      -0.00133
  w:        0.07568       0.02656       0.01756
Inertia tensor (3x3):
   Inertia tensor[    0]={ 8.45938e+01, -1.54375e+01,  8.22969e+01}
   Inertia tensor[    1]={-1.54375e+01,  7.92812e+01, -1.26109e+02}
   Inertia tensor[    2]={ 8.22969e+01, -1.26109e+02,  2.95965e+03}
           Step           Time
           5000       10.00000

   Energies (kJ/mol)
          Angle    Proper Dih.  Improper Dih.          LJ-14     Coulomb-14
    1.32687e+03    5.64314e+02    2.13174e+01    1.84774e+02   -4.07591e+03
        LJ (SR)   Coulomb (SR)   COM Pull En.      Potential    Kinetic En.
   -8.24092e+01   -5.00941e+02    2.14027e+04    1.88407e+04    6.42628e+02
   Total Energy  Conserved En.    Temperature Pressure (bar)   Constr. rmsd
    1.94833e+04    2.16167e+04    3.31718e+02    3.50006e+00    3.55951e-04

Group rest with mass  1.56797e+03, Ekrot  2.26678e+00 Det(I) =  1.74361e+07
  COM:     13.90554      13.89541       6.55833
  P:       -0.00001       0.00034      -0.00022
  V:       -0.00000       0.00000      -0.00000
  J:     -119.96136       5.06263      -0.00051
  w:       -0.03773       0.00151       0.00110
Inertia tensor (3x3):
   Inertia tensor[    0]={ 7.76250e+01,  4.90625e+00, -6.39062e+00}
   Inertia tensor[    1]={ 4.90625e+00,  7.34062e+01, -4.93438e+01}
   Inertia tensor[    2]={-6.39062e+00, -4.93438e+01,  3.10623e+03}
Group rest with mass  1.56797e+03, Ekrot  3.01100e+00 Det(I) =  1.96167e+07
  COM:     13.90554      13.89541       6.55833
  P:       -0.00019       0.00044      -0.00039
  V:       -0.00000       0.00000      -0.00000
  J:      -23.13477     136.12631      -0.00179
  w:       -0.00666       0.04311       0.02630
Inertia tensor (3x3):
   Inertia tensor[    0]={ 8.41250e+01,  2.44688e+01,  2.37812e+01}
   Inertia tensor[    1]={ 2.44688e+01,  8.48438e+01,  1.06812e+02}
   Inertia tensor[    2]={ 2.37812e+01,  1.06812e+02,  3.13518e+03}
Group rest with mass  1.56797e+03, Ekrot  1.05549e+00 Det(I) =  1.35600e+07
  COM:     13.90554      13.89541       6.55833
  P:        0.00001       0.00019      -0.00015
  V:        0.00000       0.00000      -0.00000
  J:      -81.58311      13.78981       0.00038
  w:       -0.02521       0.00395      -0.00272
Inertia tensor (3x3):
   Inertia tensor[    0]={ 6.79688e+01,  4.14062e+01,  2.13750e+01}
   Inertia tensor[    1]={ 4.14062e+01,  8.89062e+01,  2.83906e+01}
   Inertia tensor[    2]={ 2.13750e+01,  2.83906e+01,  3.14326e+03}
Group rest with mass  1.56797e+03, Ekrot  5.25445e+00 Det(I) =  1.79723e+07
  COM:     13.90554      13.89541       6.55833
  P:        0.00025       0.00035       0.00051
  V:        0.00000       0.00000       0.00000
  J:      185.22633     -23.21080       0.00103
  w:        0.05584      -0.00715      -0.00062
Inertia tensor (3x3):
   Inertia tensor[    0]={ 6.09062e+01, -5.56250e+00, -1.07188e+01}
   Inertia tensor[    1]={-5.56250e+00,  9.36562e+01, -7.02812e+01}
   Inertia tensor[    2]={-1.07188e+01, -7.02812e+01,  3.22427e+03}
           Step           Time
          10000       20.00000

Group rest with mass  1.56797e+03, Ekrot  6.08263e+00 Det(I) =  1.87827e+07
  COM:     13.90554      13.89541       6.55833
  P:        0.00019       0.00032       0.00004
  V:        0.00000       0.00000       0.00000
  J:       65.28581    -191.29059       0.00191
  w:        0.01931      -0.05700       0.01760
Inertia tensor (3x3):
   Inertia tensor[    0]={ 6.53438e+01, -2.43750e+00,  5.48438e+00}
   Inertia tensor[    1]={-2.43750e+00,  8.76875e+01, -4.53438e+01}
   Inertia tensor[    2]={ 5.48438e+00, -4.53438e+01,  3.30518e+03}
   Energies (kJ/mol)
          Angle    Proper Dih.  Improper Dih.          LJ-14     Coulomb-14
    3.76197e+03    5.32112e+02    3.52451e+01    2.03180e+02   -4.27699e+03
        LJ (SR)   Coulomb (SR)   COM Pull En.      Potential    Kinetic En.
   -6.27762e+01   -3.45276e+02    1.32574e+05    1.32421e+05    6.68335e+02
   Total Energy  Conserved En.    Temperature Pressure (bar)   Constr. rmsd
    1.33089e+05    1.35141e+05    3.44988e+02   -2.56682e+00    1.69463e-03

Group rest with mass  1.56797e+03, Ekrot  2.87552e+00 Det(I) =  1.97097e+07
  COM:     13.90554      13.89541       6.55833
  P:       -0.00027      -0.00058       0.00042
  V:       -0.00000      -0.00000       0.00000
  J:     -118.67593      73.67245      -0.00303
  w:       -0.03499       0.02170      -0.00874
Inertia tensor (3x3):
   Inertia tensor[    0]={ 6.99375e+01,  1.09375e+00,  4.90469e+01}
   Inertia tensor[    1]={ 1.09375e+00,  8.59375e+01,  1.64375e+01}
   Inertia tensor[    2]={ 4.90469e+01,  1.64375e+01,  3.31726e+03}
Group rest with mass  1.56797e+03, Ekrot  4.91204e+00 Det(I) =  1.89457e+07
  COM:     13.90554      13.89541       6.55833
  P:        0.00023       0.00007      -0.00002
  V:        0.00000       0.00000      -0.00000
  J:     -176.77306     -44.69873       0.00167
  w:       -0.05218      -0.01344      -0.00923
Inertia tensor (3x3):
   Inertia tensor[    0]={ 7.58750e+01,  1.71250e+01,  2.68438e+01}
   Inertia tensor[    1]={ 1.71250e+01,  7.93438e+01,  2.48438e+00}
   Inertia tensor[    2]={ 2.68438e+01,  2.48438e+00,  3.31784e+03}
Group rest with mass  1.56797e+03, Ekrot  3.35406e+00 Det(I) =  2.00221e+07
  COM:     13.90555      13.89541       6.55833
  P:        0.00036      -0.00007      -0.00012
  V:        0.00000      -0.00000      -0.00000
  J:      -89.07114     121.70709       0.00139
  w:       -0.02626       0.03590      -0.01161
Inertia tensor (3x3):
   Inertia tensor[    0]={ 7.61250e+01, -8.12500e+00,  1.98594e+01}
   Inertia tensor[    1]={-8.12500e+00,  8.02812e+01, -3.61094e+01}
   Inertia tensor[    2]={ 1.98594e+01, -3.61094e+01,  3.33169e+03}
Group rest with mass  1.56797e+03, Ekrot  3.73461e+00 Det(I) =  1.78219e+07
  COM:     13.90555      13.89541       6.55833
  P:        0.00027      -0.00007      -0.00051
  V:        0.00000      -0.00000      -0.00000
  J:      -13.66165     161.87201       0.00293
  w:       -0.00390       0.04581       0.00559
Inertia tensor (3x3):
   Inertia tensor[    0]={ 6.61875e+01, -6.09375e+00,  1.66250e+01}
   Inertia tensor[    1]={-6.09375e+00,  7.83750e+01,  1.89844e+01}
   Inertia tensor[    2]={ 1.66250e+01,  1.89844e+01,  3.46995e+03}
Group rest with mass  1.56797e+03, Ekrot  8.59797e+00 Det(I) =  1.90245e+07
  COM:     13.90555      13.89541       6.55833
  P:       -0.00011      -0.00031      -0.00038
  V:       -0.00000      -0.00000      -0.00000
  J:     -108.66595     220.87978       0.00107
  w:       -0.03059       0.06280       0.00266
Inertia tensor (3x3):
   Inertia tensor[    0]={ 7.88125e+01,  2.23750e+01,  1.98906e+01}
   Inertia tensor[    1]={ 2.23750e+01,  7.69062e+01,  1.62656e+01}
   Inertia tensor[    2]={ 1.98906e+01,  1.62656e+01,  3.42797e+03}
           Step           Time
          15000       30.00000

Group rest with mass  1.56797e+03, Ekrot  1.42175e+00 Det(I) =  2.06838e+07
  COM:     13.90555      13.89541       6.55833
  P:        0.00050       0.00071      -0.00132
  V:        0.00000       0.00000      -0.00000
  J:       48.70646      87.29604      -0.00064
  w:        0.01391       0.02481       0.00736
Inertia tensor (3x3):
   Inertia tensor[    0]={ 7.53750e+01, -7.25000e+00,  6.53906e+01}
   Inertia tensor[    1]={-7.25000e+00,  8.18438e+01,  9.98438e+00}
   Inertia tensor[    2]={ 6.53906e+01,  9.98438e+00,  3.44169e+03}
   Energies (kJ/mol)
          Angle    Proper Dih.  Improper Dih.          LJ-14     Coulomb-14
    5.58662e+03    5.40550e+02    4.64938e+01    2.72078e+02   -4.39047e+03
        LJ (SR)   Coulomb (SR)   COM Pull En.      Potential    Kinetic En.
   -6.92669e+01   -2.44955e+02    3.42458e+05    3.44199e+05    6.09519e+02
   Total Energy  Conserved En.    Temperature Pressure (bar)   Constr. rmsd
    3.44809e+05    3.46392e+05    3.14628e+02    5.97279e+00    3.20421e-03

Group rest with mass  1.56797e+03, Ekrot  1.14482e+01 Det(I) =  1.72056e+07
  COM:     13.90554      13.89541       6.55833
  P:        0.00010      -0.00002       0.00006
  V:        0.00000      -0.00000       0.00000
  J:       24.37561    -283.94226       0.00216
  w:        0.00726      -0.08001       0.00012
Inertia tensor (3x3):
   Inertia tensor[    0]={ 6.50312e+01, -1.87812e+01,  4.65625e+00}
   Inertia tensor[    1]={-1.87812e+01,  8.13438e+01,  2.34375e-01}
   Inertia tensor[    2]={ 4.65625e+00,  2.34375e-01,  3.48530e+03}
Group rest with mass  1.56797e+03, Ekrot  1.45762e+00 Det(I) =  2.11123e+07
  COM:     13.90554      13.89541       6.55833
  P:       -0.00043      -0.00028       0.00003
  V:       -0.00000      -0.00000       0.00000
  J:      -94.15733     -38.83181      -0.00111
  w:       -0.02646      -0.01091      -0.00502
Inertia tensor (3x3):
   Inertia tensor[    0]={ 8.68438e+01,  2.09375e+00,  1.60469e+01}
   Inertia tensor[    1]={ 2.09375e+00,  7.00312e+01,  3.31250e+01}
   Inertia tensor[    2]={ 1.60469e+01,  3.31250e+01,  3.49219e+03}
Group rest with mass  1.56797e+03, Ekrot  5.06391e+00 Det(I) =  1.97323e+07
  COM:     13.90555      13.89541       6.55833
  P:       -0.00087      -0.00022       0.00003
  V:       -0.00000      -0.00000       0.00000
  J:      111.63150    -154.65320      -0.00094
  w:        0.03110      -0.04304       0.00468
Inertia tensor (3x3):
   Inertia tensor[    0]={ 7.55000e+01,  8.93750e+00,  5.20625e+01}
   Inertia tensor[    1]={ 8.93750e+00,  7.63750e+01,  2.10625e+01}
   Inertia tensor[    2]={ 5.20625e+01,  2.10625e+01,  3.50891e+03}
Group rest with mass  1.56797e+03, Ekrot  2.96353e+00 Det(I) =  1.85629e+07
  COM:     13.90554      13.89541       6.55833
  P:       -0.00015      -0.00008       0.00036
  V:       -0.00000      -0.00000       0.00000
  J:       77.08121     123.11536      -0.00018
  w:        0.02167       0.03458       0.01581
Inertia tensor (3x3):
   Inertia tensor[    0]={ 7.61562e+01,  2.31875e+01,  1.32812e+01}
   Inertia tensor[    1]={ 2.31875e+01,  7.71562e+01,  6.17812e+01}
   Inertia tensor[    2]={ 1.32812e+01,  6.17812e+01,  3.52720e+03}
Group rest with mass  1.56797e+03, Ekrot  3.92724e+00 Det(I) =  1.94231e+07
  COM:     13.90554      13.89542       6.55832
  P:       -0.00034       0.00049      -0.00053
  V:       -0.00000       0.00000      -0.00000
  J:      129.16214     107.99019       0.00072
  w:        0.03587       0.02983       0.01238
Inertia tensor (3x3):
   Inertia tensor[    0]={ 8.42500e+01,  4.84375e+00,  3.44062e+01}
   Inertia tensor[    1]={ 4.84375e+00,  6.55625e+01,  2.07656e+01}
   Inertia tensor[    2]={ 3.44062e+01,  2.07656e+01,  3.55081e+03}
Group rest with mass  1.56797e+03, Ekrot  8.48301e+00 Det(I) =  1.89929e+07
  COM:     13.90554      13.89541       6.55832
  P:        0.00012      -0.00061       0.00041
  V:        0.00000      -0.00000       0.00000
  J:      231.03070     -94.15791      -0.00183
  w:        0.06303      -0.02553       0.01937
Inertia tensor (3x3):
   Inertia tensor[    0]={ 7.59688e+01,  4.90625e+00,  4.20625e+01}
   Inertia tensor[    1]={ 4.90625e+00,  7.01250e+01, -7.04688e+00}
   Inertia tensor[    2]={ 4.20625e+01, -7.04688e+00,  3.60603e+03}
Group rest with mass  1.56797e+03, Ekrot  7.86933e+00 Det(I) =  1.62528e+07
  COM:     13.90554      13.89541       6.55833
  P:        0.00053      -0.00027       0.00121
  V:        0.00000      -0.00000       0.00000
  J:      133.06424    -199.70164      -0.00027
  w:        0.03636      -0.05459       0.00023
Inertia tensor (3x3):
   Inertia tensor[    0]={ 6.68750e+01,  5.31250e-01, -5.00000e+00}
   Inertia tensor[    1]={ 5.31250e-01,  6.76875e+01, -3.90625e+00}
   Inertia tensor[    2]={-5.00000e+00, -3.90625e+00,  3.59133e+03}
           Step           Time
          20000       40.00000

   Energies (kJ/mol)
          Angle    Proper Dih.  Improper Dih.          LJ-14     Coulomb-14
    7.58763e+03    5.65823e+02    3.40403e+01    3.31834e+02   -4.45821e+03
        LJ (SR)   Coulomb (SR)   COM Pull En.      Potential    Kinetic En.
   -5.69519e+01   -1.11344e+02    6.50713e+05    6.54606e+05    5.65634e+02
   Total Energy  Conserved En.    Temperature Pressure (bar)   Constr. rmsd
    6.55171e+05    6.55827e+05    2.91975e+02   -3.90421e+00    5.48801e-03

Group rest with mass  1.56797e+03, Ekrot  4.35452e+00 Det(I) =  1.72452e+07
  COM:     13.90555      13.89541       6.55832
  P:       -0.00015       0.00016       0.00010
  V:       -0.00000       0.00000       0.00000
  J:      -96.42107    -150.96596       0.00144
  w:       -0.02615      -0.04099      -0.01522
Inertia tensor (3x3):
   Inertia tensor[    0]={ 6.39375e+01,  3.78125e+00,  2.70469e+01}
   Inertia tensor[    1]={ 3.78125e+00,  7.49688e+01,  3.43594e+01}
   Inertia tensor[    2]={ 2.70469e+01,  3.43594e+01,  3.63433e+03}
Group rest with mass  1.56797e+03, Ekrot  6.26332e+00 Det(I) =  1.78179e+07
  COM:     13.90554      13.89541       6.55832
  P:       -0.00039       0.00015      -0.00084
  V:       -0.00000       0.00000      -0.00000
  J:      113.08181    -183.18715       0.00080
  w:        0.03051      -0.04955       0.00839
Inertia tensor (3x3):
   Inertia tensor[    0]={ 6.97812e+01,  5.93750e+00,  4.96875e+00}
   Inertia tensor[    1]={ 5.93750e+00,  7.10312e+01, -2.07656e+01}
   Inertia tensor[    2]={ 4.96875e+00, -2.07656e+01,  3.62721e+03}


Received the INT signal, stopping within 100 steps

           Step           Time
          21600       43.20000

Writing checkpoint, step 21600 at Wed May 10 17:29:38 2023


   Energies (kJ/mol)
          Angle    Proper Dih.  Improper Dih.          LJ-14     Coulomb-14
    8.06930e+03    6.11456e+02    3.01248e+01    3.76484e+02   -4.47994e+03
        LJ (SR)   Coulomb (SR)   COM Pull En.      Potential    Kinetic En.
   -7.23283e+01   -2.23622e+02    7.70609e+05    7.74921e+05    5.25889e+02
   Total Energy  Conserved En.    Temperature Pressure (bar)   Constr. rmsd
    7.75446e+05    7.75781e+05    2.71459e+02   -8.79302e-01    6.07172e-03


	<======  ###############  ==>
	<====  A V E R A G E S  ====>
	<==  ###############  ======>

	Statistics over 21601 steps using 44 frames

   Energies (kJ/mol)
          Angle    Proper Dih.  Improper Dih.          LJ-14     Coulomb-14
    3.90232e+03    5.42348e+02    2.99838e+01    2.34078e+02   -4.21957e+03
        LJ (SR)   Coulomb (SR)   COM Pull En.      Potential    Kinetic En.
   -7.22143e+01   -3.58246e+02    2.36795e+05    2.36853e+05    5.91484e+02
   Total Energy  Conserved En.    Temperature Pressure (bar)   Constr. rmsd
    2.37445e+05    2.38997e+05    3.05318e+02    7.50404e-01    0.00000e+00

   Total Virial (kJ/mol)
    2.24677e+02    3.67374e-02    8.35873e+01
    2.79884e-02    1.65247e+02    1.85611e+02
    8.35874e+01    1.85615e+02   -1.03507e+02

   Pressure (bar)
   -1.93808e-01    4.69793e-03   -6.27841e-01
    4.76250e-03    3.20877e-01   -1.34746e+00
   -6.27842e-01   -1.34749e+00    2.12414e+00


	M E G A - F L O P S   A C C O U N T I N G

 NB=Group-cutoff nonbonded kernels    NxN=N-by-N cluster Verlet kernels
 RF=Reaction-Field  VdW=Van der Waals  QSTab=quadratic-spline table
 W3=SPC/TIP3p  W4=TIP4p (single or pairs)
 V&F=Potential and force  V=Potential only  F=Force only

 Computing:                               M-Number         M-Flops  % Flops
-----------------------------------------------------------------------------
 Pair Search distance check               1.225920          11.033     0.1
 NxN RF Elec. + LJ [F]                  328.408136       12479.509    64.6
 NxN RF Elec. + LJ [V&F]                  0.688424          37.175     0.2
 NxN RF Electrostatics [F]                3.167720          98.199     0.5
 NxN RF Electrostatics [V&F]              0.006008           0.216     0.0
 1,4 nonbonded interactions              12.982201        1168.398     6.0
 Shift-X                                  0.051212           0.307     0.0
 Angles                                   9.029218        1516.909     7.9
 Propers                                 12.744590        2918.511    15.1
 Impropers                                1.144853         238.129     1.2
 Virial                                   0.012645           0.228     0.0
 Stop-CM                                  0.010620           0.106     0.0
 Calc-Ekin                                1.019992          27.540     0.1
 Lincs                                    5.098308         305.898     1.6
 Lincs-Mat                              108.360648         433.443     2.2
 Constraint-V                            10.196144          81.569     0.4
 Constraint-Vir                           0.010620           0.255     0.0
-----------------------------------------------------------------------------
 Total                                                   19317.426   100.0
-----------------------------------------------------------------------------


     R E A L   C Y C L E   A N D   T I M E   A C C O U N T I N G

On 1 MPI rank, each using 2 OpenMP threads

 Computing:          Num   Num      Call    Wall time         Giga-Cycles
                     Ranks Threads  Count      (s)         total sum    %
-----------------------------------------------------------------------------
 Neighbor search        1    2        217       0.035          0.155   0.6
 Force                  1    2      21601       2.731         12.013  46.8
 NB X/F buffer ops.     1    2      42985       0.676          2.975  11.6
 COM pull force         1    2      21601       0.071          0.314   1.2
 Write traj.            1    2         45       0.046          0.204   0.8
 Update                 1    2      21601       0.391          1.721   6.7
 Constraints            1    2      21603       1.767          7.772  30.2
 Rest                                           0.123          0.541   2.1
-----------------------------------------------------------------------------
 Total                                          5.840         25.695 100.0
-----------------------------------------------------------------------------

               Core t (s)   Wall t (s)        (%)
       Time:       11.681        5.840      200.0
                 (ns/day)    (hour/ns)
Performance:      639.108        0.038
Finished mdrun on rank 0 Wed May 10 17:29:38 2023

