              :-) GROMACS - gmx mdrun, 2020.1-Ubuntu-2020.1-1 (-:

                            GROMACS is written by:
     Emile Apol      Rossen Apostolov      Paul Bauer     Herman J.C. Berendsen
    Par Bjelkmar      Christian Blau   Viacheslav Bolnykh     Kevin Boyd    
 Aldert van Buuren   Rudi van Drunen     Anton Feenstra       Alan Gray     
  Gerrit Groenhof     Anca Hamuraru    Vincent Hindriksen  M. Eric Irrgang  
  Aleksei Iupinov   Christoph Junghans     Joe Jordan     Dimitrios Karkoulis
    Peter Kasson        Jiri Kraus      Carsten Kutzner      Per Larsson    
  Justin A. Lemkul    Viveca Lindahl    Magnus Lundborg     Erik Marklund   
    Pascal Merz     Pieter Meulenhoff    Teemu Murtola       Szilard Pall   
    Sander Pronk      Roland Schulz      Michael Shirts    Alexey Shvetsov  
   Alfons Sijbers     Peter Tieleman      Jon Vincent      Teemu Virolainen 
 Christian Wennberg    Maarten Wolf      Artem Zhmurov   
                           and the project leaders:
        Mark Abraham, Berk Hess, Erik Lindahl, and David van der Spoel

Copyright (c) 1991-2000, University of Groningen, The Netherlands.
Copyright (c) 2001-2019, The GROMACS development team at
Uppsala University, Stockholm University and
the Royal Institute of Technology, Sweden.
check out http://www.gromacs.org for more information.

GROMACS is free software; you can redistribute it and/or modify it
under the terms of the GNU Lesser General Public License
as published by the Free Software Foundation; either version 2.1
of the License, or (at your option) any later version.

GROMACS:      gmx mdrun, version 2020.1-Ubuntu-2020.1-1
Executable:   /usr/bin/gmx
Data prefix:  /usr
Working dir:  /content
Process ID:   68513
Command line:
  gmx mdrun -s /content/sandrozzona-multiscala/tat_4_acqua/Steered/streered/smd/md_smd.tpr -v -deffnm /content/sandrozzona-multiscala/tat_4_acqua/Steered/streered/smd/ms_smd

GROMACS version:    2020.1-Ubuntu-2020.1-1
Precision:          single
Memory model:       64 bit
MPI library:        thread_mpi
OpenMP support:     enabled (GMX_OPENMP_MAX_THREADS = 64)
GPU support:        disabled
SIMD instructions:  SSE2
FFT library:        fftw-3.3.8-sse2-avx
RDTSCP usage:       disabled
TNG support:        enabled
Hwloc support:      hwloc-2.1.0
Tracing support:    disabled
C compiler:         /usr/bin/cc GNU 9.3.0
C compiler flags:   -msse2 -fexcess-precision=fast -funroll-all-loops
C++ compiler:       /usr/bin/c++ GNU 9.3.0
C++ compiler flags: -msse2 -fexcess-precision=fast -funroll-all-loops -fopenmp


Running on 1 node with total 1 cores, 2 logical cores
Hardware detected:
  CPU info:
    Vendor: Intel
    Brand:  Intel(R) Xeon(R) CPU @ 2.20GHz
    Family: 6   Model: 79   Stepping: 0
    Features: aes apic avx avx2 clfsh cmov cx8 cx16 f16c fma hle htt intel lahf mmx msr nonstop_tsc pcid pclmuldq pdpe1gb popcnt pse rdrnd rdtscp rtm sse2 sse3 sse4.1 sse4.2 ssse3 x2apic
  Hardware topology: Full, with devices
    Sockets, cores, and logical processors:
      Socket  0: [   0   1]
    Numa nodes:
      Node  0 (13616324608 bytes mem):   0   1
      Latency:
               0
         0  1.00
    Caches:
      L1: 32768 bytes, linesize 64 bytes, assoc. 8, shared 2 ways
      L2: 262144 bytes, linesize 64 bytes, assoc. 8, shared 2 ways
      L3: 57671680 bytes, linesize 64 bytes, assoc. 20, shared 2 ways
    PCI devices:
      0000:00:04.0  Id: 1af4:1000  Class: 0x0200  Numa: 0

Highest SIMD level requested by all nodes in run: AVX2_256
SIMD instructions selected at compile time:       SSE2
This program was compiled for different hardware than you are running on,
which could influence performance.
The current CPU can measure timings more accurately than the code in
gmx mdrun was configured to use. This might affect your simulation
speed as accurate timings are needed for load-balancing.
Please consider rebuilding gmx mdrun with the GMX_USE_RDTSCP=ON CMake option.

++++ PLEASE READ AND CITE THE FOLLOWING REFERENCE ++++
M. J. Abraham, T. Murtola, R. Schulz, S. Páll, J. C. Smith, B. Hess, E.
Lindahl
GROMACS: High performance molecular simulations through multi-level
parallelism from laptops to supercomputers
SoftwareX 1 (2015) pp. 19-25
-------- -------- --- Thank You --- -------- --------


++++ PLEASE READ AND CITE THE FOLLOWING REFERENCE ++++
S. Páll, M. J. Abraham, C. Kutzner, B. Hess, E. Lindahl
Tackling Exascale Software Challenges in Molecular Dynamics Simulations with
GROMACS
In S. Markidis & E. Laure (Eds.), Solving Software Challenges for Exascale 8759 (2015) pp. 3-27
-------- -------- --- Thank You --- -------- --------


++++ PLEASE READ AND CITE THE FOLLOWING REFERENCE ++++
S. Pronk, S. Páll, R. Schulz, P. Larsson, P. Bjelkmar, R. Apostolov, M. R.
Shirts, J. C. Smith, P. M. Kasson, D. van der Spoel, B. Hess, and E. Lindahl
GROMACS 4.5: a high-throughput and highly parallel open source molecular
simulation toolkit
Bioinformatics 29 (2013) pp. 845-54
-------- -------- --- Thank You --- -------- --------


++++ PLEASE READ AND CITE THE FOLLOWING REFERENCE ++++
B. Hess and C. Kutzner and D. van der Spoel and E. Lindahl
GROMACS 4: Algorithms for highly efficient, load-balanced, and scalable
molecular simulation
J. Chem. Theory Comput. 4 (2008) pp. 435-447
-------- -------- --- Thank You --- -------- --------


++++ PLEASE READ AND CITE THE FOLLOWING REFERENCE ++++
D. van der Spoel, E. Lindahl, B. Hess, G. Groenhof, A. E. Mark and H. J. C.
Berendsen
GROMACS: Fast, Flexible and Free
J. Comp. Chem. 26 (2005) pp. 1701-1719
-------- -------- --- Thank You --- -------- --------


++++ PLEASE READ AND CITE THE FOLLOWING REFERENCE ++++
E. Lindahl and B. Hess and D. van der Spoel
GROMACS 3.0: A package for molecular simulation and trajectory analysis
J. Mol. Mod. 7 (2001) pp. 306-317
-------- -------- --- Thank You --- -------- --------


++++ PLEASE READ AND CITE THE FOLLOWING REFERENCE ++++
H. J. C. Berendsen, D. van der Spoel and R. van Drunen
GROMACS: A message-passing parallel molecular dynamics implementation
Comp. Phys. Comm. 91 (1995) pp. 43-56
-------- -------- --- Thank You --- -------- --------

Input Parameters:
   integrator                     = md
   tinit                          = 0
   dt                             = 0.002
   nsteps                         = 500000
   init-step                      = 0
   simulation-part                = 1
   comm-mode                      = Angular
   nstcomm                        = 500
   bd-fric                        = 0
   ld-seed                        = 2112527930
   emtol                          = 10
   emstep                         = 0.01
   niter                          = 20
   fcstep                         = 0
   nstcgsteep                     = 1000
   nbfgscorr                      = 10
   rtpi                           = 0.05
   nstxout                        = 500
   nstvout                        = 500
   nstfout                        = 0
   nstlog                         = 5000
   nstcalcenergy                  = 500
   nstenergy                      = 500
   nstxout-compressed             = 0
   compressed-x-precision         = 1000
   cutoff-scheme                  = Verlet
   nstlist                        = 10
   pbc                            = xyz
   periodic-molecules             = false
   verlet-buffer-tolerance        = 0.005
   rlist                          = 1.059
   coulombtype                    = Cut-off
   coulomb-modifier               = Potential-shift
   rcoulomb-switch                = 0
   rcoulomb                       = 1
   epsilon-r                      = 1
   epsilon-rf                     = inf
   vdw-type                       = Cut-off
   vdw-modifier                   = Potential-shift
   rvdw-switch                    = 0
   rvdw                           = 1
   DispCorr                       = No
   table-extension                = 1
   fourierspacing                 = 0.12
   fourier-nx                     = 0
   fourier-ny                     = 0
   fourier-nz                     = 0
   pme-order                      = 4
   ewald-rtol                     = 1e-05
   ewald-rtol-lj                  = 0.001
   lj-pme-comb-rule               = Geometric
   ewald-geometry                 = 0
   epsilon-surface                = 0
   tcoupl                         = V-rescale
   nsttcouple                     = 10
   nh-chain-length                = 0
   print-nose-hoover-chain-variables = false
   pcoupl                         = No
   pcoupltype                     = Isotropic
   nstpcouple                     = -1
   tau-p                          = 1
   compressibility (3x3):
      compressibility[    0]={ 0.00000e+00,  0.00000e+00,  0.00000e+00}
      compressibility[    1]={ 0.00000e+00,  0.00000e+00,  0.00000e+00}
      compressibility[    2]={ 0.00000e+00,  0.00000e+00,  0.00000e+00}
   ref-p (3x3):
      ref-p[    0]={ 0.00000e+00,  0.00000e+00,  0.00000e+00}
      ref-p[    1]={ 0.00000e+00,  0.00000e+00,  0.00000e+00}
      ref-p[    2]={ 0.00000e+00,  0.00000e+00,  0.00000e+00}
   refcoord-scaling               = No
   posres-com (3):
      posres-com[0]= 0.00000e+00
      posres-com[1]= 0.00000e+00
      posres-com[2]= 0.00000e+00
   posres-comB (3):
      posres-comB[0]= 0.00000e+00
      posres-comB[1]= 0.00000e+00
      posres-comB[2]= 0.00000e+00
   QMMM                           = false
   QMconstraints                  = 0
   QMMMscheme                     = 0
   MMChargeScaleFactor            = 1
qm-opts:
   ngQM                           = 0
   constraint-algorithm           = Lincs
   continuation                   = false
   Shake-SOR                      = false
   shake-tol                      = 0.0001
   lincs-order                    = 4
   lincs-iter                     = 1
   lincs-warnangle                = 30
   nwall                          = 0
   wall-type                      = 9-3
   wall-r-linpot                  = -1
   wall-atomtype[0]               = -1
   wall-atomtype[1]               = -1
   wall-density[0]                = 0
   wall-density[1]                = 0
   wall-ewald-zfac                = 3
   pull                           = true
   pull-cylinder-r                = 1.5
   pull-constr-tol                = 1e-06
   pull-print-COM                 = false
   pull-print-ref-value           = false
   pull-print-components          = false
   pull-nstxout                   = 50
   pull-nstfout                   = 50
   pull-pbc-ref-prev-step-com     = false
   pull-xout-average              = false
   pull-fout-average              = false
   pull-ngroups                   = 3
   pull-group 0:
     atom: not available
     weight: not available
     pbcatom                        = -1
   pull-group 1:
     atom (23):
        atom[0,...,22] = {0,...,22}
     weight: not available
     pbcatom                        = 11
   pull-group 2:
     atom (25):
        atom[0,...,24] = {211,...,235}
     weight: not available
     pbcatom                        = 223
   pull-ncoords                   = 1
   pull-coord 0:
   type                           = umbrella
   geometry                       = distance
   group[0]                       = 1
   group[1]                       = 2
   dim (3):
      dim[0]=0
      dim[1]=0
      dim[2]=1
   origin (3):
      origin[0]= 0.00000e+00
      origin[1]= 0.00000e+00
      origin[2]= 0.00000e+00
   vec (3):
      vec[0]= 0.00000e+00
      vec[1]= 0.00000e+00
      vec[2]= 0.00000e+00
   start                          = true
   init                           = 0.971691
   rate                           = 0.01
   k                              = 1000
   kB                             = 1000
   awh                            = false
   rotation                       = false
   interactiveMD                  = false
   disre                          = No
   disre-weighting                = Conservative
   disre-mixed                    = false
   dr-fc                          = 1000
   dr-tau                         = 0
   nstdisreout                    = 100
   orire-fc                       = 0
   orire-tau                      = 0
   nstorireout                    = 100
   free-energy                    = no
   cos-acceleration               = 0
   deform (3x3):
      deform[    0]={ 0.00000e+00,  0.00000e+00,  0.00000e+00}
      deform[    1]={ 0.00000e+00,  0.00000e+00,  0.00000e+00}
      deform[    2]={ 0.00000e+00,  0.00000e+00,  0.00000e+00}
   simulated-tempering            = false
   swapcoords                     = no
   userint1                       = 0
   userint2                       = 0
   userint3                       = 0
   userint4                       = 0
   userreal1                      = 0
   userreal2                      = 0
   userreal3                      = 0
   userreal4                      = 0
   applied-forces:
     electric-field:
       x:
         E0                       = 0
         omega                    = 0
         t0                       = 0
         sigma                    = 0
       y:
         E0                       = 0
         omega                    = 0
         t0                       = 0
         sigma                    = 0
       z:
         E0                       = 0
         omega                    = 0
         t0                       = 0
         sigma                    = 0
     density-guided-simulation:
       active                     = false
       group                      = protein
       similarity-measure         = inner-product
       atom-spreading-weight      = unity
       force-constant             = 1e+09
       gaussian-transform-spreading-width = 0.2
       gaussian-transform-spreading-range-in-multiples-of-width = 4
       reference-density-filename = reference.mrc
       nst                        = 1
       normalize-densities        = true
       adaptive-force-scaling     = false
       adaptive-force-scaling-time-constant = 4
grpopts:
   nrdf:     3690.71      495.29
   ref-t:         300         300
   tau-t:         0.1         0.1
annealing:          No          No
annealing-npoints:           0           0
   acc:	           0           0           0
   nfreeze:           N           N           N
   energygrp-flags[  0]: 0

Changing nstlist from 10 to 40, rlist from 1.059 to 1.258


Using 1 MPI thread

Non-default thread affinity set, disabling internal thread affinity

Using 2 OpenMP threads 

System total charge: 0.000
Potential shift: LJ r^-12: -1.000e+00 r^-6: -1.000e+00, Coulomb -1e+00
Generated table with 1129 data points for 1-4 COUL.
Tabscale = 500 points/nm
Generated table with 1129 data points for 1-4 LJ6.
Tabscale = 500 points/nm
Generated table with 1129 data points for 1-4 LJ12.
Tabscale = 500 points/nm

Using SIMD 4x4 nonbonded short-range kernels

Using a dual 4x4 pair-list setup updated with dynamic pruning:
  outer list: updated every 40 steps, buffer 0.258 nm, rlist 1.258 nm
  inner list: updated every  4 steps, buffer 0.015 nm, rlist 1.015 nm
At tolerance 0.005 kJ/mol/ps per atom, equivalent classical 1x1 list would be:
  outer list: updated every 40 steps, buffer 0.303 nm, rlist 1.303 nm
  inner list: updated every  4 steps, buffer 0.018 nm, rlist 1.018 nm

Using Lorentz-Berthelot Lennard-Jones combination rule

Removing pbc first time

Will apply potential COM pulling
with 1 pull coordinate and 2 groups
Pull group 1:    23 atoms, mass   165.188
Pull group 2:    25 atoms, mass   173.204

Initializing LINear Constraint Solver

++++ PLEASE READ AND CITE THE FOLLOWING REFERENCE ++++
B. Hess and H. Bekker and H. J. C. Berendsen and J. G. E. M. Fraaije
LINCS: A Linear Constraint Solver for molecular simulations
J. Comp. Chem. 18 (1997) pp. 1463-1472
-------- -------- --- Thank You --- -------- --------

The number of constraints is 236

++++ PLEASE READ AND CITE THE FOLLOWING REFERENCE ++++
S. Miyamoto and P. A. Kollman
SETTLE: An Analytical Version of the SHAKE and RATTLE Algorithms for Rigid
Water Models
J. Comp. Chem. 13 (1992) pp. 952-962
-------- -------- --- Thank You --- -------- --------


++++ PLEASE READ AND CITE THE FOLLOWING REFERENCE ++++
G. Bussi, D. Donadio and M. Parrinello
Canonical sampling through velocity rescaling
J. Chem. Phys. 126 (2007) pp. 014101
-------- -------- --- Thank You --- -------- --------

There are: 2092 Atoms

Constraining the starting coordinates (step 0)

Constraining the coordinates at t0-dt (step 0)
Center of mass motion removal mode is Angular
We have the following groups for center of mass motion removal:
  0:  rest
Group rest with mass  1.29494e+04, Ekrot  1.38861e+00 Det(I) =  3.73993e+11
  COM:     13.87635      13.98625       6.53221
  P:      102.10931    -219.97066      86.93709
  V:        0.00789      -0.01699       0.00671
  J:      -23.15576     200.42920      -9.85840
  w:       -0.00146       0.01369      -0.00006
Inertia tensor (3x3):
   Inertia tensor[    0]={ 6.48075e+03,  5.97500e+01, -4.03625e+02}
   Inertia tensor[    1]={ 5.97500e+01,  7.14575e+03,  6.20125e+02}
   Inertia tensor[    2]={-4.03625e+02,  6.20125e+02,  8.15612e+03}
RMS relative constraint deviation after constraining: 1.74e-05
Initial temperature: 306.911 K

Started mdrun on rank 0 Tue May  9 21:32:47 2023

           Step           Time
              0        0.00000

   Energies (kJ/mol)
          Angle    Proper Dih.  Improper Dih.          LJ-14     Coulomb-14
    4.49918e+02    4.26453e+02    2.83288e+01    1.91827e+02   -3.84537e+03
        LJ (SR)   Coulomb (SR)   COM Pull En.      Potential    Kinetic En.
    3.38108e+03   -3.66584e+04    2.24136e-11   -3.60262e+04    5.34640e+03
   Total Energy  Conserved En.    Temperature Pressure (bar)   Constr. rmsd
   -3.06798e+04   -3.06798e+04    3.07226e+02   -4.90940e+00    3.97954e-05

           Step           Time
           5000       10.00000

   Energies (kJ/mol)
          Angle    Proper Dih.  Improper Dih.          LJ-14     Coulomb-14
    4.55896e+02    4.30453e+02    3.51281e+01    2.03755e+02   -3.74000e+03
        LJ (SR)   Coulomb (SR)   COM Pull En.      Potential    Kinetic En.
    3.77784e+03   -3.73393e+04    9.14279e+00   -3.61671e+04    5.10649e+03
   Total Energy  Conserved En.    Temperature Pressure (bar)   Constr. rmsd
   -3.10606e+04   -2.73192e+04    2.93440e+02    1.39118e+00    4.74720e-05

           Step           Time
          10000       20.00000

   Energies (kJ/mol)
          Angle    Proper Dih.  Improper Dih.          LJ-14     Coulomb-14
    5.20159e+02    4.36686e+02    2.90173e+01    1.77537e+02   -3.82086e+03
        LJ (SR)   Coulomb (SR)   COM Pull En.      Potential    Kinetic En.
    3.36466e+03   -3.65415e+04    2.70458e+01   -3.58073e+04    5.23071e+03
   Total Energy  Conserved En.    Temperature Pressure (bar)   Constr. rmsd
   -3.05766e+04   -2.38362e+04    3.00578e+02    7.03503e+00    4.58949e-05

           Step           Time
          15000       30.00000

   Energies (kJ/mol)
          Angle    Proper Dih.  Improper Dih.          LJ-14     Coulomb-14
    5.05110e+02    4.62065e+02    3.57799e+01    1.88639e+02   -3.76535e+03
        LJ (SR)   Coulomb (SR)   COM Pull En.      Potential    Kinetic En.
    3.68159e+03   -3.69561e+04    3.40591e+01   -3.58142e+04    5.27161e+03
   Total Energy  Conserved En.    Temperature Pressure (bar)   Constr. rmsd
   -3.05426e+04   -2.03924e+04    3.02928e+02   -5.79404e+00    5.21654e-05

           Step           Time
          20000       40.00000

   Energies (kJ/mol)
          Angle    Proper Dih.  Improper Dih.          LJ-14     Coulomb-14
    5.16593e+02    4.45975e+02    2.65559e+01    1.81291e+02   -3.76743e+03
        LJ (SR)   Coulomb (SR)   COM Pull En.      Potential    Kinetic En.
    3.49069e+03   -3.69083e+04    4.78055e+01   -3.59668e+04    5.41124e+03
   Total Energy  Conserved En.    Temperature Pressure (bar)   Constr. rmsd
   -3.05556e+04   -1.67284e+04    3.10952e+02   -7.63899e-01    6.44333e-05

           Step           Time
          25000       50.00000

   Energies (kJ/mol)
          Angle    Proper Dih.  Improper Dih.          LJ-14     Coulomb-14
    5.18939e+02    4.54763e+02    2.43844e+01    1.99023e+02   -3.72572e+03
        LJ (SR)   Coulomb (SR)   COM Pull En.      Potential    Kinetic En.
    3.89312e+03   -3.73553e+04    4.85989e+01   -3.59422e+04    5.33598e+03
   Total Energy  Conserved En.    Temperature Pressure (bar)   Constr. rmsd
   -3.06062e+04   -1.31547e+04    3.06627e+02    5.45180e+00    4.64617e-05

           Step           Time
          30000       60.00000

   Energies (kJ/mol)
          Angle    Proper Dih.  Improper Dih.          LJ-14     Coulomb-14
    5.14652e+02    4.35047e+02    4.79358e+01    1.94051e+02   -3.73444e+03
        LJ (SR)   Coulomb (SR)   COM Pull En.      Potential    Kinetic En.
    3.43082e+03   -3.69361e+04    4.14145e+01   -3.60066e+04    5.22976e+03
   Total Energy  Conserved En.    Temperature Pressure (bar)   Constr. rmsd
   -3.07769e+04   -9.53568e+03    3.00524e+02   -2.01875e+00    3.24496e-05

           Step           Time
          35000       70.00000

   Energies (kJ/mol)
          Angle    Proper Dih.  Improper Dih.          LJ-14     Coulomb-14
    4.42824e+02    4.71922e+02    2.81604e+01    2.06544e+02   -3.75107e+03
        LJ (SR)   Coulomb (SR)   COM Pull En.      Potential    Kinetic En.
    3.52460e+03   -3.69169e+04    5.03348e+01   -3.59436e+04    5.05910e+03
   Total Energy  Conserved En.    Temperature Pressure (bar)   Constr. rmsd
   -3.08845e+04   -6.23167e+03    2.90716e+02   -2.42459e+00    3.61209e-05

           Step           Time
          40000       80.00000

   Energies (kJ/mol)
          Angle    Proper Dih.  Improper Dih.          LJ-14     Coulomb-14
    4.55428e+02    4.56305e+02    2.94382e+01    1.97519e+02   -3.81535e+03
        LJ (SR)   Coulomb (SR)   COM Pull En.      Potential    Kinetic En.
    3.73479e+03   -3.71909e+04    5.87060e+01   -3.60741e+04    5.15065e+03
   Total Energy  Conserved En.    Temperature Pressure (bar)   Constr. rmsd
   -3.09234e+04   -2.58722e+03    2.95977e+02    2.68633e+00    4.26591e-05

           Step           Time
          45000       90.00000

   Energies (kJ/mol)
          Angle    Proper Dih.  Improper Dih.          LJ-14     Coulomb-14
    4.60198e+02    4.35856e+02    3.98116e+01    1.97442e+02   -3.76854e+03
        LJ (SR)   Coulomb (SR)   COM Pull En.      Potential    Kinetic En.
    3.53208e+03   -3.66271e+04    6.46773e+01   -3.56656e+04    5.23276e+03
   Total Energy  Conserved En.    Temperature Pressure (bar)   Constr. rmsd
   -3.04328e+04    7.92092e+02    3.00696e+02   -5.37777e+00    3.56557e-05

           Step           Time
          50000      100.00000

   Energies (kJ/mol)
          Angle    Proper Dih.  Improper Dih.          LJ-14     Coulomb-14
    5.31832e+02    4.38497e+02    4.13292e+01    1.76141e+02   -3.85173e+03
        LJ (SR)   Coulomb (SR)   COM Pull En.      Potential    Kinetic En.
    3.48967e+03   -3.68629e+04    6.80739e+01   -3.59691e+04    5.44482e+03
   Total Energy  Conserved En.    Temperature Pressure (bar)   Constr. rmsd
   -3.05243e+04    4.29646e+03    3.12881e+02    2.00459e+00    6.23693e-05

           Step           Time
          55000      110.00000

   Energies (kJ/mol)
          Angle    Proper Dih.  Improper Dih.          LJ-14     Coulomb-14
    4.44277e+02    4.78193e+02    3.18088e+01    1.97926e+02   -3.76656e+03
        LJ (SR)   Coulomb (SR)   COM Pull En.      Potential    Kinetic En.
    3.50844e+03   -3.70998e+04    9.28473e+01   -3.61129e+04    5.27016e+03
   Total Energy  Conserved En.    Temperature Pressure (bar)   Constr. rmsd
   -3.08427e+04    8.05093e+03    3.02845e+02   -1.10776e+01    3.19850e-05

           Step           Time
          60000      120.00000

   Energies (kJ/mol)
          Angle    Proper Dih.  Improper Dih.          LJ-14     Coulomb-14
    4.76238e+02    4.57355e+02    3.49002e+01    1.91107e+02   -3.76402e+03
        LJ (SR)   Coulomb (SR)   COM Pull En.      Potential    Kinetic En.
    3.40940e+03   -3.63310e+04    9.85769e+01   -3.54274e+04    4.98889e+03
   Total Energy  Conserved En.    Temperature Pressure (bar)   Constr. rmsd
   -3.04385e+04    1.13909e+04    2.86682e+02   -9.98838e+00    5.11233e-05

           Step           Time
          65000      130.00000

   Energies (kJ/mol)
          Angle    Proper Dih.  Improper Dih.          LJ-14     Coulomb-14
    5.28116e+02    4.98958e+02    3.04822e+01    1.90884e+02   -3.75832e+03
        LJ (SR)   Coulomb (SR)   COM Pull En.      Potential    Kinetic En.
    3.39896e+03   -3.66687e+04    8.16670e+01   -3.56980e+04    5.42389e+03
   Total Energy  Conserved En.    Temperature Pressure (bar)   Constr. rmsd
   -3.02741e+04    1.52148e+04    3.11679e+02   -5.68406e-01    4.71353e-05

           Step           Time
          70000      140.00000

   Energies (kJ/mol)
          Angle    Proper Dih.  Improper Dih.          LJ-14     Coulomb-14
    5.05630e+02    4.89096e+02    3.42391e+01    2.09722e+02   -3.79908e+03
        LJ (SR)   Coulomb (SR)   COM Pull En.      Potential    Kinetic En.
    3.48162e+03   -3.67600e+04    9.19757e+01   -3.57468e+04    5.20047e+03
   Total Energy  Conserved En.    Temperature Pressure (bar)   Constr. rmsd
   -3.05464e+04    1.87523e+04    2.98840e+02   -7.57361e+00    4.81909e-05

           Step           Time
          75000      150.00000

   Energies (kJ/mol)
          Angle    Proper Dih.  Improper Dih.          LJ-14     Coulomb-14
    5.16993e+02    4.72314e+02    2.61735e+01    1.86719e+02   -3.82788e+03
        LJ (SR)   Coulomb (SR)   COM Pull En.      Potential    Kinetic En.
    3.67241e+03   -3.70623e+04    7.79377e+01   -3.59376e+04    5.46835e+03
   Total Energy  Conserved En.    Temperature Pressure (bar)   Constr. rmsd
   -3.04693e+04    2.21621e+04    3.14234e+02    2.75616e+00    5.09218e-05

           Step           Time
          80000      160.00000

   Energies (kJ/mol)
          Angle    Proper Dih.  Improper Dih.          LJ-14     Coulomb-14
    4.56978e+02    4.81352e+02    3.07881e+01    1.80230e+02   -3.82173e+03
        LJ (SR)   Coulomb (SR)   COM Pull En.      Potential    Kinetic En.
    3.57580e+03   -3.70797e+04    9.61186e+01   -3.60802e+04    5.12399e+03
   Total Energy  Conserved En.    Temperature Pressure (bar)   Constr. rmsd
   -3.09562e+04    2.55741e+04    2.94446e+02   -3.55652e+00    5.50736e-05

           Step           Time
          85000      170.00000

   Energies (kJ/mol)
          Angle    Proper Dih.  Improper Dih.          LJ-14     Coulomb-14
    4.61108e+02    4.49247e+02    2.35452e+01    1.87953e+02   -3.79046e+03
        LJ (SR)   Coulomb (SR)   COM Pull En.      Potential    Kinetic En.
    3.55437e+03   -3.68771e+04    1.25293e+02   -3.58660e+04    5.11167e+03
   Total Energy  Conserved En.    Temperature Pressure (bar)   Constr. rmsd
   -3.07543e+04    2.90896e+04    2.93737e+02   -1.26953e+00    5.51010e-05

           Step           Time
          90000      180.00000

   Energies (kJ/mol)
          Angle    Proper Dih.  Improper Dih.          LJ-14     Coulomb-14
    5.27135e+02    4.67193e+02    4.70215e+01    2.04261e+02   -3.79462e+03
        LJ (SR)   Coulomb (SR)   COM Pull En.      Potential    Kinetic En.
    3.62099e+03   -3.68043e+04    1.62136e+02   -3.55702e+04    5.24305e+03
   Total Energy  Conserved En.    Temperature Pressure (bar)   Constr. rmsd
   -3.03272e+04    3.26190e+04    3.01287e+02    2.73832e+00    5.14138e-05

           Step           Time
          95000      190.00000

   Energies (kJ/mol)
          Angle    Proper Dih.  Improper Dih.          LJ-14     Coulomb-14
    4.41045e+02    4.62514e+02    1.96048e+01    1.80781e+02   -3.77676e+03
        LJ (SR)   Coulomb (SR)   COM Pull En.      Potential    Kinetic En.
    3.33784e+03   -3.67329e+04    1.98692e+02   -3.58692e+04    4.97474e+03
   Total Energy  Conserved En.    Temperature Pressure (bar)   Constr. rmsd
   -3.08945e+04    3.60359e+04    2.85869e+02   -1.02942e+01    4.92196e-05

           Step           Time
         100000      200.00000

   Energies (kJ/mol)
          Angle    Proper Dih.  Improper Dih.          LJ-14     Coulomb-14
    4.84090e+02    4.81481e+02    3.18923e+01    1.97451e+02   -3.82278e+03
        LJ (SR)   Coulomb (SR)   COM Pull En.      Potential    Kinetic En.
    3.33673e+03   -3.65504e+04    2.19110e+02   -3.56224e+04    5.23473e+03
   Total Energy  Conserved En.    Temperature Pressure (bar)   Constr. rmsd
   -3.03877e+04    3.95696e+04    3.00809e+02    2.75502e+00    5.27853e-05

           Step           Time
         105000      210.00000

   Energies (kJ/mol)
          Angle    Proper Dih.  Improper Dih.          LJ-14     Coulomb-14
    4.40998e+02    4.63754e+02    3.80468e+01    1.83934e+02   -3.76946e+03
        LJ (SR)   Coulomb (SR)   COM Pull En.      Potential    Kinetic En.
    3.46905e+03   -3.64386e+04    2.20691e+02   -3.53916e+04    5.23943e+03
   Total Energy  Conserved En.    Temperature Pressure (bar)   Constr. rmsd
   -3.01521e+04    4.30413e+04    3.01079e+02    4.43404e+00    4.96725e-05

           Step           Time
         110000      220.00000

   Energies (kJ/mol)
          Angle    Proper Dih.  Improper Dih.          LJ-14     Coulomb-14
    4.26399e+02    4.66242e+02    3.59010e+01    1.85016e+02   -3.78487e+03
        LJ (SR)   Coulomb (SR)   COM Pull En.      Potential    Kinetic En.
    3.93912e+03   -3.72523e+04    2.39495e+02   -3.57450e+04    5.28174e+03
   Total Energy  Conserved En.    Temperature Pressure (bar)   Constr. rmsd
   -3.04633e+04    4.65056e+04    3.03511e+02    5.43970e+00    5.49334e-05

           Step           Time
         115000      230.00000

   Energies (kJ/mol)
          Angle    Proper Dih.  Improper Dih.          LJ-14     Coulomb-14
    4.99165e+02    4.62066e+02    2.82533e+01    1.90790e+02   -3.76517e+03
        LJ (SR)   Coulomb (SR)   COM Pull En.      Potential    Kinetic En.
    3.56738e+03   -3.67091e+04    2.38873e+02   -3.54877e+04    5.24025e+03
   Total Energy  Conserved En.    Temperature Pressure (bar)   Constr. rmsd
   -3.02475e+04    4.99545e+04    3.01126e+02    1.12665e+01    5.30888e-05

           Step           Time
         120000      240.00000

   Energies (kJ/mol)
          Angle    Proper Dih.  Improper Dih.          LJ-14     Coulomb-14
    4.79079e+02    4.53072e+02    2.01328e+01    1.98189e+02   -3.84187e+03
        LJ (SR)   Coulomb (SR)   COM Pull En.      Potential    Kinetic En.
    3.43046e+03   -3.60910e+04    1.76150e+02   -3.51758e+04    5.26746e+03
   Total Energy  Conserved En.    Temperature Pressure (bar)   Constr. rmsd
   -2.99083e+04    5.34734e+04    3.02690e+02   -7.66382e-02    4.91429e-05

           Step           Time
         125000      250.00000

   Energies (kJ/mol)
          Angle    Proper Dih.  Improper Dih.          LJ-14     Coulomb-14
    5.17161e+02    4.60899e+02    2.05528e+01    1.81025e+02   -3.85845e+03
        LJ (SR)   Coulomb (SR)   COM Pull En.      Potential    Kinetic En.
    3.24127e+03   -3.66469e+04    2.26404e+02   -3.58581e+04    5.25879e+03
   Total Energy  Conserved En.    Temperature Pressure (bar)   Constr. rmsd
   -3.05993e+04    5.69228e+04    3.02192e+02    3.20212e+00    5.58526e-05

           Step           Time
         130000      260.00000

   Energies (kJ/mol)
          Angle    Proper Dih.  Improper Dih.          LJ-14     Coulomb-14
    5.27927e+02    4.78040e+02    3.35156e+01    1.90054e+02   -3.75258e+03
        LJ (SR)   Coulomb (SR)   COM Pull En.      Potential    Kinetic En.
    3.34981e+03   -3.64735e+04    2.02848e+02   -3.54439e+04    5.15057e+03
   Total Energy  Conserved En.    Temperature Pressure (bar)   Constr. rmsd
   -3.02933e+04    6.06157e+04    2.95973e+02   -1.22271e+00    5.07081e-05

           Step           Time
         135000      270.00000

   Energies (kJ/mol)
          Angle    Proper Dih.  Improper Dih.          LJ-14     Coulomb-14
    4.63223e+02    4.98032e+02    3.69977e+01    1.74499e+02   -3.78499e+03
        LJ (SR)   Coulomb (SR)   COM Pull En.      Potential    Kinetic En.
    3.65701e+03   -3.70650e+04    2.79299e+02   -3.57409e+04    5.31169e+03
   Total Energy  Conserved En.    Temperature Pressure (bar)   Constr. rmsd
   -3.04292e+04    6.43061e+04    3.05231e+02   -3.31852e+00    6.24019e-05

           Step           Time
         140000      280.00000

   Energies (kJ/mol)
          Angle    Proper Dih.  Improper Dih.          LJ-14     Coulomb-14
    5.60134e+02    4.61595e+02    2.88590e+01    1.77498e+02   -3.78919e+03
        LJ (SR)   Coulomb (SR)   COM Pull En.      Potential    Kinetic En.
    3.57596e+03   -3.66469e+04    2.79656e+02   -3.53524e+04    5.53727e+03
   Total Energy  Conserved En.    Temperature Pressure (bar)   Constr. rmsd
   -2.98152e+04    6.78009e+04    3.18194e+02    1.11345e-01    5.51419e-05

           Step           Time
         145000      290.00000

   Energies (kJ/mol)
          Angle    Proper Dih.  Improper Dih.          LJ-14     Coulomb-14
    4.76894e+02    4.84893e+02    3.59172e+01    1.91046e+02   -3.82968e+03
        LJ (SR)   Coulomb (SR)   COM Pull En.      Potential    Kinetic En.
    3.44360e+03   -3.65933e+04    2.41416e+02   -3.55493e+04    5.12269e+03
   Total Energy  Conserved En.    Temperature Pressure (bar)   Constr. rmsd
   -3.04266e+04    7.13591e+04    2.94371e+02    1.07932e+01    4.61998e-05

           Step           Time
         150000      300.00000

   Energies (kJ/mol)
          Angle    Proper Dih.  Improper Dih.          LJ-14     Coulomb-14
    5.11069e+02    4.57217e+02    3.47795e+01    1.87560e+02   -3.85322e+03
        LJ (SR)   Coulomb (SR)   COM Pull En.      Potential    Kinetic En.
    3.57288e+03   -3.70287e+04    2.66971e+02   -3.58514e+04    5.17238e+03
   Total Energy  Conserved En.    Temperature Pressure (bar)   Constr. rmsd
   -3.06791e+04    7.49197e+04    2.97226e+02    3.54282e+00    4.57516e-05

           Step           Time
         155000      310.00000

   Energies (kJ/mol)
          Angle    Proper Dih.  Improper Dih.          LJ-14     Coulomb-14
    5.41362e+02    4.59502e+02    2.86794e+01    1.79818e+02   -3.77358e+03
        LJ (SR)   Coulomb (SR)   COM Pull En.      Potential    Kinetic En.
    3.70182e+03   -3.72837e+04    3.22296e+02   -3.58238e+04    5.22002e+03
   Total Energy  Conserved En.    Temperature Pressure (bar)   Constr. rmsd
   -3.06038e+04    7.84077e+04    2.99964e+02    5.81590e+00    5.95854e-05

           Step           Time
         160000      320.00000

   Energies (kJ/mol)
          Angle    Proper Dih.  Improper Dih.          LJ-14     Coulomb-14
    5.03169e+02    4.65807e+02    4.30048e+01    1.73400e+02   -3.83530e+03
        LJ (SR)   Coulomb (SR)   COM Pull En.      Potential    Kinetic En.
    3.65090e+03   -3.69217e+04    3.20078e+02   -3.56006e+04    5.22809e+03
   Total Energy  Conserved En.    Temperature Pressure (bar)   Constr. rmsd
   -3.03725e+04    8.18313e+04    3.00427e+02    9.19794e+00    6.20543e-05

           Step           Time
         165000      330.00000

   Energies (kJ/mol)
          Angle    Proper Dih.  Improper Dih.          LJ-14     Coulomb-14
    5.21947e+02    4.69411e+02    3.35395e+01    1.67516e+02   -3.83997e+03
        LJ (SR)   Coulomb (SR)   COM Pull En.      Potential    Kinetic En.
    3.53178e+03   -3.66497e+04    3.11629e+02   -3.54539e+04    5.35068e+03
   Total Energy  Conserved En.    Temperature Pressure (bar)   Constr. rmsd
   -3.01032e+04    8.56589e+04    3.07472e+02   -3.45025e+00    5.78322e-05

           Step           Time
         170000      340.00000

   Energies (kJ/mol)
          Angle    Proper Dih.  Improper Dih.          LJ-14     Coulomb-14
    4.61235e+02    4.56907e+02    3.54703e+01    1.89076e+02   -3.82475e+03
        LJ (SR)   Coulomb (SR)   COM Pull En.      Potential    Kinetic En.
    3.45963e+03   -3.67176e+04    3.55802e+02   -3.55843e+04    5.17268e+03
   Total Energy  Conserved En.    Temperature Pressure (bar)   Constr. rmsd
   -3.04116e+04    8.92099e+04    2.97243e+02    1.75024e+00    4.17462e-05

           Step           Time
         175000      350.00000

   Energies (kJ/mol)
          Angle    Proper Dih.  Improper Dih.          LJ-14     Coulomb-14
    5.33561e+02    4.55675e+02    2.93323e+01    1.83813e+02   -3.86553e+03
        LJ (SR)   Coulomb (SR)   COM Pull En.      Potential    Kinetic En.
    3.74041e+03   -3.73086e+04    3.40656e+02   -3.58906e+04    5.02868e+03
   Total Energy  Conserved En.    Temperature Pressure (bar)   Constr. rmsd
   -3.08620e+04    9.28342e+04    2.88969e+02    2.65546e+00    5.41005e-05

           Step           Time
         180000      360.00000

   Energies (kJ/mol)
          Angle    Proper Dih.  Improper Dih.          LJ-14     Coulomb-14
    5.41417e+02    4.45534e+02    3.06397e+01    1.68466e+02   -3.82067e+03
        LJ (SR)   Coulomb (SR)   COM Pull En.      Potential    Kinetic En.
    3.89848e+03   -3.70971e+04    3.58546e+02   -3.54746e+04    5.38126e+03
   Total Energy  Conserved En.    Temperature Pressure (bar)   Constr. rmsd
   -3.00934e+04    9.63016e+04    3.09229e+02    8.29304e-01    7.62698e-05

           Step           Time
         185000      370.00000

   Energies (kJ/mol)
          Angle    Proper Dih.  Improper Dih.          LJ-14     Coulomb-14
    5.43521e+02    4.33056e+02    3.48151e+01    1.81384e+02   -3.84543e+03
        LJ (SR)   Coulomb (SR)   COM Pull En.      Potential    Kinetic En.
    3.51809e+03   -3.68166e+04    4.10603e+02   -3.55405e+04    5.42243e+03
   Total Energy  Conserved En.    Temperature Pressure (bar)   Constr. rmsd
   -3.01181e+04    9.98258e+04    3.11595e+02    5.93497e+00    5.76785e-05

           Step           Time
         190000      380.00000

   Energies (kJ/mol)
          Angle    Proper Dih.  Improper Dih.          LJ-14     Coulomb-14
    4.49742e+02    4.48058e+02    1.75494e+01    1.78690e+02   -3.84481e+03
        LJ (SR)   Coulomb (SR)   COM Pull En.      Potential    Kinetic En.
    3.74139e+03   -3.70218e+04    4.01517e+02   -3.56297e+04    5.01700e+03
   Total Energy  Conserved En.    Temperature Pressure (bar)   Constr. rmsd
   -3.06127e+04    1.03286e+05    2.88297e+02   -9.14503e+00    5.66920e-05

           Step           Time
         195000      390.00000

   Energies (kJ/mol)
          Angle    Proper Dih.  Improper Dih.          LJ-14     Coulomb-14
    6.04089e+02    4.58196e+02    5.14647e+01    1.84839e+02   -3.90867e+03
        LJ (SR)   Coulomb (SR)   COM Pull En.      Potential    Kinetic En.
    3.59963e+03   -3.65957e+04    4.35713e+02   -3.51705e+04    5.32595e+03
   Total Energy  Conserved En.    Temperature Pressure (bar)   Constr. rmsd
   -2.98445e+04    1.06892e+05    3.06051e+02    7.59214e+00    7.82134e-05

           Step           Time
         200000      400.00000

   Energies (kJ/mol)
          Angle    Proper Dih.  Improper Dih.          LJ-14     Coulomb-14
    5.25666e+02    4.50517e+02    3.07402e+01    1.76616e+02   -3.82934e+03
        LJ (SR)   Coulomb (SR)   COM Pull En.      Potential    Kinetic En.
    3.69931e+03   -3.70724e+04    4.84841e+02   -3.55340e+04    5.40686e+03
   Total Energy  Conserved En.    Temperature Pressure (bar)   Constr. rmsd
   -3.01271e+04    1.10473e+05    3.10700e+02   -3.02069e+00    7.34946e-05

           Step           Time
         205000      410.00000

   Energies (kJ/mol)
          Angle    Proper Dih.  Improper Dih.          LJ-14     Coulomb-14
    5.29160e+02    4.64609e+02    3.34700e+01    2.07940e+02   -3.84881e+03
        LJ (SR)   Coulomb (SR)   COM Pull En.      Potential    Kinetic En.
    3.87652e+03   -3.73096e+04    5.82046e+02   -3.54646e+04    5.38376e+03
   Total Energy  Conserved En.    Temperature Pressure (bar)   Constr. rmsd
   -3.00809e+04    1.14127e+05    3.09373e+02    1.22966e+01    5.75784e-05

           Step           Time
         210000      420.00000

   Energies (kJ/mol)
          Angle    Proper Dih.  Improper Dih.          LJ-14     Coulomb-14
    5.10479e+02    4.47534e+02    2.71558e+01    1.81926e+02   -3.85411e+03
        LJ (SR)   Coulomb (SR)   COM Pull En.      Potential    Kinetic En.
    3.63559e+03   -3.68520e+04    6.85710e+02   -3.52177e+04    5.31682e+03
   Total Energy  Conserved En.    Temperature Pressure (bar)   Constr. rmsd
   -2.99009e+04    1.17635e+05    3.05526e+02   -7.36736e-01    7.18759e-05

           Step           Time
         215000      430.00000

   Energies (kJ/mol)
          Angle    Proper Dih.  Improper Dih.          LJ-14     Coulomb-14
    5.53686e+02    4.04477e+02    2.89198e+01    1.66215e+02   -3.84998e+03
        LJ (SR)   Coulomb (SR)   COM Pull En.      Potential    Kinetic En.
    3.47388e+03   -3.64889e+04    7.94952e+02   -3.49168e+04    5.18013e+03
   Total Energy  Conserved En.    Temperature Pressure (bar)   Constr. rmsd
   -2.97366e+04    1.21206e+05    2.97672e+02   -1.12481e+01    8.13705e-05

           Step           Time
         220000      440.00000

   Energies (kJ/mol)
          Angle    Proper Dih.  Improper Dih.          LJ-14     Coulomb-14
    5.63185e+02    4.57885e+02    2.67026e+01    1.86036e+02   -3.90880e+03
        LJ (SR)   Coulomb (SR)   COM Pull En.      Potential    Kinetic En.
    3.54894e+03   -3.67433e+04    8.46870e+02   -3.50224e+04    5.41983e+03
   Total Energy  Conserved En.    Temperature Pressure (bar)   Constr. rmsd
   -2.96026e+04    1.24800e+05    3.11445e+02    8.25098e-01    8.42837e-05

           Step           Time
         225000      450.00000

   Energies (kJ/mol)
          Angle    Proper Dih.  Improper Dih.          LJ-14     Coulomb-14
    5.67617e+02    4.53727e+02    3.14710e+01    2.00258e+02   -3.87217e+03
        LJ (SR)   Coulomb (SR)   COM Pull En.      Potential    Kinetic En.
    3.74268e+03   -3.68503e+04    9.75158e+02   -3.47515e+04    5.32375e+03
   Total Energy  Conserved En.    Temperature Pressure (bar)   Constr. rmsd
   -2.94278e+04    1.28376e+05    3.05925e+02    4.32717e+00    7.94191e-05

           Step           Time
         230000      460.00000

   Energies (kJ/mol)
          Angle    Proper Dih.  Improper Dih.          LJ-14     Coulomb-14
    6.74665e+02    4.51511e+02    2.91234e+01    1.78808e+02   -3.87033e+03
        LJ (SR)   Coulomb (SR)   COM Pull En.      Potential    Kinetic En.
    3.63148e+03   -3.65152e+04    1.08126e+03   -3.43387e+04    5.37345e+03
   Total Energy  Conserved En.    Temperature Pressure (bar)   Constr. rmsd
   -2.89652e+04    1.32158e+05    3.08780e+02    5.83173e+00    9.38200e-05

           Step           Time
         235000      470.00000

   Energies (kJ/mol)
          Angle    Proper Dih.  Improper Dih.          LJ-14     Coulomb-14
    5.34008e+02    4.34812e+02    2.32777e+01    1.70249e+02   -3.83632e+03
        LJ (SR)   Coulomb (SR)   COM Pull En.      Potential    Kinetic En.
    3.73626e+03   -3.70682e+04    1.19833e+03   -3.48076e+04    5.19644e+03
   Total Energy  Conserved En.    Temperature Pressure (bar)   Constr. rmsd
   -2.96111e+04    1.35704e+05    2.98608e+02   -7.48946e+00    7.59358e-05

           Step           Time
         240000      480.00000

   Energies (kJ/mol)
          Angle    Proper Dih.  Improper Dih.          LJ-14     Coulomb-14
    6.11882e+02    4.53479e+02    2.20333e+01    1.78689e+02   -3.94584e+03
        LJ (SR)   Coulomb (SR)   COM Pull En.      Potential    Kinetic En.
    3.71113e+03   -3.71186e+04    1.31217e+03   -3.47750e+04    5.18056e+03
   Total Energy  Conserved En.    Temperature Pressure (bar)   Constr. rmsd
   -2.95945e+04    1.39162e+05    2.97696e+02    1.02539e+01    9.43325e-05

           Step           Time
         245000      490.00000

   Energies (kJ/mol)
          Angle    Proper Dih.  Improper Dih.          LJ-14     Coulomb-14
    6.31276e+02    4.66947e+02    6.04679e+01    1.72902e+02   -3.90177e+03
        LJ (SR)   Coulomb (SR)   COM Pull En.      Potential    Kinetic En.
    3.66001e+03   -3.68089e+04    1.50539e+03   -3.42137e+04    5.24847e+03
   Total Energy  Conserved En.    Temperature Pressure (bar)   Constr. rmsd
   -2.89652e+04    1.43020e+05    3.01598e+02   -1.92047e+00    9.82597e-05

           Step           Time
         250000      500.00000

   Energies (kJ/mol)
          Angle    Proper Dih.  Improper Dih.          LJ-14     Coulomb-14
    6.54875e+02    5.00762e+02    4.83348e+01    1.90371e+02   -3.92442e+03
        LJ (SR)   Coulomb (SR)   COM Pull En.      Potential    Kinetic En.
    3.81856e+03   -3.69352e+04    1.67263e+03   -3.39741e+04    5.18115e+03
   Total Energy  Conserved En.    Temperature Pressure (bar)   Constr. rmsd
   -2.87930e+04    1.46672e+05    2.97730e+02    7.82557e+00    8.63404e-05

           Step           Time
         255000      510.00000

   Energies (kJ/mol)
          Angle    Proper Dih.  Improper Dih.          LJ-14     Coulomb-14
    6.61480e+02    4.50355e+02    4.22156e+01    1.81945e+02   -3.93626e+03
        LJ (SR)   Coulomb (SR)   COM Pull En.      Potential    Kinetic En.
    3.59136e+03   -3.64706e+04    1.83680e+03   -3.36427e+04    5.13931e+03
   Total Energy  Conserved En.    Temperature Pressure (bar)   Constr. rmsd
   -2.85034e+04    1.50413e+05    2.95326e+02    7.04105e+00    9.38195e-05

           Step           Time
         260000      520.00000

   Energies (kJ/mol)
          Angle    Proper Dih.  Improper Dih.          LJ-14     Coulomb-14
    7.09019e+02    4.39561e+02    2.45396e+01    1.74333e+02   -3.95394e+03
        LJ (SR)   Coulomb (SR)   COM Pull En.      Potential    Kinetic En.
    3.24025e+03   -3.59681e+04    2.05115e+03   -3.32832e+04    5.23873e+03
   Total Energy  Conserved En.    Temperature Pressure (bar)   Constr. rmsd
   -2.80445e+04    1.54046e+05    3.01039e+02   -1.25030e+01    9.09356e-05

           Step           Time
         265000      530.00000

   Energies (kJ/mol)
          Angle    Proper Dih.  Improper Dih.          LJ-14     Coulomb-14
    6.53577e+02    4.54934e+02    4.01704e+01    1.67399e+02   -3.92139e+03
        LJ (SR)   Coulomb (SR)   COM Pull En.      Potential    Kinetic En.
    3.29794e+03   -3.65079e+04    2.20801e+03   -3.36072e+04    4.80294e+03
   Total Energy  Conserved En.    Temperature Pressure (bar)   Constr. rmsd
   -2.88043e+04    1.57820e+05    2.75997e+02   -7.09220e+00    1.08399e-04

           Step           Time
         270000      540.00000

   Energies (kJ/mol)
          Angle    Proper Dih.  Improper Dih.          LJ-14     Coulomb-14
    6.20541e+02    4.85522e+02    3.60215e+01    1.71192e+02   -3.89391e+03
        LJ (SR)   Coulomb (SR)   COM Pull En.      Potential    Kinetic En.
    3.72001e+03   -3.68038e+04    2.42284e+03   -3.32416e+04    5.18777e+03
   Total Energy  Conserved En.    Temperature Pressure (bar)   Constr. rmsd
   -2.80539e+04    1.61439e+05    2.98110e+02   -7.40776e+00    1.07631e-04

Group rest with mass  1.29494e+04, Ekrot  1.09836e+00 Det(I) =  1.10022e+12
  COM:     13.88978      13.95619       6.52077
  P:       -4.66182      -7.42485      -2.61814
  V:       -0.00036      -0.00057      -0.00020
  J:      157.74391     142.47870      -4.73841
  w:        0.00733       0.00729      -0.00053
Inertia tensor (3x3):
   Inertia tensor[    0]={ 8.65500e+03,  1.32375e+03, -2.07875e+02}
   Inertia tensor[    1]={ 1.32375e+03,  1.05902e+04, -5.50500e+02}
   Inertia tensor[    2]={-2.07875e+02, -5.50500e+02,  1.22682e+04}
           Step           Time
         275000      550.00000

   Energies (kJ/mol)
          Angle    Proper Dih.  Improper Dih.          LJ-14     Coulomb-14
    6.95358e+02    4.60773e+02    4.42312e+01    1.86137e+02   -3.95879e+03
        LJ (SR)   Coulomb (SR)   COM Pull En.      Potential    Kinetic En.
    3.29080e+03   -3.60300e+04    2.59239e+03   -3.27191e+04    5.44301e+03
   Total Energy  Conserved En.    Temperature Pressure (bar)   Constr. rmsd
   -2.72761e+04    1.65123e+05    3.12777e+02    1.99405e+00    1.09650e-04

           Step           Time
         280000      560.00000

   Energies (kJ/mol)
          Angle    Proper Dih.  Improper Dih.          LJ-14     Coulomb-14
    7.29446e+02    5.08401e+02    3.14975e+01    1.68455e+02   -3.95835e+03
        LJ (SR)   Coulomb (SR)   COM Pull En.      Potential    Kinetic En.
    3.80988e+03   -3.66891e+04    2.80696e+03   -3.25928e+04    5.20079e+03
   Total Energy  Conserved En.    Temperature Pressure (bar)   Constr. rmsd
   -2.73920e+04    1.68844e+05    2.98859e+02    7.49104e+00    1.24976e-04

           Step           Time
         285000      570.00000

   Energies (kJ/mol)
          Angle    Proper Dih.  Improper Dih.          LJ-14     Coulomb-14
    7.39983e+02    4.58816e+02    3.56151e+01    1.69861e+02   -3.99022e+03
        LJ (SR)   Coulomb (SR)   COM Pull En.      Potential    Kinetic En.
    3.43699e+03   -3.63439e+04    2.96381e+03   -3.25290e+04    5.09303e+03
   Total Energy  Conserved En.    Temperature Pressure (bar)   Constr. rmsd
   -2.74360e+04    1.72715e+05    2.92666e+02    8.32344e+00    1.39811e-04

           Step           Time
         290000      580.00000

   Energies (kJ/mol)
          Angle    Proper Dih.  Improper Dih.          LJ-14     Coulomb-14
    7.79046e+02    4.68182e+02    3.53636e+01    1.77696e+02   -3.94185e+03
        LJ (SR)   Coulomb (SR)   COM Pull En.      Potential    Kinetic En.
    3.76265e+03   -3.71378e+04    3.20679e+03   -3.26499e+04    5.20149e+03
   Total Energy  Conserved En.    Temperature Pressure (bar)   Constr. rmsd
   -2.74484e+04    1.76469e+05    2.98899e+02    5.43547e+00    1.21282e-04

           Step           Time
         295000      590.00000

   Energies (kJ/mol)
          Angle    Proper Dih.  Improper Dih.          LJ-14     Coulomb-14
    7.95309e+02    4.67371e+02    3.61548e+01    1.58681e+02   -3.95349e+03
        LJ (SR)   Coulomb (SR)   COM Pull En.      Potential    Kinetic En.
    3.65705e+03   -3.66888e+04    3.43586e+03   -3.20919e+04    5.23091e+03
   Total Energy  Conserved En.    Temperature Pressure (bar)   Constr. rmsd
   -2.68610e+04    1.80286e+05    3.00589e+02    7.40670e-01    1.57602e-04

           Step           Time
         300000      600.00000

   Energies (kJ/mol)
          Angle    Proper Dih.  Improper Dih.          LJ-14     Coulomb-14
    8.14148e+02    4.71848e+02    3.21773e+01    1.65911e+02   -3.96429e+03
        LJ (SR)   Coulomb (SR)   COM Pull En.      Potential    Kinetic En.
    3.59921e+03   -3.70039e+04    3.67704e+03   -3.22078e+04    5.13619e+03
   Total Energy  Conserved En.    Temperature Pressure (bar)   Constr. rmsd
   -2.70716e+04    1.84090e+05    2.95147e+02   -6.47967e+00    1.39272e-04

           Step           Time
         305000      610.00000

   Energies (kJ/mol)
          Angle    Proper Dih.  Improper Dih.          LJ-14     Coulomb-14
    8.39805e+02    4.80332e+02    2.77434e+01    1.46050e+02   -3.98655e+03
        LJ (SR)   Coulomb (SR)   COM Pull En.      Potential    Kinetic En.
    3.69634e+03   -3.69688e+04    3.94521e+03   -3.18198e+04    5.19575e+03
   Total Energy  Conserved En.    Temperature Pressure (bar)   Constr. rmsd
   -2.66241e+04    1.87606e+05    2.98569e+02    3.80209e+00    1.72097e-04

           Step           Time
         310000      620.00000

   Energies (kJ/mol)
          Angle    Proper Dih.  Improper Dih.          LJ-14     Coulomb-14
    7.40675e+02    4.94911e+02    2.97445e+01    1.83199e+02   -3.95131e+03
        LJ (SR)   Coulomb (SR)   COM Pull En.      Potential    Kinetic En.
    3.82092e+03   -3.68066e+04    4.16314e+03   -3.13253e+04    5.09793e+03
   Total Energy  Conserved En.    Temperature Pressure (bar)   Constr. rmsd
   -2.62274e+04    1.91322e+05    2.92948e+02    1.55354e-02    1.28638e-04

           Step           Time
         315000      630.00000

   Energies (kJ/mol)
          Angle    Proper Dih.  Improper Dih.          LJ-14     Coulomb-14
    7.46701e+02    4.82689e+02    4.74952e+01    1.75749e+02   -3.98715e+03
        LJ (SR)   Coulomb (SR)   COM Pull En.      Potential    Kinetic En.
    3.75056e+03   -3.68594e+04    4.48764e+03   -3.11558e+04    5.20136e+03
   Total Energy  Conserved En.    Temperature Pressure (bar)   Constr. rmsd
   -2.59544e+04    1.95163e+05    2.98892e+02    1.22944e+00    1.50188e-04

           Step           Time
         320000      640.00000

   Energies (kJ/mol)
          Angle    Proper Dih.  Improper Dih.          LJ-14     Coulomb-14
    9.14941e+02    4.80102e+02    4.08996e+01    1.79694e+02   -3.97283e+03
        LJ (SR)   Coulomb (SR)   COM Pull En.      Potential    Kinetic En.
    3.41995e+03   -3.63872e+04    4.66445e+03   -3.06600e+04    5.22305e+03
   Total Energy  Conserved En.    Temperature Pressure (bar)   Constr. rmsd
   -2.54370e+04    1.98832e+05    3.00138e+02   -3.82855e+00    1.77619e-04

Writing checkpoint, step 323640 at Tue May  9 21:47:47 2023


           Step           Time
         325000      650.00000

   Energies (kJ/mol)
          Angle    Proper Dih.  Improper Dih.          LJ-14     Coulomb-14
    8.82347e+02    4.71997e+02    3.20908e+01    1.66644e+02   -4.03742e+03
        LJ (SR)   Coulomb (SR)   COM Pull En.      Potential    Kinetic En.
    3.72300e+03   -3.64998e+04    5.01843e+03   -3.02428e+04    5.25515e+03
   Total Energy  Conserved En.    Temperature Pressure (bar)   Constr. rmsd
   -2.49876e+04    2.02527e+05    3.01983e+02   -9.77896e+00    1.81492e-04

Group rest with mass  1.29494e+04, Ekrot  1.85651e+00 Det(I) =  1.16118e+12
  COM:     13.87485      13.96800       6.50224
  P:        0.56418      -3.23112      -1.37839
  V:        0.00004      -0.00025      -0.00011
  J:     -269.92511     -76.75163       2.32319
  w:       -0.01248      -0.00450      -0.00084
Inertia tensor (3x3):
   Inertia tensor[    0]={ 1.03045e+04,  2.43350e+03,  1.24350e+03}
   Inertia tensor[    1]={ 2.43350e+03,  8.93250e+03,  6.43750e+02}
   Inertia tensor[    2]={ 1.24350e+03,  6.43750e+02,  1.36475e+04}
           Step           Time
         330000      660.00000

   Energies (kJ/mol)
          Angle    Proper Dih.  Improper Dih.          LJ-14     Coulomb-14
    8.48703e+02    4.73071e+02    5.25156e+01    1.81296e+02   -3.92987e+03
        LJ (SR)   Coulomb (SR)   COM Pull En.      Potential    Kinetic En.
    3.80256e+03   -3.67781e+04    5.33504e+03   -3.00148e+04    5.21998e+03
   Total Energy  Conserved En.    Temperature Pressure (bar)   Constr. rmsd
   -2.47948e+04    2.06270e+05    2.99961e+02    5.41601e+00    1.60248e-04

           Step           Time
         335000      670.00000

   Energies (kJ/mol)
          Angle    Proper Dih.  Improper Dih.          LJ-14     Coulomb-14
    9.15021e+02    4.56746e+02    4.87557e+01    1.67541e+02   -4.00136e+03
        LJ (SR)   Coulomb (SR)   COM Pull En.      Potential    Kinetic En.
    3.76692e+03   -3.70602e+04    5.56897e+03   -3.01376e+04    5.26179e+03
   Total Energy  Conserved En.    Temperature Pressure (bar)   Constr. rmsd
   -2.48758e+04    2.10027e+05    3.02364e+02   -1.01907e+01    1.95429e-04

           Step           Time
         340000      680.00000

   Energies (kJ/mol)
          Angle    Proper Dih.  Improper Dih.          LJ-14     Coulomb-14
    9.22188e+02    4.71867e+02    3.71582e+01    1.75260e+02   -4.01993e+03
        LJ (SR)   Coulomb (SR)   COM Pull En.      Potential    Kinetic En.
    3.64684e+03   -3.64397e+04    5.90951e+03   -2.92969e+04    5.27751e+03
   Total Energy  Conserved En.    Temperature Pressure (bar)   Constr. rmsd
   -2.40193e+04    2.14045e+05    3.03267e+02   -7.83955e+00    1.97440e-04

           Step           Time
         345000      690.00000

   Energies (kJ/mol)
          Angle    Proper Dih.  Improper Dih.          LJ-14     Coulomb-14
    8.59005e+02    4.86815e+02    3.55219e+01    1.87833e+02   -4.03011e+03
        LJ (SR)   Coulomb (SR)   COM Pull En.      Potential    Kinetic En.
    3.57758e+03   -3.64978e+04    6.29434e+03   -2.90868e+04    5.38108e+03
   Total Energy  Conserved En.    Temperature Pressure (bar)   Constr. rmsd
   -2.37057e+04    2.17897e+05    3.09219e+02    9.61164e+00    1.70582e-04

           Step           Time
         350000      700.00000

   Energies (kJ/mol)
          Angle    Proper Dih.  Improper Dih.          LJ-14     Coulomb-14
    9.25820e+02    4.78353e+02    3.39095e+01    1.75234e+02   -3.99585e+03
        LJ (SR)   Coulomb (SR)   COM Pull En.      Potential    Kinetic En.
    3.58082e+03   -3.65457e+04    6.60118e+03   -2.87462e+04    5.55868e+03
   Total Energy  Conserved En.    Temperature Pressure (bar)   Constr. rmsd
   -2.31876e+04    2.21600e+05    3.19424e+02    2.71238e+00    2.18708e-04

           Step           Time
         355000      710.00000

   Energies (kJ/mol)
          Angle    Proper Dih.  Improper Dih.          LJ-14     Coulomb-14
    9.50146e+02    4.94014e+02    3.16920e+01    1.63620e+02   -3.99376e+03
        LJ (SR)   Coulomb (SR)   COM Pull En.      Potential    Kinetic En.
    3.60595e+03   -3.64293e+04    6.98611e+03   -2.81915e+04    5.13587e+03
   Total Energy  Conserved En.    Temperature Pressure (bar)   Constr. rmsd
   -2.30556e+04    2.25250e+05    2.95128e+02   -5.12366e+00    2.17783e-04

           Step           Time
         360000      720.00000

   Energies (kJ/mol)
          Angle    Proper Dih.  Improper Dih.          LJ-14     Coulomb-14
    9.70989e+02    4.75869e+02    3.03676e+01    1.71701e+02   -4.05887e+03
        LJ (SR)   Coulomb (SR)   COM Pull En.      Potential    Kinetic En.
    3.77694e+03   -3.65337e+04    7.33179e+03   -2.78349e+04    5.13143e+03
   Total Energy  Conserved En.    Temperature Pressure (bar)   Constr. rmsd
   -2.27035e+04    2.29115e+05    2.94873e+02    1.16532e+01    2.02361e-04

           Step           Time
         365000      730.00000

   Energies (kJ/mol)
          Angle    Proper Dih.  Improper Dih.          LJ-14     Coulomb-14
    9.95486e+02    4.92795e+02    3.19290e+01    1.71369e+02   -4.05649e+03
        LJ (SR)   Coulomb (SR)   COM Pull En.      Potential    Kinetic En.
    3.57850e+03   -3.64911e+04    7.63513e+03   -2.76424e+04    5.26530e+03
   Total Energy  Conserved En.    Temperature Pressure (bar)   Constr. rmsd
   -2.23771e+04    2.33084e+05    3.02566e+02   -2.07724e+00    2.26152e-04

           Step           Time
         370000      740.00000

   Energies (kJ/mol)
          Angle    Proper Dih.  Improper Dih.          LJ-14     Coulomb-14
    9.82666e+02    5.06950e+02    2.93475e+01    1.70090e+02   -4.04129e+03
        LJ (SR)   Coulomb (SR)   COM Pull En.      Potential    Kinetic En.
    3.87985e+03   -3.69030e+04    8.10429e+03   -2.72711e+04    5.23230e+03
   Total Energy  Conserved En.    Temperature Pressure (bar)   Constr. rmsd
   -2.20388e+04    2.36793e+05    3.00669e+02    4.40727e+00    2.09384e-04

Group rest with mass  1.29494e+04, Ekrot  1.45662e+00 Det(I) =  1.27016e+12
  COM:     13.86232      13.98227       6.51450
  P:       -4.22617      -5.25414       6.20520
  V:       -0.00033      -0.00041       0.00048
  J:     -230.70598    -106.23823      -2.71570
  w:       -0.01059      -0.00444       0.00064
Inertia tensor (3x3):
   Inertia tensor[    0]={ 1.16785e+04,  8.25250e+02, -8.27875e+02}
   Inertia tensor[    1]={ 8.25250e+02,  7.77125e+03, -1.45350e+03}
   Inertia tensor[    2]={-8.27875e+02, -1.45350e+03,  1.44121e+04}
           Step           Time
         375000      750.00000

   Energies (kJ/mol)
          Angle    Proper Dih.  Improper Dih.          LJ-14     Coulomb-14
    1.07171e+03    4.83751e+02    2.59620e+01    1.70631e+02   -4.06527e+03
        LJ (SR)   Coulomb (SR)   COM Pull En.      Potential    Kinetic En.
    3.43330e+03   -3.64543e+04    8.45679e+03   -2.68774e+04    5.34996e+03
   Total Energy  Conserved En.    Temperature Pressure (bar)   Constr. rmsd
   -2.15274e+04    2.40577e+05    3.07431e+02    5.93214e+00    2.15401e-04

           Step           Time
         380000      760.00000

   Energies (kJ/mol)
          Angle    Proper Dih.  Improper Dih.          LJ-14     Coulomb-14
    1.07221e+03    4.80328e+02    2.61724e+01    1.96771e+02   -3.99364e+03
        LJ (SR)   Coulomb (SR)   COM Pull En.      Potential    Kinetic En.
    3.61514e+03   -3.62745e+04    8.82163e+03   -2.60559e+04    5.09237e+03
   Total Energy  Conserved En.    Temperature Pressure (bar)   Constr. rmsd
   -2.09635e+04    2.44607e+05    2.92629e+02   -1.98859e+00    2.18312e-04

           Step           Time
         385000      770.00000

   Energies (kJ/mol)
          Angle    Proper Dih.  Improper Dih.          LJ-14     Coulomb-14
    9.71527e+02    4.57720e+02    3.57123e+01    1.84420e+02   -3.97914e+03
        LJ (SR)   Coulomb (SR)   COM Pull En.      Potential    Kinetic En.
    3.66226e+03   -3.68561e+04    9.35724e+03   -2.61663e+04    5.35325e+03
   Total Energy  Conserved En.    Temperature Pressure (bar)   Constr. rmsd
   -2.08131e+04    2.48494e+05    3.07620e+02    4.07475e+00    1.96069e-04

           Step           Time
         390000      780.00000

   Energies (kJ/mol)
          Angle    Proper Dih.  Improper Dih.          LJ-14     Coulomb-14
    1.09031e+03    4.85140e+02    3.31368e+01    1.73435e+02   -4.04981e+03
        LJ (SR)   Coulomb (SR)   COM Pull En.      Potential    Kinetic En.
    3.72830e+03   -3.68529e+04    9.63018e+03   -2.57622e+04    5.24359e+03
   Total Energy  Conserved En.    Temperature Pressure (bar)   Constr. rmsd
   -2.05186e+04    2.52490e+05    3.01318e+02    1.92612e+00    2.39649e-04

           Step           Time
         395000      790.00000

   Energies (kJ/mol)
          Angle    Proper Dih.  Improper Dih.          LJ-14     Coulomb-14
    1.02995e+03    4.75523e+02    4.95361e+01    1.89141e+02   -4.03505e+03
        LJ (SR)   Coulomb (SR)   COM Pull En.      Potential    Kinetic En.
    3.66684e+03   -3.68285e+04    1.00866e+04   -2.53660e+04    5.17878e+03
   Total Energy  Conserved En.    Temperature Pressure (bar)   Constr. rmsd
   -2.01872e+04    2.56261e+05    2.97594e+02    7.18818e+00    2.23694e-04

           Step           Time
         400000      800.00000

   Energies (kJ/mol)
          Angle    Proper Dih.  Improper Dih.          LJ-14     Coulomb-14
    1.10335e+03    4.81247e+02    2.92710e+01    1.64634e+02   -4.05046e+03
        LJ (SR)   Coulomb (SR)   COM Pull En.      Potential    Kinetic En.
    3.68146e+03   -3.63683e+04    1.05499e+04   -2.44090e+04    5.16597e+03
   Total Energy  Conserved En.    Temperature Pressure (bar)   Constr. rmsd
   -1.92430e+04    2.60191e+05    2.96858e+02   -6.81643e+00    2.66003e-04

Group rest with mass  1.29494e+04, Ekrot  1.09761e+00 Det(I) =  1.63738e+12
  COM:     13.86133      13.95658       6.51412
  P:       -1.89390      -6.24847      -3.86204
  V:       -0.00015      -0.00048      -0.00030
  J:      216.54758      57.37449      -4.27069
  w:        0.00930       0.00314      -0.00037
Inertia tensor (3x3):
   Inertia tensor[    0]={ 1.20065e+04,  2.48100e+03, -5.17000e+02}
   Inertia tensor[    1]={ 2.48100e+03,  1.06028e+04,  2.30375e+02}
   Inertia tensor[    2]={-5.17000e+02,  2.30375e+02,  1.35492e+04}
           Step           Time
         405000      810.00000

   Energies (kJ/mol)
          Angle    Proper Dih.  Improper Dih.          LJ-14     Coulomb-14
    9.79953e+02    4.93545e+02    3.89254e+01    1.72837e+02   -4.06911e+03
        LJ (SR)   Coulomb (SR)   COM Pull En.      Potential    Kinetic En.
    3.66628e+03   -3.65017e+04    1.10845e+04   -2.41348e+04    5.05440e+03
   Total Energy  Conserved En.    Temperature Pressure (bar)   Constr. rmsd
   -1.90804e+04    2.64185e+05    2.90447e+02   -2.36952e+00    2.25350e-04

           Step           Time
         410000      820.00000

   Energies (kJ/mol)
          Angle    Proper Dih.  Improper Dih.          LJ-14     Coulomb-14
    1.05717e+03    4.96547e+02    3.71360e+01    1.87722e+02   -4.05269e+03
        LJ (SR)   Coulomb (SR)   COM Pull En.      Potential    Kinetic En.
    3.58739e+03   -3.63752e+04    1.15266e+04   -2.35353e+04    5.26586e+03
   Total Energy  Conserved En.    Temperature Pressure (bar)   Constr. rmsd
   -1.82695e+04    2.68041e+05    3.02598e+02    2.99083e+00    2.26185e-04

           Step           Time
         415000      830.00000

   Energies (kJ/mol)
          Angle    Proper Dih.  Improper Dih.          LJ-14     Coulomb-14
    1.06928e+03    4.85278e+02    2.38741e+01    1.82392e+02   -4.05955e+03
        LJ (SR)   Coulomb (SR)   COM Pull En.      Potential    Kinetic En.
    3.88567e+03   -3.70866e+04    1.19667e+04   -2.35329e+04    5.09373e+03
   Total Energy  Conserved En.    Temperature Pressure (bar)   Constr. rmsd
   -1.84392e+04    2.71781e+05    2.92707e+02   -5.42123e-02    2.41798e-04

           Step           Time
         420000      840.00000

   Energies (kJ/mol)
          Angle    Proper Dih.  Improper Dih.          LJ-14     Coulomb-14
    1.13410e+03    5.05389e+02    3.71727e+01    1.58063e+02   -4.07831e+03
        LJ (SR)   Coulomb (SR)   COM Pull En.      Potential    Kinetic En.
    3.76771e+03   -3.66894e+04    1.23895e+04   -2.27758e+04    5.19712e+03
   Total Energy  Conserved En.    Temperature Pressure (bar)   Constr. rmsd
   -1.75787e+04    2.75647e+05    2.98648e+02   -5.93282e+00    2.70507e-04

           Step           Time
         425000      850.00000

   Energies (kJ/mol)
          Angle    Proper Dih.  Improper Dih.          LJ-14     Coulomb-14
    1.23126e+03    5.13403e+02    3.65034e+01    1.80312e+02   -4.09776e+03
        LJ (SR)   Coulomb (SR)   COM Pull En.      Potential    Kinetic En.
    3.99682e+03   -3.67977e+04    1.28004e+04   -2.21367e+04    5.05875e+03
   Total Energy  Conserved En.    Temperature Pressure (bar)   Constr. rmsd
   -1.70780e+04    2.79422e+05    2.90696e+02    1.03724e+01    3.01025e-04

           Step           Time
         430000      860.00000

Group rest with mass  1.29494e+04, Ekrot  1.02694e+00 Det(I) =  1.35140e+12
  COM:     13.88877      13.95762       6.51337
  P:        1.35537      -2.80516      -4.80854
  V:        0.00010      -0.00022      -0.00037
  J:      164.00882     151.88618       0.79946
  w:        0.00663       0.00636       0.00047
Inertia tensor (3x3):
   Inertia tensor[    0]={ 9.36900e+03, -2.90500e+02,  1.59125e+03}
   Inertia tensor[    1]={-2.90500e+02,  1.03785e+04, -3.25875e+02}
   Inertia tensor[    2]={ 1.59125e+03, -3.25875e+02,  1.41879e+04}
   Energies (kJ/mol)
          Angle    Proper Dih.  Improper Dih.          LJ-14     Coulomb-14
    1.11821e+03    4.95151e+02    3.76238e+01    1.80902e+02   -4.00699e+03
        LJ (SR)   Coulomb (SR)   COM Pull En.      Potential    Kinetic En.
    3.58870e+03   -3.62879e+04    1.33693e+04   -2.15050e+04    5.19084e+03
   Total Energy  Conserved En.    Temperature Pressure (bar)   Constr. rmsd
   -1.63142e+04    2.83386e+05    2.98287e+02   -9.61181e+00    2.63389e-04

Group rest with mass  1.29494e+04, Ekrot  1.34749e+00 Det(I) =  1.27913e+12
  COM:     13.88923      13.95834       6.51275
  P:       -4.32658       0.97842       3.58887
  V:       -0.00033       0.00008       0.00028
  J:     -160.52623    -200.01517      -5.74054
  w:       -0.00634      -0.00837      -0.00060
Inertia tensor (3x3):
   Inertia tensor[    0]={ 8.89400e+03, -5.61500e+02,  1.76612e+03}
   Inertia tensor[    1]={-5.61500e+02,  1.01888e+04, -6.47250e+02}
   Inertia tensor[    2]={ 1.76612e+03, -6.47250e+02,  1.45438e+04}
Group rest with mass  1.29494e+04, Ekrot  1.11196e+00 Det(I) =  1.28911e+12
  COM:     13.88898      13.95848       6.51230
  P:       -8.86240      -2.35603     -11.05504
  V:       -0.00068      -0.00018      -0.00085
  J:     -182.09239    -146.98175      -5.25620
  w:       -0.00729      -0.00607      -0.00077
Inertia tensor (3x3):
   Inertia tensor[    0]={ 8.95850e+03, -5.04750e+02,  1.80312e+03}
   Inertia tensor[    1]={-5.04750e+02,  1.01705e+04, -5.91500e+02}
   Inertia tensor[    2]={ 1.80312e+03, -5.91500e+02,  1.45748e+04}
Group rest with mass  1.29494e+04, Ekrot  1.11876e+00 Det(I) =  1.46129e+12
  COM:     13.88817      13.93380       6.51218
  P:        2.17467      -0.99863      -3.36171
  V:        0.00017      -0.00008      -0.00026
  J:      141.63391     164.65714      -1.49841
  w:        0.00632       0.00816       0.00078
Inertia tensor (3x3):
   Inertia tensor[    0]={ 8.97925e+03,  3.88500e+03,  1.52600e+03}
   Inertia tensor[    1]={ 3.88500e+03,  1.32628e+04,  1.11912e+03}
   Inertia tensor[    2]={ 1.52600e+03,  1.11912e+03,  1.43289e+04}
           Step           Time
         435000      870.00000

   Energies (kJ/mol)
          Angle    Proper Dih.  Improper Dih.          LJ-14     Coulomb-14
    1.16218e+03    5.14513e+02    3.63449e+01    1.92671e+02   -4.08761e+03
        LJ (SR)   Coulomb (SR)   COM Pull En.      Potential    Kinetic En.
    3.59830e+03   -3.64767e+04    1.38725e+04   -2.11877e+04    5.22308e+03
   Total Energy  Conserved En.    Temperature Pressure (bar)   Constr. rmsd
   -1.59647e+04    2.87297e+05    3.00140e+02    3.35852e+00    2.81049e-04

           Step           Time
         440000      880.00000

   Energies (kJ/mol)
          Angle    Proper Dih.  Improper Dih.          LJ-14     Coulomb-14
    1.22978e+03    4.73807e+02    2.82942e+01    1.81908e+02   -4.09454e+03
        LJ (SR)   Coulomb (SR)   COM Pull En.      Potential    Kinetic En.
    3.43044e+03   -3.62640e+04    1.43074e+04   -2.07069e+04    5.18172e+03
   Total Energy  Conserved En.    Temperature Pressure (bar)   Constr. rmsd
   -1.55252e+04    2.91199e+05    2.97763e+02   -2.40581e+00    2.85926e-04

Group rest with mass  1.29494e+04, Ekrot  1.16231e+00 Det(I) =  1.14636e+12
  COM:     13.87549      13.97284       6.49373
  P:       -5.00975      -2.68794      -5.59446
  V:       -0.00039      -0.00021      -0.00043
  J:      -21.09562     232.75989      -1.67699
  w:       -0.00093       0.00990       0.00014
Inertia tensor (3x3):
   Inertia tensor[    0]={ 9.17500e+03, -6.15000e+01,  1.40462e+03}
   Inertia tensor[    1]={-6.15000e+01,  8.86925e+03,  5.63500e+02}
   Inertia tensor[    2]={ 1.40462e+03,  5.63500e+02,  1.43400e+04}
           Step           Time
         445000      890.00000

   Energies (kJ/mol)
          Angle    Proper Dih.  Improper Dih.          LJ-14     Coulomb-14
    1.20439e+03    4.85304e+02    3.70656e+01    1.80790e+02   -4.11069e+03
        LJ (SR)   Coulomb (SR)   COM Pull En.      Potential    Kinetic En.
    3.63684e+03   -3.65159e+04    1.48968e+04   -2.01853e+04    5.19921e+03
   Total Energy  Conserved En.    Temperature Pressure (bar)   Constr. rmsd
   -1.49861e+04    2.95149e+05    2.98768e+02   -2.56187e+00    2.88738e-04

Group rest with mass  1.29494e+04, Ekrot  1.34382e+00 Det(I) =  1.16666e+12
  COM:     13.87603      13.97238       6.49381
  P:        0.38057      -2.58463       7.11693
  V:        0.00003      -0.00020       0.00055
  J:     -146.07773     203.49765       0.37690
  w:       -0.00636       0.00864      -0.00013
Inertia tensor (3x3):
   Inertia tensor[    0]={ 9.36950e+03, -1.04250e+02,  1.34612e+03}
   Inertia tensor[    1]={-1.04250e+02,  8.89850e+03,  6.79250e+02}
   Inertia tensor[    2]={ 1.34612e+03,  6.79250e+02,  1.42424e+04}
           Step           Time
         450000      900.00000

   Energies (kJ/mol)
          Angle    Proper Dih.  Improper Dih.          LJ-14     Coulomb-14
    1.27264e+03    4.92080e+02    3.43481e+01    1.88216e+02   -4.10683e+03
        LJ (SR)   Coulomb (SR)   COM Pull En.      Potential    Kinetic En.
    3.80289e+03   -3.68666e+04    1.53648e+04   -1.98185e+04    5.29451e+03
   Total Energy  Conserved En.    Temperature Pressure (bar)   Constr. rmsd
   -1.45240e+04    2.99213e+05    3.04244e+02    1.07266e+01    3.04916e-04

Group rest with mass  1.29494e+04, Ekrot  1.43644e+00 Det(I) =  1.15287e+12
  COM:     13.87622      13.97231       6.49426
  P:        4.41799       4.61619      -0.39224
  V:        0.00034       0.00036      -0.00003
  J:      258.92462      -4.22103      -0.81119
  w:        0.01109      -0.00032       0.00099
Inertia tensor (3x3):
   Inertia tensor[    0]={ 9.14125e+03, -3.81750e+02,  1.70950e+03}
   Inertia tensor[    1]={-3.81750e+02,  8.91125e+03,  8.49750e+02}
   Inertia tensor[    2]={ 1.70950e+03,  8.49750e+02,  1.45931e+04}
Group rest with mass  1.29494e+04, Ekrot  1.43255e+00 Det(I) =  1.15445e+12
  COM:     13.87596      13.97267       6.49419
  P:       -7.66762      10.81489      -6.22277
  V:       -0.00059       0.00084      -0.00048
  J:      208.30115    -151.99088      -8.14371
  w:        0.00897      -0.00655       0.00007
Inertia tensor (3x3):
   Inertia tensor[    0]={ 9.13375e+03, -3.87500e+02,  1.66838e+03}
   Inertia tensor[    1]={-3.87500e+02,  8.93150e+03,  8.38625e+02}
   Inertia tensor[    2]={ 1.66838e+03,  8.38625e+02,  1.45751e+04}
           Step           Time
         455000      910.00000

   Energies (kJ/mol)
          Angle    Proper Dih.  Improper Dih.          LJ-14     Coulomb-14
    1.26583e+03    4.80380e+02    2.24741e+01    1.67578e+02   -4.07531e+03
        LJ (SR)   Coulomb (SR)   COM Pull En.      Potential    Kinetic En.
    3.55416e+03   -3.63519e+04    1.59851e+04   -1.89518e+04    5.20635e+03
   Total Energy  Conserved En.    Temperature Pressure (bar)   Constr. rmsd
   -1.37454e+04    3.03185e+05    2.99178e+02    5.99262e-01    3.26751e-04

Group rest with mass  1.29494e+04, Ekrot  1.18261e+00 Det(I) =  1.18650e+12
  COM:     13.87649      13.97177       6.49360
  P:        1.36499      -8.20626      -6.67195
  V:        0.00011      -0.00063      -0.00052
  J:      109.74893     209.93527      -1.07800
  w:        0.00455       0.00889       0.00067
Inertia tensor (3x3):
   Inertia tensor[    0]={ 9.05425e+03, -3.22000e+02,  1.51650e+03}
   Inertia tensor[    1]={-3.22000e+02,  9.29025e+03,  7.23000e+02}
   Inertia tensor[    2]={ 1.51650e+03,  7.23000e+02,  1.44419e+04}
Group rest with mass  1.29494e+04, Ekrot  1.39337e+00 Det(I) =  1.19582e+12
  COM:     13.87640      13.97128       6.49352
  P:       -6.39914       0.83022      -1.80817
  V:       -0.00049       0.00006      -0.00014
  J:      -72.40553    -245.33821      -1.47012
  w:       -0.00296      -0.01048      -0.00077
Inertia tensor (3x3):
   Inertia tensor[    0]={ 8.92600e+03, -2.60500e+02,  1.72038e+03}
   Inertia tensor[    1]={-2.60500e+02,  9.53150e+03,  7.28875e+02}
   Inertia tensor[    2]={ 1.72038e+03,  7.28875e+02,  1.44621e+04}
           Step           Time
         460000      920.00000

   Energies (kJ/mol)
          Angle    Proper Dih.  Improper Dih.          LJ-14     Coulomb-14
    1.37298e+03    4.83983e+02    3.78219e+01    1.68193e+02   -4.11183e+03
        LJ (SR)   Coulomb (SR)   COM Pull En.      Potential    Kinetic En.
    3.60357e+03   -3.60872e+04    1.64140e+04   -1.81185e+04    5.39955e+03
   Total Energy  Conserved En.    Temperature Pressure (bar)   Constr. rmsd
   -1.27189e+04    3.07074e+05    3.10280e+02    3.97518e+00    3.66276e-04

Group rest with mass  1.29494e+04, Ekrot  3.04235e+00 Det(I) =  1.22084e+12
  COM:     13.87597      13.97157       6.49358
  P:       -2.51166      -3.05499       1.10105
  V:       -0.00019      -0.00024       0.00009
  J:     -101.44695     364.13712       4.71177
  w:       -0.00427       0.01551       0.00054
Inertia tensor (3x3):
   Inertia tensor[    0]={ 9.13550e+03, -9.35000e+01,  1.54438e+03}
   Inertia tensor[    1]={-9.35000e+01,  9.50300e+03,  7.71625e+02}
   Inertia tensor[    2]={ 1.54438e+03,  7.71625e+02,  1.43904e+04}
Group rest with mass  1.29494e+04, Ekrot  1.06443e+00 Det(I) =  1.21524e+12
  COM:     13.87640      13.97182       6.49394
  P:       13.77048       0.37673      13.76230
  V:        0.00106       0.00003       0.00106
  J:       15.43056     223.24652       0.66107
  w:        0.00063       0.00949       0.00051
Inertia tensor (3x3):
   Inertia tensor[    0]={ 9.11675e+03, -1.35250e+02,  1.59338e+03}
   Inertia tensor[    1]={-1.35250e+02,  9.46550e+03,  8.30375e+02}
   Inertia tensor[    2]={ 1.59338e+03,  8.30375e+02,  1.44409e+04}
Group rest with mass  1.29494e+04, Ekrot  1.50607e+00 Det(I) =  1.21505e+12
  COM:     13.87589      13.97184       6.49369
  P:      -17.13907       1.64163      -2.49815
  V:       -0.00132       0.00013      -0.00019
  J:      -80.97427     253.79036       0.57681
  w:       -0.00342       0.01078       0.00024
Inertia tensor (3x3):
   Inertia tensor[    0]={ 9.17900e+03, -8.85000e+01,  1.70238e+03}
   Inertia tensor[    1]={-8.85000e+01,  9.44850e+03,  8.99875e+02}
   Inertia tensor[    2]={ 1.70238e+03,  8.99875e+02,  1.44158e+04}
           Step           Time
         465000      930.00000

   Energies (kJ/mol)
          Angle    Proper Dih.  Improper Dih.          LJ-14     Coulomb-14
    1.33792e+03    5.18715e+02    4.41443e+01    1.75934e+02   -4.09882e+03
        LJ (SR)   Coulomb (SR)   COM Pull En.      Potential    Kinetic En.
    3.65595e+03   -3.63496e+04    1.69472e+04   -1.77685e+04    5.37622e+03
   Total Energy  Conserved En.    Temperature Pressure (bar)   Constr. rmsd
   -1.23923e+04    3.11070e+05    3.08940e+02   -7.31753e+00    3.75656e-04

           Step           Time
         470000      940.00000

   Energies (kJ/mol)
          Angle    Proper Dih.  Improper Dih.          LJ-14     Coulomb-14
    1.28206e+03    4.88568e+02    3.62333e+01    1.71413e+02   -4.07200e+03
        LJ (SR)   Coulomb (SR)   COM Pull En.      Potential    Kinetic En.
    3.46684e+03   -3.61674e+04    1.76407e+04   -1.71536e+04    5.18492e+03
   Total Energy  Conserved En.    Temperature Pressure (bar)   Constr. rmsd
   -1.19687e+04    3.14922e+05    2.97947e+02    6.87088e-01    3.32843e-04

Group rest with mass  1.29494e+04, Ekrot  1.02995e+00 Det(I) =  8.22320e+11
  COM:     13.87790      13.99743       6.49428
  P:        2.17496       0.60277      -6.93166
  V:        0.00017       0.00005      -0.00054
  J:     -169.81746    -140.01138       1.68046
  w:       -0.00770      -0.00539      -0.00074
Inertia tensor (3x3):
   Inertia tensor[    0]={ 9.10150e+03, -9.55500e+02,  1.99538e+03}
   Inertia tensor[    1]={-9.55500e+02,  6.11325e+03, -4.38750e+02}
   Inertia tensor[    2]={ 1.99538e+03, -4.38750e+02,  1.54721e+04}
Group rest with mass  1.29494e+04, Ekrot  1.14294e+00 Det(I) =  8.37273e+11
  COM:     13.87917      13.99770       6.49385
  P:        1.61447      -0.92097       0.58460
  V:        0.00012      -0.00007       0.00005
  J:      199.12059     112.15549       1.74685
  w:        0.00909       0.00422       0.00120
Inertia tensor (3x3):
   Inertia tensor[    0]={ 8.98575e+03, -1.01100e+03,  1.98400e+03}
   Inertia tensor[    1]={-1.01100e+03,  6.37625e+03, -3.11375e+02}
   Inertia tensor[    2]={ 1.98400e+03, -3.11375e+02,  1.53180e+04}
Group rest with mass  1.29494e+04, Ekrot  1.77992e+00 Det(I) =  8.29641e+11
  COM:     13.87907      13.99735       6.49358
  P:       -5.58064      -6.65738      -7.90200
  V:       -0.00043      -0.00051      -0.00061
  J:      146.93158    -240.63675       1.42098
  w:        0.00737      -0.01029       0.00141
Inertia tensor (3x3):
   Inertia tensor[    0]={ 8.86475e+03, -9.99500e+02,  2.11038e+03}
   Inertia tensor[    1]={-9.99500e+02,  6.43825e+03, -4.42625e+02}
   Inertia tensor[    2]={ 2.11038e+03, -4.42625e+02,  1.53044e+04}
           Step           Time
         475000      950.00000

   Energies (kJ/mol)
          Angle    Proper Dih.  Improper Dih.          LJ-14     Coulomb-14
    1.37068e+03    4.92534e+02    3.06557e+01    1.78351e+02   -4.09937e+03
        LJ (SR)   Coulomb (SR)   COM Pull En.      Potential    Kinetic En.
    4.05674e+03   -3.69093e+04    1.80722e+04   -1.68075e+04    5.17133e+03
   Total Energy  Conserved En.    Temperature Pressure (bar)   Constr. rmsd
   -1.16362e+04    3.18790e+05    2.97166e+02    2.53954e-01    3.90342e-04

Group rest with mass  1.29494e+04, Ekrot  1.29084e+00 Det(I) =  8.21970e+11
  COM:     13.87796      13.99621       6.49309
  P:        3.67043      -5.16076       3.20972
  V:        0.00028      -0.00040       0.00025
  J:      121.67008     220.29105      -2.04064
  w:        0.00522       0.00884       0.00016
Inertia tensor (3x3):
   Inertia tensor[    0]={ 9.19400e+03, -1.23000e+03,  1.76738e+03}
   Inertia tensor[    1]={-1.23000e+03,  6.26925e+03, -5.38500e+02}
   Inertia tensor[    2]={ 1.76738e+03, -5.38500e+02,  1.49996e+04}
           Step           Time
         480000      960.00000

   Energies (kJ/mol)
          Angle    Proper Dih.  Improper Dih.          LJ-14     Coulomb-14
    1.26935e+03    4.85824e+02    3.60562e+01    1.80628e+02   -4.10632e+03
        LJ (SR)   Coulomb (SR)   COM Pull En.      Potential    Kinetic En.
    3.82220e+03   -3.69376e+04    1.88258e+04   -1.64241e+04    5.08413e+03
   Total Energy  Conserved En.    Temperature Pressure (bar)   Constr. rmsd
   -1.13399e+04    3.22634e+05    2.92155e+02   -2.45160e+00    3.23160e-04

Group rest with mass  1.29494e+04, Ekrot  2.22990e+00 Det(I) =  6.50292e+11
  COM:     13.89023      13.98282       6.50992
  P:        3.72632      -5.18235      -9.17506
  V:        0.00029      -0.00040      -0.00071
  J:      189.00890    -246.49438      -1.59615
  w:        0.00875      -0.01138       0.00049
Inertia tensor (3x3):
   Inertia tensor[    0]={ 6.57525e+03, -7.92500e+01,  2.37000e+02}
   Inertia tensor[    1]={-7.92500e+01,  6.54525e+03, -5.19250e+02}
   Inertia tensor[    2]={ 2.37000e+02, -5.19250e+02,  1.51617e+04}
           Step           Time
         485000      970.00000

   Energies (kJ/mol)
          Angle    Proper Dih.  Improper Dih.          LJ-14     Coulomb-14
    1.34450e+03    5.14105e+02    3.60546e+01    1.93908e+02   -4.08460e+03
        LJ (SR)   Coulomb (SR)   COM Pull En.      Potential    Kinetic En.
    3.50417e+03   -3.63460e+04    1.94058e+04   -1.54320e+04    5.28320e+03
   Total Energy  Conserved En.    Temperature Pressure (bar)   Constr. rmsd
   -1.01488e+04    3.26439e+05    3.03594e+02    1.68259e+01    3.28672e-04

           Step           Time
         490000      980.00000

   Energies (kJ/mol)
          Angle    Proper Dih.  Improper Dih.          LJ-14     Coulomb-14
    1.30811e+03    4.97274e+02    2.94585e+01    1.89403e+02   -4.09239e+03
        LJ (SR)   Coulomb (SR)   COM Pull En.      Potential    Kinetic En.
    3.73055e+03   -3.70252e+04    1.99925e+04   -1.53702e+04    5.08049e+03
   Total Energy  Conserved En.    Temperature Pressure (bar)   Constr. rmsd
   -1.02898e+04    3.30148e+05    2.91946e+02    7.11455e+00    3.53106e-04

Group rest with mass  1.29494e+04, Ekrot  1.04024e+00 Det(I) =  5.41215e+11
  COM:     13.90332      13.97096       6.52760
  P:        1.37485       6.61865       0.40842
  V:        0.00011       0.00051       0.00003
  J:      203.10928      58.28860      -1.69727
  w:        0.00943       0.00281      -0.00054
Inertia tensor (3x3):
   Inertia tensor[    0]={ 5.40875e+03, -3.38000e+02, -2.06625e+02}
   Inertia tensor[    1]={-3.38000e+02,  7.07125e+03, -1.09938e+03}
   Inertia tensor[    2]={-2.06625e+02, -1.09938e+03,  1.43764e+04}
Group rest with mass  1.29494e+04, Ekrot  1.35162e+00 Det(I) =  5.27640e+11
  COM:     13.90348      13.97097       6.52731
  P:       -5.12648      10.70115      -4.89758
  V:       -0.00040       0.00083      -0.00038
  J:      -83.10799    -218.91440      -2.86772
  w:       -0.00369      -0.01096       0.00070
Inertia tensor (3x3):
   Inertia tensor[    0]={ 5.57625e+03, -5.26500e+02, -3.25875e+02}
   Inertia tensor[    1]={-5.26500e+02,  6.74850e+03, -9.39750e+02}
   Inertia tensor[    2]={-3.25875e+02, -9.39750e+02,  1.42850e+04}
           Step           Time
         495000      990.00000

   Energies (kJ/mol)
          Angle    Proper Dih.  Improper Dih.          LJ-14     Coulomb-14
    1.37281e+03    5.31007e+02    2.69236e+01    1.86614e+02   -4.09924e+03
        LJ (SR)   Coulomb (SR)   COM Pull En.      Potential    Kinetic En.
    3.82615e+03   -3.65117e+04    2.05690e+04   -1.40984e+04    5.27755e+03
   Total Energy  Conserved En.    Temperature Pressure (bar)   Constr. rmsd
   -8.82084e+03    3.34084e+05    3.03270e+02    1.39444e+01    3.70666e-04

Group rest with mass  1.29494e+04, Ekrot  1.34585e+00 Det(I) =  5.25356e+11
  COM:     13.90319      13.97131       6.52765
  P:        6.48524       2.48452      -3.62971
  V:        0.00050       0.00019      -0.00028
  J:     -103.64745     204.34937       1.07400
  w:       -0.00516       0.01056      -0.00055
Inertia tensor (3x3):
   Inertia tensor[    0]={ 5.44225e+03, -5.30250e+02, -3.65375e+02}
   Inertia tensor[    1]={-5.30250e+02,  6.91675e+03, -9.21500e+02}
   Inertia tensor[    2]={-3.65375e+02, -9.21500e+02,  1.42194e+04}
Group rest with mass  1.29494e+04, Ekrot  3.07020e+00 Det(I) =  5.53423e+11
  COM:     13.90322      13.97127       6.52673
  P:       -1.51426       0.24076      -5.01695
  V:       -0.00012       0.00002      -0.00039
  J:      348.17993     104.40384       7.31695
  w:        0.01619       0.00480       0.00040
Inertia tensor (3x3):
   Inertia tensor[    0]={ 5.55875e+03, -5.46250e+02,  9.92500e+01}
   Inertia tensor[    1]={-5.46250e+02,  7.07150e+03, -8.02875e+02}
   Inertia tensor[    2]={ 9.92500e+01, -8.02875e+02,  1.42780e+04}
Group rest with mass  1.29494e+04, Ekrot  1.06573e+00 Det(I) =  6.01540e+11
  COM:     13.90089      13.97171       6.52690
  P:       11.24934       9.29196       3.38576
  V:        0.00087       0.00072       0.00026
  J:      163.10196     138.34795      15.92550
  w:        0.00741       0.00658       0.00080
Inertia tensor (3x3):
   Inertia tensor[    0]={ 5.94825e+03, -5.66250e+02, -1.90000e+01}
   Inertia tensor[    1]={-5.66250e+02,  7.14300e+03, -8.00375e+02}
   Inertia tensor[    2]={-1.90000e+01, -8.00375e+02,  1.43562e+04}
Group rest with mass  1.29494e+04, Ekrot  1.12364e+00 Det(I) =  8.43764e+11
  COM:     13.87780      13.97190       6.52664
  P:       -9.40447       9.87244      -6.07314
  V:       -0.00073       0.00076      -0.00047
  J:       -0.15672     224.45589      33.41730
  w:       -0.00036       0.00977       0.00165
Inertia tensor (3x3):
   Inertia tensor[    0]={ 8.47650e+03, -5.69250e+02, -1.16750e+03}
   Inertia tensor[    1]={-5.69250e+02,  7.09550e+03, -8.38250e+02}
   Inertia tensor[    2]={-1.16750e+03, -8.38250e+02,  1.43847e+04}
           Step           Time
         500000     1000.00000

Writing checkpoint, step 500000 at Tue May  9 21:55:29 2023


   Energies (kJ/mol)
          Angle    Proper Dih.  Improper Dih.          LJ-14     Coulomb-14
    1.48888e+03    5.25684e+02    3.27499e+01    1.71704e+02   -4.12161e+03
        LJ (SR)   Coulomb (SR)   COM Pull En.      Potential    Kinetic En.
    3.61075e+03   -3.66240e+04    2.11910e+04   -1.37248e+04    5.28097e+03
   Total Energy  Conserved En.    Temperature Pressure (bar)   Constr. rmsd
   -8.44385e+03    3.37947e+05    3.03466e+02   -1.23192e+01    3.90970e-04


	<======  ###############  ==>
	<====  A V E R A G E S  ====>
	<==  ###############  ======>

	Statistics over 500001 steps using 1001 frames

   Energies (kJ/mol)
          Angle    Proper Dih.  Improper Dih.          LJ-14     Coulomb-14
    7.67693e+02    4.73462e+02    3.50728e+01    1.80754e+02   -3.92489e+03
        LJ (SR)   Coulomb (SR)   COM Pull En.      Potential    Kinetic En.
    3.61409e+03   -3.67148e+04    4.90845e+03   -3.06602e+04    5.25521e+03
   Total Energy  Conserved En.    Temperature Pressure (bar)   Constr. rmsd
   -2.54050e+04    1.49407e+05    3.01986e+02    4.49668e-01    0.00000e+00

   Total Virial (kJ/mol)
    1.71659e+03    3.21909e+00   -4.96906e+01
    3.58105e+00    1.65308e+03   -4.55221e+01
   -4.91915e+01   -4.51972e+01    1.70271e+03

   Pressure (bar)
    3.78300e-01    2.86848e-02    4.15050e-01
    2.60141e-02    7.41975e-01    3.02922e-01
    4.11368e-01    3.00525e-01    2.28730e-01

        T-Water    T-non-Water
    3.02291e+02    2.99713e+02


	M E G A - F L O P S   A C C O U N T I N G

 NB=Group-cutoff nonbonded kernels    NxN=N-by-N cluster Verlet kernels
 RF=Reaction-Field  VdW=Van der Waals  QSTab=quadratic-spline table
 W3=SPC/TIP3p  W4=TIP4p (single or pairs)
 V&F=Potential and force  V=Potential only  F=Force only

 Computing:                               M-Number         M-Flops  % Flops
-----------------------------------------------------------------------------
 Pair Search distance check            2145.091146       19305.820     0.1
 NxN RF Elec. + LJ [F]               389508.047184    14801305.793    64.9
 NxN RF Elec. + LJ [V&F]                781.792648       42216.803     0.2
 NxN RF Electrostatics [F]           247306.819248     7666511.397    33.6
 NxN RF Electrostatics [V&F]            495.927864       17853.403     0.1
 1,4 nonbonded interactions             300.500601       27045.054     0.1
 Shift-X                                 26.152092         156.913     0.0
 Angles                                 209.000418       35112.070     0.2
 Propers                                295.000590       67555.135     0.3
 Impropers                               26.500053        5512.011     0.0
 Virial                                   2.139137          38.504     0.0
 Stop-CM                                  2.096184          20.962     0.0
 Calc-Ekin                              209.204184        5648.513     0.0
 Lincs                                  118.000708        7080.042     0.0
 Lincs-Mat                             2508.015048       10032.060     0.0
 Constraint-V                          1160.004640        9280.037     0.0
 Constraint-Vir                           2.086084          50.066     0.0
 Settle                                 308.001848       99484.597     0.4
-----------------------------------------------------------------------------
 Total                                                22814209.181   100.0
-----------------------------------------------------------------------------


     R E A L   C Y C L E   A N D   T I M E   A C C O U N T I N G

On 1 MPI rank, each using 2 OpenMP threads

 Computing:          Num   Num      Call    Wall time         Giga-Cycles
                     Ranks Threads  Count      (s)         total sum    %
-----------------------------------------------------------------------------
 Neighbor search        1    2      12501      22.617         99.516   1.7
 Force                  1    2     500001    1084.501       4771.807  79.6
 NB X/F buffer ops.     1    2     987501      67.527        297.120   5.0
 COM pull force         1    2     500001       2.626         11.556   0.2
 Write traj.            1    2       1002       0.910          4.003   0.1
 Update                 1    2     500001      33.359        146.779   2.4
 Constraints            1    2     500003     142.472        626.877  10.5
 Rest                                           7.976         35.093   0.6
-----------------------------------------------------------------------------
 Total                                       1361.989       5992.751 100.0
-----------------------------------------------------------------------------

               Core t (s)   Wall t (s)        (%)
       Time:     2723.977     1361.989      200.0
                 (ns/day)    (hour/ns)
Performance:       63.437        0.378
Finished mdrun on rank 0 Tue May  9 21:55:29 2023

