              :-) GROMACS - gmx mdrun, 2020.1-Ubuntu-2020.1-1 (-:

                            GROMACS is written by:
     Emile Apol      Rossen Apostolov      Paul Bauer     Herman J.C. Berendsen
    Par Bjelkmar      Christian Blau   Viacheslav Bolnykh     Kevin Boyd    
 Aldert van Buuren   Rudi van Drunen     Anton Feenstra       Alan Gray     
  Gerrit Groenhof     Anca Hamuraru    Vincent Hindriksen  M. Eric Irrgang  
  Aleksei Iupinov   Christoph Junghans     Joe Jordan     Dimitrios Karkoulis
    Peter Kasson        Jiri Kraus      Carsten Kutzner      Per Larsson    
  Justin A. Lemkul    Viveca Lindahl    Magnus Lundborg     Erik Marklund   
    Pascal Merz     Pieter Meulenhoff    Teemu Murtola       Szilard Pall   
    Sander Pronk      Roland Schulz      Michael Shirts    Alexey Shvetsov  
   Alfons Sijbers     Peter Tieleman      Jon Vincent      Teemu Virolainen 
 Christian Wennberg    Maarten Wolf      Artem Zhmurov   
                           and the project leaders:
        Mark Abraham, Berk Hess, Erik Lindahl, and David van der Spoel

Copyright (c) 1991-2000, University of Groningen, The Netherlands.
Copyright (c) 2001-2019, The GROMACS development team at
Uppsala University, Stockholm University and
the Royal Institute of Technology, Sweden.
check out http://www.gromacs.org for more information.

GROMACS is free software; you can redistribute it and/or modify it
under the terms of the GNU Lesser General Public License
as published by the Free Software Foundation; either version 2.1
of the License, or (at your option) any later version.

GROMACS:      gmx mdrun, version 2020.1-Ubuntu-2020.1-1
Executable:   /usr/bin/gmx
Data prefix:  /usr
Working dir:  /content
Process ID:   40895
Command line:
  gmx mdrun -deffnm Simulated_Annealing/annealing_pep1v -s Simulated_Annealing/annealing_pep1v.tpr -v -nt 12

GROMACS version:    2020.1-Ubuntu-2020.1-1
Precision:          single
Memory model:       64 bit
MPI library:        thread_mpi
OpenMP support:     enabled (GMX_OPENMP_MAX_THREADS = 64)
GPU support:        disabled
SIMD instructions:  SSE2
FFT library:        fftw-3.3.8-sse2-avx
RDTSCP usage:       disabled
TNG support:        enabled
Hwloc support:      hwloc-2.1.0
Tracing support:    disabled
C compiler:         /usr/bin/cc GNU 9.3.0
C compiler flags:   -msse2 -fexcess-precision=fast -funroll-all-loops
C++ compiler:       /usr/bin/c++ GNU 9.3.0
C++ compiler flags: -msse2 -fexcess-precision=fast -funroll-all-loops -fopenmp


Running on 1 node with total 1 cores, 2 logical cores
Hardware detected:
  CPU info:
    Vendor: Intel
    Brand:  Intel(R) Xeon(R) CPU @ 2.20GHz
    Family: 6   Model: 79   Stepping: 0
    Features: aes apic avx avx2 clfsh cmov cx8 cx16 f16c fma hle htt intel lahf mmx msr nonstop_tsc pcid pclmuldq pdpe1gb popcnt pse rdrnd rdtscp rtm sse2 sse3 sse4.1 sse4.2 ssse3 x2apic
  Hardware topology: Full, with devices
    Sockets, cores, and logical processors:
      Socket  0: [   0   1]
    Numa nodes:
      Node  0 (13616324608 bytes mem):   0   1
      Latency:
               0
         0  1.00
    Caches:
      L1: 32768 bytes, linesize 64 bytes, assoc. 8, shared 2 ways
      L2: 262144 bytes, linesize 64 bytes, assoc. 8, shared 2 ways
      L3: 57671680 bytes, linesize 64 bytes, assoc. 20, shared 2 ways
    PCI devices:
      0000:00:04.0  Id: 1af4:1000  Class: 0x0200  Numa: 0

Highest SIMD level requested by all nodes in run: AVX2_256
SIMD instructions selected at compile time:       SSE2
This program was compiled for different hardware than you are running on,
which could influence performance.
The current CPU can measure timings more accurately than the code in
gmx mdrun was configured to use. This might affect your simulation
speed as accurate timings are needed for load-balancing.
Please consider rebuilding gmx mdrun with the GMX_USE_RDTSCP=ON CMake option.

++++ PLEASE READ AND CITE THE FOLLOWING REFERENCE ++++
M. J. Abraham, T. Murtola, R. Schulz, S. Páll, J. C. Smith, B. Hess, E.
Lindahl
GROMACS: High performance molecular simulations through multi-level
parallelism from laptops to supercomputers
SoftwareX 1 (2015) pp. 19-25
-------- -------- --- Thank You --- -------- --------


++++ PLEASE READ AND CITE THE FOLLOWING REFERENCE ++++
S. Páll, M. J. Abraham, C. Kutzner, B. Hess, E. Lindahl
Tackling Exascale Software Challenges in Molecular Dynamics Simulations with
GROMACS
In S. Markidis & E. Laure (Eds.), Solving Software Challenges for Exascale 8759 (2015) pp. 3-27
-------- -------- --- Thank You --- -------- --------


++++ PLEASE READ AND CITE THE FOLLOWING REFERENCE ++++
S. Pronk, S. Páll, R. Schulz, P. Larsson, P. Bjelkmar, R. Apostolov, M. R.
Shirts, J. C. Smith, P. M. Kasson, D. van der Spoel, B. Hess, and E. Lindahl
GROMACS 4.5: a high-throughput and highly parallel open source molecular
simulation toolkit
Bioinformatics 29 (2013) pp. 845-54
-------- -------- --- Thank You --- -------- --------


++++ PLEASE READ AND CITE THE FOLLOWING REFERENCE ++++
B. Hess and C. Kutzner and D. van der Spoel and E. Lindahl
GROMACS 4: Algorithms for highly efficient, load-balanced, and scalable
molecular simulation
J. Chem. Theory Comput. 4 (2008) pp. 435-447
-------- -------- --- Thank You --- -------- --------


++++ PLEASE READ AND CITE THE FOLLOWING REFERENCE ++++
D. van der Spoel, E. Lindahl, B. Hess, G. Groenhof, A. E. Mark and H. J. C.
Berendsen
GROMACS: Fast, Flexible and Free
J. Comp. Chem. 26 (2005) pp. 1701-1719
-------- -------- --- Thank You --- -------- --------


++++ PLEASE READ AND CITE THE FOLLOWING REFERENCE ++++
E. Lindahl and B. Hess and D. van der Spoel
GROMACS 3.0: A package for molecular simulation and trajectory analysis
J. Mol. Mod. 7 (2001) pp. 306-317
-------- -------- --- Thank You --- -------- --------


++++ PLEASE READ AND CITE THE FOLLOWING REFERENCE ++++
H. J. C. Berendsen, D. van der Spoel and R. van Drunen
GROMACS: A message-passing parallel molecular dynamics implementation
Comp. Phys. Comm. 91 (1995) pp. 43-56
-------- -------- --- Thank You --- -------- --------

Input Parameters:
   integrator                     = md
   tinit                          = 0
   dt                             = 0.004
   nsteps                         = 250000
   init-step                      = 0
   simulation-part                = 1
   comm-mode                      = Angular
   nstcomm                        = 500
   bd-fric                        = 0
   ld-seed                        = 489245352
   emtol                          = 10
   emstep                         = 0.01
   niter                          = 20
   fcstep                         = 0
   nstcgsteep                     = 1000
   nbfgscorr                      = 10
   rtpi                           = 0.05
   nstxout                        = 500
   nstvout                        = 500
   nstfout                        = 0
   nstlog                         = 5000
   nstcalcenergy                  = 500
   nstenergy                      = 500
   nstxout-compressed             = 0
   compressed-x-precision         = 1000
   cutoff-scheme                  = Verlet
   nstlist                        = 10
   pbc                            = xyz
   periodic-molecules             = false
   verlet-buffer-tolerance        = 0.005
   rlist                          = 1.049
   coulombtype                    = Cut-off
   coulomb-modifier               = Potential-shift
   rcoulomb-switch                = 0
   rcoulomb                       = 1
   epsilon-r                      = 1
   epsilon-rf                     = inf
   vdw-type                       = Cut-off
   vdw-modifier                   = Potential-shift
   rvdw-switch                    = 0
   rvdw                           = 1
   DispCorr                       = No
   table-extension                = 1
   fourierspacing                 = 0.12
   fourier-nx                     = 0
   fourier-ny                     = 0
   fourier-nz                     = 0
   pme-order                      = 4
   ewald-rtol                     = 1e-05
   ewald-rtol-lj                  = 0.001
   lj-pme-comb-rule               = Geometric
   ewald-geometry                 = 0
   epsilon-surface                = 0
   tcoupl                         = V-rescale
   nsttcouple                     = 10
   nh-chain-length                = 0
   print-nose-hoover-chain-variables = false
   pcoupl                         = No
   pcoupltype                     = Isotropic
   nstpcouple                     = -1
   tau-p                          = 1
   compressibility (3x3):
      compressibility[    0]={ 0.00000e+00,  0.00000e+00,  0.00000e+00}
      compressibility[    1]={ 0.00000e+00,  0.00000e+00,  0.00000e+00}
      compressibility[    2]={ 0.00000e+00,  0.00000e+00,  0.00000e+00}
   ref-p (3x3):
      ref-p[    0]={ 0.00000e+00,  0.00000e+00,  0.00000e+00}
      ref-p[    1]={ 0.00000e+00,  0.00000e+00,  0.00000e+00}
      ref-p[    2]={ 0.00000e+00,  0.00000e+00,  0.00000e+00}
   refcoord-scaling               = No
   posres-com (3):
      posres-com[0]= 0.00000e+00
      posres-com[1]= 0.00000e+00
      posres-com[2]= 0.00000e+00
   posres-comB (3):
      posres-comB[0]= 0.00000e+00
      posres-comB[1]= 0.00000e+00
      posres-comB[2]= 0.00000e+00
   QMMM                           = false
   QMconstraints                  = 0
   QMMMscheme                     = 0
   MMChargeScaleFactor            = 1
qm-opts:
   ngQM                           = 0
   constraint-algorithm           = Lincs
   continuation                   = false
   Shake-SOR                      = false
   shake-tol                      = 0.0001
   lincs-order                    = 4
   lincs-iter                     = 1
   lincs-warnangle                = 30
   nwall                          = 0
   wall-type                      = 9-3
   wall-r-linpot                  = -1
   wall-atomtype[0]               = -1
   wall-atomtype[1]               = -1
   wall-density[0]                = 0
   wall-density[1]                = 0
   wall-ewald-zfac                = 3
   pull                           = false
   awh                            = false
   rotation                       = false
   interactiveMD                  = false
   disre                          = No
   disre-weighting                = Conservative
   disre-mixed                    = false
   dr-fc                          = 1000
   dr-tau                         = 0
   nstdisreout                    = 100
   orire-fc                       = 0
   orire-tau                      = 0
   nstorireout                    = 100
   free-energy                    = no
   cos-acceleration               = 0
   deform (3x3):
      deform[    0]={ 0.00000e+00,  0.00000e+00,  0.00000e+00}
      deform[    1]={ 0.00000e+00,  0.00000e+00,  0.00000e+00}
      deform[    2]={ 0.00000e+00,  0.00000e+00,  0.00000e+00}
   simulated-tempering            = false
   swapcoords                     = no
   userint1                       = 0
   userint2                       = 0
   userint3                       = 0
   userint4                       = 0
   userreal1                      = 0
   userreal2                      = 0
   userreal3                      = 0
   userreal4                      = 0
   applied-forces:
     electric-field:
       x:
         E0                       = 0
         omega                    = 0
         t0                       = 0
         sigma                    = 0
       y:
         E0                       = 0
         omega                    = 0
         t0                       = 0
         sigma                    = 0
       z:
         E0                       = 0
         omega                    = 0
         t0                       = 0
         sigma                    = 0
     density-guided-simulation:
       active                     = false
       group                      = protein
       similarity-measure         = inner-product
       atom-spreading-weight      = unity
       force-constant             = 1e+09
       gaussian-transform-spreading-width = 0.2
       gaussian-transform-spreading-range-in-multiples-of-width = 4
       reference-density-filename = reference.mrc
       nst                        = 1
       normalize-densities        = true
       adaptive-force-scaling     = false
       adaptive-force-scaling-time-constant = 4
grpopts:
   nrdf:         788
   ref-t:         300
   tau-t:         0.1
annealing:      Single
annealing-npoints:          10
annealing-time [0]:	         0.0        50.0        70.0       150.0       151.0       300.0       330.0       400.0       405.0       600.0
annealing-temp [0]:	       300.0       300.0       500.0       500.0      1100.0      1100.0        10.0        10.0       300.0       300.0
   acc:	           0           0           0
   nfreeze:           N           N           N
   energygrp-flags[  0]: 0

Changing nstlist from 10 to 25, rlist from 1.049 to 1.159


Using 1 MPI thread

Non-default thread affinity set, disabling internal thread affinity

Using 12 OpenMP threads 


WARNING: Oversubscribing the available 2 logical CPU cores with 12 threads.
         This will cause considerable performance loss.
System total charge: 3.000
Potential shift: LJ r^-12: -1.000e+00 r^-6: -1.000e+00, Coulomb -1e+00
Generated table with 1079 data points for 1-4 COUL.
Tabscale = 500 points/nm
Generated table with 1079 data points for 1-4 LJ6.
Tabscale = 500 points/nm
Generated table with 1079 data points for 1-4 LJ12.
Tabscale = 500 points/nm

Using SIMD 4x4 nonbonded short-range kernels

Using a dual 4x4 pair-list setup updated with dynamic pruning:
  outer list: updated every 25 steps, buffer 0.159 nm, rlist 1.159 nm
  inner list: updated every  4 steps, buffer 0.011 nm, rlist 1.011 nm
At tolerance 0.005 kJ/mol/ps per atom, equivalent classical 1x1 list would be:
  outer list: updated every 25 steps, buffer 0.208 nm, rlist 1.208 nm
  inner list: updated every  4 steps, buffer 0.018 nm, rlist 1.018 nm

Using Lorentz-Berthelot Lennard-Jones combination rule

Removing pbc first time

Initializing LINear Constraint Solver

++++ PLEASE READ AND CITE THE FOLLOWING REFERENCE ++++
B. Hess and H. Bekker and H. J. C. Berendsen and J. G. E. M. Fraaije
LINCS: A Linear Constraint Solver for molecular simulations
J. Comp. Chem. 18 (1997) pp. 1463-1472
-------- -------- --- Thank You --- -------- --------

The number of constraints is 412

++++ PLEASE READ AND CITE THE FOLLOWING REFERENCE ++++
G. Bussi, D. Donadio and M. Parrinello
Canonical sampling through velocity rescaling
J. Chem. Phys. 126 (2007) pp. 014101
-------- -------- --- Thank You --- -------- --------

There are: 402 Atoms

Constraining the starting coordinates (step 0)

Constraining the coordinates at t0-dt (step 0)
Center of mass motion removal mode is Angular
We have the following groups for center of mass motion removal:
  0:  rest
RMS relative constraint deviation after constraining: 7.04e-05
Initial temperature: 293.451 K

Started mdrun on rank 0 Thu Apr 20 16:54:46 2023

           Step           Time
              0        0.00000

Current ref_t for group Protein:    300.0

   Energies (kJ/mol)
          Angle    Proper Dih.  Improper Dih.          LJ-14     Coulomb-14
    8.26833e+02    9.85753e+02    4.62086e+01    3.96186e+02    4.91413e+03
        LJ (SR)   Coulomb (SR)      Potential    Kinetic En.   Total Energy
   -5.21086e+02   -8.42346e+03   -1.77544e+03    9.74563e+02   -8.00872e+02
  Conserved En.    Temperature Pressure (bar)   Constr. rmsd
   -8.00872e+02    2.97495e+02    8.83671e+01    2.04367e-04

           Step           Time
           5000       20.00000

Current ref_t for group Protein:    300.0

   Energies (kJ/mol)
          Angle    Proper Dih.  Improper Dih.          LJ-14     Coulomb-14
    8.99383e+02    1.00434e+03    8.07777e+01    3.99363e+02    4.92995e+03
        LJ (SR)   Coulomb (SR)      Potential    Kinetic En.   Total Energy
   -4.92947e+02   -8.56415e+03   -1.74329e+03    9.43761e+02   -7.99528e+02
  Conserved En.    Temperature Pressure (bar)   Constr. rmsd
   -1.76594e+03    2.88092e+02   -3.91298e+01    2.34472e-04

           Step           Time
          10000       40.00000

Current ref_t for group Protein:    300.0

   Energies (kJ/mol)
          Angle    Proper Dih.  Improper Dih.          LJ-14     Coulomb-14
    9.82053e+02    1.02788e+03    6.94679e+01    3.83355e+02    4.91246e+03
        LJ (SR)   Coulomb (SR)      Potential    Kinetic En.   Total Energy
   -4.62065e+02   -8.57359e+03   -1.66045e+03    9.36948e+02   -7.23501e+02
  Conserved En.    Temperature Pressure (bar)   Constr. rmsd
   -2.79705e+03    2.86012e+02   -1.56512e+02    2.62519e-04

           Step           Time
          15000       60.00000

Current ref_t for group Protein:    400.0

   Energies (kJ/mol)
          Angle    Proper Dih.  Improper Dih.          LJ-14     Coulomb-14
    1.06034e+03    1.14164e+03    8.12339e+01    4.25448e+02    4.95532e+03
        LJ (SR)   Coulomb (SR)      Potential    Kinetic En.   Total Energy
   -4.75041e+02   -8.49979e+03   -1.31085e+03    1.15657e+03   -1.54283e+02
  Conserved En.    Temperature Pressure (bar)   Constr. rmsd
   -3.94760e+03    3.53055e+02    6.63785e+01    2.54119e-04

           Step           Time
          20000       80.00000

Current ref_t for group Protein:    500.0

   Energies (kJ/mol)
          Angle    Proper Dih.  Improper Dih.          LJ-14     Coulomb-14
    1.30950e+03    1.14402e+03    9.85230e+01    4.54347e+02    4.87673e+03
        LJ (SR)   Coulomb (SR)      Potential    Kinetic En.   Total Energy
   -5.00228e+02   -8.27103e+03   -8.88146e+02    1.64836e+03    7.60215e+02
  Conserved En.    Temperature Pressure (bar)   Constr. rmsd
   -5.90691e+03    5.03178e+02    1.17073e+02    2.97625e-04

           Step           Time
          25000      100.00000

Current ref_t for group Protein:    500.0

   Energies (kJ/mol)
          Angle    Proper Dih.  Improper Dih.          LJ-14     Coulomb-14
    1.32118e+03    1.11883e+03    8.89440e+01    4.41248e+02    4.90147e+03
        LJ (SR)   Coulomb (SR)      Potential    Kinetic En.   Total Energy
   -5.20597e+02   -8.32434e+03   -9.73272e+02    1.64696e+03    6.73686e+02
  Conserved En.    Temperature Pressure (bar)   Constr. rmsd
   -7.99878e+03    5.02750e+02   -1.57357e+02    3.39260e-04

           Step           Time
          30000      120.00000

Current ref_t for group Protein:    500.0

   Energies (kJ/mol)
          Angle    Proper Dih.  Improper Dih.          LJ-14     Coulomb-14
    1.33034e+03    1.07061e+03    6.71289e+01    4.20311e+02    4.92645e+03
        LJ (SR)   Coulomb (SR)      Potential    Kinetic En.   Total Energy
   -4.31360e+02   -8.32649e+03   -9.43012e+02    1.49579e+03    5.52773e+02
  Conserved En.    Temperature Pressure (bar)   Constr. rmsd
   -1.01384e+04    4.56603e+02   -5.00315e+01    2.97592e-04

Group rest with mass  2.85129e+03, Ekrot  1.23086e+00 Det(I) =  2.11928e+08
  COM:      4.18499       4.10107       1.99431
  P:        0.00010       0.00008       0.00002
  V:        0.00000       0.00000       0.00000
  J:       73.71986       0.00042      14.36291
  w:        0.03245      -0.00109       0.00486
Inertia tensor (3x3):
   Inertia tensor[    0]={ 2.77387e+02, -7.38633e+01, -1.39508e+02}
   Inertia tensor[    1]={-7.38633e+01,  1.68078e+03,  3.03510e+02}
   Inertia tensor[    2]={-1.39508e+02,  3.03510e+02,  5.72818e+02}
Group rest with mass  2.85129e+03, Ekrot  2.31891e+00 Det(I) =  1.93802e+08
  COM:      4.18499       4.13020       1.99431
  P:        0.00010       0.00029       0.00014
  V:        0.00000       0.00000       0.00000
  J:      -66.58942      -0.00032     -62.80745
  w:       -0.03261      -0.01353      -0.03926
Inertia tensor (3x3):
   Inertia tensor[    0]={ 3.10348e+02, -6.19453e+01, -7.83652e+01}
   Inertia tensor[    1]={-6.19453e+01,  1.34700e+03,  3.56402e+02}
   Inertia tensor[    2]={-7.83652e+01,  3.56402e+02,  5.74683e+02}
Group rest with mass  2.85129e+03, Ekrot  4.06972e+00 Det(I) =  1.87488e+08
  COM:      4.18499       4.12234       1.99431
  P:       -0.00038       0.00009      -0.00002
  V:       -0.00000       0.00000      -0.00000
  J:       84.78968      -0.00012     -81.75040
  w:        0.04416      -0.02008      -0.05376
Inertia tensor (3x3):
   Inertia tensor[    0]={ 2.72730e+02,  9.62109e+00, -8.39727e+01}
   Inertia tensor[    1]={ 9.62109e+00,  1.43871e+03,  3.26055e+02}
   Inertia tensor[    2]={-8.39727e+01,  3.26055e+02,  5.79050e+02}
           Step           Time
          35000      140.00000

Group rest with mass  2.85129e+03, Ekrot  2.03731e+00 Det(I) =  2.32660e+08
  COM:      4.18499       4.08534       1.99431
  P:        0.00020      -0.00020      -0.00020
  V:        0.00000      -0.00000      -0.00000
  J:      -42.00887       0.00222      80.05378
  w:       -0.02001       0.01745       0.04040
Inertia tensor (3x3):
   Inertia tensor[    0]={ 2.90227e+02, -8.55000e+01, -1.05748e+02}
   Inertia tensor[    1]={-8.55000e+01,  1.87518e+03,  3.04135e+02}
   Inertia tensor[    2]={-1.05748e+02,  3.04135e+02,  5.12136e+02}
Current ref_t for group Protein:    500.0

   Energies (kJ/mol)
          Angle    Proper Dih.  Improper Dih.          LJ-14     Coulomb-14
    1.28645e+03    1.14248e+03    7.92514e+01    4.15892e+02    4.80983e+03
        LJ (SR)   Coulomb (SR)      Potential    Kinetic En.   Total Energy
   -4.08976e+02   -8.35031e+03   -1.02538e+03    1.84475e+03    8.19374e+02
  Conserved En.    Temperature Pressure (bar)   Constr. rmsd
   -1.22590e+04    5.63128e+02   -7.74766e+01    3.58090e-04

Group rest with mass  2.85129e+03, Ekrot  1.36277e+00 Det(I) =  2.82571e+08
  COM:      4.18499       4.03062       1.99431
  P:        0.00058      -0.00002      -0.00018
  V:        0.00000      -0.00000      -0.00000
  J:      -33.15418      -0.00109      76.68598
  w:       -0.01208       0.00790       0.03032
Inertia tensor (3x3):
   Inertia tensor[    0]={ 2.66684e+02,  7.08828e+01, -5.38340e+01}
   Inertia tensor[    1]={ 7.08828e+01,  2.34277e+03,  2.25900e+02}
   Inertia tensor[    2]={-5.38340e+01,  2.25900e+02,  4.91638e+02}
Group rest with mass  2.85129e+03, Ekrot  1.28651e+00 Det(I) =  2.17037e+08
  COM:      4.18499       4.07748       1.99431
  P:        0.00021       0.00025       0.00051
  V:        0.00000       0.00000       0.00000
  J:       20.29685      -0.00070     -70.23644
  w:        0.00878      -0.00966      -0.03410
Inertia tensor (3x3):
   Inertia tensor[    0]={ 2.80922e+02,  1.15609e+02, -3.62363e+01}
   Inertia tensor[    1]={ 1.15609e+02,  1.85689e+03,  2.41902e+02}
   Inertia tensor[    2]={-3.62363e+01,  2.41902e+02,  4.68134e+02}
Group rest with mass  2.85129e+03, Ekrot  3.22255e+00 Det(I) =  2.28854e+08
  COM:      4.18499       4.06585       1.99431
  P:        0.00010      -0.00012       0.00016
  V:        0.00000      -0.00000       0.00000
  J:      -83.36014      -0.00105     -91.09661
  w:       -0.03414      -0.01394      -0.03951
Inertia tensor (3x3):
   Inertia tensor[    0]={ 3.16230e+02,  1.16133e+02, -8.68652e+01}
   Inertia tensor[    1]={ 1.16133e+02,  1.97045e+03,  1.58732e+02}
   Inertia tensor[    2]={-8.68652e+01,  1.58732e+02,  4.18109e+02}
Group rest with mass  2.85129e+03, Ekrot  1.18276e+01 Det(I) =  2.64488e+08
  COM:      4.18499       4.08534       1.99431
  P:       -0.00021      -0.00002      -0.00008
  V:       -0.00000      -0.00000      -0.00000
  J:      179.56465       0.00004     147.86057
  w:        0.07312       0.03421       0.07119
Inertia tensor (3x3):
   Inertia tensor[    0]={ 2.95477e+02,  8.82109e+01, -6.58926e+01}
   Inertia tensor[    1]={ 8.82109e+01,  1.86888e+03,  3.22410e+02}
   Inertia tensor[    2]={-6.58926e+01,  3.22410e+02,  5.64013e+02}
Group rest with mass  2.85129e+03, Ekrot  2.17421e+00 Det(I) =  3.08879e+08
  COM:      4.18499       4.05798       1.99431
  P:        0.00025       0.00017       0.00002
  V:        0.00000       0.00000       0.00000
  J:      -59.07304      -0.00044     -83.67520
  w:       -0.02271      -0.01666      -0.03594
Inertia tensor (3x3):
   Inertia tensor[    0]={ 3.09102e+02,  1.72422e+02, -3.62988e+01}
   Inertia tensor[    1]={ 1.72422e+02,  2.12867e+03,  2.85496e+02}
   Inertia tensor[    2]={-3.62988e+01,  2.85496e+02,  5.41908e+02}
Group rest with mass  2.85129e+03, Ekrot  4.07507e+00 Det(I) =  4.03455e+08
  COM:      4.18499       4.03438       1.99431
  P:        0.00034       0.00002      -0.00013
  V:        0.00000       0.00000      -0.00000
  J:     -135.23282       0.00135     -60.92387
  w:       -0.04890      -0.01977      -0.02524
Inertia tensor (3x3):
   Inertia tensor[    0]={ 3.55648e+02,  2.22176e+02, -3.84004e+01}
   Inertia tensor[    1]={ 2.22176e+02,  2.23375e+03,  3.19617e+02}
   Inertia tensor[    2]={-3.84004e+01,  3.19617e+02,  6.02006e+02}
Group rest with mass  2.85129e+03, Ekrot  1.50897e+00 Det(I) =  2.55386e+08
  COM:      4.18499       4.14594       1.99431
  P:        0.00006      -0.00023      -0.00005
  V:        0.00000      -0.00000      -0.00000
  J:       70.32829       0.00059       1.50489
  w:        0.04294       0.00176      -0.00113
Inertia tensor (3x3):
   Inertia tensor[    0]={ 5.03664e+02,  5.64375e+01, -8.79492e+01}
   Inertia tensor[    1]={ 5.64375e+01,  9.85184e+02,  3.38594e+02}
   Inertia tensor[    2]={-8.79492e+01,  3.38594e+02,  6.57403e+02}
           Step           Time
          40000      160.00000

Current ref_t for group Protein:   1100.0

   Energies (kJ/mol)
          Angle    Proper Dih.  Improper Dih.          LJ-14     Coulomb-14
    2.30692e+03    1.37383e+03    1.37562e+02    4.81985e+02    4.82271e+03
        LJ (SR)   Coulomb (SR)      Potential    Kinetic En.   Total Energy
   -3.37640e+02   -8.07627e+03    7.09097e+02    3.59536e+03    4.30446e+03
  Conserved En.    Temperature Pressure (bar)   Constr. rmsd
   -1.69052e+04    1.09752e+03   -4.64854e-01    5.70578e-04

Group rest with mass  2.85129e+03, Ekrot  1.04172e+00 Det(I) =  2.47464e+08
  COM:      4.18499       4.14594       1.99431
  P:       -0.00007      -0.00003      -0.00012
  V:       -0.00000      -0.00000      -0.00000
  J:      -34.50782       0.00088     -48.21754
  w:       -0.02008      -0.00336      -0.02884
Inertia tensor (3x3):
   Inertia tensor[    0]={ 6.54480e+02,  1.39141e+01, -2.20904e+02}
   Inertia tensor[    1]={ 1.39141e+01,  8.78566e+02,  1.27861e+02}
   Inertia tensor[    2]={-2.20904e+02,  1.27861e+02,  5.25081e+02}
           Step           Time
          45000      180.00000

Current ref_t for group Protein:   1100.0

   Energies (kJ/mol)
          Angle    Proper Dih.  Improper Dih.          LJ-14     Coulomb-14
    2.31167e+03    1.34376e+03    1.51976e+02    5.48325e+02    4.87532e+03
        LJ (SR)   Coulomb (SR)      Potential    Kinetic En.   Total Energy
   -3.05900e+02   -8.02288e+03    9.02265e+02    3.48110e+03    4.38336e+03
  Conserved En.    Temperature Pressure (bar)   Constr. rmsd
   -2.43078e+04    1.06264e+03    1.88242e+02    4.73332e-04

Group rest with mass  2.85129e+03, Ekrot  1.68731e+00 Det(I) =  2.14812e+08
  COM:      4.18499       4.13807       1.99431
  P:       -0.00033       0.00012       0.00009
  V:       -0.00000       0.00000       0.00000
  J:      -87.01227       0.00219       5.47694
  w:       -0.03929      -0.01702      -0.00809
Inertia tensor (3x3):
   Inertia tensor[    0]={ 5.05160e+02,  3.39625e+02,  2.83859e+02}
   Inertia tensor[    1]={ 3.39625e+02,  1.78262e+03,  7.54377e+02}
   Inertia tensor[    2]={ 2.83859e+02,  7.54377e+02,  6.37416e+02}
Group rest with mass  2.85129e+03, Ekrot  1.21292e+00 Det(I) =  2.05222e+08
  COM:      4.18499       4.13807       1.99431
  P:        0.00006      -0.00018       0.00018
  V:        0.00000      -0.00000       0.00000
  J:       44.13655       0.00040      42.79177
  w:        0.02467       0.02306       0.03124
Inertia tensor (3x3):
   Inertia tensor[    0]={ 4.63449e+02,  1.57711e+02,  1.84088e+02}
   Inertia tensor[    1]={ 1.57711e+02,  1.54970e+03,  6.74701e+02}
   Inertia tensor[    2]={ 1.84088e+02,  6.74701e+02,  6.19521e+02}
           Step           Time
          50000      200.00000

Current ref_t for group Protein:   1100.0

   Energies (kJ/mol)
          Angle    Proper Dih.  Improper Dih.          LJ-14     Coulomb-14
    2.37141e+03    1.40012e+03    2.31501e+02    5.46697e+02    4.72326e+03
        LJ (SR)   Coulomb (SR)      Potential    Kinetic En.   Total Energy
   -2.82300e+02   -7.72447e+03    1.26623e+03    3.45935e+03    4.72558e+03
  Conserved En.    Temperature Pressure (bar)   Constr. rmsd
   -3.19227e+04    1.05600e+03    2.23064e+02    5.26883e-04

Group rest with mass  2.85129e+03, Ekrot  1.43718e+01 Det(I) =  3.41205e+08
  COM:      4.18499       4.06385       1.99431
  P:        0.00032       0.00017      -0.00021
  V:        0.00000       0.00000      -0.00000
  J:      179.63792       0.00063     189.91135
  w:        0.06746       0.05990       0.08754
Inertia tensor (3x3):
   Inertia tensor[    0]={ 3.71367e+02,  7.42031e+01,  8.52441e+01}
   Inertia tensor[    1]={ 7.42031e+01,  2.26659e+03,  5.88809e+02}
   Inertia tensor[    2]={ 8.52441e+01,  5.88809e+02,  5.72781e+02}
Group rest with mass  2.85129e+03, Ekrot  8.63161e+00 Det(I) =  4.41581e+08
  COM:      4.18499       3.99539       1.99431
  P:       -0.00065      -0.00041       0.00002
  V:       -0.00000      -0.00000       0.00000
  J:      -52.54449       0.00146    -225.43709
  w:       -0.02072      -0.02766      -0.07175
Inertia tensor (3x3):
   Inertia tensor[    0]={ 4.96160e+02,  1.51141e+02,  1.26406e+02}
   Inertia tensor[    1]={ 1.51141e+02,  2.79582e+03,  2.94053e+02}
   Inertia tensor[    2]={ 1.26406e+02,  2.94053e+02,  3.79615e+02}
Group rest with mass  2.85129e+03, Ekrot  1.01498e+01 Det(I) =  2.83364e+08
  COM:      4.18499       4.07958       1.99431
  P:        0.00059       0.00002       0.00035
  V:        0.00000       0.00000       0.00000
  J:       29.85238       0.00098    -213.92126
  w:        0.01074      -0.02071      -0.09339
Inertia tensor (3x3):
   Inertia tensor[    0]={ 4.84742e+02,  1.58113e+02,  3.21660e+01}
   Inertia tensor[    1]={ 1.58113e+02,  1.84704e+03,  2.02885e+02}
   Inertia tensor[    2]={ 3.21660e+01,  2.02885e+02,  3.48329e+02}
Group rest with mass  2.85129e+03, Ekrot  7.10855e+00 Det(I) =  3.63107e+08
  COM:      4.18499       4.00129       1.99431
  P:        0.00035       0.00015       0.00010
  V:        0.00000       0.00000       0.00000
  J:      199.21704      -0.00084      -5.82483
  w:        0.07136       0.00335      -0.00019
Inertia tensor (3x3):
   Inertia tensor[    0]={ 6.21426e+02,  4.05938e+01,  6.99883e+01}
   Inertia tensor[    1]={ 4.05938e+01,  2.55497e+03,  6.99863e+01}
   Inertia tensor[    2]={ 6.99883e+01,  6.99863e+01,  2.38493e+02}
Group rest with mass  2.85129e+03, Ekrot  2.60221e+00 Det(I) =  3.46652e+08
  COM:      4.18499       4.06961       1.99431
  P:        0.00006       0.00007       0.00011
  V:        0.00000       0.00000       0.00000
  J:     -108.86131      -0.00046      -2.04716
  w:       -0.04777      -0.00299      -0.00183
Inertia tensor (3x3):
   Inertia tensor[    0]={ 5.62547e+02,  6.29297e+01,  6.36270e+01}
   Inertia tensor[    1]={ 6.29297e+01,  1.94446e+03, -1.65434e+02}
   Inertia tensor[    2]={ 6.36270e+01, -1.65434e+02,  3.40625e+02}
Group rest with mass  2.85129e+03, Ekrot  1.63559e+01 Det(I) =  1.82229e+08
  COM:      4.18499       4.14594       1.99431
  P:        0.00029       0.00003       0.00009
  V:        0.00000       0.00000       0.00000
  J:     -208.55544      -0.00085     101.49782
  w:       -0.12781      -0.02428       0.05967
Inertia tensor (3x3):
   Inertia tensor[    0]={ 5.21996e+02,  9.34766e+00,  1.20346e+02}
   Inertia tensor[    1]={ 9.34766e+00,  1.08157e+03, -3.94146e+02}
   Inertia tensor[    2]={ 1.20346e+02, -3.94146e+02,  4.95800e+02}
Group rest with mass  2.85129e+03, Ekrot  2.71596e+01 Det(I) =  3.75163e+08
  COM:      4.18499       4.06585       1.99431
  P:       -0.00056      -0.00027      -0.00008
  V:       -0.00000      -0.00000      -0.00000
  J:      319.83835      -0.00025      59.99870
  w:        0.16488      -0.00846       0.02638
Inertia tensor (3x3):
   Inertia tensor[    0]={ 6.06348e+02, -2.69570e+01, -3.48633e+01}
   Inertia tensor[    1]={-2.69570e+01,  1.50323e+03, -1.64756e+02}
   Inertia tensor[    2]={-3.48633e+01, -1.64756e+02,  4.32344e+02}
Group rest with mass  2.85129e+03, Ekrot  5.72341e+00 Det(I) =  1.77410e+08
  COM:      4.18499       4.14594       1.99431
  P:       -0.00045      -0.00024       0.00052
  V:       -0.00000      -0.00000       0.00000
  J:     -120.26428       0.00125     -39.28468
  w:       -0.08521       0.01725      -0.03054
Inertia tensor (3x3):
   Inertia tensor[    0]={ 5.56406e+02, -9.93281e+01, -5.49492e+01}
   Inertia tensor[    1]={-9.93281e+01,  7.94656e+02, -3.85748e+02}
   Inertia tensor[    2]={-5.49492e+01, -3.85748e+02,  6.17219e+02}
           Step           Time
          55000      220.00000

Group rest with mass  2.85129e+03, Ekrot  7.51896e+00 Det(I) =  6.81955e+08
  COM:      4.18499       4.05012       1.99431
  P:        0.00049       0.00035      -0.00033
  V:        0.00000       0.00000      -0.00000
  J:      188.55701      -0.00171     -10.70690
  w:        0.07951       0.00207      -0.00431
Inertia tensor (3x3):
   Inertia tensor[    0]={ 7.03770e+02,  1.60859e+01,  1.03320e+01}
   Inertia tensor[    1]={ 1.60859e+01,  1.75325e+03, -3.37818e+02}
   Inertia tensor[    2]={ 1.03320e+01, -3.37818e+02,  6.18153e+02}
Current ref_t for group Protein:   1100.0

   Energies (kJ/mol)
          Angle    Proper Dih.  Improper Dih.          LJ-14     Coulomb-14
    2.37751e+03    1.39669e+03    1.23873e+02    4.54060e+02    4.82661e+03
        LJ (SR)   Coulomb (SR)      Potential    Kinetic En.   Total Energy
   -2.97311e+02   -7.91666e+03    9.64777e+02    3.70016e+03    4.66493e+03
  Conserved En.    Temperature Pressure (bar)   Constr. rmsd
   -3.97006e+04    1.12951e+03   -8.99128e+01    5.87041e-04

Group rest with mass  2.85129e+03, Ekrot  3.81961e+00 Det(I) =  2.04342e+08
  COM:      4.18499       4.14594       1.99431
  P:        0.00006       0.00010       0.00038
  V:        0.00000       0.00000       0.00000
  J:     -108.90173       0.00443       6.04648
  w:       -0.07034       0.00803      -0.00352
Inertia tensor (3x3):
   Inertia tensor[    0]={ 6.32992e+02, -1.18758e+02,  1.06600e+02}
   Inertia tensor[    1]={-1.18758e+02,  9.36359e+02, -5.07096e+02}
   Inertia tensor[    2]={ 1.06600e+02, -5.07096e+02,  6.30680e+02}
           Step           Time
          60000      240.00000

Current ref_t for group Protein:   1100.0

   Energies (kJ/mol)
          Angle    Proper Dih.  Improper Dih.          LJ-14     Coulomb-14
    2.55428e+03    1.42134e+03    1.47433e+02    5.12527e+02    4.93567e+03
        LJ (SR)   Coulomb (SR)      Potential    Kinetic En.   Total Energy
   -3.28503e+02   -7.92089e+03    1.32185e+03    3.71971e+03    5.04156e+03
  Conserved En.    Temperature Pressure (bar)   Constr. rmsd
   -4.71522e+04    1.13548e+03    1.03213e+02    5.23555e-04

Group rest with mass  2.85129e+03, Ekrot  2.06121e+00 Det(I) =  3.66663e+08
  COM:      4.18499       4.10107       1.99431
  P:       -0.00030      -0.00013       0.00030
  V:       -0.00000      -0.00000       0.00000
  J:       82.68364       0.00088     -14.41988
  w:        0.04795       0.00676      -0.01096
Inertia tensor (3x3):
   Inertia tensor[    0]={ 5.98590e+02,  1.08703e+02, -5.79316e+01}
   Inertia tensor[    1]={ 1.08703e+02,  1.13827e+03, -2.73025e+02}
   Inertia tensor[    2]={-5.79316e+01, -2.73025e+02,  6.14848e+02}
Group rest with mass  2.85129e+03, Ekrot  2.34024e+00 Det(I) =  5.66959e+08
  COM:      4.18499       4.05798       1.99431
  P:       -0.00036      -0.00011      -0.00043
  V:       -0.00000      -0.00000      -0.00000
  J:      -32.23873       0.00064     -94.79908
  w:       -0.01173       0.01439      -0.04538
Inertia tensor (3x3):
   Inertia tensor[    0]={ 5.36586e+02,  1.44523e+02, -3.17812e+01}
   Inertia tensor[    1]={ 1.44523e+02,  1.68645e+03, -4.48842e+02}
   Inertia tensor[    2]={-3.17812e+01, -4.48842e+02,  7.60871e+02}
Group rest with mass  2.85129e+03, Ekrot  2.30007e+00 Det(I) =  1.95159e+08
  COM:      4.18499       4.14594       1.99431
  P:       -0.00012      -0.00028      -0.00040
  V:       -0.00000      -0.00000      -0.00000
  J:      -51.77856       0.00014      62.50045
  w:       -0.03153      -0.01838       0.04748
Inertia tensor (3x3):
   Inertia tensor[    0]={ 6.22141e+02, -3.01406e+01,  5.00195e+01}
   Inertia tensor[    1]={-3.01406e+01,  8.64422e+02, -5.25938e+02}
   Inertia tensor[    2]={ 5.00195e+01, -5.25938e+02,  6.85113e+02}
           Step           Time
          65000      260.00000

Group rest with mass  2.85129e+03, Ekrot  2.90024e+00 Det(I) =  3.03891e+08
  COM:      4.16926       4.14594       1.99431
  P:       -0.00002       0.00045      -0.00018
  V:       -0.00000       0.00000      -0.00000
  J:        0.00110      77.65099      66.41396
  w:        0.00642       0.04605       0.03350
Inertia tensor (3x3):
   Inertia tensor[    0]={ 9.12699e+02,  3.36570e+02, -2.01115e+02}
   Inertia tensor[    1]={ 3.36570e+02,  7.12934e+02, -2.31691e+02}
   Inertia tensor[    2]={-2.01115e+02, -2.31691e+02,  6.51929e+02}
Current ref_t for group Protein:   1100.0

   Energies (kJ/mol)
          Angle    Proper Dih.  Improper Dih.          LJ-14     Coulomb-14
    2.48866e+03    1.48522e+03    1.55396e+02    5.22615e+02    4.76329e+03
        LJ (SR)   Coulomb (SR)      Potential    Kinetic En.   Total Energy
   -1.24894e+02   -8.14748e+03    1.14280e+03    3.65797e+03    4.80077e+03
  Conserved En.    Temperature Pressure (bar)   Constr. rmsd
   -5.45438e+04    1.11663e+03    5.42088e+02    4.50767e-04

Group rest with mass  2.85129e+03, Ekrot  2.95378e+00 Det(I) =  2.08858e+08
  COM:      4.18499       4.14594       1.99431
  P:       -0.00056       0.00049      -0.00015
  V:       -0.00000       0.00000      -0.00000
  J:        0.00216     -76.53358     -66.96524
  w:       -0.00527      -0.04599      -0.03566
Inertia tensor (3x3):
   Inertia tensor[    0]={ 9.56816e+02,  2.65352e+02, -1.76221e+02}
   Inertia tensor[    1]={ 2.65352e+02,  5.75648e+02, -2.47590e+02}
   Inertia tensor[    2]={-1.76221e+02, -2.47590e+02,  5.45889e+02}
           Step           Time
          70000      280.00000

Current ref_t for group Protein:   1100.0

   Energies (kJ/mol)
          Angle    Proper Dih.  Improper Dih.          LJ-14     Coulomb-14
    2.63828e+03    1.46371e+03    1.66163e+02    5.31206e+02    4.69021e+03
        LJ (SR)   Coulomb (SR)      Potential    Kinetic En.   Total Energy
   -3.07386e+02   -7.89486e+03    1.28732e+03    3.29817e+03    4.58549e+03
  Conserved En.    Temperature Pressure (bar)   Constr. rmsd
   -6.23357e+04    1.00680e+03   -6.98602e+01    5.99690e-04

Group rest with mass  2.85129e+03, Ekrot  9.29665e+00 Det(I) =  4.43357e+08
  COM:      4.05608       4.14594       1.99431
  P:        0.00015       0.00017      -0.00012
  V:        0.00000       0.00000      -0.00000
  J:       -0.00023     211.90096      72.60737
  w:        0.01612       0.08040       0.02144
Inertia tensor (3x3):
   Inertia tensor[    0]={ 2.03260e+03,  2.45820e+02, -1.23117e+02}
   Inertia tensor[    1]={ 2.45820e+02,  4.66613e+02, -2.12066e+02}
   Inertia tensor[    2]={-1.23117e+02, -2.12066e+02,  5.95718e+02}
           Step           Time
          75000      300.00000

Group rest with mass  2.85129e+03, Ekrot  3.93714e+00 Det(I) =  1.89046e+08
  COM:      4.18499       4.14594       1.99431
  P:       -0.00039       0.00038      -0.00053
  V:       -0.00000       0.00000      -0.00000
  J:        0.00053    -108.91599     -49.70214
  w:       -0.01062      -0.06246      -0.02156
Inertia tensor (3x3):
   Inertia tensor[    0]={ 1.13306e+03,  2.11445e+02, -1.24912e+02}
   Inertia tensor[    1]={ 2.11445e+02,  4.24727e+02, -2.36709e+02}
   Inertia tensor[    2]={-1.24912e+02, -2.36709e+02,  5.65035e+02}
Current ref_t for group Protein:   1100.0

   Energies (kJ/mol)
          Angle    Proper Dih.  Improper Dih.          LJ-14     Coulomb-14
    2.44431e+03    1.42196e+03    1.46118e+02    5.33537e+02    4.88340e+03
        LJ (SR)   Coulomb (SR)      Potential    Kinetic En.   Total Energy
   -2.87568e+02   -8.13400e+03    1.00776e+03    3.70919e+03    4.71695e+03
  Conserved En.    Temperature Pressure (bar)   Constr. rmsd
   -6.97924e+04    1.13227e+03   -2.14406e+00    5.60612e-04

Group rest with mass  2.85129e+03, Ekrot  6.92566e+00 Det(I) =  4.70365e+08
  COM:      4.00725       4.14594       1.99431
  P:       -0.00011       0.00008       0.00050
  V:       -0.00000       0.00000       0.00000
  J:       -0.00001     -60.24859     194.70020
  w:        0.00030      -0.02287       0.06406
Inertia tensor (3x3):
   Inertia tensor[    0]={ 2.63730e+03, -1.03066e+02, -3.25293e+01}
   Inertia tensor[    1]={-1.03066e+02,  4.59324e+02, -1.61416e+02}
   Inertia tensor[    2]={-3.25293e+01, -1.61416e+02,  4.50257e+02}
Group rest with mass  2.85129e+03, Ekrot  2.76191e+00 Det(I) =  2.90121e+08
  COM:      4.16926       4.14594       1.99431
  P:       -0.00008       0.00015       0.00022
  V:       -0.00000       0.00000       0.00000
  J:        0.00123      18.53225     -99.90891
  w:        0.00367       0.01501      -0.05250
Inertia tensor (3x3):
   Inertia tensor[    0]={ 1.45844e+03,  2.37539e+01, -6.15098e+01}
   Inertia tensor[    1]={ 2.37539e+01,  5.05215e+02, -1.97598e+02}
   Inertia tensor[    2]={-6.15098e+01, -1.97598e+02,  4.73201e+02}
Group rest with mass  2.85129e+03, Ekrot  1.81379e+00 Det(I) =  2.98305e+08
  COM:      4.13030       4.14594       1.99431
  P:        0.00005      -0.00026      -0.00009
  V:        0.00000      -0.00000      -0.00000
  J:        0.00007      62.53035      68.31656
  w:       -0.00450       0.02645       0.02889
Inertia tensor (3x3):
   Inertia tensor[    0]={ 1.81211e+03, -8.39805e+01, -5.73477e+01}
   Inertia tensor[    1]={-8.39805e+01,  4.40062e+02, -1.32734e+02}
   Inertia tensor[    2]={-5.73477e+01, -1.32734e+02,  4.21258e+02}
Group rest with mass  2.85129e+03, Ekrot  7.56273e+00 Det(I) =  3.24846e+08
  COM:      4.08147       4.14594       1.99431
  P:        0.00022       0.00003      -0.00023
  V:        0.00000       0.00000      -0.00000
  J:        0.00059     -44.12865    -194.11592
  w:       -0.00451      -0.01233      -0.07512
Inertia tensor (3x3):
   Inertia tensor[    0]={ 2.11729e+03, -1.38598e+02,  7.42324e+01}
   Inertia tensor[    1]={-1.38598e+02,  4.44516e+02, -1.63695e+02}
   Inertia tensor[    2]={ 7.42324e+01, -1.63695e+02,  4.12885e+02}
Group rest with mass  2.85129e+03, Ekrot  3.43131e+00 Det(I) =  3.17151e+08
  COM:      4.04821       4.14594       1.99431
  P:       -0.00013      -0.00017      -0.00004
  V:       -0.00000      -0.00000      -0.00000
  J:        0.00024      18.68689     136.19182
  w:       -0.00125       0.00450       0.04977
Inertia tensor (3x3):
   Inertia tensor[    0]={ 2.30983e+03, -1.89945e+02, -3.04883e+00}
   Inertia tensor[    1]={-1.89945e+02,  4.14301e+02, -1.35836e+02}
   Inertia tensor[    2]={-3.04883e+00, -1.35836e+02,  3.90854e+02}
           Step           Time
          80000      320.00000

Group rest with mass  2.85129e+03, Ekrot  1.47207e+00 Det(I) =  2.67812e+08
  COM:      4.10880       4.14594       1.99431
  P:       -0.00002       0.00041      -0.00035
  V:       -0.00000       0.00000      -0.00000
  J:       -0.00020      -1.91281     -82.47399
  w:       -0.00267       0.00286      -0.03576
Inertia tensor (3x3):
   Inertia tensor[    0]={ 1.87776e+03, -1.59234e+02,  5.37344e+01}
   Inertia tensor[    1]={-1.59234e+02,  4.50469e+02, -2.27088e+02}
   Inertia tensor[    2]={ 5.37344e+01, -2.27088e+02,  4.41260e+02}
Current ref_t for group Protein:    373.3

   Energies (kJ/mol)
          Angle    Proper Dih.  Improper Dih.          LJ-14     Coulomb-14
    1.00073e+03    1.11158e+03    6.20323e+01    4.36483e+02    4.97588e+03
        LJ (SR)   Coulomb (SR)      Potential    Kinetic En.   Total Energy
   -2.75728e+02   -8.78444e+03   -1.47346e+03    1.21732e+03   -2.56139e+02
  Conserved En.    Temperature Pressure (bar)   Constr. rmsd
   -7.38705e+04    3.71598e+02    9.16659e+01    2.42387e-04

Group rest with mass  2.85129e+03, Ekrot  1.78535e+00 Det(I) =  2.95046e+08
  COM:      4.05608       4.14594       1.99431
  P:       -0.00003       0.00006       0.00006
  V:       -0.00000       0.00000       0.00000
  J:       -0.00003      95.38244      26.91265
  w:       -0.00637       0.03520       0.00794
Inertia tensor (3x3):
   Inertia tensor[    0]={ 2.23294e+03, -1.67703e+02,  8.49219e+01}
   Inertia tensor[    1]={-1.67703e+02,  3.50719e+02, -1.66557e+02}
   Inertia tensor[    2]={ 8.49219e+01, -1.66557e+02,  4.69896e+02}
           Step           Time
          85000      340.00000

Current ref_t for group Protein:     10.0

   Energies (kJ/mol)
          Angle    Proper Dih.  Improper Dih.          LJ-14     Coulomb-14
    2.93855e+02    8.73216e+02    1.92673e+01    3.55272e+02    4.98097e+03
        LJ (SR)   Coulomb (SR)      Potential    Kinetic En.   Total Energy
   -4.26960e+02   -8.88253e+03   -2.78691e+03    3.16297e+01   -2.75528e+03
  Conserved En.    Temperature Pressure (bar)   Constr. rmsd
   -7.41745e+04    9.65527e+00    2.09962e+00    1.14534e-04

           Step           Time
          90000      360.00000

Current ref_t for group Protein:     10.0

   Energies (kJ/mol)
          Angle    Proper Dih.  Improper Dih.          LJ-14     Coulomb-14
    3.00707e+02    8.75848e+02    1.92472e+01    3.53657e+02    4.98337e+03
        LJ (SR)   Coulomb (SR)      Potential    Kinetic En.   Total Energy
   -4.39610e+02   -8.88270e+03   -2.78949e+03    3.24612e+01   -2.75703e+03
  Conserved En.    Temperature Pressure (bar)   Constr. rmsd
   -7.41860e+04    9.90909e+00    1.70798e+01    1.11665e-04

           Step           Time
          95000      380.00000

Current ref_t for group Protein:     10.0

   Energies (kJ/mol)
          Angle    Proper Dih.  Improper Dih.          LJ-14     Coulomb-14
    3.00142e+02    8.78384e+02    1.80544e+01    3.56365e+02    4.98677e+03
        LJ (SR)   Coulomb (SR)      Potential    Kinetic En.   Total Energy
   -4.32404e+02   -8.89559e+03   -2.78828e+03    3.26419e+01   -2.75564e+03
  Conserved En.    Temperature Pressure (bar)   Constr. rmsd
   -7.41976e+04    9.96425e+00    1.24037e+01    1.10780e-04

           Step           Time
         100000      400.00000

Current ref_t for group Protein:     10.0

   Energies (kJ/mol)
          Angle    Proper Dih.  Improper Dih.          LJ-14     Coulomb-14
    2.84806e+02    8.75213e+02    1.91035e+01    3.58235e+02    4.99092e+03
        LJ (SR)   Coulomb (SR)      Potential    Kinetic En.   Total Energy
   -4.34534e+02   -8.88651e+03   -2.79276e+03    3.32096e+01   -2.75955e+03
  Conserved En.    Temperature Pressure (bar)   Constr. rmsd
   -7.42081e+04    1.01375e+01    2.18254e+01    1.07280e-04

Group rest with mass  2.85129e+03, Ekrot  7.12081e+00 Det(I) =  2.30826e+08
  COM:      4.10881       4.14594       1.99432
  P:        0.00001       0.00001      -0.00021
  V:        0.00000       0.00000      -0.00000
  J:        0.00025     131.35667     126.84328
  w:       -0.00663       0.05454       0.05579
Inertia tensor (3x3):
   Inertia tensor[    0]={ 1.80359e+03, -1.29531e+02,  3.20938e+01}
   Inertia tensor[    1]={-1.29531e+02,  3.24102e+02, -1.45182e+02}
   Inertia tensor[    2]={ 3.20938e+01, -1.45182e+02,  4.71970e+02}
Group rest with mass  2.85129e+03, Ekrot  7.17693e+00 Det(I) =  2.77134e+08
  COM:      4.08147       4.14594       1.99432
  P:        0.00001       0.00016      -0.00024
  V:        0.00000       0.00000      -0.00000
  J:       -0.00069    -172.18884      67.83592
  w:        0.01656      -0.07026       0.03325
Inertia tensor (3x3):
   Inertia tensor[    0]={ 2.09342e+03, -1.40797e+02,  1.09463e+02}
   Inertia tensor[    1]={-1.40797e+02,  3.49090e+02, -1.64445e+02}
   Inertia tensor[    2]={ 1.09463e+02, -1.64445e+02,  4.68177e+02}
Group rest with mass  2.85129e+03, Ekrot  1.98089e+00 Det(I) =  2.82832e+08
  COM:      4.08148       4.14594       1.99432
  P:       -0.00011       0.00003      -0.00012
  V:       -0.00000       0.00000      -0.00000
  J:       -0.00007      70.98022     -63.86182
  w:       -0.00655       0.03022      -0.02845
Inertia tensor (3x3):
   Inertia tensor[    0]={ 2.07872e+03, -1.28977e+02,  5.44297e+01}
   Inertia tensor[    1]={-1.28977e+02,  3.66742e+02, -1.77178e+02}
   Inertia tensor[    2]={ 5.44297e+01, -1.77178e+02,  4.64900e+02}
Group rest with mass  2.85129e+03, Ekrot  2.26004e+00 Det(I) =  2.57912e+08
  COM:      4.08148       4.14594       1.99432
  P:        0.00003      -0.00003       0.00007
  V:        0.00000      -0.00000       0.00000
  J:        0.00022      58.49759      91.62508
  w:        0.00056       0.02042       0.03630
Inertia tensor (3x3):
   Inertia tensor[    0]={ 2.10120e+03, -1.19121e+02,  7.93164e+01}
   Inertia tensor[    1]={-1.19121e+02,  3.30391e+02, -1.66988e+02}
   Inertia tensor[    2]={ 7.93164e+01, -1.66988e+02,  4.63846e+02}
Group rest with mass  2.85129e+03, Ekrot  3.38859e+00 Det(I) =  2.83277e+08
  COM:      4.08148       4.14594       1.99432
  P:       -0.00012      -0.00010      -0.00008
  V:       -0.00000      -0.00000      -0.00000
  J:       -0.00021    -130.32504       1.59609
  w:        0.00944      -0.05195       0.00456
Inertia tensor (3x3):
   Inertia tensor[    0]={ 2.08224e+03, -1.39727e+02,  1.13211e+02}
   Inertia tensor[    1]={-1.39727e+02,  3.57352e+02, -1.62717e+02}
   Inertia tensor[    2]={ 1.13211e+02, -1.62717e+02,  4.66264e+02}
Group rest with mass  2.85129e+03, Ekrot  1.00951e+00 Det(I) =  3.06332e+08
  COM:      4.05608       4.14594       1.99432
  P:       -0.00017       0.00011       0.00011
  V:       -0.00000       0.00000       0.00000
  J:       -0.00071     -53.70183     -51.53798
  w:        0.00328      -0.01931      -0.01906
Inertia tensor (3x3):
   Inertia tensor[    0]={ 2.16443e+03, -1.95883e+02,  5.20215e+01}
   Inertia tensor[    1]={-1.95883e+02,  3.62648e+02, -1.65863e+02}
   Inertia tensor[    2]={ 5.20215e+01, -1.65863e+02,  4.86873e+02}
           Step           Time
         105000      420.00000

Group rest with mass  2.85129e+03, Ekrot  4.35485e+00 Det(I) =  2.91652e+08
  COM:      4.06785       4.14594       1.99432
  P:       -0.00011      -0.00022      -0.00000
  V:       -0.00000      -0.00000      -0.00000
  J:        0.00079      19.19547     146.79410
  w:       -0.00015       0.00364       0.05886
Inertia tensor (3x3):
   Inertia tensor[    0]={ 2.11534e+03, -1.46352e+02,  6.89648e+00}
   Inertia tensor[    1]={-1.46352e+02,  3.68402e+02, -1.67092e+02}
   Inertia tensor[    2]={ 6.89648e+00, -1.67092e+02,  4.62334e+02}
Current ref_t for group Protein:    300.0

   Energies (kJ/mol)
          Angle    Proper Dih.  Improper Dih.          LJ-14     Coulomb-14
    7.79309e+02    1.05177e+03    5.02338e+01    4.37384e+02    5.09300e+03
        LJ (SR)   Coulomb (SR)      Potential    Kinetic En.   Total Energy
   -4.09914e+02   -8.83334e+03   -1.83156e+03    1.00005e+03   -8.31510e+02
  Conserved En.    Temperature Pressure (bar)   Constr. rmsd
   -7.50951e+04    3.05275e+02   -5.66470e+01    2.38473e-04

Group rest with mass  2.85129e+03, Ekrot  2.81233e+00 Det(I) =  2.72694e+08
  COM:      4.10881       4.14594       1.99432
  P:       -0.00017       0.00003      -0.00009
  V:       -0.00000       0.00000      -0.00000
  J:       -0.00007      34.98539    -104.32053
  w:       -0.00471       0.01892      -0.04757
Inertia tensor (3x3):
   Inertia tensor[    0]={ 1.82647e+03, -2.45586e+02, -1.27207e+01}
   Inertia tensor[    1]={-2.45586e+02,  4.20906e+02, -1.40307e+02}
   Inertia tensor[    2]={-1.27207e+01, -1.40307e+02,  4.36996e+02}
           Step           Time
         110000      440.00000

Current ref_t for group Protein:    300.0

   Energies (kJ/mol)
          Angle    Proper Dih.  Improper Dih.          LJ-14     Coulomb-14
    8.30017e+02    1.02631e+03    4.78211e+01    4.06414e+02    4.98062e+03
        LJ (SR)   Coulomb (SR)      Potential    Kinetic En.   Total Energy
   -4.48162e+02   -8.70326e+03   -1.86024e+03    8.95845e+02   -9.64398e+02
  Conserved En.    Temperature Pressure (bar)   Constr. rmsd
   -7.60647e+04    2.73465e+02    8.12546e+01    2.02783e-04

           Step           Time
         115000      460.00000

Current ref_t for group Protein:    300.0

   Energies (kJ/mol)
          Angle    Proper Dih.  Improper Dih.          LJ-14     Coulomb-14
    8.18047e+02    1.04503e+03    5.27939e+01    4.01446e+02    5.02153e+03
        LJ (SR)   Coulomb (SR)      Potential    Kinetic En.   Total Energy
   -4.13293e+02   -8.84541e+03   -1.91985e+03    9.28316e+02   -9.91538e+02
  Conserved En.    Temperature Pressure (bar)   Constr. rmsd
   -7.70715e+04    2.83378e+02   -4.94311e+01    2.13598e-04

           Step           Time
         120000      480.00000

Current ref_t for group Protein:    300.0

   Energies (kJ/mol)
          Angle    Proper Dih.  Improper Dih.          LJ-14     Coulomb-14
    9.10687e+02    1.02605e+03    6.60104e+01    4.08722e+02    5.01198e+03
        LJ (SR)   Coulomb (SR)      Potential    Kinetic En.   Total Energy
   -4.57353e+02   -8.84766e+03   -1.88156e+03    1.02195e+03   -8.59610e+02
  Conserved En.    Temperature Pressure (bar)   Constr. rmsd
   -7.80344e+04    3.11961e+02   -5.54520e+01    2.26677e-04

           Step           Time
         125000      500.00000

Current ref_t for group Protein:    300.0

   Energies (kJ/mol)
          Angle    Proper Dih.  Improper Dih.          LJ-14     Coulomb-14
    8.88467e+02    1.02942e+03    4.32472e+01    4.01176e+02    5.05054e+03
        LJ (SR)   Coulomb (SR)      Potential    Kinetic En.   Total Energy
   -4.21807e+02   -8.90758e+03   -1.91654e+03    9.42270e+02   -9.74265e+02
  Conserved En.    Temperature Pressure (bar)   Constr. rmsd
   -7.90300e+04    2.87637e+02    1.94462e+00    2.22362e-04

           Step           Time
         130000      520.00000

Current ref_t for group Protein:    300.0

   Energies (kJ/mol)
          Angle    Proper Dih.  Improper Dih.          LJ-14     Coulomb-14
    8.57615e+02    1.06971e+03    4.60715e+01    4.09177e+02    4.97905e+03
        LJ (SR)   Coulomb (SR)      Potential    Kinetic En.   Total Energy
   -3.76971e+02   -8.82570e+03   -1.84105e+03    9.77971e+02   -8.63081e+02
  Conserved En.    Temperature Pressure (bar)   Constr. rmsd
   -7.99719e+04    2.98535e+02    4.46573e+01    2.28163e-04

           Step           Time
         135000      540.00000

Current ref_t for group Protein:    300.0

   Energies (kJ/mol)
          Angle    Proper Dih.  Improper Dih.          LJ-14     Coulomb-14
    7.88091e+02    1.02572e+03    5.34494e+01    4.15598e+02    5.00590e+03
        LJ (SR)   Coulomb (SR)      Potential    Kinetic En.   Total Energy
   -3.44728e+02   -8.88641e+03   -1.94237e+03    9.14158e+02   -1.02821e+03
  Conserved En.    Temperature Pressure (bar)   Constr. rmsd
   -8.09298e+04    2.79056e+02    1.10952e+02    2.14431e-04

           Step           Time
         140000      560.00000

Current ref_t for group Protein:    300.0

   Energies (kJ/mol)
          Angle    Proper Dih.  Improper Dih.          LJ-14     Coulomb-14
    8.15573e+02    1.05253e+03    5.43042e+01    3.77059e+02    5.00542e+03
        LJ (SR)   Coulomb (SR)      Potential    Kinetic En.   Total Energy
   -3.85818e+02   -8.82373e+03   -1.90466e+03    9.96130e+02   -9.08534e+02
  Conserved En.    Temperature Pressure (bar)   Constr. rmsd
   -8.19357e+04    3.04078e+02   -1.23687e+02    2.54929e-04

           Step           Time
         145000      580.00000

Current ref_t for group Protein:    300.0

   Energies (kJ/mol)
          Angle    Proper Dih.  Improper Dih.          LJ-14     Coulomb-14
    8.39223e+02    1.03357e+03    4.71697e+01    3.83435e+02    4.95673e+03
        LJ (SR)   Coulomb (SR)      Potential    Kinetic En.   Total Energy
   -4.11531e+02   -8.83528e+03   -1.98669e+03    9.34369e+02   -1.05232e+03
  Conserved En.    Temperature Pressure (bar)   Constr. rmsd
   -8.29090e+04    2.85225e+02   -6.14949e+01    2.26964e-04

           Step           Time
         150000      600.00000

Current ref_t for group Protein:    300.0

   Energies (kJ/mol)
          Angle    Proper Dih.  Improper Dih.          LJ-14     Coulomb-14
    8.77699e+02    1.04452e+03    4.32286e+01    3.99488e+02    5.02203e+03
        LJ (SR)   Coulomb (SR)      Potential    Kinetic En.   Total Energy
   -4.22089e+02   -8.81550e+03   -1.85062e+03    9.18739e+02   -9.31886e+02
  Conserved En.    Temperature Pressure (bar)   Constr. rmsd
   -8.38868e+04    2.80454e+02    4.45790e+01    2.05530e-04

           Step           Time
         155000      620.00000

Group rest with mass  2.85129e+03, Ekrot  1.09045e+00 Det(I) =  2.01405e+08
  COM:      4.17712       4.14594       1.99432
  P:        0.00037      -0.00001       0.00004
  V:        0.00000      -0.00000       0.00000
  J:       -0.00047      12.96752     -54.59134
  w:        0.00021       0.01078      -0.03739
Inertia tensor (3x3):
   Inertia tensor[    0]={ 1.08995e+03, -1.13301e+02, -3.77422e+01}
   Inertia tensor[    1]={-1.13301e+02,  4.03520e+02, -1.14936e+02}
   Inertia tensor[    2]={-3.77422e+01, -1.14936e+02,  5.09065e+02}
Current ref_t for group Protein:    300.0

   Energies (kJ/mol)
          Angle    Proper Dih.  Improper Dih.          LJ-14     Coulomb-14
    8.67462e+02    1.01000e+03    6.33997e+01    4.09530e+02    4.94770e+03
        LJ (SR)   Coulomb (SR)      Potential    Kinetic En.   Total Energy
   -4.03709e+02   -8.79958e+03   -1.90520e+03    9.50830e+02   -9.54365e+02
  Conserved En.    Temperature Pressure (bar)   Constr. rmsd
   -8.49209e+04    2.90250e+02    7.60672e+01    1.92419e-04

           Step           Time
         160000      640.00000

Current ref_t for group Protein:    300.0

   Energies (kJ/mol)
          Angle    Proper Dih.  Improper Dih.          LJ-14     Coulomb-14
    8.27373e+02    1.01407e+03    4.84491e+01    4.24868e+02    4.96998e+03
        LJ (SR)   Coulomb (SR)      Potential    Kinetic En.   Total Energy
   -3.78600e+02   -8.83539e+03   -1.92924e+03    9.76829e+02   -9.52412e+02
  Conserved En.    Temperature Pressure (bar)   Constr. rmsd
   -8.58674e+04    2.98187e+02    1.10092e+02    1.94402e-04

           Step           Time
         165000      660.00000

Current ref_t for group Protein:    300.0

   Energies (kJ/mol)
          Angle    Proper Dih.  Improper Dih.          LJ-14     Coulomb-14
    8.10521e+02    1.02607e+03    4.83020e+01    3.83279e+02    4.93418e+03
        LJ (SR)   Coulomb (SR)      Potential    Kinetic En.   Total Energy
   -4.38820e+02   -8.73691e+03   -1.97337e+03    9.47443e+02   -1.02593e+03
  Conserved En.    Temperature Pressure (bar)   Constr. rmsd
   -8.68526e+04    2.89216e+02   -6.22848e+01    2.43411e-04

           Step           Time
         170000      680.00000

Current ref_t for group Protein:    300.0

   Energies (kJ/mol)
          Angle    Proper Dih.  Improper Dih.          LJ-14     Coulomb-14
    8.70964e+02    1.01413e+03    4.32825e+01    4.01335e+02    4.96875e+03
        LJ (SR)   Coulomb (SR)      Potential    Kinetic En.   Total Energy
   -3.62801e+02   -8.87266e+03   -1.93700e+03    1.03418e+03   -9.02823e+02
  Conserved En.    Temperature Pressure (bar)   Constr. rmsd
   -8.78365e+04    3.15692e+02    5.79786e+01    2.27357e-04

           Step           Time
         175000      700.00000

Current ref_t for group Protein:    300.0

   Energies (kJ/mol)
          Angle    Proper Dih.  Improper Dih.          LJ-14     Coulomb-14
    8.44312e+02    1.08812e+03    5.17090e+01    3.92725e+02    5.00359e+03
        LJ (SR)   Coulomb (SR)      Potential    Kinetic En.   Total Energy
   -4.22149e+02   -8.86204e+03   -1.90373e+03    9.20885e+02   -9.82846e+02
  Conserved En.    Temperature Pressure (bar)   Constr. rmsd
   -8.87823e+04    2.81109e+02    3.17811e+00    2.19517e-04

           Step           Time
         180000      720.00000

Current ref_t for group Protein:    300.0

   Energies (kJ/mol)
          Angle    Proper Dih.  Improper Dih.          LJ-14     Coulomb-14
    9.77973e+02    1.03520e+03    4.29631e+01    3.82795e+02    4.97210e+03
        LJ (SR)   Coulomb (SR)      Potential    Kinetic En.   Total Energy
   -4.37494e+02   -8.78810e+03   -1.81457e+03    9.42556e+02   -8.72009e+02
  Conserved En.    Temperature Pressure (bar)   Constr. rmsd
   -8.97446e+04    2.87725e+02   -1.13794e+02    2.53593e-04

           Step           Time
         185000      740.00000

Current ref_t for group Protein:    300.0

   Energies (kJ/mol)
          Angle    Proper Dih.  Improper Dih.          LJ-14     Coulomb-14
    9.10780e+02    1.07180e+03    7.04252e+01    4.06299e+02    5.02403e+03
        LJ (SR)   Coulomb (SR)      Potential    Kinetic En.   Total Energy
   -4.11972e+02   -8.92184e+03   -1.85047e+03    9.48606e+02   -9.01867e+02
  Conserved En.    Temperature Pressure (bar)   Constr. rmsd
   -9.07467e+04    2.89571e+02   -1.32976e+01    2.31490e-04

           Step           Time
         190000      760.00000

Current ref_t for group Protein:    300.0

   Energies (kJ/mol)
          Angle    Proper Dih.  Improper Dih.          LJ-14     Coulomb-14
    8.37690e+02    1.02078e+03    4.81946e+01    3.92361e+02    4.99548e+03
        LJ (SR)   Coulomb (SR)      Potential    Kinetic En.   Total Energy
   -3.98767e+02   -8.83728e+03   -1.94155e+03    1.05875e+03   -8.82797e+02
  Conserved En.    Temperature Pressure (bar)   Constr. rmsd
   -9.17076e+04    3.23195e+02   -1.41413e+02    2.85931e-04

Group rest with mass  2.85129e+03, Ekrot  1.81720e+00 Det(I) =  2.54483e+08
  COM:      4.13419       4.14594       1.99431
  P:       -0.00000       0.00012      -0.00015
  V:       -0.00000       0.00000      -0.00000
  J:       -0.00038      82.96512     -15.87490
  w:       -0.01004       0.04203      -0.00927
Inertia tensor (3x3):
   Inertia tensor[    0]={ 1.50092e+03, -2.23090e+02, -4.63848e+01}
   Inertia tensor[    1]={-2.23090e+02,  3.55141e+02, -4.29316e+01}
   Inertia tensor[    2]={-4.63848e+01, -4.29316e+01,  5.35732e+02}
Group rest with mass  2.85129e+03, Ekrot  1.08252e+00 Det(I) =  1.81052e+08
  COM:      4.18499       4.14594       1.99431
  P:        0.00020       0.00021       0.00014
  V:        0.00000       0.00000       0.00000
  J:        0.00020     -56.32757       9.81004
  w:        0.00755      -0.03694       0.00857
Inertia tensor (3x3):
   Inertia tensor[    0]={ 1.03234e+03, -1.72578e+02,  4.64355e+01}
   Inertia tensor[    1]={-1.72578e+02,  3.58684e+02, -4.75664e+01}
   Inertia tensor[    2]={ 4.64355e+01, -4.75664e+01,  5.38619e+02}
           Step           Time
         195000      780.00000

Current ref_t for group Protein:    300.0

   Energies (kJ/mol)
          Angle    Proper Dih.  Improper Dih.          LJ-14     Coulomb-14
    9.01276e+02    1.00766e+03    5.72489e+01    3.94354e+02    4.91946e+03
        LJ (SR)   Coulomb (SR)      Potential    Kinetic En.   Total Energy
   -3.98934e+02   -8.67862e+03   -1.79755e+03    1.00333e+03   -7.94222e+02
  Conserved En.    Temperature Pressure (bar)   Constr. rmsd
   -9.26570e+04    3.06277e+02    8.45900e+01    1.84836e-04

           Step           Time
         200000      800.00000

Current ref_t for group Protein:    300.0

   Energies (kJ/mol)
          Angle    Proper Dih.  Improper Dih.          LJ-14     Coulomb-14
    8.62814e+02    1.03656e+03    5.18837e+01    3.96723e+02    4.96483e+03
        LJ (SR)   Coulomb (SR)      Potential    Kinetic En.   Total Energy
   -4.05988e+02   -8.85876e+03   -1.95194e+03    9.48234e+02   -1.00371e+03
  Conserved En.    Temperature Pressure (bar)   Constr. rmsd
   -9.36526e+04    2.89458e+02    1.52434e+02    1.79649e-04

           Step           Time
         205000      820.00000

Current ref_t for group Protein:    300.0

   Energies (kJ/mol)
          Angle    Proper Dih.  Improper Dih.          LJ-14     Coulomb-14
    8.59807e+02    1.03557e+03    4.83095e+01    4.06774e+02    4.94965e+03
        LJ (SR)   Coulomb (SR)      Potential    Kinetic En.   Total Energy
   -3.66343e+02   -8.84601e+03   -1.91224e+03    9.96603e+02   -9.15641e+02
  Conserved En.    Temperature Pressure (bar)   Constr. rmsd
   -9.46250e+04    3.04223e+02    1.76529e+01    2.19646e-04

           Step           Time
         210000      840.00000

Current ref_t for group Protein:    300.0

   Energies (kJ/mol)
          Angle    Proper Dih.  Improper Dih.          LJ-14     Coulomb-14
    8.33511e+02    1.02940e+03    5.79823e+01    3.89043e+02    5.01487e+03
        LJ (SR)   Coulomb (SR)      Potential    Kinetic En.   Total Energy
   -4.18506e+02   -8.79986e+03   -1.89356e+03    9.43733e+02   -9.49825e+02
  Conserved En.    Temperature Pressure (bar)   Constr. rmsd
   -9.55644e+04    2.88084e+02    1.53727e+01    2.09085e-04

           Step           Time
         215000      860.00000

Current ref_t for group Protein:    300.0

   Energies (kJ/mol)
          Angle    Proper Dih.  Improper Dih.          LJ-14     Coulomb-14
    8.40294e+02    1.05975e+03    3.97218e+01    3.98179e+02    4.95360e+03
        LJ (SR)   Coulomb (SR)      Potential    Kinetic En.   Total Energy
   -3.83970e+02   -8.83173e+03   -1.92416e+03    8.86749e+02   -1.03741e+03
  Conserved En.    Temperature Pressure (bar)   Constr. rmsd
   -9.65506e+04    2.70689e+02    1.08105e+02    1.79218e-04

           Step           Time
         220000      880.00000

Current ref_t for group Protein:    300.0

   Energies (kJ/mol)
          Angle    Proper Dih.  Improper Dih.          LJ-14     Coulomb-14
    8.76018e+02    1.04713e+03    4.01850e+01    3.75064e+02    4.96478e+03
        LJ (SR)   Coulomb (SR)      Potential    Kinetic En.   Total Energy
   -4.21914e+02   -8.79307e+03   -1.91182e+03    9.18007e+02   -9.93809e+02
  Conserved En.    Temperature Pressure (bar)   Constr. rmsd
   -9.75229e+04    2.80231e+02   -2.09865e+02    2.51224e-04

           Step           Time
         225000      900.00000

Current ref_t for group Protein:    300.0

   Energies (kJ/mol)
          Angle    Proper Dih.  Improper Dih.          LJ-14     Coulomb-14
    7.85090e+02    1.02423e+03    4.30905e+01    3.95342e+02    4.94093e+03
        LJ (SR)   Coulomb (SR)      Potential    Kinetic En.   Total Energy
   -3.93078e+02   -8.77834e+03   -1.98273e+03    9.69224e+02   -1.01351e+03
  Conserved En.    Temperature Pressure (bar)   Constr. rmsd
   -9.84869e+04    2.95865e+02    9.27858e+01    1.90694e-04

           Step           Time
         230000      920.00000

Current ref_t for group Protein:    300.0

   Energies (kJ/mol)
          Angle    Proper Dih.  Improper Dih.          LJ-14     Coulomb-14
    9.36672e+02    1.03521e+03    5.68183e+01    3.80181e+02    4.88576e+03
        LJ (SR)   Coulomb (SR)      Potential    Kinetic En.   Total Energy
   -3.81150e+02   -8.80530e+03   -1.89180e+03    1.00930e+03   -8.82503e+02
  Conserved En.    Temperature Pressure (bar)   Constr. rmsd
   -9.94679e+04    3.08098e+02   -9.05372e+01    2.69411e-04

           Step           Time
         235000      940.00000

Current ref_t for group Protein:    300.0

   Energies (kJ/mol)
          Angle    Proper Dih.  Improper Dih.          LJ-14     Coulomb-14
    8.59432e+02    1.08478e+03    6.19473e+01    4.07524e+02    4.95715e+03
        LJ (SR)   Coulomb (SR)      Potential    Kinetic En.   Total Energy
   -3.78447e+02   -8.86541e+03   -1.87302e+03    9.58330e+02   -9.14693e+02
  Conserved En.    Temperature Pressure (bar)   Constr. rmsd
   -1.00468e+05    2.92540e+02    1.67540e+02    1.92048e-04

           Step           Time
         240000      960.00000

Current ref_t for group Protein:    300.0

   Energies (kJ/mol)
          Angle    Proper Dih.  Improper Dih.          LJ-14     Coulomb-14
    8.21052e+02    1.04050e+03    5.65249e+01    4.05833e+02    4.94831e+03
        LJ (SR)   Coulomb (SR)      Potential    Kinetic En.   Total Energy
   -4.55196e+02   -8.77653e+03   -1.95950e+03    8.39821e+02   -1.11968e+03
  Conserved En.    Temperature Pressure (bar)   Constr. rmsd
   -1.01446e+05    2.56364e+02    5.47227e+01    1.90619e-04

           Step           Time
         245000      980.00000

Current ref_t for group Protein:    300.0

   Energies (kJ/mol)
          Angle    Proper Dih.  Improper Dih.          LJ-14     Coulomb-14
    8.36771e+02    1.00649e+03    4.06170e+01    3.77746e+02    4.93243e+03
        LJ (SR)   Coulomb (SR)      Potential    Kinetic En.   Total Energy
   -4.21806e+02   -8.78780e+03   -2.01556e+03    1.01360e+03   -1.00196e+03
  Conserved En.    Temperature Pressure (bar)   Constr. rmsd
   -1.02428e+05    3.09412e+02    3.85875e+01    2.05767e-04

           Step           Time
         250000     1000.00000

Writing checkpoint, step 250000 at Thu Apr 20 17:05:23 2023


Current ref_t for group Protein:    300.0

   Energies (kJ/mol)
          Angle    Proper Dih.  Improper Dih.          LJ-14     Coulomb-14
    9.62427e+02    1.05241e+03    5.46186e+01    3.67867e+02    4.93632e+03
        LJ (SR)   Coulomb (SR)      Potential    Kinetic En.   Total Energy
   -4.64166e+02   -8.78909e+03   -1.87961e+03    1.03605e+03   -8.43558e+02
  Conserved En.    Temperature Pressure (bar)   Constr. rmsd
   -1.03400e+05    3.16265e+02   -2.11670e+02    2.60111e-04

Current ref_t for group Protein:    300.0

	<======  ###############  ==>
	<====  A V E R A G E S  ====>
	<==  ###############  ======>

	Statistics over 250001 steps using 501 frames

   Energies (kJ/mol)
          Angle    Proper Dih.  Improper Dih.          LJ-14     Coulomb-14
    1.12551e+03    1.09311e+03    6.77160e+01    4.17407e+02    4.94182e+03
        LJ (SR)   Coulomb (SR)      Potential    Kinetic En.   Total Energy
   -3.97591e+02   -8.62884e+03   -1.38088e+03    1.37511e+03   -5.76429e+00
  Conserved En.    Temperature Pressure (bar)   Constr. rmsd
   -6.77325e+04    4.19766e+02   -4.87750e+00    0.00000e+00

   Total Virial (kJ/mol)
    4.99300e+02    2.05082e+01    2.73429e+01
    2.05077e+01    4.77150e+02    2.14839e+01
    2.73429e+01    2.14842e+01    4.52277e+02

   Pressure (bar)
   -1.08113e+01   -5.26598e+00   -5.75439e+00
   -5.26584e+00   -5.48387e+00   -5.59071e+00
   -5.75439e+00   -5.59079e+00    1.66271e+00


	M E G A - F L O P S   A C C O U N T I N G

 NB=Group-cutoff nonbonded kernels    NxN=N-by-N cluster Verlet kernels
 RF=Reaction-Field  VdW=Van der Waals  QSTab=quadratic-spline table
 W3=SPC/TIP3p  W4=TIP4p (single or pairs)
 V&F=Potential and force  V=Potential only  F=Force only

 Computing:                               M-Number         M-Flops  % Flops
-----------------------------------------------------------------------------
 Pair Search distance check             117.704754        1059.343     0.1
 NxN RF Elec. + LJ [F]                17183.353624      652967.438    81.2
 NxN RF Elec. + LJ [V&F]                 34.483592        1862.114     0.2
 NxN RF Electrostatics [F]              197.837304        6132.956     0.8
 NxN RF Electrostatics [V&F]              0.401272          14.446     0.0
 1,4 nonbonded interactions             267.501070       24075.096     3.0
 Shift-X                                  4.020402          24.122     0.0
 Angles                                 186.250745       31290.125     3.9
 Propers                                280.001120       64120.256     8.0
 Impropers                               21.250085        4420.018     0.5
 Virial                                   0.223947           4.031     0.0
 Stop-CM                                  0.201804           2.018     0.0
 Calc-Ekin                               40.200804        1085.422     0.1
 Lincs                                  103.001236        6180.074     0.8
 Lincs-Mat                             2235.026820        8940.107     1.1
 Constraint-V                           206.001648        1648.013     0.2
 Constraint-Vir                           0.206412           4.954     0.0
-----------------------------------------------------------------------------
 Total                                                  803830.534   100.0
-----------------------------------------------------------------------------


     R E A L   C Y C L E   A N D   T I M E   A C C O U N T I N G

On 1 MPI rank, each using 12 OpenMP threads

 Computing:          Num   Num      Call    Wall time         Giga-Cycles
                     Ranks Threads  Count      (s)         total sum    %
-----------------------------------------------------------------------------
 Neighbor search        1   12      10001       7.749        204.548   1.2
 Force                  1   12     250001     188.130       4966.179  29.5
 NB X/F buffer ops.     1   12     490001     102.926       2717.014  16.2
 Write traj.            1   12        501       0.138          3.647   0.0
 Update                 1   12     250001      66.831       1764.171  10.5
 Constraints            1   12     250003     254.450       6716.881  40.0
 Rest                                          16.563        437.220   2.6
-----------------------------------------------------------------------------
 Total                                        636.786      16809.659 100.0
-----------------------------------------------------------------------------

               Core t (s)   Wall t (s)        (%)
       Time:     7641.429      636.786     1200.0
                 (ns/day)    (hour/ns)
Performance:      135.682        0.177
Finished mdrun on rank 0 Thu Apr 20 17:05:23 2023

