              :-) GROMACS - gmx mdrun, 2020.1-Ubuntu-2020.1-1 (-:

                            GROMACS is written by:
     Emile Apol      Rossen Apostolov      Paul Bauer     Herman J.C. Berendsen
    Par Bjelkmar      Christian Blau   Viacheslav Bolnykh     Kevin Boyd    
 Aldert van Buuren   Rudi van Drunen     Anton Feenstra       Alan Gray     
  Gerrit Groenhof     Anca Hamuraru    Vincent Hindriksen  M. Eric Irrgang  
  Aleksei Iupinov   Christoph Junghans     Joe Jordan     Dimitrios Karkoulis
    Peter Kasson        Jiri Kraus      Carsten Kutzner      Per Larsson    
  Justin A. Lemkul    Viveca Lindahl    Magnus Lundborg     Erik Marklund   
    Pascal Merz     Pieter Meulenhoff    Teemu Murtola       Szilard Pall   
    Sander Pronk      Roland Schulz      Michael Shirts    Alexey Shvetsov  
   Alfons Sijbers     Peter Tieleman      Jon Vincent      Teemu Virolainen 
 Christian Wennberg    Maarten Wolf      Artem Zhmurov   
                           and the project leaders:
        Mark Abraham, Berk Hess, Erik Lindahl, and David van der Spoel

Copyright (c) 1991-2000, University of Groningen, The Netherlands.
Copyright (c) 2001-2019, The GROMACS development team at
Uppsala University, Stockholm University and
the Royal Institute of Technology, Sweden.
check out http://www.gromacs.org for more information.

GROMACS is free software; you can redistribute it and/or modify it
under the terms of the GNU Lesser General Public License
as published by the Free Software Foundation; either version 2.1
of the License, or (at your option) any later version.

GROMACS:      gmx mdrun, version 2020.1-Ubuntu-2020.1-1
Executable:   /usr/bin/gmx
Data prefix:  /usr
Working dir:  /content
Process ID:   31560
Command line:
  gmx mdrun -s /content/sandrozzona-multiscala/pep_1_vuoto/Steered/Equilibrazione/pep_1_equili_smd.tpr -v -deffnm /content/sandrozzona-multiscala/pep_1_vuoto/Steered/Equilibrazione/equilibri_smd

GROMACS version:    2020.1-Ubuntu-2020.1-1
Precision:          single
Memory model:       64 bit
MPI library:        thread_mpi
OpenMP support:     enabled (GMX_OPENMP_MAX_THREADS = 64)
GPU support:        disabled
SIMD instructions:  SSE2
FFT library:        fftw-3.3.8-sse2-avx
RDTSCP usage:       disabled
TNG support:        enabled
Hwloc support:      hwloc-2.1.0
Tracing support:    disabled
C compiler:         /usr/bin/cc GNU 9.3.0
C compiler flags:   -msse2 -fexcess-precision=fast -funroll-all-loops
C++ compiler:       /usr/bin/c++ GNU 9.3.0
C++ compiler flags: -msse2 -fexcess-precision=fast -funroll-all-loops -fopenmp


Running on 1 node with total 1 cores, 2 logical cores
Hardware detected:
  CPU info:
    Vendor: Intel
    Brand:  Intel(R) Xeon(R) CPU @ 2.20GHz
    Family: 6   Model: 79   Stepping: 0
    Features: aes apic avx avx2 clfsh cmov cx8 cx16 f16c fma hle htt intel lahf mmx msr nonstop_tsc pcid pclmuldq pdpe1gb popcnt pse rdrnd rdtscp rtm sse2 sse3 sse4.1 sse4.2 ssse3 x2apic
  Hardware topology: Full, with devices
    Sockets, cores, and logical processors:
      Socket  0: [   0   1]
    Numa nodes:
      Node  0 (13616316416 bytes mem):   0   1
      Latency:
               0
         0  1.00
    Caches:
      L1: 32768 bytes, linesize 64 bytes, assoc. 8, shared 2 ways
      L2: 262144 bytes, linesize 64 bytes, assoc. 8, shared 2 ways
      L3: 57671680 bytes, linesize 64 bytes, assoc. 20, shared 2 ways
    PCI devices:
      0000:00:04.0  Id: 1af4:1000  Class: 0x0200  Numa: 0

Highest SIMD level requested by all nodes in run: AVX2_256
SIMD instructions selected at compile time:       SSE2
This program was compiled for different hardware than you are running on,
which could influence performance.
The current CPU can measure timings more accurately than the code in
gmx mdrun was configured to use. This might affect your simulation
speed as accurate timings are needed for load-balancing.
Please consider rebuilding gmx mdrun with the GMX_USE_RDTSCP=ON CMake option.

++++ PLEASE READ AND CITE THE FOLLOWING REFERENCE ++++
M. J. Abraham, T. Murtola, R. Schulz, S. Páll, J. C. Smith, B. Hess, E.
Lindahl
GROMACS: High performance molecular simulations through multi-level
parallelism from laptops to supercomputers
SoftwareX 1 (2015) pp. 19-25
-------- -------- --- Thank You --- -------- --------


++++ PLEASE READ AND CITE THE FOLLOWING REFERENCE ++++
S. Páll, M. J. Abraham, C. Kutzner, B. Hess, E. Lindahl
Tackling Exascale Software Challenges in Molecular Dynamics Simulations with
GROMACS
In S. Markidis & E. Laure (Eds.), Solving Software Challenges for Exascale 8759 (2015) pp. 3-27
-------- -------- --- Thank You --- -------- --------


++++ PLEASE READ AND CITE THE FOLLOWING REFERENCE ++++
S. Pronk, S. Páll, R. Schulz, P. Larsson, P. Bjelkmar, R. Apostolov, M. R.
Shirts, J. C. Smith, P. M. Kasson, D. van der Spoel, B. Hess, and E. Lindahl
GROMACS 4.5: a high-throughput and highly parallel open source molecular
simulation toolkit
Bioinformatics 29 (2013) pp. 845-54
-------- -------- --- Thank You --- -------- --------


++++ PLEASE READ AND CITE THE FOLLOWING REFERENCE ++++
B. Hess and C. Kutzner and D. van der Spoel and E. Lindahl
GROMACS 4: Algorithms for highly efficient, load-balanced, and scalable
molecular simulation
J. Chem. Theory Comput. 4 (2008) pp. 435-447
-------- -------- --- Thank You --- -------- --------


++++ PLEASE READ AND CITE THE FOLLOWING REFERENCE ++++
D. van der Spoel, E. Lindahl, B. Hess, G. Groenhof, A. E. Mark and H. J. C.
Berendsen
GROMACS: Fast, Flexible and Free
J. Comp. Chem. 26 (2005) pp. 1701-1719
-------- -------- --- Thank You --- -------- --------


++++ PLEASE READ AND CITE THE FOLLOWING REFERENCE ++++
E. Lindahl and B. Hess and D. van der Spoel
GROMACS 3.0: A package for molecular simulation and trajectory analysis
J. Mol. Mod. 7 (2001) pp. 306-317
-------- -------- --- Thank You --- -------- --------


++++ PLEASE READ AND CITE THE FOLLOWING REFERENCE ++++
H. J. C. Berendsen, D. van der Spoel and R. van Drunen
GROMACS: A message-passing parallel molecular dynamics implementation
Comp. Phys. Comm. 91 (1995) pp. 43-56
-------- -------- --- Thank You --- -------- --------

Input Parameters:
   integrator                     = md
   tinit                          = 0
   dt                             = 0.002
   nsteps                         = 50000
   init-step                      = 0
   simulation-part                = 1
   comm-mode                      = Angular
   nstcomm                        = 500
   bd-fric                        = 0
   ld-seed                        = 1658869811
   emtol                          = 10
   emstep                         = 0.01
   niter                          = 20
   fcstep                         = 0
   nstcgsteep                     = 1000
   nbfgscorr                      = 10
   rtpi                           = 0.05
   nstxout                        = 500
   nstvout                        = 500
   nstfout                        = 0
   nstlog                         = 5000
   nstcalcenergy                  = 500
   nstenergy                      = 500
   nstxout-compressed             = 0
   compressed-x-precision         = 1000
   cutoff-scheme                  = Verlet
   nstlist                        = 10
   pbc                            = xyz
   periodic-molecules             = false
   verlet-buffer-tolerance        = 0.005
   rlist                          = 1.006
   coulombtype                    = Cut-off
   coulomb-modifier               = Potential-shift
   rcoulomb-switch                = 0
   rcoulomb                       = 1
   epsilon-r                      = 1
   epsilon-rf                     = inf
   vdw-type                       = Cut-off
   vdw-modifier                   = Potential-shift
   rvdw-switch                    = 0
   rvdw                           = 1
   DispCorr                       = No
   table-extension                = 1
   fourierspacing                 = 0.12
   fourier-nx                     = 0
   fourier-ny                     = 0
   fourier-nz                     = 0
   pme-order                      = 4
   ewald-rtol                     = 1e-05
   ewald-rtol-lj                  = 0.001
   lj-pme-comb-rule               = Geometric
   ewald-geometry                 = 0
   epsilon-surface                = 0
   tcoupl                         = Berendsen
   nsttcouple                     = 10
   nh-chain-length                = 0
   print-nose-hoover-chain-variables = false
   pcoupl                         = Berendsen
   pcoupltype                     = Isotropic
   nstpcouple                     = 10
   tau-p                          = 2
   compressibility (3x3):
      compressibility[    0]={ 4.50000e-05,  0.00000e+00,  0.00000e+00}
      compressibility[    1]={ 0.00000e+00,  4.50000e-05,  0.00000e+00}
      compressibility[    2]={ 0.00000e+00,  0.00000e+00,  4.50000e-05}
   ref-p (3x3):
      ref-p[    0]={ 1.00000e+00,  0.00000e+00,  0.00000e+00}
      ref-p[    1]={ 0.00000e+00,  1.00000e+00,  0.00000e+00}
      ref-p[    2]={ 0.00000e+00,  0.00000e+00,  1.00000e+00}
   refcoord-scaling               = COM
   posres-com (3):
      posres-com[0]= 4.99504e-01
      posres-com[1]= 4.95843e-01
      posres-com[2]= 5.03654e-01
   posres-comB (3):
      posres-comB[0]= 4.99504e-01
      posres-comB[1]= 4.95843e-01
      posres-comB[2]= 5.03654e-01
   QMMM                           = false
   QMconstraints                  = 0
   QMMMscheme                     = 0
   MMChargeScaleFactor            = 1
qm-opts:
   ngQM                           = 0
   constraint-algorithm           = Lincs
   continuation                   = false
   Shake-SOR                      = false
   shake-tol                      = 0.0001
   lincs-order                    = 4
   lincs-iter                     = 1
   lincs-warnangle                = 30
   nwall                          = 0
   wall-type                      = 9-3
   wall-r-linpot                  = -1
   wall-atomtype[0]               = -1
   wall-atomtype[1]               = -1
   wall-density[0]                = 0
   wall-density[1]                = 0
   wall-ewald-zfac                = 3
   pull                           = false
   awh                            = false
   rotation                       = false
   interactiveMD                  = false
   disre                          = No
   disre-weighting                = Conservative
   disre-mixed                    = false
   dr-fc                          = 1000
   dr-tau                         = 0
   nstdisreout                    = 100
   orire-fc                       = 0
   orire-tau                      = 0
   nstorireout                    = 100
   free-energy                    = no
   cos-acceleration               = 0
   deform (3x3):
      deform[    0]={ 0.00000e+00,  0.00000e+00,  0.00000e+00}
      deform[    1]={ 0.00000e+00,  0.00000e+00,  0.00000e+00}
      deform[    2]={ 0.00000e+00,  0.00000e+00,  0.00000e+00}
   simulated-tempering            = false
   swapcoords                     = no
   userint1                       = 0
   userint2                       = 0
   userint3                       = 0
   userint4                       = 0
   userreal1                      = 0
   userreal2                      = 0
   userreal3                      = 0
   userreal4                      = 0
   applied-forces:
     electric-field:
       x:
         E0                       = 0
         omega                    = 0
         t0                       = 0
         sigma                    = 0
       y:
         E0                       = 0
         omega                    = 0
         t0                       = 0
         sigma                    = 0
       z:
         E0                       = 0
         omega                    = 0
         t0                       = 0
         sigma                    = 0
     density-guided-simulation:
       active                     = false
       group                      = protein
       similarity-measure         = inner-product
       atom-spreading-weight      = unity
       force-constant             = 1e+09
       gaussian-transform-spreading-width = 0.2
       gaussian-transform-spreading-range-in-multiples-of-width = 4
       reference-density-filename = reference.mrc
       nst                        = 1
       normalize-densities        = true
       adaptive-force-scaling     = false
       adaptive-force-scaling-time-constant = 4
grpopts:
   nrdf:         788
   ref-t:         300
   tau-t:         0.1
annealing:          No
annealing-npoints:           0
   acc:	           0           0           0
   nfreeze:           N           N           N
   energygrp-flags[  0]: 0

Changing nstlist from 10 to 100, rlist from 1.006 to 1.226


Using 1 MPI thread

Non-default thread affinity set, disabling internal thread affinity

Using 2 OpenMP threads 

System total charge: 3.000
Potential shift: LJ r^-12: -1.000e+00 r^-6: -1.000e+00, Coulomb -1e+00
Generated table with 1112 data points for 1-4 COUL.
Tabscale = 500 points/nm
Generated table with 1112 data points for 1-4 LJ6.
Tabscale = 500 points/nm
Generated table with 1112 data points for 1-4 LJ12.
Tabscale = 500 points/nm

Using SIMD 4x4 nonbonded short-range kernels

Using a dual 4x4 pair-list setup updated with dynamic pruning:
  outer list: updated every 100 steps, buffer 0.226 nm, rlist 1.226 nm
  inner list: updated every   6 steps, buffer 0.001 nm, rlist 1.001 nm
At tolerance 0.005 kJ/mol/ps per atom, equivalent classical 1x1 list would be:
  outer list: updated every 100 steps, buffer 0.226 nm, rlist 1.226 nm
  inner list: updated every   6 steps, buffer 0.001 nm, rlist 1.001 nm

Using Lorentz-Berthelot Lennard-Jones combination rule

Removing pbc first time

Initializing LINear Constraint Solver

++++ PLEASE READ AND CITE THE FOLLOWING REFERENCE ++++
B. Hess and H. Bekker and H. J. C. Berendsen and J. G. E. M. Fraaije
LINCS: A Linear Constraint Solver for molecular simulations
J. Comp. Chem. 18 (1997) pp. 1463-1472
-------- -------- --- Thank You --- -------- --------

The number of constraints is 412

++++ PLEASE READ AND CITE THE FOLLOWING REFERENCE ++++
H. J. C. Berendsen, J. P. M. Postma, A. DiNola and J. R. Haak
Molecular dynamics with coupling to an external bath
J. Chem. Phys. 81 (1984) pp. 3684-3690
-------- -------- --- Thank You --- -------- --------

There are: 402 Atoms

Constraining the starting coordinates (step 0)

Constraining the coordinates at t0-dt (step 0)
Center of mass motion removal mode is Angular
We have the following groups for center of mass motion removal:
  0:  rest
RMS relative constraint deviation after constraining: 5.52e-06
Initial temperature: 0.00519544 K

Started mdrun on rank 0 Thu May 11 15:06:00 2023

           Step           Time
              0        0.00000

   Energies (kJ/mol)
          Angle    Proper Dih.  Improper Dih.          LJ-14     Coulomb-14
    1.94839e+02    8.22522e+02    1.03067e+01    3.59508e+02    4.92151e+03
        LJ (SR)   Coulomb (SR) Position Rest.      Potential    Kinetic En.
   -5.75068e+02   -7.06700e+03    1.17887e-02   -1.33337e+03    3.59636e-01
   Total Energy  Conserved En.    Temperature Pressure (bar)   Constr. rmsd
   -1.33301e+03   -1.33301e+03    1.09782e-01   -2.23982e+00    2.77117e-05

Group rest with mass  2.85129e+03, Ekrot  2.81804e+00 Det(I) =  1.60831e+08
  COM:     14.98375      14.94451       7.08567
  P:       10.43130      -9.97981      24.41518
  V:        0.00366      -0.00350       0.00856
  J:      -63.47443     -36.16388      41.05212
  w:       -0.01533      -0.07593       0.04670
Inertia tensor (3x3):
   Inertia tensor[    0]={ 2.72250e+02, -1.77125e+02,  1.50344e+02}
   Inertia tensor[    1]={-1.77125e+02,  2.06625e+03, -9.28062e+02}
   Inertia tensor[    2]={ 1.50344e+02, -9.28062e+02,  7.39125e+02}
Group rest with mass  2.85129e+03, Ekrot  2.12252e+00 Det(I) =  1.60800e+08
  COM:     14.98398      14.94668       7.08582
  P:      -25.70824      -2.65375       4.71993
  V:       -0.00902      -0.00093       0.00166
  J:       41.86337      58.47025      24.74728
  w:        0.00971       0.07284      -0.01700
Inertia tensor (3x3):
   Inertia tensor[    0]={ 2.70688e+02, -1.75562e+02,  1.37125e+02}
   Inertia tensor[    1]={-1.75562e+02,  2.03550e+03, -8.96250e+02}
   Inertia tensor[    2]={ 1.37125e+02, -8.96250e+02,  7.17766e+02}
Group rest with mass  2.85129e+03, Ekrot  2.25408e+00 Det(I) =  1.64349e+08
  COM:     14.98514      14.94418       7.08484
  P:       12.08878     -38.99343     -14.09047
  V:        0.00424      -0.01368      -0.00494
  J:      -22.63961     -65.48872     -39.80072
  w:       -0.00231      -0.07630       0.01359
Inertia tensor (3x3):
   Inertia tensor[    0]={ 2.71000e+02, -1.85438e+02,  1.41906e+02}
   Inertia tensor[    1]={-1.85438e+02,  2.09219e+03, -9.46938e+02}
   Inertia tensor[    2]={ 1.41906e+02, -9.46938e+02,  7.50375e+02}
Group rest with mass  2.85129e+03, Ekrot  1.19318e+00 Det(I) =  1.70964e+08
  COM:     14.98386      14.94610       7.08619
  P:       -9.67828      29.18835       8.89558
  V:       -0.00339       0.01024       0.00312
  J:        6.67863      35.82269      72.92328
  w:        0.00310       0.01039       0.02734
Inertia tensor (3x3):
   Inertia tensor[    0]={ 2.71000e+02, -1.71688e+02,  1.39312e+02}
   Inertia tensor[    1]={-1.71688e+02,  2.06738e+03, -9.07938e+02}
   Inertia tensor[    2]={ 1.39312e+02, -9.07938e+02,  7.36750e+02}
           Step           Time
           5000       10.00000

   Energies (kJ/mol)
          Angle    Proper Dih.  Improper Dih.          LJ-14     Coulomb-14
    7.98937e+02    9.94681e+02    6.30906e+01    3.87574e+02    4.92300e+03
        LJ (SR)   Coulomb (SR) Position Rest.      Potential    Kinetic En.
   -5.22149e+02   -7.52949e+03    3.11626e+02   -5.72729e+02    1.01613e+03
   Total Energy  Conserved En.    Temperature Pressure (bar)   Constr. rmsd
    4.43401e+02   -1.36119e+03    3.10184e+02   -2.75516e+00    5.99443e-05

Group rest with mass  2.85129e+03, Ekrot  1.25354e+00 Det(I) =  1.67401e+08
  COM:     14.98247      14.94391       7.08384
  P:       -9.62140     -35.48875     -36.46169
  V:       -0.00337      -0.01245      -0.01279
  J:       -8.37051     -40.32111       0.10040
  w:        0.00204      -0.06254       0.02454
Inertia tensor (3x3):
   Inertia tensor[    0]={ 2.70188e+02, -1.68562e+02,  1.43094e+02}
   Inertia tensor[    1]={-1.68562e+02,  2.05600e+03, -9.06625e+02}
   Inertia tensor[    2]={ 1.43094e+02, -9.06625e+02,  7.35828e+02}
Group rest with mass  2.85129e+03, Ekrot  1.32354e+00 Det(I) =  1.62481e+08
  COM:     14.98442      14.94528       7.08479
  P:       30.83736      17.68473     -19.63165
  V:        0.01082       0.00620      -0.00689
  J:       49.44186      29.52100     -17.51082
  w:        0.01295       0.05180      -0.02727
Inertia tensor (3x3):
   Inertia tensor[    0]={ 2.71250e+02, -1.76375e+02,  1.47000e+02}
   Inertia tensor[    1]={-1.76375e+02,  2.06038e+03, -9.25969e+02}
   Inertia tensor[    2]={ 1.47000e+02, -9.25969e+02,  7.41922e+02}
           Step           Time
          10000       20.00000

   Energies (kJ/mol)
          Angle    Proper Dih.  Improper Dih.          LJ-14     Coulomb-14
    7.98557e+02    9.96451e+02    4.32996e+01    4.25608e+02    4.88169e+03
        LJ (SR)   Coulomb (SR) Position Rest.      Potential    Kinetic En.
   -5.48333e+02   -7.41201e+03    2.74425e+02   -5.40317e+02    9.69712e+02
   Total Energy  Conserved En.    Temperature Pressure (bar)   Constr. rmsd
    4.29394e+02   -1.41710e+03    2.96014e+02    1.79572e+00    4.49315e-05

Group rest with mass  2.85129e+03, Ekrot  1.17932e+00 Det(I) =  1.71239e+08
  COM:     14.98243      14.94423       7.08527
  P:      -16.18462      11.31276      56.31296
  V:       -0.00568       0.00397       0.01975
  J:      -21.59979     -38.87231       0.93710
  w:       -0.00281      -0.05856       0.02312
Inertia tensor (3x3):
   Inertia tensor[    0]={ 2.78250e+02, -1.80625e+02,  1.39125e+02}
   Inertia tensor[    1]={-1.80625e+02,  2.04631e+03, -9.08500e+02}
   Inertia tensor[    2]={ 1.39125e+02, -9.08500e+02,  7.35609e+02}
           Step           Time
          15000       30.00000

   Energies (kJ/mol)
          Angle    Proper Dih.  Improper Dih.          LJ-14     Coulomb-14
    8.14395e+02    9.44431e+02    7.66527e+01    4.30075e+02    4.96742e+03
        LJ (SR)   Coulomb (SR) Position Rest.      Potential    Kinetic En.
   -5.23160e+02   -7.52855e+03    3.03255e+02   -5.15488e+02    9.07472e+02
   Total Energy  Conserved En.    Temperature Pressure (bar)   Constr. rmsd
    3.91984e+02   -1.47135e+03    2.77015e+02    1.05756e+00    4.91356e-05

           Step           Time
          20000       40.00000

   Energies (kJ/mol)
          Angle    Proper Dih.  Improper Dih.          LJ-14     Coulomb-14
    7.35823e+02    9.67491e+02    6.58483e+01    4.26971e+02    4.96845e+03
        LJ (SR)   Coulomb (SR) Position Rest.      Potential    Kinetic En.
   -5.14420e+02   -7.53256e+03    2.80281e+02   -6.02114e+02    1.00355e+03
   Total Energy  Conserved En.    Temperature Pressure (bar)   Constr. rmsd
    4.01435e+02   -1.53050e+03    3.06343e+02    4.11437e+00    4.39932e-05

           Step           Time
          25000       50.00000

   Energies (kJ/mol)
          Angle    Proper Dih.  Improper Dih.          LJ-14     Coulomb-14
    8.84777e+02    9.41515e+02    5.58756e+01    4.15946e+02    4.96432e+03
        LJ (SR)   Coulomb (SR) Position Rest.      Potential    Kinetic En.
   -5.21134e+02   -7.63304e+03    2.91750e+02   -5.99994e+02    1.02475e+03
   Total Energy  Conserved En.    Temperature Pressure (bar)   Constr. rmsd
    4.24756e+02   -1.58329e+03    3.12815e+02   -5.72212e-01    5.49533e-05

Group rest with mass  2.85129e+03, Ekrot  1.41519e+00 Det(I) =  1.66885e+08
  COM:     14.97812      14.93838       7.08250
  P:       18.15026     -15.69049     -14.71294
  V:        0.00637      -0.00550      -0.00516
  J:        0.68353     -52.39560     -37.60364
  w:        0.00430      -0.05949       0.00770
Inertia tensor (3x3):
   Inertia tensor[    0]={ 2.67625e+02, -1.74438e+02,  1.44094e+02}
   Inertia tensor[    1]={-1.74438e+02,  2.08344e+03, -9.25906e+02}
   Inertia tensor[    2]={ 1.44094e+02, -9.25906e+02,  7.45578e+02}
           Step           Time
          30000       60.00000

   Energies (kJ/mol)
          Angle    Proper Dih.  Improper Dih.          LJ-14     Coulomb-14
    7.96025e+02    9.53936e+02    5.26797e+01    3.92023e+02    4.87785e+03
        LJ (SR)   Coulomb (SR) Position Rest.      Potential    Kinetic En.
   -5.08952e+02   -7.45479e+03    3.14464e+02   -5.76765e+02    9.83014e+02
   Total Energy  Conserved En.    Temperature Pressure (bar)   Constr. rmsd
    4.06248e+02   -1.63931e+03    3.00075e+02   -4.99717e-01    5.77817e-05

           Step           Time
          35000       70.00000

   Energies (kJ/mol)
          Angle    Proper Dih.  Improper Dih.          LJ-14     Coulomb-14
    8.48563e+02    9.88372e+02    5.84410e+01    4.13799e+02    4.90089e+03
        LJ (SR)   Coulomb (SR) Position Rest.      Potential    Kinetic En.
   -5.24689e+02   -7.50550e+03    3.06180e+02   -5.13946e+02    9.49075e+02
   Total Energy  Conserved En.    Temperature Pressure (bar)   Constr. rmsd
    4.35129e+02   -1.70133e+03    2.89714e+02   -5.13288e-01    5.78216e-05

           Step           Time
          40000       80.00000

   Energies (kJ/mol)
          Angle    Proper Dih.  Improper Dih.          LJ-14     Coulomb-14
    8.03454e+02    9.79534e+02    6.68886e+01    4.00637e+02    4.94067e+03
        LJ (SR)   Coulomb (SR) Position Rest.      Potential    Kinetic En.
   -5.14315e+02   -7.54103e+03    2.77669e+02   -5.86497e+02    9.90468e+02
   Total Energy  Conserved En.    Temperature Pressure (bar)   Constr. rmsd
    4.03971e+02   -1.74541e+03    3.02350e+02   -1.03141e+00    6.14807e-05

           Step           Time
          45000       90.00000

   Energies (kJ/mol)
          Angle    Proper Dih.  Improper Dih.          LJ-14     Coulomb-14
    7.64296e+02    9.54849e+02    4.93822e+01    4.33677e+02    4.98797e+03
        LJ (SR)   Coulomb (SR) Position Rest.      Potential    Kinetic En.
   -5.40432e+02   -7.57885e+03    2.87966e+02   -6.41142e+02    1.06816e+03
   Total Energy  Conserved En.    Temperature Pressure (bar)   Constr. rmsd
    4.27018e+02   -1.79763e+03    3.26066e+02    2.85911e-01    6.06061e-05

           Step           Time
          50000      100.00000

Writing checkpoint, step 50000 at Thu May 11 15:06:21 2023


   Energies (kJ/mol)
          Angle    Proper Dih.  Improper Dih.          LJ-14     Coulomb-14
    8.09528e+02    9.96611e+02    9.38635e+01    4.17421e+02    4.93104e+03
        LJ (SR)   Coulomb (SR) Position Rest.      Potential    Kinetic En.
   -4.82272e+02   -7.59042e+03    3.00618e+02   -5.23604e+02    9.47581e+02
   Total Energy  Conserved En.    Temperature Pressure (bar)   Constr. rmsd
    4.23977e+02   -1.84998e+03    2.89258e+02    2.93127e+00    4.71149e-05


	<======  ###############  ==>
	<====  A V E R A G E S  ====>
	<==  ###############  ======>

	Statistics over 50001 steps using 101 frames

   Energies (kJ/mol)
          Angle    Proper Dih.  Improper Dih.          LJ-14     Coulomb-14
    8.04082e+02    9.66339e+02    5.57979e+01    4.12026e+02    4.93227e+03
        LJ (SR)   Coulomb (SR) Position Rest.      Potential    Kinetic En.
   -5.17754e+02   -7.49972e+03    2.82539e+02   -5.64414e+02    9.67137e+02
   Total Energy  Conserved En.    Temperature Pressure (bar)   Constr. rmsd
    4.02723e+02   -1.58365e+03    2.95228e+02    4.27987e-02    0.00000e+00

          Box-X          Box-Y          Box-Z
    1.99548e+01    1.99548e+01    1.41101e+01

   Total Virial (kJ/mol)
    3.03986e+02    1.52593e+01    6.77486e+01
    1.52606e+01    3.12879e+02   -1.00734e+02
    6.77486e+01   -1.00734e+02    3.28516e+02

   Pressure (bar)
    1.26790e-01   -1.60156e-01   -3.60497e-01
   -1.60164e-01    2.75276e-02    6.10963e-01
   -3.60497e-01    6.10965e-01   -2.59220e-02


	M E G A - F L O P S   A C C O U N T I N G

 NB=Group-cutoff nonbonded kernels    NxN=N-by-N cluster Verlet kernels
 RF=Reaction-Field  VdW=Van der Waals  QSTab=quadratic-spline table
 W3=SPC/TIP3p  W4=TIP4p (single or pairs)
 V&F=Potential and force  V=Potential only  F=Force only

 Computing:                               M-Number         M-Flops  % Flops
-----------------------------------------------------------------------------
 Pair Search distance check               4.011100          36.100     0.0
 NxN RF Elec. + LJ [F]                 3386.872304      128701.148    81.5
 NxN RF Elec. + LJ [V&F]                  6.859544         370.415     0.2
 NxN RF Electrostatics [F]                0.843216          26.140     0.0
 NxN RF Electrostatics [V&F]              0.001592           0.057     0.0
 1,4 nonbonded interactions              53.501070        4815.096     3.0
 Shift-X                                  0.201402           1.208     0.0
 Angles                                  37.250745        6258.125     4.0
 Propers                                 56.001120       12824.256     8.1
 Impropers                                4.250085         884.018     0.6
 Pos. Restr.                             10.200204         510.010     0.3
 Virial                                   2.235447          40.238     0.0
 Stop-CM                                  0.041004           0.410     0.0
 P-Coupling                               2.010402          12.062     0.0
 Calc-Ekin                                4.020804         108.562     0.1
 Lincs                                   20.601236        1236.074     0.8
 Lincs-Mat                              447.026820        1788.107     1.1
 Constraint-V                            41.201648         329.613     0.2
 Constraint-Vir                           2.060412          49.450     0.0
-----------------------------------------------------------------------------
 Total                                                  157991.091   100.0
-----------------------------------------------------------------------------


     R E A L   C Y C L E   A N D   T I M E   A C C O U N T I N G

On 1 MPI rank, each using 2 OpenMP threads

 Computing:          Num   Num      Call    Wall time         Giga-Cycles
                     Ranks Threads  Count      (s)         total sum    %
-----------------------------------------------------------------------------
 Neighbor search        1    2        501       0.137          0.604   0.6
 Force                  1    2      50001      15.490         68.149  72.8
 NB X/F buffer ops.     1    2      99501       1.099          4.835   5.2
 Write traj.            1    2        101       0.055          0.241   0.3
 Update                 1    2      50001       0.574          2.527   2.7
 Constraints            1    2      50003       3.523         15.500  16.5
 Rest                                           0.410          1.803   1.9
-----------------------------------------------------------------------------
 Total                                         21.288         93.659 100.0
-----------------------------------------------------------------------------

               Core t (s)   Wall t (s)        (%)
       Time:       42.576       21.288      200.0
                 (ns/day)    (hour/ns)
Performance:      405.867        0.059
Finished mdrun on rank 0 Thu May 11 15:06:21 2023

