              :-) GROMACS - gmx mdrun, 2020.1-Ubuntu-2020.1-1 (-:

                            GROMACS is written by:
     Emile Apol      Rossen Apostolov      Paul Bauer     Herman J.C. Berendsen
    Par Bjelkmar      Christian Blau   Viacheslav Bolnykh     Kevin Boyd    
 Aldert van Buuren   Rudi van Drunen     Anton Feenstra       Alan Gray     
  Gerrit Groenhof     Anca Hamuraru    Vincent Hindriksen  M. Eric Irrgang  
  Aleksei Iupinov   Christoph Junghans     Joe Jordan     Dimitrios Karkoulis
    Peter Kasson        Jiri Kraus      Carsten Kutzner      Per Larsson    
  Justin A. Lemkul    Viveca Lindahl    Magnus Lundborg     Erik Marklund   
    Pascal Merz     Pieter Meulenhoff    Teemu Murtola       Szilard Pall   
    Sander Pronk      Roland Schulz      Michael Shirts    Alexey Shvetsov  
   Alfons Sijbers     Peter Tieleman      Jon Vincent      Teemu Virolainen 
 Christian Wennberg    Maarten Wolf      Artem Zhmurov   
                           and the project leaders:
        Mark Abraham, Berk Hess, Erik Lindahl, and David van der Spoel

Copyright (c) 1991-2000, University of Groningen, The Netherlands.
Copyright (c) 2001-2019, The GROMACS development team at
Uppsala University, Stockholm University and
the Royal Institute of Technology, Sweden.
check out http://www.gromacs.org for more information.

GROMACS is free software; you can redistribute it and/or modify it
under the terms of the GNU Lesser General Public License
as published by the Free Software Foundation; either version 2.1
of the License, or (at your option) any later version.

GROMACS:      gmx mdrun, version 2020.1-Ubuntu-2020.1-1
Executable:   /usr/bin/gmx
Data prefix:  /usr
Working dir:  /content
Process ID:   71508
Command line:
  gmx mdrun -s /content/sandrozzona-multiscala/pep_1_vuoto/Steered/T_10K/md_smd_T10.tpr -v -deffnm /content/sandrozzona-multiscala/pep_1_vuoto/Steered/T_10K/ms_smd_T10

GROMACS version:    2020.1-Ubuntu-2020.1-1
Precision:          single
Memory model:       64 bit
MPI library:        thread_mpi
OpenMP support:     enabled (GMX_OPENMP_MAX_THREADS = 64)
GPU support:        disabled
SIMD instructions:  SSE2
FFT library:        fftw-3.3.8-sse2-avx
RDTSCP usage:       disabled
TNG support:        enabled
Hwloc support:      hwloc-2.1.0
Tracing support:    disabled
C compiler:         /usr/bin/cc GNU 9.3.0
C compiler flags:   -msse2 -fexcess-precision=fast -funroll-all-loops
C++ compiler:       /usr/bin/c++ GNU 9.3.0
C++ compiler flags: -msse2 -fexcess-precision=fast -funroll-all-loops -fopenmp


Running on 1 node with total 1 cores, 2 logical cores
Hardware detected:
  CPU info:
    Vendor: Intel
    Brand:  Intel(R) Xeon(R) CPU @ 2.20GHz
    Family: 6   Model: 79   Stepping: 0
    Features: aes apic avx avx2 clfsh cmov cx8 cx16 f16c fma hle htt intel lahf mmx msr nonstop_tsc pcid pclmuldq pdpe1gb popcnt pse rdrnd rdtscp rtm sse2 sse3 sse4.1 sse4.2 ssse3 x2apic
  Hardware topology: Full, with devices
    Sockets, cores, and logical processors:
      Socket  0: [   0   1]
    Numa nodes:
      Node  0 (13616316416 bytes mem):   0   1
      Latency:
               0
         0  1.00
    Caches:
      L1: 32768 bytes, linesize 64 bytes, assoc. 8, shared 2 ways
      L2: 262144 bytes, linesize 64 bytes, assoc. 8, shared 2 ways
      L3: 57671680 bytes, linesize 64 bytes, assoc. 20, shared 2 ways
    PCI devices:
      0000:00:04.0  Id: 1af4:1000  Class: 0x0200  Numa: 0

Highest SIMD level requested by all nodes in run: AVX2_256
SIMD instructions selected at compile time:       SSE2
This program was compiled for different hardware than you are running on,
which could influence performance.
The current CPU can measure timings more accurately than the code in
gmx mdrun was configured to use. This might affect your simulation
speed as accurate timings are needed for load-balancing.
Please consider rebuilding gmx mdrun with the GMX_USE_RDTSCP=ON CMake option.

++++ PLEASE READ AND CITE THE FOLLOWING REFERENCE ++++
M. J. Abraham, T. Murtola, R. Schulz, S. Páll, J. C. Smith, B. Hess, E.
Lindahl
GROMACS: High performance molecular simulations through multi-level
parallelism from laptops to supercomputers
SoftwareX 1 (2015) pp. 19-25
-------- -------- --- Thank You --- -------- --------


++++ PLEASE READ AND CITE THE FOLLOWING REFERENCE ++++
S. Páll, M. J. Abraham, C. Kutzner, B. Hess, E. Lindahl
Tackling Exascale Software Challenges in Molecular Dynamics Simulations with
GROMACS
In S. Markidis & E. Laure (Eds.), Solving Software Challenges for Exascale 8759 (2015) pp. 3-27
-------- -------- --- Thank You --- -------- --------


++++ PLEASE READ AND CITE THE FOLLOWING REFERENCE ++++
S. Pronk, S. Páll, R. Schulz, P. Larsson, P. Bjelkmar, R. Apostolov, M. R.
Shirts, J. C. Smith, P. M. Kasson, D. van der Spoel, B. Hess, and E. Lindahl
GROMACS 4.5: a high-throughput and highly parallel open source molecular
simulation toolkit
Bioinformatics 29 (2013) pp. 845-54
-------- -------- --- Thank You --- -------- --------


++++ PLEASE READ AND CITE THE FOLLOWING REFERENCE ++++
B. Hess and C. Kutzner and D. van der Spoel and E. Lindahl
GROMACS 4: Algorithms for highly efficient, load-balanced, and scalable
molecular simulation
J. Chem. Theory Comput. 4 (2008) pp. 435-447
-------- -------- --- Thank You --- -------- --------


++++ PLEASE READ AND CITE THE FOLLOWING REFERENCE ++++
D. van der Spoel, E. Lindahl, B. Hess, G. Groenhof, A. E. Mark and H. J. C.
Berendsen
GROMACS: Fast, Flexible and Free
J. Comp. Chem. 26 (2005) pp. 1701-1719
-------- -------- --- Thank You --- -------- --------


++++ PLEASE READ AND CITE THE FOLLOWING REFERENCE ++++
E. Lindahl and B. Hess and D. van der Spoel
GROMACS 3.0: A package for molecular simulation and trajectory analysis
J. Mol. Mod. 7 (2001) pp. 306-317
-------- -------- --- Thank You --- -------- --------


++++ PLEASE READ AND CITE THE FOLLOWING REFERENCE ++++
H. J. C. Berendsen, D. van der Spoel and R. van Drunen
GROMACS: A message-passing parallel molecular dynamics implementation
Comp. Phys. Comm. 91 (1995) pp. 43-56
-------- -------- --- Thank You --- -------- --------

Input Parameters:
   integrator                     = md
   tinit                          = 0
   dt                             = 0.002
   nsteps                         = 500000
   init-step                      = 0
   simulation-part                = 1
   comm-mode                      = Angular
   nstcomm                        = 500
   bd-fric                        = 0
   ld-seed                        = -1837856524
   emtol                          = 10
   emstep                         = 0.01
   niter                          = 20
   fcstep                         = 0
   nstcgsteep                     = 1000
   nbfgscorr                      = 10
   rtpi                           = 0.05
   nstxout                        = 500
   nstvout                        = 500
   nstfout                        = 0
   nstlog                         = 5000
   nstcalcenergy                  = 500
   nstenergy                      = 5000
   nstxout-compressed             = 0
   compressed-x-precision         = 1000
   cutoff-scheme                  = Verlet
   nstlist                        = 10
   pbc                            = xyz
   periodic-molecules             = false
   verlet-buffer-tolerance        = 0.005
   rlist                          = 1
   coulombtype                    = Cut-off
   coulomb-modifier               = Potential-shift
   rcoulomb-switch                = 0
   rcoulomb                       = 1
   epsilon-r                      = 1
   epsilon-rf                     = inf
   vdw-type                       = Cut-off
   vdw-modifier                   = Potential-shift
   rvdw-switch                    = 0
   rvdw                           = 1
   DispCorr                       = No
   table-extension                = 1
   fourierspacing                 = 0.12
   fourier-nx                     = 0
   fourier-ny                     = 0
   fourier-nz                     = 0
   pme-order                      = 4
   ewald-rtol                     = 1e-05
   ewald-rtol-lj                  = 0.001
   lj-pme-comb-rule               = Geometric
   ewald-geometry                 = 0
   epsilon-surface                = 0
   tcoupl                         = V-rescale
   nsttcouple                     = 10
   nh-chain-length                = 0
   print-nose-hoover-chain-variables = false
   pcoupl                         = No
   pcoupltype                     = Isotropic
   nstpcouple                     = -1
   tau-p                          = 1
   compressibility (3x3):
      compressibility[    0]={ 0.00000e+00,  0.00000e+00,  0.00000e+00}
      compressibility[    1]={ 0.00000e+00,  0.00000e+00,  0.00000e+00}
      compressibility[    2]={ 0.00000e+00,  0.00000e+00,  0.00000e+00}
   ref-p (3x3):
      ref-p[    0]={ 0.00000e+00,  0.00000e+00,  0.00000e+00}
      ref-p[    1]={ 0.00000e+00,  0.00000e+00,  0.00000e+00}
      ref-p[    2]={ 0.00000e+00,  0.00000e+00,  0.00000e+00}
   refcoord-scaling               = No
   posres-com (3):
      posres-com[0]= 0.00000e+00
      posres-com[1]= 0.00000e+00
      posres-com[2]= 0.00000e+00
   posres-comB (3):
      posres-comB[0]= 0.00000e+00
      posres-comB[1]= 0.00000e+00
      posres-comB[2]= 0.00000e+00
   QMMM                           = false
   QMconstraints                  = 0
   QMMMscheme                     = 0
   MMChargeScaleFactor            = 1
qm-opts:
   ngQM                           = 0
   constraint-algorithm           = Lincs
   continuation                   = false
   Shake-SOR                      = false
   shake-tol                      = 0.0001
   lincs-order                    = 4
   lincs-iter                     = 1
   lincs-warnangle                = 30
   nwall                          = 0
   wall-type                      = 9-3
   wall-r-linpot                  = -1
   wall-atomtype[0]               = -1
   wall-atomtype[1]               = -1
   wall-density[0]                = 0
   wall-density[1]                = 0
   wall-ewald-zfac                = 3
   pull                           = true
   pull-cylinder-r                = 1.5
   pull-constr-tol                = 1e-06
   pull-print-COM                 = false
   pull-print-ref-value           = false
   pull-print-components          = false
   pull-nstxout                   = 50
   pull-nstfout                   = 50
   pull-pbc-ref-prev-step-com     = false
   pull-xout-average              = false
   pull-fout-average              = false
   pull-ngroups                   = 3
   pull-group 0:
     atom: not available
     weight: not available
     pbcatom                        = -1
   pull-group 1:
     atom (24):
        atom[0,...,23] = {0,...,23}
     weight: not available
     pbcatom                        = 11
   pull-group 2:
     atom (17):
        atom[0,...,16] = {385,...,401}
     weight: not available
     pbcatom                        = 393
   pull-ncoords                   = 1
   pull-coord 0:
   type                           = umbrella
   geometry                       = distance
   group[0]                       = 1
   group[1]                       = 2
   dim (3):
      dim[0]=0
      dim[1]=1
      dim[2]=0
   origin (3):
      origin[0]= 0.00000e+00
      origin[1]= 0.00000e+00
      origin[2]= 0.00000e+00
   vec (3):
      vec[0]= 0.00000e+00
      vec[1]= 0.00000e+00
      vec[2]= 0.00000e+00
   start                          = true
   init                           = 3.1669
   rate                           = 0.01
   k                              = 1000
   kB                             = 1000
   awh                            = false
   rotation                       = false
   interactiveMD                  = false
   disre                          = No
   disre-weighting                = Conservative
   disre-mixed                    = false
   dr-fc                          = 1000
   dr-tau                         = 0
   nstdisreout                    = 100
   orire-fc                       = 0
   orire-tau                      = 0
   nstorireout                    = 100
   free-energy                    = no
   cos-acceleration               = 0
   deform (3x3):
      deform[    0]={ 0.00000e+00,  0.00000e+00,  0.00000e+00}
      deform[    1]={ 0.00000e+00,  0.00000e+00,  0.00000e+00}
      deform[    2]={ 0.00000e+00,  0.00000e+00,  0.00000e+00}
   simulated-tempering            = false
   swapcoords                     = no
   userint1                       = 0
   userint2                       = 0
   userint3                       = 0
   userint4                       = 0
   userreal1                      = 0
   userreal2                      = 0
   userreal3                      = 0
   userreal4                      = 0
   applied-forces:
     electric-field:
       x:
         E0                       = 0
         omega                    = 0
         t0                       = 0
         sigma                    = 0
       y:
         E0                       = 0
         omega                    = 0
         t0                       = 0
         sigma                    = 0
       z:
         E0                       = 0
         omega                    = 0
         t0                       = 0
         sigma                    = 0
     density-guided-simulation:
       active                     = false
       group                      = protein
       similarity-measure         = inner-product
       atom-spreading-weight      = unity
       force-constant             = 1e+09
       gaussian-transform-spreading-width = 0.2
       gaussian-transform-spreading-range-in-multiples-of-width = 4
       reference-density-filename = reference.mrc
       nst                        = 1
       normalize-densities        = true
       adaptive-force-scaling     = false
       adaptive-force-scaling-time-constant = 4
grpopts:
   nrdf:         788
   ref-t:          10
   tau-t:         0.1
annealing:          No
annealing-npoints:           0
   acc:	           0           0           0
   nfreeze:           N           N           N
   energygrp-flags[  0]: 0

Changing nstlist from 10 to 100, rlist from 1 to 1


Using 1 MPI thread

Non-default thread affinity set, disabling internal thread affinity

Using 2 OpenMP threads 

System total charge: 3.000
Potential shift: LJ r^-12: -1.000e+00 r^-6: -1.000e+00, Coulomb -1e+00
Generated table with 1000 data points for 1-4 COUL.
Tabscale = 500 points/nm
Generated table with 1000 data points for 1-4 LJ6.
Tabscale = 500 points/nm
Generated table with 1000 data points for 1-4 LJ12.
Tabscale = 500 points/nm

Using SIMD 4x4 nonbonded short-range kernels

Using a 4x4 pair-list setup:
  updated every 100 steps, buffer 0.000 nm, rlist 1.000 nm
At tolerance 0.005 kJ/mol/ps per atom, equivalent classical 1x1 list would be:
  updated every 100 steps, buffer 0.000 nm, rlist 1.000 nm

Using Lorentz-Berthelot Lennard-Jones combination rule

Removing pbc first time

Will apply potential COM pulling
with 1 pull coordinate and 2 groups
Pull group 1:    24 atoms, mass   131.200
Pull group 2:    17 atoms, mass   115.132

Initializing LINear Constraint Solver

++++ PLEASE READ AND CITE THE FOLLOWING REFERENCE ++++
B. Hess and H. Bekker and H. J. C. Berendsen and J. G. E. M. Fraaije
LINCS: A Linear Constraint Solver for molecular simulations
J. Comp. Chem. 18 (1997) pp. 1463-1472
-------- -------- --- Thank You --- -------- --------

The number of constraints is 412

++++ PLEASE READ AND CITE THE FOLLOWING REFERENCE ++++
G. Bussi, D. Donadio and M. Parrinello
Canonical sampling through velocity rescaling
J. Chem. Phys. 126 (2007) pp. 014101
-------- -------- --- Thank You --- -------- --------

There are: 402 Atoms

Constraining the starting coordinates (step 0)

Constraining the coordinates at t0-dt (step 0)
Center of mass motion removal mode is Angular
We have the following groups for center of mass motion removal:
  0:  rest
RMS relative constraint deviation after constraining: 1.88e-05
Initial temperature: 290.115 K

Started mdrun on rank 0 Thu May 11 17:52:38 2023

           Step           Time
              0        0.00000

   Energies (kJ/mol)
          Angle    Proper Dih.  Improper Dih.          LJ-14     Coulomb-14
    8.09934e+02    9.96619e+02    9.38259e+01    4.17520e+02    4.93110e+03
        LJ (SR)   Coulomb (SR)   COM Pull En.      Potential    Kinetic En.
   -4.82407e+02   -7.59042e+03    2.20579e-10   -8.23826e+02    9.46687e+02
   Total Energy  Conserved En.    Temperature Pressure (bar)   Constr. rmsd
    1.22861e+02    1.22861e+02    2.88986e+02    3.38366e+00    4.41494e-05

           Step           Time
           5000       10.00000

   Energies (kJ/mol)
          Angle    Proper Dih.  Improper Dih.          LJ-14     Coulomb-14
    2.63893e+02    9.04963e+02    2.93892e+01    3.58259e+02    4.95167e+03
        LJ (SR)   Coulomb (SR)   COM Pull En.      Potential    Kinetic En.
   -4.59266e+02   -8.33654e+03    8.00661e-02   -2.28755e+03    3.18780e+01
   Total Energy  Conserved En.    Temperature Pressure (bar)   Constr. rmsd
   -2.25567e+03    1.28269e+02    9.73106e+00    5.27364e-01    2.53834e-05

           Step           Time
          10000       20.00000

   Energies (kJ/mol)
          Angle    Proper Dih.  Improper Dih.          LJ-14     Coulomb-14
    2.77617e+02    9.02680e+02    2.99011e+01    3.64047e+02    4.92138e+03
        LJ (SR)   Coulomb (SR)   COM Pull En.      Potential    Kinetic En.
   -4.63892e+02   -8.32045e+03    1.71118e+00   -2.28701e+03    3.18768e+01
   Total Energy  Conserved En.    Temperature Pressure (bar)   Constr. rmsd
   -2.25513e+03    1.38127e+02    9.73070e+00   -4.00285e-01    2.73930e-05

           Step           Time
          15000       30.00000

   Energies (kJ/mol)
          Angle    Proper Dih.  Improper Dih.          LJ-14     Coulomb-14
    2.74668e+02    9.11358e+02    2.93733e+01    3.62270e+02    4.93573e+03
        LJ (SR)   Coulomb (SR)   COM Pull En.      Potential    Kinetic En.
   -4.70028e+02   -8.33008e+03    3.20526e+00   -2.28351e+03    3.04234e+01
   Total Energy  Conserved En.    Temperature Pressure (bar)   Constr. rmsd
   -2.25308e+03    1.48211e+02    9.28703e+00    2.01695e-01    2.76479e-05

           Step           Time
          20000       40.00000

   Energies (kJ/mol)
          Angle    Proper Dih.  Improper Dih.          LJ-14     Coulomb-14
    2.77258e+02    9.10048e+02    2.73779e+01    3.65588e+02    4.94208e+03
        LJ (SR)   Coulomb (SR)   COM Pull En.      Potential    Kinetic En.
   -4.75593e+02   -8.33314e+03    6.49514e+00   -2.27988e+03    3.15472e+01
   Total Energy  Conserved En.    Temperature Pressure (bar)   Constr. rmsd
   -2.24833e+03    1.61359e+02    9.63009e+00   -4.18441e-01    2.86393e-05

           Step           Time
          25000       50.00000

   Energies (kJ/mol)
          Angle    Proper Dih.  Improper Dih.          LJ-14     Coulomb-14
    2.72328e+02    9.04596e+02    2.76919e+01    3.64315e+02    4.95207e+03
        LJ (SR)   Coulomb (SR)   COM Pull En.      Potential    Kinetic En.
   -4.74659e+02   -8.33042e+03    1.30362e+01   -2.27105e+03    3.19275e+01
   Total Energy  Conserved En.    Temperature Pressure (bar)   Constr. rmsd
   -2.23912e+03    1.77189e+02    9.74619e+00    4.28879e-01    2.81542e-05

           Step           Time
          30000       60.00000

   Energies (kJ/mol)
          Angle    Proper Dih.  Improper Dih.          LJ-14     Coulomb-14
    2.68703e+02    9.11475e+02    2.96691e+01    3.67520e+02    4.95930e+03
        LJ (SR)   Coulomb (SR)   COM Pull En.      Potential    Kinetic En.
   -4.84152e+02   -8.32538e+03    1.99519e+01   -2.25291e+03    3.18763e+01
   Total Energy  Conserved En.    Temperature Pressure (bar)   Constr. rmsd
   -2.22103e+03    1.97539e+02    9.73056e+00   -1.12028e-01    2.79130e-05

           Step           Time
          35000       70.00000

   Energies (kJ/mol)
          Angle    Proper Dih.  Improper Dih.          LJ-14     Coulomb-14
    2.68324e+02    9.01215e+02    2.67873e+01    3.66854e+02    4.95268e+03
        LJ (SR)   Coulomb (SR)   COM Pull En.      Potential    Kinetic En.
   -4.65006e+02   -8.32461e+03    4.01791e+01   -2.23358e+03    3.23450e+01
   Total Energy  Conserved En.    Temperature Pressure (bar)   Constr. rmsd
   -2.20123e+03    2.27097e+02    9.87362e+00    5.05768e-01    2.75292e-05

           Step           Time
          40000       80.00000

   Energies (kJ/mol)
          Angle    Proper Dih.  Improper Dih.          LJ-14     Coulomb-14
    2.71593e+02    9.05034e+02    2.53598e+01    3.63402e+02    4.95022e+03
        LJ (SR)   Coulomb (SR)   COM Pull En.      Potential    Kinetic En.
   -4.81572e+02   -8.29614e+03    6.37129e+01   -2.19840e+03    3.42762e+01
   Total Energy  Conserved En.    Temperature Pressure (bar)   Constr. rmsd
   -2.16412e+03    2.59843e+02    1.04631e+01    1.32767e-01    2.79274e-05

           Step           Time
          45000       90.00000

   Energies (kJ/mol)
          Angle    Proper Dih.  Improper Dih.          LJ-14     Coulomb-14
    2.70182e+02    9.04987e+02    2.74759e+01    3.66608e+02    4.95591e+03
        LJ (SR)   Coulomb (SR)   COM Pull En.      Potential    Kinetic En.
   -4.93300e+02   -8.28636e+03    9.53549e+01   -2.15914e+03    3.23291e+01
   Total Energy  Conserved En.    Temperature Pressure (bar)   Constr. rmsd
   -2.12681e+03    3.01179e+02    9.86877e+00   -8.47696e-02    2.91758e-05

           Step           Time
          50000      100.00000

   Energies (kJ/mol)
          Angle    Proper Dih.  Improper Dih.          LJ-14     Coulomb-14
    2.68459e+02    9.01566e+02    2.51251e+01    3.67339e+02    4.95631e+03
        LJ (SR)   Coulomb (SR)   COM Pull En.      Potential    Kinetic En.
   -4.93287e+02   -8.26452e+03    1.29144e+02   -2.10986e+03    3.22441e+01
   Total Energy  Conserved En.    Temperature Pressure (bar)   Constr. rmsd
   -2.07762e+03    3.50693e+02    9.84283e+00    4.63763e-01    2.72385e-05

           Step           Time
          55000      110.00000

   Energies (kJ/mol)
          Angle    Proper Dih.  Improper Dih.          LJ-14     Coulomb-14
    2.51145e+02    8.73198e+02    2.88264e+01    3.73384e+02    4.93489e+03
        LJ (SR)   Coulomb (SR)   COM Pull En.      Potential    Kinetic En.
   -4.64134e+02   -8.22433e+03    8.25373e+01   -2.14448e+03    3.99657e+01
   Total Energy  Conserved En.    Temperature Pressure (bar)   Constr. rmsd
   -2.10452e+03    4.04324e+02    1.21999e+01    1.91262e-01    2.74111e-05

           Step           Time
          60000      120.00000

   Energies (kJ/mol)
          Angle    Proper Dih.  Improper Dih.          LJ-14     Coulomb-14
    2.71279e+02    8.71186e+02    2.72471e+01    3.70058e+02    4.91101e+03
        LJ (SR)   Coulomb (SR)   COM Pull En.      Potential    Kinetic En.
   -4.37801e+02   -8.25200e+03    6.99756e+01   -2.16905e+03    3.33291e+01
   Total Energy  Conserved En.    Temperature Pressure (bar)   Constr. rmsd
   -2.13572e+03    4.46943e+02    1.01740e+01    9.20005e-02    3.09842e-05

           Step           Time
          65000      130.00000

   Energies (kJ/mol)
          Angle    Proper Dih.  Improper Dih.          LJ-14     Coulomb-14
    2.85429e+02    8.63864e+02    2.90598e+01    3.69946e+02    4.91458e+03
        LJ (SR)   Coulomb (SR)   COM Pull En.      Potential    Kinetic En.
   -4.35448e+02   -8.25666e+03    1.02933e+02   -2.12630e+03    3.38272e+01
   Total Energy  Conserved En.    Temperature Pressure (bar)   Constr. rmsd
   -2.09247e+03    4.95120e+02    1.03261e+01   -1.72438e-01    3.14492e-05

           Step           Time
          70000      140.00000

   Energies (kJ/mol)
          Angle    Proper Dih.  Improper Dih.          LJ-14     Coulomb-14
    2.78883e+02    8.60744e+02    2.69761e+01    3.70988e+02    4.91248e+03
        LJ (SR)   Coulomb (SR)   COM Pull En.      Potential    Kinetic En.
   -4.40010e+02   -8.23525e+03    1.43485e+02   -2.08171e+03    3.33513e+01
   Total Energy  Conserved En.    Temperature Pressure (bar)   Constr. rmsd
   -2.04836e+03    5.49887e+02    1.01808e+01   -2.15691e-01    3.18948e-05

           Step           Time
          75000      150.00000

   Energies (kJ/mol)
          Angle    Proper Dih.  Improper Dih.          LJ-14     Coulomb-14
    2.79133e+02    8.72829e+02    2.90041e+01    3.72031e+02    4.93207e+03
        LJ (SR)   Coulomb (SR)   COM Pull En.      Potential    Kinetic En.
   -4.31289e+02   -8.26207e+03    1.84852e+02   -2.02345e+03    3.59545e+01
   Total Energy  Conserved En.    Temperature Pressure (bar)   Constr. rmsd
   -1.98749e+03    6.10800e+02    1.09755e+01    3.75157e-01    3.23637e-05

           Step           Time
          80000      160.00000

   Energies (kJ/mol)
          Angle    Proper Dih.  Improper Dih.          LJ-14     Coulomb-14
    2.88630e+02    8.77221e+02    2.79490e+01    3.72412e+02    4.93380e+03
        LJ (SR)   Coulomb (SR)   COM Pull En.      Potential    Kinetic En.
   -4.40255e+02   -8.25181e+03    2.34097e+02   -1.95796e+03    3.31060e+01
   Total Energy  Conserved En.    Temperature Pressure (bar)   Constr. rmsd
   -1.92486e+03    6.80365e+02    1.01059e+01   -5.34870e-02    3.30110e-05

           Step           Time
          85000      170.00000

   Energies (kJ/mol)
          Angle    Proper Dih.  Improper Dih.          LJ-14     Coulomb-14
    2.80812e+02    8.87664e+02    3.33411e+01    3.78930e+02    4.92490e+03
        LJ (SR)   Coulomb (SR)   COM Pull En.      Potential    Kinetic En.
   -4.50329e+02   -8.20094e+03    2.29627e+02   -1.91600e+03    2.97465e+01
   Total Energy  Conserved En.    Temperature Pressure (bar)   Constr. rmsd
   -1.88625e+03    7.52807e+02    9.08040e+00    2.27700e-01    3.24613e-05

           Step           Time
          90000      180.00000

   Energies (kJ/mol)
          Angle    Proper Dih.  Improper Dih.          LJ-14     Coulomb-14
    2.94617e+02    8.84305e+02    2.97249e+01    3.71483e+02    4.91288e+03
        LJ (SR)   Coulomb (SR)   COM Pull En.      Potential    Kinetic En.
   -4.51132e+02   -8.16596e+03    2.82911e+02   -1.84116e+03    3.19494e+01
   Total Energy  Conserved En.    Temperature Pressure (bar)   Constr. rmsd
   -1.80921e+03    8.27829e+02    9.75288e+00    2.21473e-01    3.34907e-05

           Step           Time
          95000      190.00000

   Energies (kJ/mol)
          Angle    Proper Dih.  Improper Dih.          LJ-14     Coulomb-14
    3.08944e+02    8.73943e+02    2.90384e+01    3.82026e+02    4.89006e+03
        LJ (SR)   Coulomb (SR)   COM Pull En.      Potential    Kinetic En.
   -4.37215e+02   -8.12004e+03    2.55604e+02   -1.81764e+03    3.35309e+01
   Total Energy  Conserved En.    Temperature Pressure (bar)   Constr. rmsd
   -1.78411e+03    9.04603e+02    1.02356e+01   -6.63873e-01    3.61509e-05

           Step           Time
         100000      200.00000

   Energies (kJ/mol)
          Angle    Proper Dih.  Improper Dih.          LJ-14     Coulomb-14
    2.98701e+02    8.81574e+02    3.12517e+01    3.91449e+02    4.90129e+03
        LJ (SR)   Coulomb (SR)   COM Pull En.      Potential    Kinetic En.
   -4.33289e+02   -8.13279e+03    3.20367e+02   -1.74145e+03    3.37137e+01
   Total Energy  Conserved En.    Temperature Pressure (bar)   Constr. rmsd
   -1.70773e+03    9.85612e+02    1.02914e+01    9.87783e-01    3.33451e-05

           Step           Time
         105000      210.00000

   Energies (kJ/mol)
          Angle    Proper Dih.  Improper Dih.          LJ-14     Coulomb-14
    3.17906e+02    8.73286e+02    3.08221e+01    3.87085e+02    4.87685e+03
        LJ (SR)   Coulomb (SR)   COM Pull En.      Potential    Kinetic En.
   -4.43205e+02   -8.03937e+03    3.10796e+02   -1.68583e+03    3.49860e+01
   Total Energy  Conserved En.    Temperature Pressure (bar)   Constr. rmsd
   -1.65084e+03    1.07075e+03    1.06798e+01    1.49405e-01    3.45650e-05

           Step           Time
         110000      220.00000

   Energies (kJ/mol)
          Angle    Proper Dih.  Improper Dih.          LJ-14     Coulomb-14
    3.28637e+02    9.02320e+02    3.40599e+01    3.94043e+02    4.89902e+03
        LJ (SR)   Coulomb (SR)   COM Pull En.      Potential    Kinetic En.
   -4.19455e+02   -8.08215e+03    2.55035e+02   -1.68848e+03    3.30395e+01
   Total Energy  Conserved En.    Temperature Pressure (bar)   Constr. rmsd
   -1.65545e+03    1.15102e+03    1.00856e+01   -1.06727e-01    3.68111e-05

           Step           Time
         115000      230.00000

   Energies (kJ/mol)
          Angle    Proper Dih.  Improper Dih.          LJ-14     Coulomb-14
    3.37627e+02    9.07339e+02    3.68819e+01    3.87615e+02    4.87455e+03
        LJ (SR)   Coulomb (SR)   COM Pull En.      Potential    Kinetic En.
   -4.20750e+02   -8.03475e+03    2.97932e+02   -1.61355e+03    2.90295e+01
   Total Energy  Conserved En.    Temperature Pressure (bar)   Constr. rmsd
   -1.58452e+03    1.23068e+03    8.86153e+00   -1.60315e-01    3.75742e-05

           Step           Time
         120000      240.00000

   Energies (kJ/mol)
          Angle    Proper Dih.  Improper Dih.          LJ-14     Coulomb-14
    3.38896e+02    9.11346e+02    3.76588e+01    3.85428e+02    4.87909e+03
        LJ (SR)   Coulomb (SR)   COM Pull En.      Potential    Kinetic En.
   -4.13270e+02   -8.03645e+03    3.63669e+02   -1.53363e+03    3.34931e+01
   Total Energy  Conserved En.    Temperature Pressure (bar)   Constr. rmsd
   -1.50014e+03    1.31803e+03    1.02241e+01    2.08421e-01    3.71555e-05

           Step           Time
         125000      250.00000

   Energies (kJ/mol)
          Angle    Proper Dih.  Improper Dih.          LJ-14     Coulomb-14
    3.55806e+02    9.06276e+02    3.46023e+01    3.80308e+02    4.87122e+03
        LJ (SR)   Coulomb (SR)   COM Pull En.      Potential    Kinetic En.
   -4.17682e+02   -8.01743e+03    4.42916e+02   -1.44398e+03    3.22433e+01
   Total Energy  Conserved En.    Temperature Pressure (bar)   Constr. rmsd
   -1.41174e+03    1.41111e+03    9.84259e+00   -4.09062e-01    4.04284e-05

           Step           Time
         130000      260.00000

   Energies (kJ/mol)
          Angle    Proper Dih.  Improper Dih.          LJ-14     Coulomb-14
    3.55030e+02    9.00983e+02    3.55342e+01    3.87279e+02    4.87418e+03
        LJ (SR)   Coulomb (SR)   COM Pull En.      Potential    Kinetic En.
   -4.07706e+02   -7.99321e+03    4.99491e+02   -1.34842e+03    3.44180e+01
   Total Energy  Conserved En.    Temperature Pressure (bar)   Constr. rmsd
   -1.31400e+03    1.51041e+03    1.05064e+01   -1.39649e-01    3.94997e-05

           Step           Time
         135000      270.00000

   Energies (kJ/mol)
          Angle    Proper Dih.  Improper Dih.          LJ-14     Coulomb-14
    3.76340e+02    8.83048e+02    3.22725e+01    3.80428e+02    4.88363e+03
        LJ (SR)   Coulomb (SR)   COM Pull En.      Potential    Kinetic En.
   -3.42266e+02   -7.94223e+03    3.51843e+02   -1.37693e+03    3.68727e+01
   Total Energy  Conserved En.    Temperature Pressure (bar)   Constr. rmsd
   -1.34006e+03    1.60974e+03    1.12557e+01    2.87443e-01    4.21889e-05

           Step           Time
         140000      280.00000

   Energies (kJ/mol)
          Angle    Proper Dih.  Improper Dih.          LJ-14     Coulomb-14
    3.75612e+02    9.11793e+02    3.59270e+01    3.79977e+02    4.85731e+03
        LJ (SR)   Coulomb (SR)   COM Pull En.      Potential    Kinetic En.
   -3.55833e+02   -7.92960e+03    4.26212e+02   -1.29860e+03    3.39175e+01
   Total Energy  Conserved En.    Temperature Pressure (bar)   Constr. rmsd
   -1.26469e+03    1.70113e+03    1.03536e+01    1.15006e-01    4.28102e-05

           Step           Time
         145000      290.00000

   Energies (kJ/mol)
          Angle    Proper Dih.  Improper Dih.          LJ-14     Coulomb-14
    3.97951e+02    9.19502e+02    3.56158e+01    3.77929e+02    4.84649e+03
        LJ (SR)   Coulomb (SR)   COM Pull En.      Potential    Kinetic En.
   -3.77038e+02   -7.83947e+03    4.12383e+02   -1.22664e+03    3.31903e+01
   Total Energy  Conserved En.    Temperature Pressure (bar)   Constr. rmsd
   -1.19345e+03    1.79606e+03    1.01317e+01   -4.69495e-01    4.39249e-05

           Step           Time
         150000      300.00000

   Energies (kJ/mol)
          Angle    Proper Dih.  Improper Dih.          LJ-14     Coulomb-14
    3.70042e+02    9.15349e+02    3.62972e+01    3.62840e+02    4.85351e+03
        LJ (SR)   Coulomb (SR)   COM Pull En.      Potential    Kinetic En.
   -3.29039e+02   -8.01131e+03    2.36511e+02   -1.56580e+03    3.58599e+01
   Total Energy  Conserved En.    Temperature Pressure (bar)   Constr. rmsd
   -1.52994e+03    1.88093e+03    1.09466e+01    2.19239e-02    4.12858e-05

Group rest with mass  2.85129e+03, Ekrot  1.11265e+00 Det(I) =  1.69811e+08
  COM:     14.97381      14.93502       7.08001
  P:        0.00066      -0.00039      -0.00014
  V:        0.00000      -0.00000      -0.00000
  J:       38.93111      -0.00788    -121.72326
  w:        0.00550       0.00603      -0.01652
Inertia tensor (3x3):
   Inertia tensor[    0]={ 1.74938e+02,  1.77562e+02, -3.35625e+01}
   Inertia tensor[    1]={ 1.77562e+02,  7.22481e+03, -5.78750e+01}
   Inertia tensor[    2]={-3.35625e+01, -5.78750e+01,  1.44312e+02}
           Step           Time
         155000      310.00000

   Energies (kJ/mol)
          Angle    Proper Dih.  Improper Dih.          LJ-14     Coulomb-14
    3.84733e+02    9.04990e+02    3.54311e+01    3.53604e+02    4.83565e+03
        LJ (SR)   Coulomb (SR)   COM Pull En.      Potential    Kinetic En.
   -3.23593e+02   -8.00496e+03    3.03501e+02   -1.51064e+03    3.18848e+01
   Total Energy  Conserved En.    Temperature Pressure (bar)   Constr. rmsd
   -1.47875e+03    1.95284e+03    9.73314e+00   -2.73117e-02    4.09265e-05

           Step           Time
         160000      320.00000

   Energies (kJ/mol)
          Angle    Proper Dih.  Improper Dih.          LJ-14     Coulomb-14
    4.09272e+02    9.00051e+02    3.69024e+01    3.53206e+02    4.80933e+03
        LJ (SR)   Coulomb (SR)   COM Pull En.      Potential    Kinetic En.
   -3.19114e+02   -7.94251e+03    3.19180e+02   -1.43368e+03    3.57724e+01
   Total Energy  Conserved En.    Temperature Pressure (bar)   Constr. rmsd
   -1.39791e+03    2.03600e+03    1.09199e+01   -4.42700e-01    4.38952e-05

           Step           Time
         165000      330.00000

   Energies (kJ/mol)
          Angle    Proper Dih.  Improper Dih.          LJ-14     Coulomb-14
    4.09066e+02    8.94109e+02    3.57218e+01    3.46382e+02    4.81429e+03
        LJ (SR)   Coulomb (SR)   COM Pull En.      Potential    Kinetic En.
   -3.15633e+02   -7.92381e+03    3.88732e+02   -1.35115e+03    2.99199e+01
   Total Energy  Conserved En.    Temperature Pressure (bar)   Constr. rmsd
   -1.32123e+03    2.12429e+03    9.13335e+00   -1.97635e-01    4.47244e-05

           Step           Time
         170000      340.00000

   Energies (kJ/mol)
          Angle    Proper Dih.  Improper Dih.          LJ-14     Coulomb-14
    3.63698e+02    8.95337e+02    3.63051e+01    3.52257e+02    4.82630e+03
        LJ (SR)   Coulomb (SR)   COM Pull En.      Potential    Kinetic En.
   -2.98638e+02   -7.82087e+03    1.99322e+02   -1.44628e+03    3.18656e+01
   Total Energy  Conserved En.    Temperature Pressure (bar)   Constr. rmsd
   -1.41442e+03    2.20209e+03    9.72728e+00    9.42991e-02    3.95775e-05

           Step           Time
         175000      350.00000

   Energies (kJ/mol)
          Angle    Proper Dih.  Improper Dih.          LJ-14     Coulomb-14
    3.77058e+02    9.06752e+02    3.71429e+01    3.50506e+02    4.81944e+03
        LJ (SR)   Coulomb (SR)   COM Pull En.      Potential    Kinetic En.
   -3.12470e+02   -7.82333e+03    2.60067e+02   -1.38483e+03    3.57386e+01
   Total Energy  Conserved En.    Temperature Pressure (bar)   Constr. rmsd
   -1.34909e+03    2.27277e+03    1.09096e+01    7.98425e-02    4.22649e-05

           Step           Time
         180000      360.00000

   Energies (kJ/mol)
          Angle    Proper Dih.  Improper Dih.          LJ-14     Coulomb-14
    3.94294e+02    8.99877e+02    3.88532e+01    3.48226e+02    4.80678e+03
        LJ (SR)   Coulomb (SR)   COM Pull En.      Potential    Kinetic En.
   -2.99816e+02   -7.80924e+03    3.12230e+02   -1.30879e+03    3.29526e+01
   Total Energy  Conserved En.    Temperature Pressure (bar)   Constr. rmsd
   -1.27584e+03    2.34946e+03    1.00591e+01    8.64599e-02    4.26938e-05

           Step           Time
         185000      370.00000

   Energies (kJ/mol)
          Angle    Proper Dih.  Improper Dih.          LJ-14     Coulomb-14
    4.09064e+02    9.07439e+02    3.89023e+01    3.41015e+02    4.78382e+03
        LJ (SR)   Coulomb (SR)   COM Pull En.      Potential    Kinetic En.
   -2.92141e+02   -7.75272e+03    3.34973e+02   -1.22965e+03    3.31567e+01
   Total Energy  Conserved En.    Temperature Pressure (bar)   Constr. rmsd
   -1.19650e+03    2.43073e+03    1.01214e+01   -1.19530e-02    4.57844e-05

           Step           Time
         190000      380.00000

   Energies (kJ/mol)
          Angle    Proper Dih.  Improper Dih.          LJ-14     Coulomb-14
    3.95209e+02    9.11064e+02    3.78995e+01    3.47793e+02    4.79279e+03
        LJ (SR)   Coulomb (SR)   COM Pull En.      Potential    Kinetic En.
   -2.95999e+02   -7.72462e+03    3.86962e+02   -1.14891e+03    3.18795e+01
   Total Energy  Conserved En.    Temperature Pressure (bar)   Constr. rmsd
   -1.11703e+03    2.51715e+03    9.73153e+00    1.57894e-01    4.46067e-05

           Step           Time
         195000      390.00000

   Energies (kJ/mol)
          Angle    Proper Dih.  Improper Dih.          LJ-14     Coulomb-14
    3.90780e+02    9.16114e+02    3.57058e+01    3.55372e+02    4.80635e+03
        LJ (SR)   Coulomb (SR)   COM Pull En.      Potential    Kinetic En.
   -3.02261e+02   -7.68305e+03    2.94533e+02   -1.18646e+03    3.45330e+01
   Total Energy  Conserved En.    Temperature Pressure (bar)   Constr. rmsd
   -1.15193e+03    2.60094e+03    1.05415e+01    5.25645e-01    4.39292e-05

           Step           Time
         200000      400.00000

   Energies (kJ/mol)
          Angle    Proper Dih.  Improper Dih.          LJ-14     Coulomb-14
    3.81773e+02    9.03379e+02    3.41042e+01    3.46773e+02    4.82682e+03
        LJ (SR)   Coulomb (SR)   COM Pull En.      Potential    Kinetic En.
   -2.89478e+02   -7.69247e+03    3.04665e+02   -1.18443e+03    3.48309e+01
   Total Energy  Conserved En.    Temperature Pressure (bar)   Constr. rmsd
   -1.14960e+03    2.67950e+03    1.06325e+01    4.94435e-02    4.36976e-05

           Step           Time
         205000      410.00000

   Energies (kJ/mol)
          Angle    Proper Dih.  Improper Dih.          LJ-14     Coulomb-14
    3.96316e+02    8.95403e+02    3.46280e+01    3.45173e+02    4.83279e+03
        LJ (SR)   Coulomb (SR)   COM Pull En.      Potential    Kinetic En.
   -2.84984e+02   -7.65964e+03    3.47336e+02   -1.09298e+03    3.18997e+01
   Total Energy  Conserved En.    Temperature Pressure (bar)   Constr. rmsd
   -1.06108e+03    2.76163e+03    9.73769e+00   -4.65110e-01    4.77715e-05

           Step           Time
         210000      420.00000

   Energies (kJ/mol)
          Angle    Proper Dih.  Improper Dih.          LJ-14     Coulomb-14
    4.02518e+02    9.04058e+02    3.48759e+01    3.46395e+02    4.81661e+03
        LJ (SR)   Coulomb (SR)   COM Pull En.      Potential    Kinetic En.
   -2.89530e+02   -7.63769e+03    4.15367e+02   -1.00739e+03    3.45550e+01
   Total Energy  Conserved En.    Temperature Pressure (bar)   Constr. rmsd
   -9.72837e+02    2.85318e+03    1.05483e+01    1.96211e-01    4.82856e-05

           Step           Time
         215000      430.00000

   Energies (kJ/mol)
          Angle    Proper Dih.  Improper Dih.          LJ-14     Coulomb-14
    4.30983e+02    9.08999e+02    3.54481e+01    3.46604e+02    4.80389e+03
        LJ (SR)   Coulomb (SR)   COM Pull En.      Potential    Kinetic En.
   -2.84384e+02   -7.62887e+03    4.74371e+02   -9.12958e+02    3.18590e+01
   Total Energy  Conserved En.    Temperature Pressure (bar)   Constr. rmsd
   -8.81099e+02    2.94892e+03    9.72528e+00   -2.19216e-01    5.08517e-05

           Step           Time
         220000      440.00000

   Energies (kJ/mol)
          Angle    Proper Dih.  Improper Dih.          LJ-14     Coulomb-14
    4.54926e+02    9.44498e+02    3.88335e+01    3.47124e+02    4.77599e+03
        LJ (SR)   Coulomb (SR)   COM Pull En.      Potential    Kinetic En.
   -2.73006e+02   -7.56437e+03    4.52317e+02   -8.23684e+02    3.34898e+01
   Total Energy  Conserved En.    Temperature Pressure (bar)   Constr. rmsd
   -7.90194e+02    3.04931e+03    1.02231e+01   -1.45183e-01    5.15097e-05

           Step           Time
         225000      450.00000

   Energies (kJ/mol)
          Angle    Proper Dih.  Improper Dih.          LJ-14     Coulomb-14
    3.97166e+02    8.78662e+02    3.10832e+01    3.49325e+02    4.82462e+03
        LJ (SR)   Coulomb (SR)   COM Pull En.      Potential    Kinetic En.
   -2.78629e+02   -7.45676e+03    4.12107e+02   -8.42432e+02    3.28485e+01
   Total Energy  Conserved En.    Temperature Pressure (bar)   Constr. rmsd
   -8.09584e+02    3.14638e+03    1.00273e+01    5.32271e-03    5.00677e-05

           Step           Time
         230000      460.00000

   Energies (kJ/mol)
          Angle    Proper Dih.  Improper Dih.          LJ-14     Coulomb-14
    4.02757e+02    8.73572e+02    3.40592e+01    3.45571e+02    4.80674e+03
        LJ (SR)   Coulomb (SR)   COM Pull En.      Potential    Kinetic En.
   -2.77739e+02   -7.42629e+03    4.13341e+02   -8.27986e+02    3.28095e+01
   Total Energy  Conserved En.    Temperature Pressure (bar)   Constr. rmsd
   -7.95176e+02    3.23699e+03    1.00154e+01   -9.20575e-02    5.32261e-05

           Step           Time
         235000      470.00000

   Energies (kJ/mol)
          Angle    Proper Dih.  Improper Dih.          LJ-14     Coulomb-14
    3.96850e+02    8.45340e+02    2.94596e+01    3.48696e+02    4.82348e+03
        LJ (SR)   Coulomb (SR)   COM Pull En.      Potential    Kinetic En.
   -2.77770e+02   -7.42267e+03    4.62171e+02   -7.94446e+02    3.52494e+01
   Total Energy  Conserved En.    Temperature Pressure (bar)   Constr. rmsd
   -7.59197e+02    3.33196e+03    1.07602e+01    6.35114e-02    5.18320e-05

           Step           Time
         240000      480.00000

   Energies (kJ/mol)
          Angle    Proper Dih.  Improper Dih.          LJ-14     Coulomb-14
    4.03286e+02    8.50691e+02    3.00935e+01    3.42894e+02    4.81733e+03
        LJ (SR)   Coulomb (SR)   COM Pull En.      Potential    Kinetic En.
   -2.74686e+02   -7.39380e+03    5.22615e+02   -7.01581e+02    3.50375e+01
   Total Energy  Conserved En.    Temperature Pressure (bar)   Constr. rmsd
   -6.66544e+02    3.43105e+03    1.06956e+01    4.87933e-02    5.51850e-05

           Step           Time
         245000      490.00000

   Energies (kJ/mol)
          Angle    Proper Dih.  Improper Dih.          LJ-14     Coulomb-14
    4.13173e+02    8.54419e+02    3.13638e+01    3.44794e+02    4.79379e+03
        LJ (SR)   Coulomb (SR)   COM Pull En.      Potential    Kinetic En.
   -2.86143e+02   -7.34956e+03    6.03223e+02   -5.94939e+02    3.42285e+01
   Total Energy  Conserved En.    Temperature Pressure (bar)   Constr. rmsd
   -5.60711e+02    3.53867e+03    1.04486e+01   -4.56242e-02    5.66009e-05

           Step           Time
         250000      500.00000

   Energies (kJ/mol)
          Angle    Proper Dih.  Improper Dih.          LJ-14     Coulomb-14
    4.55650e+02    8.99536e+02    2.74906e+01    3.48600e+02    4.78505e+03
        LJ (SR)   Coulomb (SR)   COM Pull En.      Potential    Kinetic En.
   -2.79209e+02   -7.33110e+03    5.75394e+02   -5.18586e+02    3.09505e+01
   Total Energy  Conserved En.    Temperature Pressure (bar)   Constr. rmsd
   -4.87635e+02    3.64877e+03    9.44796e+00   -3.83788e-01    6.03240e-05

           Step           Time
         255000      510.00000

   Energies (kJ/mol)
          Angle    Proper Dih.  Improper Dih.          LJ-14     Coulomb-14
    4.49902e+02    8.74428e+02    3.23116e+01    3.51057e+02    4.80800e+03
        LJ (SR)   Coulomb (SR)   COM Pull En.      Potential    Kinetic En.
   -2.69513e+02   -7.36182e+03    6.29780e+02   -4.85858e+02    3.29653e+01
   Total Energy  Conserved En.    Temperature Pressure (bar)   Constr. rmsd
   -4.52893e+02    3.76268e+03    1.00630e+01   -1.92003e-01    6.14225e-05

           Step           Time
         260000      520.00000

   Energies (kJ/mol)
          Angle    Proper Dih.  Improper Dih.          LJ-14     Coulomb-14
    4.52831e+02    9.16496e+02    3.06324e+01    3.46590e+02    4.79106e+03
        LJ (SR)   Coulomb (SR)   COM Pull En.      Potential    Kinetic En.
   -2.87899e+02   -7.33839e+03    7.05828e+02   -3.82848e+02    3.24535e+01
   Total Energy  Conserved En.    Temperature Pressure (bar)   Constr. rmsd
   -3.50395e+02    3.88213e+03    9.90674e+00    1.65387e-01    6.08056e-05

           Step           Time
         265000      530.00000

   Energies (kJ/mol)
          Angle    Proper Dih.  Improper Dih.          LJ-14     Coulomb-14
    4.74279e+02    8.94412e+02    2.95512e+01    3.43064e+02    4.79464e+03
        LJ (SR)   Coulomb (SR)   COM Pull En.      Potential    Kinetic En.
   -2.77492e+02   -7.33433e+03    8.13575e+02   -2.62306e+02    3.31792e+01
   Total Energy  Conserved En.    Temperature Pressure (bar)   Constr. rmsd
   -2.29127e+02    4.00587e+03    1.01283e+01   -3.34070e-01    6.50056e-05

           Step           Time
         270000      540.00000

   Energies (kJ/mol)
          Angle    Proper Dih.  Improper Dih.          LJ-14     Coulomb-14
    4.71502e+02    9.20444e+02    3.14363e+01    3.37874e+02    4.76042e+03
        LJ (SR)   Coulomb (SR)   COM Pull En.      Potential    Kinetic En.
   -2.51615e+02   -7.26898e+03    8.14173e+02   -1.84744e+02    3.24651e+01
   Total Energy  Conserved En.    Temperature Pressure (bar)   Constr. rmsd
   -1.52278e+02    4.13616e+03    9.91028e+00   -1.87209e-01    6.46636e-05

           Step           Time
         275000      550.00000

   Energies (kJ/mol)
          Angle    Proper Dih.  Improper Dih.          LJ-14     Coulomb-14
    4.79192e+02    9.03041e+02    3.19575e+01    3.37160e+02    4.77852e+03
        LJ (SR)   Coulomb (SR)   COM Pull En.      Potential    Kinetic En.
   -2.40355e+02   -7.25806e+03    8.99930e+02   -6.86144e+01    3.56573e+01
   Total Energy  Conserved En.    Temperature Pressure (bar)   Constr. rmsd
   -3.29571e+01    4.26554e+03    1.08847e+01    1.75162e-01    6.64500e-05

           Step           Time
         280000      560.00000

   Energies (kJ/mol)
          Angle    Proper Dih.  Improper Dih.          LJ-14     Coulomb-14
    5.12173e+02    9.11803e+02    3.20163e+01    3.37698e+02    4.75083e+03
        LJ (SR)   Coulomb (SR)   COM Pull En.      Potential    Kinetic En.
   -2.38642e+02   -7.23147e+03    9.94031e+02    6.84373e+01    3.36334e+01
   Total Energy  Conserved En.    Temperature Pressure (bar)   Constr. rmsd
    1.02071e+02    4.40266e+03    1.02669e+01   -6.04406e-02    7.10862e-05

           Step           Time
         285000      570.00000

   Energies (kJ/mol)
          Angle    Proper Dih.  Improper Dih.          LJ-14     Coulomb-14
    5.26813e+02    9.15883e+02    3.32877e+01    3.35303e+02    4.73755e+03
        LJ (SR)   Coulomb (SR)   COM Pull En.      Potential    Kinetic En.
   -2.38756e+02   -7.22853e+03    1.13233e+03    2.13881e+02    3.61374e+01
   Total Energy  Conserved En.    Temperature Pressure (bar)   Constr. rmsd
    2.50019e+02    4.54958e+03    1.10313e+01    6.44921e-02    7.30711e-05

           Step           Time
         290000      580.00000

   Energies (kJ/mol)
          Angle    Proper Dih.  Improper Dih.          LJ-14     Coulomb-14
    5.65997e+02    9.05053e+02    3.13624e+01    3.35812e+02    4.73073e+03
        LJ (SR)   Coulomb (SR)   COM Pull En.      Potential    Kinetic En.
   -2.21151e+02   -7.20247e+03    1.22522e+03    3.70546e+02    3.31832e+01
   Total Energy  Conserved En.    Temperature Pressure (bar)   Constr. rmsd
    4.03729e+02    4.70112e+03    1.01295e+01    2.49761e-01    7.75257e-05

           Step           Time
         295000      590.00000

   Energies (kJ/mol)
          Angle    Proper Dih.  Improper Dih.          LJ-14     Coulomb-14
    5.91056e+02    9.16742e+02    3.26442e+01    3.35300e+02    4.70886e+03
        LJ (SR)   Coulomb (SR)   COM Pull En.      Potential    Kinetic En.
   -2.16645e+02   -7.18819e+03    1.35002e+03    5.29784e+02    3.36796e+01
   Total Energy  Conserved En.    Temperature Pressure (bar)   Constr. rmsd
    5.63464e+02    4.86067e+03    1.02810e+01   -3.20590e-01    8.21323e-05

           Step           Time
         300000      600.00000

   Energies (kJ/mol)
          Angle    Proper Dih.  Improper Dih.          LJ-14     Coulomb-14
    5.95891e+02    9.13689e+02    3.05253e+01    3.35211e+02    4.71197e+03
        LJ (SR)   Coulomb (SR)   COM Pull En.      Potential    Kinetic En.
   -2.23049e+02   -7.17276e+03    1.50359e+03    6.95072e+02    3.15550e+01
   Total Energy  Conserved En.    Temperature Pressure (bar)   Constr. rmsd
    7.26627e+02    5.02805e+03    9.63247e+00   -2.12783e-01    8.43432e-05

           Step           Time
         305000      610.00000

   Energies (kJ/mol)
          Angle    Proper Dih.  Improper Dih.          LJ-14     Coulomb-14
    6.24343e+02    9.21698e+02    2.95844e+01    3.45755e+02    4.69551e+03
        LJ (SR)   Coulomb (SR)   COM Pull En.      Potential    Kinetic En.
   -2.13635e+02   -7.11886e+03    1.58831e+03    8.72719e+02    3.25527e+01
   Total Energy  Conserved En.    Temperature Pressure (bar)   Constr. rmsd
    9.05272e+02    5.20253e+03    9.93704e+00   -5.71029e-01    9.24790e-05

           Step           Time
         310000      620.00000

   Energies (kJ/mol)
          Angle    Proper Dih.  Improper Dih.          LJ-14     Coulomb-14
    6.36032e+02    9.24824e+02    2.87063e+01    3.44610e+02    4.69121e+03
        LJ (SR)   Coulomb (SR)   COM Pull En.      Potential    Kinetic En.
   -1.97446e+02   -7.12120e+03    1.74552e+03    1.05225e+03    3.45866e+01
   Total Energy  Conserved En.    Temperature Pressure (bar)   Constr. rmsd
    1.08684e+03    5.38547e+03    1.05579e+01    7.74397e-01    9.22546e-05

           Step           Time
         315000      630.00000

   Energies (kJ/mol)
          Angle    Proper Dih.  Improper Dih.          LJ-14     Coulomb-14
    6.78370e+02    9.19625e+02    2.98581e+01    3.50477e+02    4.67649e+03
        LJ (SR)   Coulomb (SR)   COM Pull En.      Potential    Kinetic En.
   -2.01708e+02   -7.11345e+03    1.90295e+03    1.24261e+03    3.48152e+01
   Total Energy  Conserved En.    Temperature Pressure (bar)   Constr. rmsd
    1.27742e+03    5.57719e+03    1.06277e+01    1.48845e-01    9.84925e-05

           Step           Time
         320000      640.00000

   Energies (kJ/mol)
          Angle    Proper Dih.  Improper Dih.          LJ-14     Coulomb-14
    6.91738e+02    9.22991e+02    2.87852e+01    3.41264e+02    4.67736e+03
        LJ (SR)   Coulomb (SR)   COM Pull En.      Potential    Kinetic En.
   -2.10152e+02   -7.09577e+03    2.08370e+03    1.43991e+03    3.27116e+01
   Total Energy  Conserved En.    Temperature Pressure (bar)   Constr. rmsd
    1.47262e+03    5.77738e+03    9.98553e+00   -4.63697e-01    1.03849e-04

           Step           Time
         325000      650.00000

   Energies (kJ/mol)
          Angle    Proper Dih.  Improper Dih.          LJ-14     Coulomb-14
    6.81592e+02    8.79991e+02    2.91811e+01    3.49039e+02    4.66787e+03
        LJ (SR)   Coulomb (SR)   COM Pull En.      Potential    Kinetic En.
   -2.15653e+02   -7.09029e+03    2.25426e+03    1.55599e+03    3.23967e+01
   Total Energy  Conserved En.    Temperature Pressure (bar)   Constr. rmsd
    1.58839e+03    5.98680e+03    9.88940e+00    4.78654e-01    1.03914e-04

           Step           Time
         330000      660.00000

   Energies (kJ/mol)
          Angle    Proper Dih.  Improper Dih.          LJ-14     Coulomb-14
    7.08601e+02    8.90521e+02    2.57888e+01    3.44014e+02    4.65845e+03
        LJ (SR)   Coulomb (SR)   COM Pull En.      Potential    Kinetic En.
   -2.08350e+02   -7.09771e+03    2.45027e+03    1.77159e+03    3.61183e+01
   Total Energy  Conserved En.    Temperature Pressure (bar)   Constr. rmsd
    1.80770e+03    6.20555e+03    1.10255e+01    5.95433e-01    1.06017e-04

           Step           Time
         335000      670.00000

   Energies (kJ/mol)
          Angle    Proper Dih.  Improper Dih.          LJ-14     Coulomb-14
    7.30076e+02    8.76687e+02    2.77941e+01    3.40058e+02    4.65792e+03
        LJ (SR)   Coulomb (SR)   COM Pull En.      Potential    Kinetic En.
   -2.20269e+02   -7.07544e+03    2.66029e+03    1.99711e+03    3.02111e+01
   Total Energy  Conserved En.    Temperature Pressure (bar)   Constr. rmsd
    2.02732e+03    6.43343e+03    9.22224e+00    2.49690e-01    1.11174e-04

           Step           Time
         340000      680.00000

   Energies (kJ/mol)
          Angle    Proper Dih.  Improper Dih.          LJ-14     Coulomb-14
    7.56874e+02    8.92636e+02    2.70091e+01    3.44984e+02    4.64482e+03
        LJ (SR)   Coulomb (SR)   COM Pull En.      Potential    Kinetic En.
   -2.22304e+02   -7.04931e+03    2.83922e+03    2.23392e+03    3.44359e+01
   Total Energy  Conserved En.    Temperature Pressure (bar)   Constr. rmsd
    2.26836e+03    6.66901e+03    1.05119e+01    9.07844e-02    1.15029e-04

           Step           Time
         345000      690.00000

   Energies (kJ/mol)
          Angle    Proper Dih.  Improper Dih.          LJ-14     Coulomb-14
    7.87575e+02    8.93834e+02    2.61864e+01    3.43961e+02    4.63487e+03
        LJ (SR)   Coulomb (SR)   COM Pull En.      Potential    Kinetic En.
   -2.07664e+02   -7.05276e+03    3.04852e+03    2.47452e+03    3.05915e+01
   Total Energy  Conserved En.    Temperature Pressure (bar)   Constr. rmsd
    2.50511e+03    6.91219e+03    9.33835e+00    3.30612e-01    1.20051e-04

           Step           Time
         350000      700.00000

   Energies (kJ/mol)
          Angle    Proper Dih.  Improper Dih.          LJ-14     Coulomb-14
    8.28278e+02    8.83538e+02    2.75246e+01    3.46445e+02    4.62855e+03
        LJ (SR)   Coulomb (SR)   COM Pull En.      Potential    Kinetic En.
   -1.98711e+02   -7.06103e+03    3.27117e+03    2.72576e+03    3.46794e+01
   Total Energy  Conserved En.    Temperature Pressure (bar)   Constr. rmsd
    2.76044e+03    7.16338e+03    1.05862e+01    1.14543e-02    1.25086e-04

           Step           Time
         355000      710.00000

   Energies (kJ/mol)
          Angle    Proper Dih.  Improper Dih.          LJ-14     Coulomb-14
    8.31674e+02    8.97478e+02    2.62329e+01    3.43550e+02    4.63496e+03
        LJ (SR)   Coulomb (SR)   COM Pull En.      Potential    Kinetic En.
   -2.09497e+02   -7.05433e+03    3.51481e+03    2.98488e+03    3.38690e+01
   Total Energy  Conserved En.    Temperature Pressure (bar)   Constr. rmsd
    3.01875e+03    7.42613e+03    1.03388e+01    5.67123e-01    1.27418e-04

           Step           Time
         360000      720.00000

   Energies (kJ/mol)
          Angle    Proper Dih.  Improper Dih.          LJ-14     Coulomb-14
    8.76334e+02    8.89251e+02    2.72721e+01    3.43438e+02    4.60454e+03
        LJ (SR)   Coulomb (SR)   COM Pull En.      Potential    Kinetic En.
   -2.04926e+02   -7.02962e+03    3.74499e+03    3.25127e+03    3.37311e+01
   Total Energy  Conserved En.    Temperature Pressure (bar)   Constr. rmsd
    3.28500e+03    7.69523e+03    1.02968e+01    7.38267e-01    1.33746e-04

           Step           Time
         365000      730.00000

   Energies (kJ/mol)
          Angle    Proper Dih.  Improper Dih.          LJ-14     Coulomb-14
    8.70199e+02    8.46442e+02    2.66961e+01    3.35138e+02    4.58721e+03
        LJ (SR)   Coulomb (SR)   COM Pull En.      Potential    Kinetic En.
   -1.83759e+02   -6.91583e+03    3.75446e+03    3.32055e+03    3.21838e+01
   Total Energy  Conserved En.    Temperature Pressure (bar)   Constr. rmsd
    3.35274e+03    7.96826e+03    9.82443e+00   -1.35234e-01    1.39265e-04

           Step           Time
         370000      740.00000

   Energies (kJ/mol)
          Angle    Proper Dih.  Improper Dih.          LJ-14     Coulomb-14
    8.11621e+02    8.77245e+02    2.74011e+01    3.31756e+02    4.63449e+03
        LJ (SR)   Coulomb (SR)   COM Pull En.      Potential    Kinetic En.
   -1.77830e+02   -6.92589e+03    3.92974e+03    3.50853e+03    4.77547e+01
   Total Energy  Conserved En.    Temperature Pressure (bar)   Constr. rmsd
    3.55628e+03    8.25026e+03    1.45776e+01    6.94542e-01    1.35886e-04

Group rest with mass  2.85129e+03, Ekrot  1.08568e+00 Det(I) =  1.91390e+08
  COM:     14.97384      14.93451       7.08000
  P:       -0.00028       0.00065       0.00004
  V:       -0.00000       0.00000       0.00000
  J:      115.86548       0.00082     136.17668
  w:        0.00789       0.00059       0.00924
Inertia tensor (3x3):
   Inertia tensor[    0]={ 1.44938e+02, -7.43750e+00,  1.25000e-01}
   Inertia tensor[    1]={-7.43750e+00,  1.46016e+04,  2.13125e+01}
   Inertia tensor[    2]={ 1.25000e-01,  2.13125e+01,  9.04688e+01}
           Step           Time
         375000      750.00000

   Energies (kJ/mol)
          Angle    Proper Dih.  Improper Dih.          LJ-14     Coulomb-14
    7.86614e+02    8.18932e+02    2.04021e+01    3.26109e+02    4.66475e+03
        LJ (SR)   Coulomb (SR)   COM Pull En.      Potential    Kinetic En.
   -2.01505e+02   -6.93313e+03    4.18779e+03    3.66996e+03    2.96965e+01
   Total Energy  Conserved En.    Temperature Pressure (bar)   Constr. rmsd
    3.69966e+03    8.53082e+03    9.06515e+00    8.69006e-01    1.35076e-04

           Step           Time
         380000      760.00000

   Energies (kJ/mol)
          Angle    Proper Dih.  Improper Dih.          LJ-14     Coulomb-14
    8.45936e+02    8.26960e+02    1.98256e+01    3.32528e+02    4.65678e+03
        LJ (SR)   Coulomb (SR)   COM Pull En.      Potential    Kinetic En.
   -2.04091e+02   -6.94773e+03    4.42560e+03    3.95581e+03    3.51849e+01
   Total Energy  Conserved En.    Temperature Pressure (bar)   Constr. rmsd
    3.99099e+03    8.82309e+03    1.07405e+01    1.26533e-01    1.45312e-04

           Step           Time
         385000      770.00000

   Energies (kJ/mol)
          Angle    Proper Dih.  Improper Dih.          LJ-14     Coulomb-14
    8.80580e+02    8.14762e+02    2.23560e+01    3.24477e+02    4.62673e+03
        LJ (SR)   Coulomb (SR)   COM Pull En.      Potential    Kinetic En.
   -1.97346e+02   -6.91201e+03    4.69792e+03    4.25748e+03    3.35535e+01
   Total Energy  Conserved En.    Temperature Pressure (bar)   Constr. rmsd
    4.29103e+03    9.12507e+03    1.02425e+01    1.70415e-01    1.50610e-04

           Step           Time
         390000      780.00000

   Energies (kJ/mol)
          Angle    Proper Dih.  Improper Dih.          LJ-14     Coulomb-14
    8.84154e+02    8.33993e+02    2.20662e+01    3.29907e+02    4.63012e+03
        LJ (SR)   Coulomb (SR)   COM Pull En.      Potential    Kinetic En.
   -1.98033e+02   -6.91946e+03    4.98967e+03    4.57241e+03    3.27574e+01
   Total Energy  Conserved En.    Temperature Pressure (bar)   Constr. rmsd
    4.60517e+03    9.43490e+03    9.99951e+00    3.83179e-01    1.51866e-04

           Step           Time
         395000      790.00000

   Energies (kJ/mol)
          Angle    Proper Dih.  Improper Dih.          LJ-14     Coulomb-14
    9.31499e+02    8.31102e+02    2.02721e+01    3.24720e+02    4.62180e+03
        LJ (SR)   Coulomb (SR)   COM Pull En.      Potential    Kinetic En.
   -2.00569e+02   -6.90641e+03    5.26721e+03    4.88962e+03    3.44344e+01
   Total Energy  Conserved En.    Temperature Pressure (bar)   Constr. rmsd
    4.92405e+03    9.75247e+03    1.05114e+01   -4.74034e-01    1.63029e-04

           Step           Time
         400000      800.00000

   Energies (kJ/mol)
          Angle    Proper Dih.  Improper Dih.          LJ-14     Coulomb-14
    9.60074e+02    8.29480e+02    2.02314e+01    3.23530e+02    4.61559e+03
        LJ (SR)   Coulomb (SR)   COM Pull En.      Potential    Kinetic En.
   -2.01154e+02   -6.89348e+03    5.56210e+03    5.21638e+03    3.27238e+01
   Total Energy  Conserved En.    Temperature Pressure (bar)   Constr. rmsd
    5.24911e+03    1.00823e+04    9.98925e+00   -1.94852e-01    1.66213e-04

           Step           Time
         405000      810.00000

   Energies (kJ/mol)
          Angle    Proper Dih.  Improper Dih.          LJ-14     Coulomb-14
    9.86187e+02    8.38179e+02    1.84291e+01    3.22536e+02    4.60378e+03
        LJ (SR)   Coulomb (SR)   COM Pull En.      Potential    Kinetic En.
   -2.01546e+02   -6.87822e+03    5.86954e+03    5.55889e+03    3.13726e+01
   Total Energy  Conserved En.    Temperature Pressure (bar)   Constr. rmsd
    5.59026e+03    1.04195e+04    9.57679e+00   -5.78205e-01    1.71536e-04

           Step           Time
         410000      820.00000

   Energies (kJ/mol)
          Angle    Proper Dih.  Improper Dih.          LJ-14     Coulomb-14
    1.01352e+03    8.30242e+02    2.00766e+01    3.26731e+02    4.59956e+03
        LJ (SR)   Coulomb (SR)   COM Pull En.      Potential    Kinetic En.
   -2.00931e+02   -6.87447e+03    6.19045e+03    5.90518e+03    3.05512e+01
   Total Energy  Conserved En.    Temperature Pressure (bar)   Constr. rmsd
    5.93573e+03    1.07665e+04    9.32607e+00    1.71800e-01    1.74727e-04

           Step           Time
         415000      830.00000

   Energies (kJ/mol)
          Angle    Proper Dih.  Improper Dih.          LJ-14     Coulomb-14
    1.04219e+03    8.47903e+02    2.00285e+01    3.22163e+02    4.58463e+03
        LJ (SR)   Coulomb (SR)   COM Pull En.      Potential    Kinetic En.
   -1.87754e+02   -6.86613e+03    6.49730e+03    6.26033e+03    3.17038e+01
   Total Energy  Conserved En.    Temperature Pressure (bar)   Constr. rmsd
    6.29203e+03    1.11227e+04    9.67789e+00    6.89717e-02    1.80921e-04

           Step           Time
         420000      840.00000

   Energies (kJ/mol)
          Angle    Proper Dih.  Improper Dih.          LJ-14     Coulomb-14
    1.07799e+03    8.45071e+02    2.03204e+01    3.25044e+02    4.58715e+03
        LJ (SR)   Coulomb (SR)   COM Pull En.      Potential    Kinetic En.
   -2.02513e+02   -6.86868e+03    6.84302e+03    6.62740e+03    3.25982e+01
   Total Energy  Conserved En.    Temperature Pressure (bar)   Constr. rmsd
    6.66000e+03    1.14874e+04    9.95092e+00   -1.39835e-01    1.87964e-04

           Step           Time
         425000      850.00000

   Energies (kJ/mol)
          Angle    Proper Dih.  Improper Dih.          LJ-14     Coulomb-14
    1.10462e+03    8.57576e+02    2.17174e+01    3.23968e+02    4.56648e+03
        LJ (SR)   Coulomb (SR)   COM Pull En.      Potential    Kinetic En.
   -1.83254e+02   -6.87084e+03    7.17705e+03    6.99732e+03    3.27366e+01
   Total Energy  Conserved En.    Temperature Pressure (bar)   Constr. rmsd
    7.03005e+03    1.18608e+04    9.99316e+00    4.15334e-01    1.92447e-04

           Step           Time
         430000      860.00000

   Energies (kJ/mol)
          Angle    Proper Dih.  Improper Dih.          LJ-14     Coulomb-14
    1.12820e+03    8.57844e+02    1.98544e+01    3.21476e+02    4.56759e+03
        LJ (SR)   Coulomb (SR)   COM Pull En.      Potential    Kinetic En.
   -1.99199e+02   -6.85174e+03    7.53658e+03    7.38060e+03    3.36233e+01
   Total Energy  Conserved En.    Temperature Pressure (bar)   Constr. rmsd
    7.41422e+03    1.22437e+04    1.02638e+01   -9.03849e-02    1.96885e-04

           Step           Time
         435000      870.00000

   Energies (kJ/mol)
          Angle    Proper Dih.  Improper Dih.          LJ-14     Coulomb-14
    1.16553e+03    8.53823e+02    2.06765e+01    3.24488e+02    4.55195e+03
        LJ (SR)   Coulomb (SR)   COM Pull En.      Potential    Kinetic En.
   -1.89229e+02   -6.84528e+03    7.89306e+03    7.77501e+03    3.14136e+01
   Total Energy  Conserved En.    Temperature Pressure (bar)   Constr. rmsd
    7.80643e+03    1.26352e+04    9.58932e+00    1.67632e-01    2.03904e-04

           Step           Time
         440000      880.00000

   Energies (kJ/mol)
          Angle    Proper Dih.  Improper Dih.          LJ-14     Coulomb-14
    1.18970e+03    8.69122e+02    2.10643e+01    3.21269e+02    4.54032e+03
        LJ (SR)   Coulomb (SR)   COM Pull En.      Potential    Kinetic En.
   -2.02482e+02   -6.81462e+03    8.24919e+03    8.17356e+03    3.12616e+01
   Total Energy  Conserved En.    Temperature Pressure (bar)   Constr. rmsd
    8.20482e+03    1.30349e+04    9.54291e+00   -5.39626e-01    2.12230e-04

           Step           Time
         445000      890.00000

   Energies (kJ/mol)
          Angle    Proper Dih.  Improper Dih.          LJ-14     Coulomb-14
    1.22588e+03    8.70822e+02    2.04358e+01    3.25072e+02    4.53538e+03
        LJ (SR)   Coulomb (SR)   COM Pull En.      Potential    Kinetic En.
   -1.84895e+02   -6.83205e+03    8.62540e+03    8.58604e+03    3.45521e+01
   Total Energy  Conserved En.    Temperature Pressure (bar)   Constr. rmsd
    8.62060e+03    1.34445e+04    1.05474e+01   -2.99868e-01    2.16709e-04

           Step           Time
         450000      900.00000

   Energies (kJ/mol)
          Angle    Proper Dih.  Improper Dih.          LJ-14     Coulomb-14
    1.26327e+03    8.75191e+02    2.05878e+01    3.32031e+02    4.51593e+03
        LJ (SR)   Coulomb (SR)   COM Pull En.      Potential    Kinetic En.
   -1.77436e+02   -6.83598e+03    9.01150e+03    9.00509e+03    3.15165e+01
   Total Energy  Conserved En.    Temperature Pressure (bar)   Constr. rmsd
    9.03661e+03    1.38632e+04    9.62073e+00    4.58266e-01    2.19078e-04

           Step           Time
         455000      910.00000

   Energies (kJ/mol)
          Angle    Proper Dih.  Improper Dih.          LJ-14     Coulomb-14
    1.28650e+03    8.82035e+02    2.27937e+01    3.25211e+02    4.52161e+03
        LJ (SR)   Coulomb (SR)   COM Pull En.      Potential    Kinetic En.
   -1.77558e+02   -6.79144e+03    9.31657e+03    9.38571e+03    3.45251e+01
   Total Energy  Conserved En.    Temperature Pressure (bar)   Constr. rmsd
    9.42024e+03    1.42944e+04    1.05391e+01   -2.58904e-01    2.30172e-04

           Step           Time
         460000      920.00000

   Energies (kJ/mol)
          Angle    Proper Dih.  Improper Dih.          LJ-14     Coulomb-14
    1.28850e+03    8.75277e+02    2.21325e+01    3.22054e+02    4.52004e+03
        LJ (SR)   Coulomb (SR)   COM Pull En.      Potential    Kinetic En.
   -1.83582e+02   -6.77016e+03    9.74813e+03    9.82240e+03    3.52781e+01
   Total Energy  Conserved En.    Temperature Pressure (bar)   Constr. rmsd
    9.85767e+03    1.47387e+04    1.07690e+01   -1.76805e-01    2.31729e-04

           Step           Time
         465000      930.00000

   Energies (kJ/mol)
          Angle    Proper Dih.  Improper Dih.          LJ-14     Coulomb-14
    1.33012e+03    8.76009e+02    2.32584e+01    3.22332e+02    4.53072e+03
        LJ (SR)   Coulomb (SR)   COM Pull En.      Potential    Kinetic En.
   -1.81150e+02   -6.79192e+03    1.01605e+04    1.02699e+04    3.22666e+01
   Total Energy  Conserved En.    Temperature Pressure (bar)   Constr. rmsd
    1.03021e+04    1.51893e+04    9.84969e+00   -8.97959e-02    2.39808e-04

           Step           Time
         470000      940.00000

   Energies (kJ/mol)
          Angle    Proper Dih.  Improper Dih.          LJ-14     Coulomb-14
    1.33857e+03    8.87001e+02    2.27360e+01    3.24086e+02    4.52882e+03
        LJ (SR)   Coulomb (SR)   COM Pull En.      Potential    Kinetic En.
   -1.89799e+02   -6.78793e+03    1.06002e+04    1.07237e+04    3.18982e+01
   Total Energy  Conserved En.    Temperature Pressure (bar)   Constr. rmsd
    1.07556e+04    1.56487e+04    9.73724e+00    2.59150e-01    2.41704e-04

           Step           Time
         475000      950.00000

   Energies (kJ/mol)
          Angle    Proper Dih.  Improper Dih.          LJ-14     Coulomb-14
    1.37034e+03    8.74684e+02    2.05982e+01    3.25649e+02    4.50911e+03
        LJ (SR)   Coulomb (SR)   COM Pull En.      Potential    Kinetic En.
   -1.72038e+02   -6.75445e+03    1.10184e+04    1.11923e+04    3.04756e+01
   Total Energy  Conserved En.    Temperature Pressure (bar)   Constr. rmsd
    1.12228e+04    1.61187e+04    9.30297e+00    8.21190e-01    2.47929e-04

           Step           Time
         480000      960.00000

   Energies (kJ/mol)
          Angle    Proper Dih.  Improper Dih.          LJ-14     Coulomb-14
    1.41648e+03    8.90930e+02    2.23915e+01    3.24779e+02    4.49576e+03
        LJ (SR)   Coulomb (SR)   COM Pull En.      Potential    Kinetic En.
   -1.73248e+02   -6.75812e+03    1.14471e+04    1.16661e+04    3.35723e+01
   Total Energy  Conserved En.    Temperature Pressure (bar)   Constr. rmsd
    1.16997e+04    1.65956e+04    1.02483e+01    7.61584e-01    2.52974e-04

           Step           Time
         485000      970.00000

   Energies (kJ/mol)
          Angle    Proper Dih.  Improper Dih.          LJ-14     Coulomb-14
    1.44325e+03    8.80719e+02    2.08798e+01    3.21155e+02    4.49268e+03
        LJ (SR)   Coulomb (SR)   COM Pull En.      Potential    Kinetic En.
   -1.68248e+02   -6.75130e+03    1.19060e+04    1.21451e+04    3.31666e+01
   Total Energy  Conserved En.    Temperature Pressure (bar)   Constr. rmsd
    1.21783e+04    1.70822e+04    1.01244e+01    4.26382e-01    2.60692e-04

           Step           Time
         490000      980.00000

   Energies (kJ/mol)
          Angle    Proper Dih.  Improper Dih.          LJ-14     Coulomb-14
    1.49264e+03    8.82507e+02    2.01161e+01    3.21397e+02    4.47594e+03
        LJ (SR)   Coulomb (SR)   COM Pull En.      Potential    Kinetic En.
   -1.87742e+02   -6.71246e+03    1.23415e+04    1.26339e+04    3.25287e+01
   Total Energy  Conserved En.    Temperature Pressure (bar)   Constr. rmsd
    1.26665e+04    1.75767e+04    9.92971e+00   -5.69433e-01    2.72311e-04

           Step           Time
         495000      990.00000

   Energies (kJ/mol)
          Angle    Proper Dih.  Improper Dih.          LJ-14     Coulomb-14
    1.49062e+03    8.82044e+02    1.96919e+01    3.26288e+02    4.49093e+03
        LJ (SR)   Coulomb (SR)   COM Pull En.      Potential    Kinetic En.
   -1.78094e+02   -6.74466e+03    1.28505e+04    1.31373e+04    3.12039e+01
   Total Energy  Conserved En.    Temperature Pressure (bar)   Constr. rmsd
    1.31685e+04    1.80793e+04    9.52529e+00    9.53036e-01    2.71946e-04

           Step           Time
         500000     1000.00000

Writing checkpoint, step 500000 at Thu May 11 17:55:37 2023


   Energies (kJ/mol)
          Angle    Proper Dih.  Improper Dih.          LJ-14     Coulomb-14
    1.57206e+03    8.90163e+02    1.89864e+01    3.19223e+02    4.45278e+03
        LJ (SR)   Coulomb (SR)   COM Pull En.      Potential    Kinetic En.
   -1.77394e+02   -6.70466e+03    1.32751e+04    1.36463e+04    3.69768e+01
   Total Energy  Conserved En.    Temperature Pressure (bar)   Constr. rmsd
    1.36833e+04    1.85921e+04    1.12875e+01   -2.24954e-01    2.87506e-04


	<======  ###############  ==>
	<====  A V E R A G E S  ====>
	<==  ###############  ======>

	Statistics over 500001 steps using 1001 frames

   Energies (kJ/mol)
          Angle    Proper Dih.  Improper Dih.          LJ-14     Coulomb-14
    6.27987e+02    8.86545e+02    2.85818e+01    3.48414e+02    4.75051e+03
        LJ (SR)   Coulomb (SR)   COM Pull En.      Potential    Kinetic En.
   -2.94448e+02   -7.47835e+03    2.71761e+03    1.58685e+03    3.40668e+01
   Total Energy  Conserved En.    Temperature Pressure (bar)   Constr. rmsd
    1.62091e+03    5.46441e+03    1.03992e+01    2.66463e-02    0.00000e+00

   Total Virial (kJ/mol)
    6.59652e+00    8.37170e-02    3.41061e-01
    8.38689e-02    5.10066e+00   -3.25755e+00
    3.41316e-01   -3.25735e+00    8.86118e+00

   Pressure (bar)
    3.10198e-02   -1.56558e-03   -2.52741e-03
   -1.56648e-03    2.94546e-02    1.99166e-02
   -2.52893e-03    1.99155e-02    1.94645e-02


	M E G A - F L O P S   A C C O U N T I N G

 NB=Group-cutoff nonbonded kernels    NxN=N-by-N cluster Verlet kernels
 RF=Reaction-Field  VdW=Van der Waals  QSTab=quadratic-spline table
 W3=SPC/TIP3p  W4=TIP4p (single or pairs)
 V&F=Potential and force  V=Potential only  F=Force only

 Computing:                               M-Number         M-Flops  % Flops
-----------------------------------------------------------------------------
 Pair Search distance check              33.650746         302.857     0.0
 NxN RF Elec. + LJ [F]                29996.217040     1139856.248    79.8
 NxN RF Elec. + LJ [V&F]                 60.188088        3250.157     0.2
 NxN RF Electrostatics [F]               94.735152        2936.790     0.2
 NxN RF Electrostatics [V&F]              0.193976           6.983     0.0
 1,4 nonbonded interactions             535.001070       48150.096     3.4
 Shift-X                                  2.010402          12.062     0.0
 Angles                                 372.500745       62580.125     4.4
 Propers                                560.001120      128240.256     9.0
 Impropers                               42.500085        8840.018     0.6
 Virial                                   0.447447           8.054     0.0
 Stop-CM                                  0.402804           4.028     0.0
 Calc-Ekin                               40.200804        1085.422     0.1
 Lincs                                  206.001236       12360.074     0.9
 Lincs-Mat                             4470.026820       17880.107     1.3
 Constraint-V                           412.001648        3296.013     0.2
 Constraint-Vir                           0.412412           9.898     0.0
-----------------------------------------------------------------------------
 Total                                                 1428819.188   100.0
-----------------------------------------------------------------------------


     R E A L   C Y C L E   A N D   T I M E   A C C O U N T I N G

On 1 MPI rank, each using 2 OpenMP threads

 Computing:          Num   Num      Call    Wall time         Giga-Cycles
                     Ranks Threads  Count      (s)         total sum    %
-----------------------------------------------------------------------------
 Neighbor search        1    2       5001       1.424          6.265   0.8
 Force                  1    2     500001     126.984        558.678  71.0
 NB X/F buffer ops.     1    2     995001       9.071         39.910   5.1
 COM pull force         1    2     500001       1.429          6.286   0.8
 Write traj.            1    2       1001       0.263          1.156   0.1
 Update                 1    2     500001       4.800         21.116   2.7
 Constraints            1    2     500003      32.459        142.807  18.2
 Rest                                           2.387         10.500   1.3
-----------------------------------------------------------------------------
 Total                                        178.816        786.719 100.0
-----------------------------------------------------------------------------

               Core t (s)   Wall t (s)        (%)
       Time:      357.632      178.816      200.0
                 (ns/day)    (hour/ns)
Performance:      483.179        0.050
Finished mdrun on rank 0 Thu May 11 17:55:37 2023

