              :-) GROMACS - gmx mdrun, 2020.1-Ubuntu-2020.1-1 (-:

                            GROMACS is written by:
     Emile Apol      Rossen Apostolov      Paul Bauer     Herman J.C. Berendsen
    Par Bjelkmar      Christian Blau   Viacheslav Bolnykh     Kevin Boyd    
 Aldert van Buuren   Rudi van Drunen     Anton Feenstra       Alan Gray     
  Gerrit Groenhof     Anca Hamuraru    Vincent Hindriksen  M. Eric Irrgang  
  Aleksei Iupinov   Christoph Junghans     Joe Jordan     Dimitrios Karkoulis
    Peter Kasson        Jiri Kraus      Carsten Kutzner      Per Larsson    
  Justin A. Lemkul    Viveca Lindahl    Magnus Lundborg     Erik Marklund   
    Pascal Merz     Pieter Meulenhoff    Teemu Murtola       Szilard Pall   
    Sander Pronk      Roland Schulz      Michael Shirts    Alexey Shvetsov  
   Alfons Sijbers     Peter Tieleman      Jon Vincent      Teemu Virolainen 
 Christian Wennberg    Maarten Wolf      Artem Zhmurov   
                           and the project leaders:
        Mark Abraham, Berk Hess, Erik Lindahl, and David van der Spoel

Copyright (c) 1991-2000, University of Groningen, The Netherlands.
Copyright (c) 2001-2019, The GROMACS development team at
Uppsala University, Stockholm University and
the Royal Institute of Technology, Sweden.
check out http://www.gromacs.org for more information.

GROMACS is free software; you can redistribute it and/or modify it
under the terms of the GNU Lesser General Public License
as published by the Free Software Foundation; either version 2.1
of the License, or (at your option) any later version.

GROMACS:      gmx mdrun, version 2020.1-Ubuntu-2020.1-1
Executable:   /usr/bin/gmx
Data prefix:  /usr
Working dir:  /content
Process ID:   45700
Command line:
  gmx mdrun -s /content/sandrozzona-multiscala/pep_1_acqua/Steered/smd/pull_3/md_smd_3.tpr -v -deffnm /content/sandrozzona-multiscala/pep_1_acqua/Steered/smd/pull_3/ms_smd_3

GROMACS version:    2020.1-Ubuntu-2020.1-1
Precision:          single
Memory model:       64 bit
MPI library:        thread_mpi
OpenMP support:     enabled (GMX_OPENMP_MAX_THREADS = 64)
GPU support:        disabled
SIMD instructions:  SSE2
FFT library:        fftw-3.3.8-sse2-avx
RDTSCP usage:       disabled
TNG support:        enabled
Hwloc support:      hwloc-2.1.0
Tracing support:    disabled
C compiler:         /usr/bin/cc GNU 9.3.0
C compiler flags:   -msse2 -fexcess-precision=fast -funroll-all-loops
C++ compiler:       /usr/bin/c++ GNU 9.3.0
C++ compiler flags: -msse2 -fexcess-precision=fast -funroll-all-loops -fopenmp


Running on 1 node with total 1 cores, 2 logical cores
Hardware detected:
  CPU info:
    Vendor: Intel
    Brand:  Intel(R) Xeon(R) CPU @ 2.20GHz
    Family: 6   Model: 79   Stepping: 0
    Features: aes apic avx avx2 clfsh cmov cx8 cx16 f16c fma hle htt intel lahf mmx msr nonstop_tsc pcid pclmuldq pdpe1gb popcnt pse rdrnd rdtscp rtm sse2 sse3 sse4.1 sse4.2 ssse3 x2apic
  Hardware topology: Full, with devices
    Sockets, cores, and logical processors:
      Socket  0: [   0   1]
    Numa nodes:
      Node  0 (13616324608 bytes mem):   0   1
      Latency:
               0
         0  1.00
    Caches:
      L1: 32768 bytes, linesize 64 bytes, assoc. 8, shared 2 ways
      L2: 262144 bytes, linesize 64 bytes, assoc. 8, shared 2 ways
      L3: 57671680 bytes, linesize 64 bytes, assoc. 20, shared 2 ways
    PCI devices:
      0000:00:04.0  Id: 1af4:1000  Class: 0x0200  Numa: 0

Highest SIMD level requested by all nodes in run: AVX2_256
SIMD instructions selected at compile time:       SSE2
This program was compiled for different hardware than you are running on,
which could influence performance.
The current CPU can measure timings more accurately than the code in
gmx mdrun was configured to use. This might affect your simulation
speed as accurate timings are needed for load-balancing.
Please consider rebuilding gmx mdrun with the GMX_USE_RDTSCP=ON CMake option.

++++ PLEASE READ AND CITE THE FOLLOWING REFERENCE ++++
M. J. Abraham, T. Murtola, R. Schulz, S. Páll, J. C. Smith, B. Hess, E.
Lindahl
GROMACS: High performance molecular simulations through multi-level
parallelism from laptops to supercomputers
SoftwareX 1 (2015) pp. 19-25
-------- -------- --- Thank You --- -------- --------


++++ PLEASE READ AND CITE THE FOLLOWING REFERENCE ++++
S. Páll, M. J. Abraham, C. Kutzner, B. Hess, E. Lindahl
Tackling Exascale Software Challenges in Molecular Dynamics Simulations with
GROMACS
In S. Markidis & E. Laure (Eds.), Solving Software Challenges for Exascale 8759 (2015) pp. 3-27
-------- -------- --- Thank You --- -------- --------


++++ PLEASE READ AND CITE THE FOLLOWING REFERENCE ++++
S. Pronk, S. Páll, R. Schulz, P. Larsson, P. Bjelkmar, R. Apostolov, M. R.
Shirts, J. C. Smith, P. M. Kasson, D. van der Spoel, B. Hess, and E. Lindahl
GROMACS 4.5: a high-throughput and highly parallel open source molecular
simulation toolkit
Bioinformatics 29 (2013) pp. 845-54
-------- -------- --- Thank You --- -------- --------


++++ PLEASE READ AND CITE THE FOLLOWING REFERENCE ++++
B. Hess and C. Kutzner and D. van der Spoel and E. Lindahl
GROMACS 4: Algorithms for highly efficient, load-balanced, and scalable
molecular simulation
J. Chem. Theory Comput. 4 (2008) pp. 435-447
-------- -------- --- Thank You --- -------- --------


++++ PLEASE READ AND CITE THE FOLLOWING REFERENCE ++++
D. van der Spoel, E. Lindahl, B. Hess, G. Groenhof, A. E. Mark and H. J. C.
Berendsen
GROMACS: Fast, Flexible and Free
J. Comp. Chem. 26 (2005) pp. 1701-1719
-------- -------- --- Thank You --- -------- --------


++++ PLEASE READ AND CITE THE FOLLOWING REFERENCE ++++
E. Lindahl and B. Hess and D. van der Spoel
GROMACS 3.0: A package for molecular simulation and trajectory analysis
J. Mol. Mod. 7 (2001) pp. 306-317
-------- -------- --- Thank You --- -------- --------


++++ PLEASE READ AND CITE THE FOLLOWING REFERENCE ++++
H. J. C. Berendsen, D. van der Spoel and R. van Drunen
GROMACS: A message-passing parallel molecular dynamics implementation
Comp. Phys. Comm. 91 (1995) pp. 43-56
-------- -------- --- Thank You --- -------- --------

Input Parameters:
   integrator                     = md
   tinit                          = 0
   dt                             = 0.002
   nsteps                         = 500000
   init-step                      = 0
   simulation-part                = 1
   comm-mode                      = Angular
   nstcomm                        = 500
   bd-fric                        = 0
   ld-seed                        = -1418537106
   emtol                          = 10
   emstep                         = 0.01
   niter                          = 20
   fcstep                         = 0
   nstcgsteep                     = 1000
   nbfgscorr                      = 10
   rtpi                           = 0.05
   nstxout                        = 500
   nstvout                        = 500
   nstfout                        = 0
   nstlog                         = 5000
   nstcalcenergy                  = 500
   nstenergy                      = 500
   nstxout-compressed             = 0
   compressed-x-precision         = 1000
   cutoff-scheme                  = Verlet
   nstlist                        = 10
   pbc                            = xyz
   periodic-molecules             = false
   verlet-buffer-tolerance        = 0.005
   rlist                          = 1.059
   coulombtype                    = Cut-off
   coulomb-modifier               = Potential-shift
   rcoulomb-switch                = 0
   rcoulomb                       = 1
   epsilon-r                      = 1
   epsilon-rf                     = inf
   vdw-type                       = Cut-off
   vdw-modifier                   = Potential-shift
   rvdw-switch                    = 0
   rvdw                           = 1
   DispCorr                       = No
   table-extension                = 1
   fourierspacing                 = 0.12
   fourier-nx                     = 0
   fourier-ny                     = 0
   fourier-nz                     = 0
   pme-order                      = 4
   ewald-rtol                     = 1e-05
   ewald-rtol-lj                  = 0.001
   lj-pme-comb-rule               = Geometric
   ewald-geometry                 = 0
   epsilon-surface                = 0
   tcoupl                         = V-rescale
   nsttcouple                     = 10
   nh-chain-length                = 0
   print-nose-hoover-chain-variables = false
   pcoupl                         = No
   pcoupltype                     = Isotropic
   nstpcouple                     = -1
   tau-p                          = 1
   compressibility (3x3):
      compressibility[    0]={ 0.00000e+00,  0.00000e+00,  0.00000e+00}
      compressibility[    1]={ 0.00000e+00,  0.00000e+00,  0.00000e+00}
      compressibility[    2]={ 0.00000e+00,  0.00000e+00,  0.00000e+00}
   ref-p (3x3):
      ref-p[    0]={ 0.00000e+00,  0.00000e+00,  0.00000e+00}
      ref-p[    1]={ 0.00000e+00,  0.00000e+00,  0.00000e+00}
      ref-p[    2]={ 0.00000e+00,  0.00000e+00,  0.00000e+00}
   refcoord-scaling               = No
   posres-com (3):
      posres-com[0]= 0.00000e+00
      posres-com[1]= 0.00000e+00
      posres-com[2]= 0.00000e+00
   posres-comB (3):
      posres-comB[0]= 0.00000e+00
      posres-comB[1]= 0.00000e+00
      posres-comB[2]= 0.00000e+00
   QMMM                           = false
   QMconstraints                  = 0
   QMMMscheme                     = 0
   MMChargeScaleFactor            = 1
qm-opts:
   ngQM                           = 0
   constraint-algorithm           = Lincs
   continuation                   = false
   Shake-SOR                      = false
   shake-tol                      = 0.0001
   lincs-order                    = 4
   lincs-iter                     = 1
   lincs-warnangle                = 30
   nwall                          = 0
   wall-type                      = 9-3
   wall-r-linpot                  = -1
   wall-atomtype[0]               = -1
   wall-atomtype[1]               = -1
   wall-density[0]                = 0
   wall-density[1]                = 0
   wall-ewald-zfac                = 3
   pull                           = true
   pull-cylinder-r                = 1.5
   pull-constr-tol                = 1e-06
   pull-print-COM                 = false
   pull-print-ref-value           = false
   pull-print-components          = false
   pull-nstxout                   = 50
   pull-nstfout                   = 50
   pull-pbc-ref-prev-step-com     = false
   pull-xout-average              = false
   pull-fout-average              = false
   pull-ngroups                   = 3
   pull-group 0:
     atom: not available
     weight: not available
     pbcatom                        = -1
   pull-group 1:
     atom (24):
        atom[0,...,23] = {0,...,23}
     weight: not available
     pbcatom                        = 11
   pull-group 2:
     atom (17):
        atom[0,...,16] = {385,...,401}
     weight: not available
     pbcatom                        = 393
   pull-ncoords                   = 1
   pull-coord 0:
   type                           = umbrella
   geometry                       = distance
   group[0]                       = 1
   group[1]                       = 2
   dim (3):
      dim[0]=0
      dim[1]=1
      dim[2]=0
   origin (3):
      origin[0]= 0.00000e+00
      origin[1]= 0.00000e+00
      origin[2]= 0.00000e+00
   vec (3):
      vec[0]= 0.00000e+00
      vec[1]= 0.00000e+00
      vec[2]= 0.00000e+00
   start                          = true
   init                           = 3.15612
   rate                           = 1
   k                              = 1000
   kB                             = 1000
   awh                            = false
   rotation                       = false
   interactiveMD                  = false
   disre                          = No
   disre-weighting                = Conservative
   disre-mixed                    = false
   dr-fc                          = 1000
   dr-tau                         = 0
   nstdisreout                    = 100
   orire-fc                       = 0
   orire-tau                      = 0
   nstorireout                    = 100
   free-energy                    = no
   cos-acceleration               = 0
   deform (3x3):
      deform[    0]={ 0.00000e+00,  0.00000e+00,  0.00000e+00}
      deform[    1]={ 0.00000e+00,  0.00000e+00,  0.00000e+00}
      deform[    2]={ 0.00000e+00,  0.00000e+00,  0.00000e+00}
   simulated-tempering            = false
   swapcoords                     = no
   userint1                       = 0
   userint2                       = 0
   userint3                       = 0
   userint4                       = 0
   userreal1                      = 0
   userreal2                      = 0
   userreal3                      = 0
   userreal4                      = 0
   applied-forces:
     electric-field:
       x:
         E0                       = 0
         omega                    = 0
         t0                       = 0
         sigma                    = 0
       y:
         E0                       = 0
         omega                    = 0
         t0                       = 0
         sigma                    = 0
       z:
         E0                       = 0
         omega                    = 0
         t0                       = 0
         sigma                    = 0
     density-guided-simulation:
       active                     = false
       group                      = protein
       similarity-measure         = inner-product
       atom-spreading-weight      = unity
       force-constant             = 1e+09
       gaussian-transform-spreading-width = 0.2
       gaussian-transform-spreading-range-in-multiples-of-width = 4
       reference-density-filename = reference.mrc
       nst                        = 1
       normalize-densities        = true
       adaptive-force-scaling     = false
       adaptive-force-scaling-time-constant = 4
grpopts:
   nrdf:     4788.86     802.139
   ref-t:         300         300
   tau-t:         0.1         0.1
annealing:          No          No
annealing-npoints:           0           0
   acc:	           0           0           0
   nfreeze:           N           N           N
   energygrp-flags[  0]: 0

Changing nstlist from 10 to 40, rlist from 1.059 to 1.257


Using 1 MPI thread

Non-default thread affinity set, disabling internal thread affinity

Using 2 OpenMP threads 

System total charge: -0.000
Potential shift: LJ r^-12: -1.000e+00 r^-6: -1.000e+00, Coulomb -1e+00
Generated table with 1128 data points for 1-4 COUL.
Tabscale = 500 points/nm
Generated table with 1128 data points for 1-4 LJ6.
Tabscale = 500 points/nm
Generated table with 1128 data points for 1-4 LJ12.
Tabscale = 500 points/nm

Using SIMD 4x4 nonbonded short-range kernels

Using a dual 4x4 pair-list setup updated with dynamic pruning:
  outer list: updated every 40 steps, buffer 0.257 nm, rlist 1.257 nm
  inner list: updated every  4 steps, buffer 0.015 nm, rlist 1.015 nm
At tolerance 0.005 kJ/mol/ps per atom, equivalent classical 1x1 list would be:
  outer list: updated every 40 steps, buffer 0.304 nm, rlist 1.304 nm
  inner list: updated every  4 steps, buffer 0.018 nm, rlist 1.018 nm

Using Lorentz-Berthelot Lennard-Jones combination rule

Removing pbc first time

Will apply potential COM pulling
with 1 pull coordinate and 2 groups
Pull group 1:    24 atoms, mass   131.200
Pull group 2:    17 atoms, mass   115.132

Initializing LINear Constraint Solver

++++ PLEASE READ AND CITE THE FOLLOWING REFERENCE ++++
B. Hess and H. Bekker and H. J. C. Berendsen and J. G. E. M. Fraaije
LINCS: A Linear Constraint Solver for molecular simulations
J. Comp. Chem. 18 (1997) pp. 1463-1472
-------- -------- --- Thank You --- -------- --------

The number of constraints is 412

++++ PLEASE READ AND CITE THE FOLLOWING REFERENCE ++++
S. Miyamoto and P. A. Kollman
SETTLE: An Analytical Version of the SHAKE and RATTLE Algorithms for Rigid
Water Models
J. Comp. Chem. 13 (1992) pp. 952-962
-------- -------- --- Thank You --- -------- --------


++++ PLEASE READ AND CITE THE FOLLOWING REFERENCE ++++
G. Bussi, D. Donadio and M. Parrinello
Canonical sampling through velocity rescaling
J. Chem. Phys. 126 (2007) pp. 014101
-------- -------- --- Thank You --- -------- --------

There are: 2802 Atoms

Constraining the starting coordinates (step 0)

Constraining the coordinates at t0-dt (step 0)
Center of mass motion removal mode is Angular
We have the following groups for center of mass motion removal:
  0:  rest
RMS relative constraint deviation after constraining: 2.08e-05
Initial temperature: 297.591 K

Started mdrun on rank 0 Fri May 12 13:28:56 2023

           Step           Time
              0        0.00000

   Energies (kJ/mol)
          Angle    Proper Dih.  Improper Dih.          LJ-14     Coulomb-14
    7.30067e+02    9.90645e+02    4.47613e+01    4.01367e+02    4.93851e+03
        LJ (SR)   Coulomb (SR)   COM Pull En.      Potential    Kinetic En.
    4.06811e+03   -5.08866e+04    4.39531e-11   -3.97132e+04    6.89830e+03
   Total Energy  Conserved En.    Temperature Pressure (bar)   Constr. rmsd
   -3.28149e+04   -3.28149e+04    2.96789e+02    3.56710e+00    5.02434e-05

Group rest with mass  1.73523e+04, Ekrot  3.20853e+00 Det(I) =  1.57322e+12
  COM:     14.92390      14.98812       6.99034
  P:        6.35014      -3.66149       3.24148
  V:        0.00037      -0.00021       0.00019
  J:      449.94098       4.55055      77.99786
  w:        0.01372      -0.00180       0.00322
Inertia tensor (3x3):
   Inertia tensor[    0]={ 8.49850e+03, -1.17975e+03,  7.87000e+02}
   Inertia tensor[    1]={-1.17975e+03,  2.29040e+04, -6.87588e+03}
   Inertia tensor[    2]={ 7.87000e+02, -6.87588e+03,  1.02269e+04}
Group rest with mass  1.73523e+04, Ekrot  2.95540e+01 Det(I) =  1.58129e+12
  COM:     14.92392      14.98814       6.99041
  P:       -4.80328       1.75315      -0.33597
  V:       -0.00028       0.00010      -0.00002
  J:     1369.25952       7.16036     240.33463
  w:        0.04149      -0.00600       0.00973
Inertia tensor (3x3):
   Inertia tensor[    0]={ 8.54700e+03, -1.25800e+03,  7.35250e+02}
   Inertia tensor[    1]={-1.25800e+03,  2.34398e+04, -6.74988e+03}
   Inertia tensor[    2]={ 7.35250e+02, -6.74988e+03,  9.91606e+03}
Group rest with mass  1.73523e+04, Ekrot  5.90911e+01 Det(I) =  1.62022e+12
  COM:     14.92408      14.98787       6.99026
  P:        3.36521      -8.78236      -2.90513
  V:        0.00019      -0.00051      -0.00017
  J:     1975.35571      -0.19133     321.63321
  w:        0.05775      -0.00911       0.01275
Inertia tensor (3x3):
   Inertia tensor[    0]={ 8.34275e+03, -1.36600e+03,  7.22750e+02}
   Inertia tensor[    1]={-1.36600e+03,  2.49145e+04, -6.66775e+03}
   Inertia tensor[    2]={ 7.22750e+02, -6.66775e+03,  9.66544e+03}
Group rest with mass  1.73523e+04, Ekrot  7.25484e+01 Det(I) =  1.65989e+12
  COM:     14.92406      14.98802       6.99037
  P:       -5.68207       6.15405       1.43456
  V:       -0.00033       0.00035       0.00008
  J:     2274.13062      -1.29052     261.87711
  w:        0.06259      -0.00964       0.01048
Inertia tensor (3x3):
   Inertia tensor[    0]={ 8.19200e+03, -1.50100e+03,  7.16625e+02}
   Inertia tensor[    1]={-1.50100e+03,  2.74700e+04, -6.93200e+03}
   Inertia tensor[    2]={ 7.16625e+02, -6.93200e+03,  9.21412e+03}
Group rest with mass  1.73523e+04, Ekrot  1.32204e+02 Det(I) =  1.71870e+12
  COM:     14.92391      14.98829       6.99042
  P:       -4.35069       7.81076       2.82462
  V:       -0.00025       0.00045       0.00016
  J:     3186.19385       1.04276     -57.90163
  w:        0.08302      -0.01022       0.00186
Inertia tensor (3x3):
   Inertia tensor[    0]={ 8.02750e+03, -1.93800e+03,  7.11000e+02}
   Inertia tensor[    1]={-1.93800e+03,  2.97858e+04, -6.75975e+03}
   Inertia tensor[    2]={ 7.11000e+02, -6.75975e+03,  8.84619e+03}
Group rest with mass  1.73523e+04, Ekrot  1.24122e+02 Det(I) =  1.77003e+12
  COM:     14.92413      14.98828       6.99040
  P:        7.75088       0.64267      -2.77252
  V:        0.00045       0.00004      -0.00016
  J:     3185.17822       9.13368    -485.34473
  w:        0.07652      -0.00596      -0.00943
Inertia tensor (3x3):
   Inertia tensor[    0]={ 7.82950e+03, -2.16550e+03,  7.31625e+02}
   Inertia tensor[    1]={-2.16550e+03,  3.35730e+04, -6.51438e+03}
   Inertia tensor[    2]={ 7.31625e+02, -6.51438e+03,  8.13269e+03}
Group rest with mass  1.73523e+04, Ekrot  1.03849e+02 Det(I) =  1.84589e+12
  COM:     14.92431      14.98855       6.99055
  P:       13.11266      15.31573      11.14373
  V:        0.00076       0.00088       0.00064
  J:     3015.48438      10.11040    -808.40442
  w:        0.06457      -0.00230      -0.01610
Inertia tensor (3x3):
   Inertia tensor[    0]={ 7.34975e+03, -2.33375e+03,  7.58875e+02}
   Inertia tensor[    1]={-2.33375e+03,  3.88795e+04, -6.57775e+03}
   Inertia tensor[    2]={ 7.58875e+02, -6.57775e+03,  7.71644e+03}
Group rest with mass  1.73523e+04, Ekrot  8.17388e+01 Det(I) =  1.94536e+12
  COM:     14.92422      14.98826       6.99084
  P:       -3.85794      -9.92601       8.23460
  V:       -0.00022      -0.00057       0.00047
  J:     2905.90601      -0.47560    -474.94989
  w:        0.05501      -0.00585      -0.00760
Inertia tensor (3x3):
   Inertia tensor[    0]={ 6.96125e+03, -2.45500e+03,  6.22000e+02}
   Inertia tensor[    1]={-2.45500e+03,  4.57212e+04, -6.88188e+03}
   Inertia tensor[    2]={ 6.22000e+02, -6.88188e+03,  7.27531e+03}
Group rest with mass  1.73523e+04, Ekrot  6.78726e+01 Det(I) =  1.99228e+12
  COM:     14.92392      14.98951       6.99074
  P:       -5.90910      20.97565      -1.01091
  V:       -0.00034       0.00121      -0.00006
  J:     2791.20142      -1.82977    -478.38007
  w:        0.04741      -0.00598      -0.00714
Inertia tensor (3x3):
   Inertia tensor[    0]={ 6.36125e+03, -2.60975e+03,  4.50000e+02}
   Inertia tensor[    1]={-2.60975e+03,  5.22190e+04, -6.44962e+03}
   Inertia tensor[    2]={ 4.50000e+02, -6.44962e+03,  6.92238e+03}
           Step           Time
           5000       10.00000

Group rest with mass  1.73523e+04, Ekrot  4.84155e+01 Det(I) =  1.99027e+12
  COM:     14.92375      14.98964       6.99060
  P:       -2.40826       2.24074      -2.11772
  V:       -0.00014       0.00013      -0.00012
  J:     2446.99487      -1.02677    -499.03375
  w:        0.03813      -0.00449      -0.00707
Inertia tensor (3x3):
   Inertia tensor[    0]={ 6.08250e+03, -2.56750e+03,  4.89750e+02}
   Inertia tensor[    1]={-2.56750e+03,  5.79972e+04, -6.07288e+03}
   Inertia tensor[    2]={ 4.89750e+02, -6.07288e+03,  6.39338e+03}
   Energies (kJ/mol)
          Angle    Proper Dih.  Improper Dih.          LJ-14     Coulomb-14
    1.99638e+03    1.21149e+03    5.75820e+01    3.81177e+02    4.27905e+03
        LJ (SR)   Coulomb (SR)   COM Pull En.      Potential    Kinetic En.
    4.22584e+03   -4.73285e+04    1.46945e+04   -2.04825e+04    7.13342e+03
   Total Energy  Conserved En.    Temperature Pressure (bar)   Constr. rmsd
   -1.33491e+04    7.41480e+02    3.06905e+02   -3.43060e+00    2.56561e-04

Group rest with mass  1.73523e+04, Ekrot  5.50660e+01 Det(I) =  1.97213e+12
  COM:     14.92370      14.98926       6.99044
  P:        0.37513      -9.64528       0.17797
  V:        0.00002      -0.00056       0.00001
  J:     2638.23633      -0.69900    -781.73206
  w:        0.03851      -0.00288      -0.01092
Inertia tensor (3x3):
   Inertia tensor[    0]={ 5.78300e+03, -2.40400e+03,  5.20000e+02}
   Inertia tensor[    1]={-2.40400e+03,  6.25140e+04, -5.42500e+03}
   Inertia tensor[    2]={ 5.20000e+02, -5.42500e+03,  6.03156e+03}
Group rest with mass  1.73523e+04, Ekrot  4.13052e+01 Det(I) =  1.98699e+12
  COM:     14.92362      14.98940       6.98990
  P:       -2.07478       4.52152     -16.20427
  V:       -0.00012       0.00026      -0.00093
  J:     2346.94849       1.60635    -488.03729
  w:        0.03384      -0.00382      -0.00657
Inertia tensor (3x3):
   Inertia tensor[    0]={ 5.66275e+03, -2.21125e+03,  4.71375e+02}
   Inertia tensor[    1]={-2.21125e+03,  6.36065e+04, -4.40850e+03}
   Inertia tensor[    2]={ 4.71375e+02, -4.40850e+03,  5.91612e+03}
Group rest with mass  1.73523e+04, Ekrot  2.82250e+01 Det(I) =  1.98204e+12
  COM:     14.92389      14.98982       6.98948
  P:        5.36835      10.26733      -6.90991
  V:        0.00031       0.00059      -0.00040
  J:     1970.03638       2.81757    -362.80786
  w:        0.02777      -0.00303      -0.00482
Inertia tensor (3x3):
   Inertia tensor[    0]={ 5.52950e+03, -1.98725e+03,  3.54500e+02}
   Inertia tensor[    1]={-1.98725e+03,  6.53205e+04, -3.75225e+03}
   Inertia tensor[    2]={ 3.54500e+02, -3.75225e+03,  5.77431e+03}
Group rest with mass  1.73523e+04, Ekrot  1.74407e+01 Det(I) =  1.93966e+12
  COM:     14.92384      14.98973       6.98948
  P:       -0.15876      -1.68350       1.80818
  V:       -0.00001      -0.00010       0.00010
  J:     1507.34509       0.64059    -479.17325
  w:        0.02105      -0.00127      -0.00657
Inertia tensor (3x3):
   Inertia tensor[    0]={ 5.46775e+03, -1.69075e+03,  2.30625e+02}
   Inertia tensor[    1]={-1.69075e+03,  6.60625e+04, -3.18475e+03}
   Inertia tensor[    2]={ 2.30625e+02, -3.18475e+03,  5.57031e+03}
Group rest with mass  1.73523e+04, Ekrot  1.21097e+01 Det(I) =  1.91927e+12
  COM:     14.92428      14.98977       6.98910
  P:       11.76442      -0.50124     -10.22458
  V:        0.00068      -0.00003      -0.00059
  J:     1312.80029       2.63249    -212.13728
  w:        0.01800      -0.00192      -0.00279
Inertia tensor (3x3):
   Inertia tensor[    0]={ 5.29575e+03, -1.72400e+03,  2.17500e+02}
   Inertia tensor[    1]={-1.72400e+03,  6.75502e+04, -2.72588e+03}
   Inertia tensor[    2]={ 2.17500e+02, -2.72588e+03,  5.52425e+03}
Group rest with mass  1.73523e+04, Ekrot  7.84181e+00 Det(I) =  1.92134e+12
  COM:     14.92423      14.98994       6.98915
  P:        0.63501       7.17149       3.49777
  V:        0.00004       0.00041       0.00020
  J:     1005.48871       0.91602    -380.91605
  w:        0.01366      -0.00065      -0.00513
Inertia tensor (3x3):
   Inertia tensor[    0]={ 5.31550e+03, -1.38250e+03,  1.58875e+02}
   Inertia tensor[    1]={-1.38250e+03,  6.82452e+04, -2.14850e+03}
   Inertia tensor[    2]={ 1.58875e+02, -2.14850e+03,  5.39469e+03}
Group rest with mass  1.73523e+04, Ekrot  1.84709e+00 Det(I) =  1.90247e+12
  COM:     14.92461      14.99018       6.98929
  P:       10.87086       7.02438      -1.73351
  V:        0.00063       0.00040      -0.00010
  J:      520.56366       2.31503     -41.95750
  w:        0.00706      -0.00060      -0.00054
Inertia tensor (3x3):
   Inertia tensor[    0]={ 5.26400e+03, -1.37575e+03,  1.17625e+02}
   Inertia tensor[    1]={-1.37575e+03,  6.85375e+04, -1.85500e+03}
   Inertia tensor[    2]={ 1.17625e+02, -1.85500e+03,  5.35244e+03}
           Step           Time
          10000       20.00000

   Energies (kJ/mol)
          Angle    Proper Dih.  Improper Dih.          LJ-14     Coulomb-14
    5.97852e+03    1.12683e+03    3.50384e+01    4.39107e+02    3.89493e+03
        LJ (SR)   Coulomb (SR)   COM Pull En.      Potential    Kinetic En.
    3.96508e+03   -4.77120e+04    1.07835e+05    7.55630e+04    6.82899e+03
   Total Energy  Conserved En.    Temperature Pressure (bar)   Constr. rmsd
    8.23920e+04    1.03276e+05    2.93807e+02   -5.09496e+00    1.33362e-03

Group rest with mass  1.73523e+04, Ekrot  1.71625e+00 Det(I) =  1.83078e+12
  COM:     14.92525      14.99044       6.98931
  P:        4.97311       5.65075      -4.08353
  V:        0.00029       0.00033      -0.00024
  J:     -155.36861       0.45139    -483.16351
  w:       -0.00209       0.00149      -0.00643
Inertia tensor (3x3):
   Inertia tensor[    0]={ 5.04675e+03, -1.46675e+03,  1.23000e+02}
   Inertia tensor[    1]={-1.46675e+03,  7.05488e+04, -1.82875e+03}
   Inertia tensor[    2]={ 1.23000e+02, -1.82875e+03,  5.22212e+03}
Group rest with mass  1.73523e+04, Ekrot  1.28088e+00 Det(I) =  1.80674e+12
  COM:     14.92511      14.99042       6.98945
  P:       -5.55460      -4.19278       7.35280
  V:       -0.00032      -0.00024       0.00042
  J:      205.36923       0.12117    -390.93243
  w:        0.00268       0.00055      -0.00515
Inertia tensor (3x3):
   Inertia tensor[    0]={ 5.01075e+03, -1.24475e+03,  8.18750e+01}
   Inertia tensor[    1]={-1.24475e+03,  7.11085e+04, -1.71662e+03}
   Inertia tensor[    2]={ 8.18750e+01, -1.71662e+03,  5.13488e+03}
Group rest with mass  1.73523e+04, Ekrot  2.54907e+00 Det(I) =  1.80314e+12
  COM:     14.92526      14.99019       6.98923
  P:        4.03500      -3.49438     -12.12651
  V:        0.00023      -0.00020      -0.00070
  J:      536.85974       2.33347    -322.04401
  w:        0.00698       0.00007      -0.00419
Inertia tensor (3x3):
   Inertia tensor[    0]={ 5.00225e+03, -1.17650e+03,  1.31625e+02}
   Inertia tensor[    1]={-1.17650e+03,  7.16995e+04, -1.58488e+03}
   Inertia tensor[    2]={ 1.31625e+02, -1.58488e+03,  5.08419e+03}
           Step           Time
          15000       30.00000

   Energies (kJ/mol)
          Angle    Proper Dih.  Improper Dih.          LJ-14     Coulomb-14
    9.70786e+03    1.12938e+03    4.73002e+01    5.18003e+02    3.69594e+03
        LJ (SR)   Coulomb (SR)   COM Pull En.      Potential    Kinetic En.
    4.48119e+03   -4.90096e+04    2.98209e+05    2.68779e+05    6.85876e+03
   Total Energy  Conserved En.    Temperature Pressure (bar)   Constr. rmsd
    2.75638e+05    3.01197e+05    2.95088e+02    1.15792e+01    3.07036e-03

Group rest with mass  1.73523e+04, Ekrot  1.46763e+00 Det(I) =  1.76193e+12
  COM:     14.92554      14.98947       6.98953
  P:       -6.93622       5.44080      -1.17062
  V:       -0.00040       0.00031      -0.00007
  J:      432.16129       0.66744    -211.55853
  w:        0.00548      -0.00024      -0.00268
Inertia tensor (3x3):
   Inertia tensor[    0]={ 4.86400e+03, -9.19250e+02,  1.19750e+02}
   Inertia tensor[    1]={-9.19250e+02,  7.38825e+04, -7.73625e+02}
   Inertia tensor[    2]={ 1.19750e+02, -7.73625e+02,  4.92506e+03}
Group rest with mass  1.73523e+04, Ekrot  1.77440e+00 Det(I) =  1.73355e+12
  COM:     14.92526      14.98935       6.98964
  P:       -0.75171      -6.07208       5.06576
  V:       -0.00004      -0.00035       0.00029
  J:      256.66312      -0.76293     463.03674
  w:        0.00325      -0.00093       0.00586
Inertia tensor (3x3):
   Inertia tensor[    0]={ 4.73800e+03, -1.03300e+03,  3.70000e+01}
   Inertia tensor[    1]={-1.03300e+03,  7.44092e+04, -8.27250e+02}
   Inertia tensor[    2]={ 3.70000e+01, -8.27250e+02,  4.94144e+03}
Group rest with mass  1.73523e+04, Ekrot  2.88004e+00 Det(I) =  1.71015e+12
  COM:     14.92537      14.98944       6.98937
  P:       -1.65240       1.32313     -10.07241
  V:       -0.00010       0.00008      -0.00058
  J:      299.89777      -3.05846    -606.79047
  w:        0.00378      -0.00028      -0.00762
Inertia tensor (3x3):
   Inertia tensor[    0]={ 4.82750e+03, -1.16625e+03,  9.25000e+00}
   Inertia tensor[    1]={-1.16625e+03,  7.47240e+04, -6.23500e+02}
   Inertia tensor[    2]={ 9.25000e+00, -6.23500e+02,  4.76394e+03}
           Step           Time
          20000       40.00000

   Energies (kJ/mol)
          Angle    Proper Dih.  Improper Dih.          LJ-14     Coulomb-14
    1.28619e+04    1.13599e+03    3.42910e+01    6.04570e+02    3.56474e+03
        LJ (SR)   Coulomb (SR)   COM Pull En.      Potential    Kinetic En.
    4.44595e+03   -4.84432e+04    5.87056e+05    5.61260e+05    6.96047e+03
   Total Energy  Conserved En.    Temperature Pressure (bar)   Constr. rmsd
    5.68221e+05    5.95772e+05    2.99464e+02    9.57161e+00    5.09410e-03

Group rest with mass  1.73523e+04, Ekrot  1.35150e+00 Det(I) =  1.74789e+12
  COM:     14.92579      14.98952       6.98906
  P:        0.77238       6.60151       3.53661
  V:        0.00004       0.00038       0.00020
  J:      349.62183       0.76472     309.47592
  w:        0.00434      -0.00072       0.00383
Inertia tensor (3x3):
   Inertia tensor[    0]={ 4.87025e+03, -1.29575e+03,  1.87625e+02}
   Inertia tensor[    1]={-1.29575e+03,  7.61928e+04, -5.46125e+02}
   Inertia tensor[    2]={ 1.87625e+02, -5.46125e+02,  4.74219e+03}
Group rest with mass  1.73523e+04, Ekrot  2.58667e+00 Det(I) =  1.74878e+12
  COM:     14.92593      14.98913       6.98927
  P:        2.42477      -9.52757       3.23050
  V:        0.00014      -0.00055       0.00019
  J:      647.25842      -1.19328     -28.70016
  w:        0.00798      -0.00123      -0.00033
Inertia tensor (3x3):
   Inertia tensor[    0]={ 4.81975e+03, -1.34600e+03,  2.06250e+02}
   Inertia tensor[    1]={-1.34600e+03,  7.65798e+04, -3.36750e+02}
   Inertia tensor[    2]={ 2.06250e+02, -3.36750e+02,  4.77125e+03}
Group rest with mass  1.73523e+04, Ekrot  3.68820e+00 Det(I) =  1.75789e+12
  COM:     14.92598      14.98936       6.98915
  P:        3.47523       6.48900      -2.61877
  V:        0.00020       0.00037      -0.00015
  J:      343.62439       4.17474    -695.97479
  w:        0.00420       0.00017      -0.00852
Inertia tensor (3x3):
   Inertia tensor[    0]={ 4.82350e+03, -1.16100e+03,  1.28125e+02}
   Inertia tensor[    1]={-1.16100e+03,  7.67622e+04, -2.69375e+02}
   Inertia tensor[    2]={ 1.28125e+02, -2.69375e+02,  4.76919e+03}
Group rest with mass  1.73523e+04, Ekrot  3.78367e+00 Det(I) =  1.76671e+12
  COM:     14.92619      14.98916       6.98883
  P:        6.30886      -4.40288      -9.91037
  V:        0.00036      -0.00025      -0.00057
  J:      138.99239       1.00526    -772.82483
  w:        0.00169       0.00010      -0.00949
Inertia tensor (3x3):
   Inertia tensor[    0]={ 4.84775e+03, -7.38500e+02,  1.36000e+02}
   Inertia tensor[    1]={-7.38500e+02,  7.65872e+04, -1.25875e+02}
   Inertia tensor[    2]={ 1.36000e+02, -1.25875e+02,  4.76944e+03}
Group rest with mass  1.73523e+04, Ekrot  1.28413e+00 Det(I) =  1.76971e+12
  COM:     14.92604      14.98924       6.98916
  P:      -11.00407       1.61777      -3.06809
  V:       -0.00063       0.00009      -0.00018
  J:       62.11783      -2.62910    -454.05637
  w:        0.00076      -0.00014      -0.00555
Inertia tensor (3x3):
   Inertia tensor[    0]={ 4.87775e+03, -7.62750e+02,  4.60000e+01}
   Inertia tensor[    1]={-7.62750e+02,  7.68965e+04, -3.30250e+02}
   Inertia tensor[    2]={ 4.60000e+01, -3.30250e+02,  4.72731e+03}
           Step           Time
          25000       50.00000

Group rest with mass  1.73523e+04, Ekrot  4.05193e+00 Det(I) =  1.75465e+12
  COM:     14.92643      14.98853       6.98916
  P:        4.38310      -8.85260      -2.74157
  V:        0.00025      -0.00051      -0.00016
  J:     -564.38751       0.02732    -586.84460
  w:       -0.00690       0.00091      -0.00717
Inertia tensor (3x3):
   Inertia tensor[    0]={ 4.82450e+03, -6.09500e+02,  9.48750e+01}
   Inertia tensor[    1]={-6.09500e+02,  7.72018e+04, -6.18250e+02}
   Inertia tensor[    2]={ 9.48750e+01, -6.18250e+02,  4.72231e+03}
   Energies (kJ/mol)
          Angle    Proper Dih.  Improper Dih.          LJ-14     Coulomb-14
    1.54003e+04    1.12154e+03    3.41636e+01    6.65492e+02    3.40013e+03
        LJ (SR)   Coulomb (SR)   COM Pull En.      Potential    Kinetic En.
    4.57611e+03   -4.92393e+04    9.74840e+05    9.50798e+05    7.13673e+03
   Total Energy  Conserved En.    Temperature Pressure (bar)   Constr. rmsd
    9.57935e+05    9.88027e+05    3.07047e+02    7.90121e+00    7.36210e-03

