              :-) GROMACS - gmx mdrun, 2020.1-Ubuntu-2020.1-1 (-:

                            GROMACS is written by:
     Emile Apol      Rossen Apostolov      Paul Bauer     Herman J.C. Berendsen
    Par Bjelkmar      Christian Blau   Viacheslav Bolnykh     Kevin Boyd    
 Aldert van Buuren   Rudi van Drunen     Anton Feenstra       Alan Gray     
  Gerrit Groenhof     Anca Hamuraru    Vincent Hindriksen  M. Eric Irrgang  
  Aleksei Iupinov   Christoph Junghans     Joe Jordan     Dimitrios Karkoulis
    Peter Kasson        Jiri Kraus      Carsten Kutzner      Per Larsson    
  Justin A. Lemkul    Viveca Lindahl    Magnus Lundborg     Erik Marklund   
    Pascal Merz     Pieter Meulenhoff    Teemu Murtola       Szilard Pall   
    Sander Pronk      Roland Schulz      Michael Shirts    Alexey Shvetsov  
   Alfons Sijbers     Peter Tieleman      Jon Vincent      Teemu Virolainen 
 Christian Wennberg    Maarten Wolf      Artem Zhmurov   
                           and the project leaders:
        Mark Abraham, Berk Hess, Erik Lindahl, and David van der Spoel

Copyright (c) 1991-2000, University of Groningen, The Netherlands.
Copyright (c) 2001-2019, The GROMACS development team at
Uppsala University, Stockholm University and
the Royal Institute of Technology, Sweden.
check out http://www.gromacs.org for more information.

GROMACS is free software; you can redistribute it and/or modify it
under the terms of the GNU Lesser General Public License
as published by the Free Software Foundation; either version 2.1
of the License, or (at your option) any later version.

GROMACS:      gmx mdrun, version 2020.1-Ubuntu-2020.1-1
Executable:   /usr/bin/gmx
Data prefix:  /usr
Working dir:  /content
Process ID:   14057
Command line:
  gmx mdrun -s /content/sandrozzona-multiscala/pep_1_acqua/Steered/smd/md_smd.tpr -v -deffnm /content/sandrozzona-multiscala/pep_1_acqua/Steered/smd/ms_smd

GROMACS version:    2020.1-Ubuntu-2020.1-1
Precision:          single
Memory model:       64 bit
MPI library:        thread_mpi
OpenMP support:     enabled (GMX_OPENMP_MAX_THREADS = 64)
GPU support:        disabled
SIMD instructions:  SSE2
FFT library:        fftw-3.3.8-sse2-avx
RDTSCP usage:       disabled
TNG support:        enabled
Hwloc support:      hwloc-2.1.0
Tracing support:    disabled
C compiler:         /usr/bin/cc GNU 9.3.0
C compiler flags:   -msse2 -fexcess-precision=fast -funroll-all-loops
C++ compiler:       /usr/bin/c++ GNU 9.3.0
C++ compiler flags: -msse2 -fexcess-precision=fast -funroll-all-loops -fopenmp


Running on 1 node with total 1 cores, 2 logical cores
Hardware detected:
  CPU info:
    Vendor: Intel
    Brand:  Intel(R) Xeon(R) CPU @ 2.20GHz
    Family: 6   Model: 79   Stepping: 0
    Features: aes apic avx avx2 clfsh cmov cx8 cx16 f16c fma hle htt intel lahf mmx msr nonstop_tsc pcid pclmuldq pdpe1gb popcnt pse rdrnd rdtscp rtm sse2 sse3 sse4.1 sse4.2 ssse3 x2apic
  Hardware topology: Full, with devices
    Sockets, cores, and logical processors:
      Socket  0: [   0   1]
    Numa nodes:
      Node  0 (13616324608 bytes mem):   0   1
      Latency:
               0
         0  1.00
    Caches:
      L1: 32768 bytes, linesize 64 bytes, assoc. 8, shared 2 ways
      L2: 262144 bytes, linesize 64 bytes, assoc. 8, shared 2 ways
      L3: 57671680 bytes, linesize 64 bytes, assoc. 20, shared 2 ways
    PCI devices:
      0000:00:04.0  Id: 1af4:1000  Class: 0x0200  Numa: 0

Highest SIMD level requested by all nodes in run: AVX2_256
SIMD instructions selected at compile time:       SSE2
This program was compiled for different hardware than you are running on,
which could influence performance.
The current CPU can measure timings more accurately than the code in
gmx mdrun was configured to use. This might affect your simulation
speed as accurate timings are needed for load-balancing.
Please consider rebuilding gmx mdrun with the GMX_USE_RDTSCP=ON CMake option.

++++ PLEASE READ AND CITE THE FOLLOWING REFERENCE ++++
M. J. Abraham, T. Murtola, R. Schulz, S. Páll, J. C. Smith, B. Hess, E.
Lindahl
GROMACS: High performance molecular simulations through multi-level
parallelism from laptops to supercomputers
SoftwareX 1 (2015) pp. 19-25
-------- -------- --- Thank You --- -------- --------


++++ PLEASE READ AND CITE THE FOLLOWING REFERENCE ++++
S. Páll, M. J. Abraham, C. Kutzner, B. Hess, E. Lindahl
Tackling Exascale Software Challenges in Molecular Dynamics Simulations with
GROMACS
In S. Markidis & E. Laure (Eds.), Solving Software Challenges for Exascale 8759 (2015) pp. 3-27
-------- -------- --- Thank You --- -------- --------


++++ PLEASE READ AND CITE THE FOLLOWING REFERENCE ++++
S. Pronk, S. Páll, R. Schulz, P. Larsson, P. Bjelkmar, R. Apostolov, M. R.
Shirts, J. C. Smith, P. M. Kasson, D. van der Spoel, B. Hess, and E. Lindahl
GROMACS 4.5: a high-throughput and highly parallel open source molecular
simulation toolkit
Bioinformatics 29 (2013) pp. 845-54
-------- -------- --- Thank You --- -------- --------


++++ PLEASE READ AND CITE THE FOLLOWING REFERENCE ++++
B. Hess and C. Kutzner and D. van der Spoel and E. Lindahl
GROMACS 4: Algorithms for highly efficient, load-balanced, and scalable
molecular simulation
J. Chem. Theory Comput. 4 (2008) pp. 435-447
-------- -------- --- Thank You --- -------- --------


++++ PLEASE READ AND CITE THE FOLLOWING REFERENCE ++++
D. van der Spoel, E. Lindahl, B. Hess, G. Groenhof, A. E. Mark and H. J. C.
Berendsen
GROMACS: Fast, Flexible and Free
J. Comp. Chem. 26 (2005) pp. 1701-1719
-------- -------- --- Thank You --- -------- --------


++++ PLEASE READ AND CITE THE FOLLOWING REFERENCE ++++
E. Lindahl and B. Hess and D. van der Spoel
GROMACS 3.0: A package for molecular simulation and trajectory analysis
J. Mol. Mod. 7 (2001) pp. 306-317
-------- -------- --- Thank You --- -------- --------


++++ PLEASE READ AND CITE THE FOLLOWING REFERENCE ++++
H. J. C. Berendsen, D. van der Spoel and R. van Drunen
GROMACS: A message-passing parallel molecular dynamics implementation
Comp. Phys. Comm. 91 (1995) pp. 43-56
-------- -------- --- Thank You --- -------- --------

Input Parameters:
   integrator                     = md
   tinit                          = 0
   dt                             = 0.002
   nsteps                         = 500000
   init-step                      = 0
   simulation-part                = 1
   comm-mode                      = Angular
   nstcomm                        = 500
   bd-fric                        = 0
   ld-seed                        = 1214237797
   emtol                          = 10
   emstep                         = 0.01
   niter                          = 20
   fcstep                         = 0
   nstcgsteep                     = 1000
   nbfgscorr                      = 10
   rtpi                           = 0.05
   nstxout                        = 500
   nstvout                        = 500
   nstfout                        = 0
   nstlog                         = 5000
   nstcalcenergy                  = 500
   nstenergy                      = 500
   nstxout-compressed             = 0
   compressed-x-precision         = 1000
   cutoff-scheme                  = Verlet
   nstlist                        = 10
   pbc                            = xyz
   periodic-molecules             = false
   verlet-buffer-tolerance        = 0.005
   rlist                          = 1.059
   coulombtype                    = Cut-off
   coulomb-modifier               = Potential-shift
   rcoulomb-switch                = 0
   rcoulomb                       = 1
   epsilon-r                      = 1
   epsilon-rf                     = inf
   vdw-type                       = Cut-off
   vdw-modifier                   = Potential-shift
   rvdw-switch                    = 0
   rvdw                           = 1
   DispCorr                       = No
   table-extension                = 1
   fourierspacing                 = 0.12
   fourier-nx                     = 0
   fourier-ny                     = 0
   fourier-nz                     = 0
   pme-order                      = 4
   ewald-rtol                     = 1e-05
   ewald-rtol-lj                  = 0.001
   lj-pme-comb-rule               = Geometric
   ewald-geometry                 = 0
   epsilon-surface                = 0
   tcoupl                         = V-rescale
   nsttcouple                     = 10
   nh-chain-length                = 0
   print-nose-hoover-chain-variables = false
   pcoupl                         = No
   pcoupltype                     = Isotropic
   nstpcouple                     = -1
   tau-p                          = 1
   compressibility (3x3):
      compressibility[    0]={ 0.00000e+00,  0.00000e+00,  0.00000e+00}
      compressibility[    1]={ 0.00000e+00,  0.00000e+00,  0.00000e+00}
      compressibility[    2]={ 0.00000e+00,  0.00000e+00,  0.00000e+00}
   ref-p (3x3):
      ref-p[    0]={ 0.00000e+00,  0.00000e+00,  0.00000e+00}
      ref-p[    1]={ 0.00000e+00,  0.00000e+00,  0.00000e+00}
      ref-p[    2]={ 0.00000e+00,  0.00000e+00,  0.00000e+00}
   refcoord-scaling               = No
   posres-com (3):
      posres-com[0]= 0.00000e+00
      posres-com[1]= 0.00000e+00
      posres-com[2]= 0.00000e+00
   posres-comB (3):
      posres-comB[0]= 0.00000e+00
      posres-comB[1]= 0.00000e+00
      posres-comB[2]= 0.00000e+00
   QMMM                           = false
   QMconstraints                  = 0
   QMMMscheme                     = 0
   MMChargeScaleFactor            = 1
qm-opts:
   ngQM                           = 0
   constraint-algorithm           = Lincs
   continuation                   = false
   Shake-SOR                      = false
   shake-tol                      = 0.0001
   lincs-order                    = 4
   lincs-iter                     = 1
   lincs-warnangle                = 30
   nwall                          = 0
   wall-type                      = 9-3
   wall-r-linpot                  = -1
   wall-atomtype[0]               = -1
   wall-atomtype[1]               = -1
   wall-density[0]                = 0
   wall-density[1]                = 0
   wall-ewald-zfac                = 3
   pull                           = true
   pull-cylinder-r                = 1.5
   pull-constr-tol                = 1e-06
   pull-print-COM                 = false
   pull-print-ref-value           = false
   pull-print-components          = false
   pull-nstxout                   = 50
   pull-nstfout                   = 50
   pull-pbc-ref-prev-step-com     = false
   pull-xout-average              = false
   pull-fout-average              = false
   pull-ngroups                   = 3
   pull-group 0:
     atom: not available
     weight: not available
     pbcatom                        = -1
   pull-group 1:
     atom (24):
        atom[0,...,23] = {0,...,23}
     weight: not available
     pbcatom                        = 11
   pull-group 2:
     atom (17):
        atom[0,...,16] = {385,...,401}
     weight: not available
     pbcatom                        = 393
   pull-ncoords                   = 1
   pull-coord 0:
   type                           = umbrella
   geometry                       = distance
   group[0]                       = 1
   group[1]                       = 2
   dim (3):
      dim[0]=0
      dim[1]=1
      dim[2]=0
   origin (3):
      origin[0]= 0.00000e+00
      origin[1]= 0.00000e+00
      origin[2]= 0.00000e+00
   vec (3):
      vec[0]= 0.00000e+00
      vec[1]= 0.00000e+00
      vec[2]= 0.00000e+00
   start                          = true
   init                           = 3.15612
   rate                           = 0.01
   k                              = 1000
   kB                             = 1000
   awh                            = false
   rotation                       = false
   interactiveMD                  = false
   disre                          = No
   disre-weighting                = Conservative
   disre-mixed                    = false
   dr-fc                          = 1000
   dr-tau                         = 0
   nstdisreout                    = 100
   orire-fc                       = 0
   orire-tau                      = 0
   nstorireout                    = 100
   free-energy                    = no
   cos-acceleration               = 0
   deform (3x3):
      deform[    0]={ 0.00000e+00,  0.00000e+00,  0.00000e+00}
      deform[    1]={ 0.00000e+00,  0.00000e+00,  0.00000e+00}
      deform[    2]={ 0.00000e+00,  0.00000e+00,  0.00000e+00}
   simulated-tempering            = false
   swapcoords                     = no
   userint1                       = 0
   userint2                       = 0
   userint3                       = 0
   userint4                       = 0
   userreal1                      = 0
   userreal2                      = 0
   userreal3                      = 0
   userreal4                      = 0
   applied-forces:
     electric-field:
       x:
         E0                       = 0
         omega                    = 0
         t0                       = 0
         sigma                    = 0
       y:
         E0                       = 0
         omega                    = 0
         t0                       = 0
         sigma                    = 0
       z:
         E0                       = 0
         omega                    = 0
         t0                       = 0
         sigma                    = 0
     density-guided-simulation:
       active                     = false
       group                      = protein
       similarity-measure         = inner-product
       atom-spreading-weight      = unity
       force-constant             = 1e+09
       gaussian-transform-spreading-width = 0.2
       gaussian-transform-spreading-range-in-multiples-of-width = 4
       reference-density-filename = reference.mrc
       nst                        = 1
       normalize-densities        = true
       adaptive-force-scaling     = false
       adaptive-force-scaling-time-constant = 4
grpopts:
   nrdf:     4788.86     802.139
   ref-t:         300         300
   tau-t:         0.1         0.1
annealing:          No          No
annealing-npoints:           0           0
   acc:	           0           0           0
   nfreeze:           N           N           N
   energygrp-flags[  0]: 0

Changing nstlist from 10 to 40, rlist from 1.059 to 1.257


Using 1 MPI thread

Non-default thread affinity set, disabling internal thread affinity

Using 2 OpenMP threads 

System total charge: -0.000
Potential shift: LJ r^-12: -1.000e+00 r^-6: -1.000e+00, Coulomb -1e+00
Generated table with 1128 data points for 1-4 COUL.
Tabscale = 500 points/nm
Generated table with 1128 data points for 1-4 LJ6.
Tabscale = 500 points/nm
Generated table with 1128 data points for 1-4 LJ12.
Tabscale = 500 points/nm

Using SIMD 4x4 nonbonded short-range kernels

Using a dual 4x4 pair-list setup updated with dynamic pruning:
  outer list: updated every 40 steps, buffer 0.257 nm, rlist 1.257 nm
  inner list: updated every  4 steps, buffer 0.015 nm, rlist 1.015 nm
At tolerance 0.005 kJ/mol/ps per atom, equivalent classical 1x1 list would be:
  outer list: updated every 40 steps, buffer 0.304 nm, rlist 1.304 nm
  inner list: updated every  4 steps, buffer 0.018 nm, rlist 1.018 nm

Using Lorentz-Berthelot Lennard-Jones combination rule

Removing pbc first time

Will apply potential COM pulling
with 1 pull coordinate and 2 groups
Pull group 1:    24 atoms, mass   131.200
Pull group 2:    17 atoms, mass   115.132

Initializing LINear Constraint Solver

++++ PLEASE READ AND CITE THE FOLLOWING REFERENCE ++++
B. Hess and H. Bekker and H. J. C. Berendsen and J. G. E. M. Fraaije
LINCS: A Linear Constraint Solver for molecular simulations
J. Comp. Chem. 18 (1997) pp. 1463-1472
-------- -------- --- Thank You --- -------- --------

The number of constraints is 412

++++ PLEASE READ AND CITE THE FOLLOWING REFERENCE ++++
S. Miyamoto and P. A. Kollman
SETTLE: An Analytical Version of the SHAKE and RATTLE Algorithms for Rigid
Water Models
J. Comp. Chem. 13 (1992) pp. 952-962
-------- -------- --- Thank You --- -------- --------


++++ PLEASE READ AND CITE THE FOLLOWING REFERENCE ++++
G. Bussi, D. Donadio and M. Parrinello
Canonical sampling through velocity rescaling
J. Chem. Phys. 126 (2007) pp. 014101
-------- -------- --- Thank You --- -------- --------

There are: 2802 Atoms

Constraining the starting coordinates (step 0)

Constraining the coordinates at t0-dt (step 0)
Center of mass motion removal mode is Angular
We have the following groups for center of mass motion removal:
  0:  rest
RMS relative constraint deviation after constraining: 2.08e-05
Initial temperature: 297.591 K

Started mdrun on rank 0 Fri May 12 09:13:39 2023

           Step           Time
              0        0.00000

   Energies (kJ/mol)
          Angle    Proper Dih.  Improper Dih.          LJ-14     Coulomb-14
    7.30067e+02    9.90645e+02    4.47613e+01    4.01367e+02    4.93851e+03
        LJ (SR)   Coulomb (SR)   COM Pull En.      Potential    Kinetic En.
    4.06811e+03   -5.08866e+04    4.39531e-11   -3.97132e+04    6.89830e+03
   Total Energy  Conserved En.    Temperature Pressure (bar)   Constr. rmsd
   -3.28149e+04   -3.28149e+04    2.96789e+02    3.56710e+00    5.02434e-05

           Step           Time
           5000       10.00000

   Energies (kJ/mol)
          Angle    Proper Dih.  Improper Dih.          LJ-14     Coulomb-14
    8.06981e+02    9.65684e+02    4.87688e+01    4.19359e+02    5.01316e+03
        LJ (SR)   Coulomb (SR)   COM Pull En.      Potential    Kinetic En.
    4.07704e+03   -5.07322e+04    1.47409e+01   -3.93865e+04    7.04163e+03
   Total Energy  Conserved En.    Temperature Pressure (bar)   Constr. rmsd
   -3.23449e+04   -2.84506e+04    3.02956e+02    4.91745e+00    4.60130e-05

           Step           Time
          10000       20.00000

   Energies (kJ/mol)
          Angle    Proper Dih.  Improper Dih.          LJ-14     Coulomb-14
    8.08082e+02    9.10968e+02    4.73594e+01    4.00570e+02    4.91090e+03
        LJ (SR)   Coulomb (SR)   COM Pull En.      Potential    Kinetic En.
    4.45246e+03   -5.12789e+04    2.18680e+01   -3.97267e+04    6.83579e+03
   Total Energy  Conserved En.    Temperature Pressure (bar)   Constr. rmsd
   -3.28910e+04   -2.40910e+04    2.94100e+02    1.00583e+01    4.96781e-05

           Step           Time
          15000       30.00000

   Energies (kJ/mol)
          Angle    Proper Dih.  Improper Dih.          LJ-14     Coulomb-14
    7.52723e+02    9.27002e+02    4.75863e+01    3.87284e+02    4.90592e+03
        LJ (SR)   Coulomb (SR)   COM Pull En.      Potential    Kinetic En.
    3.85617e+03   -5.08631e+04    1.85711e+01   -3.99678e+04    6.98320e+03
   Total Energy  Conserved En.    Temperature Pressure (bar)   Constr. rmsd
   -3.29846e+04   -1.96887e+04    3.00442e+02   -1.38773e-01    5.10953e-05

           Step           Time
          20000       40.00000

   Energies (kJ/mol)
          Angle    Proper Dih.  Improper Dih.          LJ-14     Coulomb-14
    8.14363e+02    9.30128e+02    3.68908e+01    3.99271e+02    4.92274e+03
        LJ (SR)   Coulomb (SR)   COM Pull En.      Potential    Kinetic En.
    3.94895e+03   -5.08349e+04    2.22778e+01   -3.97603e+04    6.72140e+03
   Total Energy  Conserved En.    Temperature Pressure (bar)   Constr. rmsd
   -3.30389e+04   -1.51806e+04    2.89178e+02    1.10307e+00    5.26254e-05

           Step           Time
          25000       50.00000

   Energies (kJ/mol)
          Angle    Proper Dih.  Improper Dih.          LJ-14     Coulomb-14
    8.44782e+02    9.30085e+02    4.02801e+01    4.06956e+02    4.90450e+03
        LJ (SR)   Coulomb (SR)   COM Pull En.      Potential    Kinetic En.
    4.30217e+03   -5.10553e+04    2.09635e+01   -3.96056e+04    7.36814e+03
   Total Energy  Conserved En.    Temperature Pressure (bar)   Constr. rmsd
   -3.22374e+04   -1.06002e+04    3.17003e+02    5.40894e+00    5.33148e-05

           Step           Time
          30000       60.00000

   Energies (kJ/mol)
          Angle    Proper Dih.  Improper Dih.          LJ-14     Coulomb-14
    7.75103e+02    9.46063e+02    4.41117e+01    4.09575e+02    4.90451e+03
        LJ (SR)   Coulomb (SR)   COM Pull En.      Potential    Kinetic En.
    4.06483e+03   -5.09215e+04    1.81253e+01   -3.97592e+04    7.02053e+03
   Total Energy  Conserved En.    Temperature Pressure (bar)   Constr. rmsd
   -3.27387e+04   -6.09713e+03    3.02048e+02   -1.82153e+00    5.05681e-05

           Step           Time
          35000       70.00000

   Energies (kJ/mol)
          Angle    Proper Dih.  Improper Dih.          LJ-14     Coulomb-14
    7.44260e+02    9.76745e+02    5.46750e+01    4.13508e+02    4.89492e+03
        LJ (SR)   Coulomb (SR)   COM Pull En.      Potential    Kinetic En.
    4.28978e+03   -5.16618e+04    3.20113e+01   -4.02558e+04    7.11015e+03
   Total Energy  Conserved En.    Temperature Pressure (bar)   Constr. rmsd
   -3.31457e+04   -1.96193e+03    3.05904e+02   -1.38638e+00    5.50612e-05

           Step           Time
          40000       80.00000

   Energies (kJ/mol)
          Angle    Proper Dih.  Improper Dih.          LJ-14     Coulomb-14
    7.84680e+02    9.40601e+02    4.73149e+01    4.06015e+02    4.88168e+03
        LJ (SR)   Coulomb (SR)   COM Pull En.      Potential    Kinetic En.
    4.02388e+03   -5.10649e+04    2.54286e+01   -3.99553e+04    6.74729e+03
   Total Energy  Conserved En.    Temperature Pressure (bar)   Constr. rmsd
   -3.32080e+04    2.69323e+03    2.90293e+02    8.61874e-01    5.62731e-05

           Step           Time
          45000       90.00000

   Energies (kJ/mol)
          Angle    Proper Dih.  Improper Dih.          LJ-14     Coulomb-14
    7.67676e+02    9.39797e+02    4.10845e+01    3.88665e+02    4.82264e+03
        LJ (SR)   Coulomb (SR)   COM Pull En.      Potential    Kinetic En.
    4.14087e+03   -5.09876e+04    5.26482e+01   -3.98342e+04    7.14187e+03
   Total Energy  Conserved En.    Temperature Pressure (bar)   Constr. rmsd
   -3.26924e+04    7.41182e+03    3.07269e+02    1.01335e+01    5.48068e-05

           Step           Time
          50000      100.00000

   Energies (kJ/mol)
          Angle    Proper Dih.  Improper Dih.          LJ-14     Coulomb-14
    7.70629e+02    9.56164e+02    6.49075e+01    4.16734e+02    4.82143e+03
        LJ (SR)   Coulomb (SR)   COM Pull En.      Potential    Kinetic En.
    3.85349e+03   -5.04139e+04    5.36044e+01   -3.94769e+04    7.09097e+03
   Total Energy  Conserved En.    Temperature Pressure (bar)   Constr. rmsd
   -3.23860e+04    1.19678e+04    3.05079e+02   -4.93481e+00    4.81041e-05

           Step           Time
          55000      110.00000

   Energies (kJ/mol)
          Angle    Proper Dih.  Improper Dih.          LJ-14     Coulomb-14
    7.77951e+02    1.00001e+03    5.87166e+01    4.15496e+02    4.85642e+03
        LJ (SR)   Coulomb (SR)   COM Pull En.      Potential    Kinetic En.
    4.30767e+03   -5.14418e+04    7.94342e+01   -3.99461e+04    7.02202e+03
   Total Energy  Conserved En.    Temperature Pressure (bar)   Constr. rmsd
   -3.29241e+04    1.66170e+04    3.02112e+02    1.40900e+01    5.23685e-05

           Step           Time
          60000      120.00000

   Energies (kJ/mol)
          Angle    Proper Dih.  Improper Dih.          LJ-14     Coulomb-14
    8.32834e+02    9.88923e+02    4.87587e+01    4.20268e+02    4.91205e+03
        LJ (SR)   Coulomb (SR)   COM Pull En.      Potential    Kinetic En.
    4.00608e+03   -5.07626e+04    9.08243e+01   -3.94629e+04    7.30188e+03
   Total Energy  Conserved En.    Temperature Pressure (bar)   Constr. rmsd
   -3.21610e+04    2.13064e+04    3.14153e+02   -7.43675e+00    5.45905e-05

           Step           Time
          65000      130.00000

   Energies (kJ/mol)
          Angle    Proper Dih.  Improper Dih.          LJ-14     Coulomb-14
    8.36008e+02    9.30745e+02    4.66221e+01    3.86178e+02    4.80439e+03
        LJ (SR)   Coulomb (SR)   COM Pull En.      Potential    Kinetic En.
    3.99308e+03   -5.09136e+04    1.13553e+02   -3.98030e+04    7.00971e+03
   Total Energy  Conserved En.    Temperature Pressure (bar)   Constr. rmsd
   -3.27933e+04    2.58434e+04    3.01583e+02    1.23492e-02    6.32533e-05

           Step           Time
          70000      140.00000

   Energies (kJ/mol)
          Angle    Proper Dih.  Improper Dih.          LJ-14     Coulomb-14
    7.87531e+02    8.94849e+02    3.21763e+01    3.87264e+02    4.90287e+03
        LJ (SR)   Coulomb (SR)   COM Pull En.      Potential    Kinetic En.
    4.34821e+03   -5.16619e+04    1.41737e+02   -4.01673e+04    6.91245e+03
   Total Energy  Conserved En.    Temperature Pressure (bar)   Constr. rmsd
   -3.32548e+04    3.05460e+04    2.97398e+02   -1.48616e+00    6.04751e-05

           Step           Time
          75000      150.00000

   Energies (kJ/mol)
          Angle    Proper Dih.  Improper Dih.          LJ-14     Coulomb-14
    7.37222e+02    9.60508e+02    4.64367e+01    4.13821e+02    4.93312e+03
        LJ (SR)   Coulomb (SR)   COM Pull En.      Potential    Kinetic En.
    3.91343e+03   -5.11742e+04    1.34029e+02   -4.00356e+04    6.71306e+03
   Total Energy  Conserved En.    Temperature Pressure (bar)   Constr. rmsd
   -3.33225e+04    3.52093e+04    2.88820e+02   -2.83392e+00    5.30864e-05

           Step           Time
          80000      160.00000

   Energies (kJ/mol)
          Angle    Proper Dih.  Improper Dih.          LJ-14     Coulomb-14
    8.75626e+02    9.79801e+02    5.75265e+01    4.07872e+02    4.85699e+03
        LJ (SR)   Coulomb (SR)   COM Pull En.      Potential    Kinetic En.
    4.19866e+03   -5.10457e+04    1.29512e+02   -3.95397e+04    7.10647e+03
   Total Energy  Conserved En.    Temperature Pressure (bar)   Constr. rmsd
   -3.24332e+04    3.99371e+04    3.05745e+02   -1.19251e+00    6.48071e-05

           Step           Time
          85000      170.00000

   Energies (kJ/mol)
          Angle    Proper Dih.  Improper Dih.          LJ-14     Coulomb-14
    7.80520e+02    9.14608e+02    3.97804e+01    3.96170e+02    4.83461e+03
        LJ (SR)   Coulomb (SR)   COM Pull En.      Potential    Kinetic En.
    4.14733e+03   -5.16967e+04    1.97886e+02   -4.03858e+04    7.09694e+03
   Total Energy  Conserved En.    Temperature Pressure (bar)   Constr. rmsd
   -3.32889e+04    4.46949e+04    3.05335e+02   -2.64680e-01    6.83538e-05

           Step           Time
          90000      180.00000

   Energies (kJ/mol)
          Angle    Proper Dih.  Improper Dih.          LJ-14     Coulomb-14
    7.88890e+02    9.38432e+02    5.59292e+01    4.10570e+02    4.79098e+03
        LJ (SR)   Coulomb (SR)   COM Pull En.      Potential    Kinetic En.
    4.38499e+03   -5.12422e+04    1.97498e+02   -3.96749e+04    7.03903e+03
   Total Energy  Conserved En.    Temperature Pressure (bar)   Constr. rmsd
   -3.26359e+04    4.93365e+04    3.02844e+02    1.58046e+00    6.01144e-05

           Step           Time
          95000      190.00000

   Energies (kJ/mol)
          Angle    Proper Dih.  Improper Dih.          LJ-14     Coulomb-14
    8.08540e+02    9.65055e+02    5.15817e+01    4.35768e+02    4.87063e+03
        LJ (SR)   Coulomb (SR)   COM Pull En.      Potential    Kinetic En.
    3.92723e+03   -5.08773e+04    2.10544e+02   -3.96079e+04    7.10291e+03
   Total Energy  Conserved En.    Temperature Pressure (bar)   Constr. rmsd
   -3.25050e+04    5.37985e+04    3.05592e+02    1.07127e+00    5.06997e-05

           Step           Time
         100000      200.00000

   Energies (kJ/mol)
          Angle    Proper Dih.  Improper Dih.          LJ-14     Coulomb-14
    8.57571e+02    9.40955e+02    4.07922e+01    4.25197e+02    4.88870e+03
        LJ (SR)   Coulomb (SR)   COM Pull En.      Potential    Kinetic En.
    3.81278e+03   -5.07596e+04    2.71160e+02   -3.95225e+04    7.24945e+03
   Total Energy  Conserved En.    Temperature Pressure (bar)   Constr. rmsd
   -3.22730e+04    5.86279e+04    3.11897e+02   -1.06947e+01    5.22779e-05

           Step           Time
         105000      210.00000

   Energies (kJ/mol)
          Angle    Proper Dih.  Improper Dih.          LJ-14     Coulomb-14
    8.24264e+02    9.52520e+02    5.82141e+01    4.09006e+02    4.84323e+03
        LJ (SR)   Coulomb (SR)   COM Pull En.      Potential    Kinetic En.
    3.93053e+03   -5.07256e+04    2.70852e+02   -3.94369e+04    6.73304e+03
   Total Energy  Conserved En.    Temperature Pressure (bar)   Constr. rmsd
   -3.27039e+04    6.32361e+04    2.89679e+02    2.69136e+00    5.76927e-05

           Step           Time
         110000      220.00000

   Energies (kJ/mol)
          Angle    Proper Dih.  Improper Dih.          LJ-14     Coulomb-14
    8.82357e+02    9.53762e+02    6.40940e+01    4.11575e+02    4.81991e+03
        LJ (SR)   Coulomb (SR)   COM Pull En.      Potential    Kinetic En.
    3.91619e+03   -5.10078e+04    2.49093e+02   -3.97109e+04    7.11691e+03
   Total Energy  Conserved En.    Temperature Pressure (bar)   Constr. rmsd
   -3.25939e+04    6.77879e+04    3.06195e+02    2.38449e+00    6.07867e-05

           Step           Time
         115000      230.00000

   Energies (kJ/mol)
          Angle    Proper Dih.  Improper Dih.          LJ-14     Coulomb-14
    8.36875e+02    9.94156e+02    4.99650e+01    4.11033e+02    4.79025e+03
        LJ (SR)   Coulomb (SR)   COM Pull En.      Potential    Kinetic En.
    4.16277e+03   -5.07274e+04    2.99764e+02   -3.91826e+04    6.96660e+03
   Total Energy  Conserved En.    Temperature Pressure (bar)   Constr. rmsd
   -3.22160e+04    7.25595e+04    2.99728e+02    5.81741e+00    5.67913e-05

           Step           Time
         120000      240.00000

   Energies (kJ/mol)
          Angle    Proper Dih.  Improper Dih.          LJ-14     Coulomb-14
    7.64016e+02    9.31989e+02    4.46402e+01    4.01480e+02    4.83507e+03
        LJ (SR)   Coulomb (SR)   COM Pull En.      Potential    Kinetic En.
    3.78916e+03   -5.07060e+04    3.65489e+02   -3.95741e+04    6.96552e+03
   Total Energy  Conserved En.    Temperature Pressure (bar)   Constr. rmsd
   -3.26086e+04    7.74329e+04    2.99681e+02   -6.69231e+00    5.98409e-05

           Step           Time
         125000      250.00000

   Energies (kJ/mol)
          Angle    Proper Dih.  Improper Dih.          LJ-14     Coulomb-14
    8.36932e+02    9.46367e+02    4.54179e+01    3.89690e+02    4.79358e+03
        LJ (SR)   Coulomb (SR)   COM Pull En.      Potential    Kinetic En.
    4.31697e+03   -5.11335e+04    3.84880e+02   -3.94197e+04    7.07863e+03
   Total Energy  Conserved En.    Temperature Pressure (bar)   Constr. rmsd
   -3.23411e+04    8.20312e+04    3.04548e+02    5.41092e-01    6.14771e-05

           Step           Time
         130000      260.00000

   Energies (kJ/mol)
          Angle    Proper Dih.  Improper Dih.          LJ-14     Coulomb-14
    7.69776e+02    9.52910e+02    6.50217e+01    4.34910e+02    4.82842e+03
        LJ (SR)   Coulomb (SR)   COM Pull En.      Potential    Kinetic En.
    4.39969e+03   -5.11459e+04    3.55110e+02   -3.93401e+04    6.86567e+03
   Total Energy  Conserved En.    Temperature Pressure (bar)   Constr. rmsd
   -3.24744e+04    8.68165e+04    2.95385e+02   -4.67288e+00    5.52328e-05

           Step           Time
         135000      270.00000

   Energies (kJ/mol)
          Angle    Proper Dih.  Improper Dih.          LJ-14     Coulomb-14
    8.07768e+02    9.80820e+02    5.78753e+01    4.26090e+02    4.76948e+03
        LJ (SR)   Coulomb (SR)   COM Pull En.      Potential    Kinetic En.
    4.38483e+03   -5.06381e+04    3.54578e+02   -3.88567e+04    6.75450e+03
   Total Energy  Conserved En.    Temperature Pressure (bar)   Constr. rmsd
   -3.21022e+04    9.18005e+04    2.90603e+02    1.91957e+01    4.90925e-05

           Step           Time
         140000      280.00000

   Energies (kJ/mol)
          Angle    Proper Dih.  Improper Dih.          LJ-14     Coulomb-14
    8.22194e+02    9.75641e+02    6.54763e+01    4.21484e+02    4.82308e+03
        LJ (SR)   Coulomb (SR)   COM Pull En.      Potential    Kinetic En.
    4.22574e+03   -5.09130e+04    3.49731e+02   -3.92296e+04    6.94952e+03
   Total Energy  Conserved En.    Temperature Pressure (bar)   Constr. rmsd
   -3.22801e+04    9.66408e+04    2.98993e+02    5.86720e+00    5.44460e-05

           Step           Time
         145000      290.00000

   Energies (kJ/mol)
          Angle    Proper Dih.  Improper Dih.          LJ-14     Coulomb-14
    7.42408e+02    9.53467e+02    4.46304e+01    4.34826e+02    4.81637e+03
        LJ (SR)   Coulomb (SR)   COM Pull En.      Potential    Kinetic En.
    4.06039e+03   -5.06337e+04    3.78176e+02   -3.92035e+04    6.94153e+03
   Total Energy  Conserved En.    Temperature Pressure (bar)   Constr. rmsd
   -3.22619e+04    1.01433e+05    2.98649e+02   -3.30173e+00    5.29737e-05

           Step           Time
         150000      300.00000

   Energies (kJ/mol)
          Angle    Proper Dih.  Improper Dih.          LJ-14     Coulomb-14
    9.07924e+02    9.76266e+02    6.29012e+01    3.93125e+02    4.80795e+03
        LJ (SR)   Coulomb (SR)   COM Pull En.      Potential    Kinetic En.
    4.28401e+03   -5.06752e+04    3.68382e+02   -3.88746e+04    6.99231e+03
   Total Energy  Conserved En.    Temperature Pressure (bar)   Constr. rmsd
   -3.18823e+04    1.05958e+05    3.00834e+02   -4.19678e+00    6.10034e-05

           Step           Time
         155000      310.00000

   Energies (kJ/mol)
          Angle    Proper Dih.  Improper Dih.          LJ-14     Coulomb-14
    8.42307e+02    9.39496e+02    4.15902e+01    3.69096e+02    4.76954e+03
        LJ (SR)   Coulomb (SR)   COM Pull En.      Potential    Kinetic En.
    3.96678e+03   -5.05973e+04    3.72073e+02   -3.92965e+04    6.91128e+03
   Total Energy  Conserved En.    Temperature Pressure (bar)   Constr. rmsd
   -3.23852e+04    1.10630e+05    2.97348e+02   -3.89635e+00    6.93479e-05

           Step           Time
         160000      320.00000

   Energies (kJ/mol)
          Angle    Proper Dih.  Improper Dih.          LJ-14     Coulomb-14
    8.47062e+02    9.63096e+02    4.41793e+01    4.14696e+02    4.83160e+03
        LJ (SR)   Coulomb (SR)   COM Pull En.      Potential    Kinetic En.
    4.17702e+03   -5.13101e+04    3.95957e+02   -3.96365e+04    7.18343e+03
   Total Energy  Conserved En.    Temperature Pressure (bar)   Constr. rmsd
   -3.24531e+04    1.15355e+05    3.09057e+02   -2.66828e-01    6.37234e-05

           Step           Time
         165000      330.00000

   Energies (kJ/mol)
          Angle    Proper Dih.  Improper Dih.          LJ-14     Coulomb-14
    8.96905e+02    9.31692e+02    4.44973e+01    3.98234e+02    4.76006e+03
        LJ (SR)   Coulomb (SR)   COM Pull En.      Potential    Kinetic En.
    4.24990e+03   -5.11796e+04    3.86840e+02   -3.95115e+04    6.78831e+03
   Total Energy  Conserved En.    Temperature Pressure (bar)   Constr. rmsd
   -3.27232e+04    1.19987e+05    2.92057e+02   -4.33752e+00    6.76821e-05

           Step           Time
         170000      340.00000

   Energies (kJ/mol)
          Angle    Proper Dih.  Improper Dih.          LJ-14     Coulomb-14
    8.46062e+02    9.38720e+02    4.45454e+01    4.04501e+02    4.77101e+03
        LJ (SR)   Coulomb (SR)   COM Pull En.      Potential    Kinetic En.
    4.28927e+03   -5.08205e+04    4.53118e+02   -3.90733e+04    6.96788e+03
   Total Energy  Conserved En.    Temperature Pressure (bar)   Constr. rmsd
   -3.21054e+04    1.24671e+05    2.99783e+02   -5.50316e+00    7.15782e-05

           Step           Time
         175000      350.00000

   Energies (kJ/mol)
          Angle    Proper Dih.  Improper Dih.          LJ-14     Coulomb-14
    8.89559e+02    9.76271e+02    5.03328e+01    4.06386e+02    4.75214e+03
        LJ (SR)   Coulomb (SR)   COM Pull En.      Potential    Kinetic En.
    4.34857e+03   -5.06696e+04    5.22529e+02   -3.87238e+04    6.93556e+03
   Total Energy  Conserved En.    Temperature Pressure (bar)   Constr. rmsd
   -3.17882e+04    1.29309e+05    2.98393e+02    1.32384e+00    6.09774e-05

           Step           Time
         180000      360.00000

   Energies (kJ/mol)
          Angle    Proper Dih.  Improper Dih.          LJ-14     Coulomb-14
    1.00280e+03    9.51920e+02    4.89375e+01    3.95507e+02    4.75675e+03
        LJ (SR)   Coulomb (SR)   COM Pull En.      Potential    Kinetic En.
    3.98164e+03   -5.01284e+04    5.49285e+02   -3.84416e+04    6.99294e+03
   Total Energy  Conserved En.    Temperature Pressure (bar)   Constr. rmsd
   -3.14487e+04    1.34033e+05    3.00861e+02    2.15261e+00    6.88867e-05

Writing checkpoint, step 182680 at Fri May 12 09:28:40 2023


           Step           Time
         185000      370.00000

   Energies (kJ/mol)
          Angle    Proper Dih.  Improper Dih.          LJ-14     Coulomb-14
    8.65234e+02    9.83102e+02    5.77019e+01    3.93795e+02    4.74447e+03
        LJ (SR)   Coulomb (SR)   COM Pull En.      Potential    Kinetic En.
    4.24453e+03   -5.08015e+04    5.99925e+02   -3.89127e+04    6.96918e+03
   Total Energy  Conserved En.    Temperature Pressure (bar)   Constr. rmsd
   -3.19436e+04    1.38856e+05    2.99839e+02    1.32101e+00    6.20998e-05

           Step           Time
         190000      380.00000

   Energies (kJ/mol)
          Angle    Proper Dih.  Improper Dih.          LJ-14     Coulomb-14
    9.00740e+02    9.68921e+02    6.08211e+01    4.07408e+02    4.67606e+03
        LJ (SR)   Coulomb (SR)   COM Pull En.      Potential    Kinetic En.
    4.03049e+03   -5.00158e+04    5.68527e+02   -3.84029e+04    6.95448e+03
   Total Energy  Conserved En.    Temperature Pressure (bar)   Constr. rmsd
   -3.14484e+04    1.43626e+05    2.99206e+02    8.91204e-01    5.97065e-05

           Step           Time
         195000      390.00000

   Energies (kJ/mol)
          Angle    Proper Dih.  Improper Dih.          LJ-14     Coulomb-14
    1.01599e+03    1.03274e+03    5.49832e+01    3.93113e+02    4.69902e+03
        LJ (SR)   Coulomb (SR)   COM Pull En.      Potential    Kinetic En.
    4.49246e+03   -5.11290e+04    5.04055e+02   -3.89366e+04    6.90398e+03
   Total Energy  Conserved En.    Temperature Pressure (bar)   Constr. rmsd
   -3.20326e+04    1.48453e+05    2.97034e+02    2.50987e+00    7.58139e-05

           Step           Time
         200000      400.00000

   Energies (kJ/mol)
          Angle    Proper Dih.  Improper Dih.          LJ-14     Coulomb-14
    9.58709e+02    9.82776e+02    5.50709e+01    4.09607e+02    4.68950e+03
        LJ (SR)   Coulomb (SR)   COM Pull En.      Potential    Kinetic En.
    4.12523e+03   -5.03033e+04    6.47238e+02   -3.84351e+04    6.91510e+03
   Total Energy  Conserved En.    Temperature Pressure (bar)   Constr. rmsd
   -3.15200e+04    1.53541e+05    2.97512e+02   -7.37940e-01    6.67226e-05

           Step           Time
         205000      410.00000

   Energies (kJ/mol)
          Angle    Proper Dih.  Improper Dih.          LJ-14     Coulomb-14
    1.09463e+03    1.05269e+03    5.42036e+01    3.95810e+02    4.68153e+03
        LJ (SR)   Coulomb (SR)   COM Pull En.      Potential    Kinetic En.
    4.07944e+03   -5.03247e+04    7.28162e+02   -3.82382e+04    7.32013e+03
   Total Energy  Conserved En.    Temperature Pressure (bar)   Constr. rmsd
   -3.09181e+04    1.58648e+05    3.14938e+02   -8.26160e+00    8.04131e-05

           Step           Time
         210000      420.00000

   Energies (kJ/mol)
          Angle    Proper Dih.  Improper Dih.          LJ-14     Coulomb-14
    9.75411e+02    1.03247e+03    6.76215e+01    3.97106e+02    4.72311e+03
        LJ (SR)   Coulomb (SR)   COM Pull En.      Potential    Kinetic En.
    4.18728e+03   -5.04335e+04    8.17831e+02   -3.82326e+04    6.88777e+03
   Total Energy  Conserved En.    Temperature Pressure (bar)   Constr. rmsd
   -3.13449e+04    1.63556e+05    2.96336e+02    8.00364e-01    8.00858e-05

           Step           Time
         215000      430.00000

   Energies (kJ/mol)
          Angle    Proper Dih.  Improper Dih.          LJ-14     Coulomb-14
    9.56451e+02    1.07666e+03    5.88287e+01    3.96030e+02    4.69540e+03
        LJ (SR)   Coulomb (SR)   COM Pull En.      Potential    Kinetic En.
    4.40997e+03   -5.07872e+04    7.39278e+02   -3.84546e+04    6.80862e+03
   Total Energy  Conserved En.    Temperature Pressure (bar)   Constr. rmsd
   -3.16460e+04    1.68730e+05    2.92931e+02    1.20691e+01    7.41091e-05

           Step           Time
         220000      440.00000

   Energies (kJ/mol)
          Angle    Proper Dih.  Improper Dih.          LJ-14     Coulomb-14
    1.02089e+03    1.08022e+03    6.53823e+01    4.10781e+02    4.71185e+03
        LJ (SR)   Coulomb (SR)   COM Pull En.      Potential    Kinetic En.
    4.14199e+03   -5.01392e+04    6.69389e+02   -3.80387e+04    6.93329e+03
   Total Energy  Conserved En.    Temperature Pressure (bar)   Constr. rmsd
   -3.11054e+04    1.73875e+05    2.98295e+02    1.58569e+00    7.21449e-05

           Step           Time
         225000      450.00000

   Energies (kJ/mol)
          Angle    Proper Dih.  Improper Dih.          LJ-14     Coulomb-14
    9.78802e+02    1.06839e+03    5.89860e+01    3.86868e+02    4.67834e+03
        LJ (SR)   Coulomb (SR)   COM Pull En.      Potential    Kinetic En.
    4.29869e+03   -5.06747e+04    6.79173e+02   -3.85254e+04    6.83240e+03
   Total Energy  Conserved En.    Temperature Pressure (bar)   Constr. rmsd
   -3.16930e+04    1.78876e+05    2.93954e+02   -2.25027e+00    7.04253e-05

           Step           Time
         230000      460.00000

   Energies (kJ/mol)
          Angle    Proper Dih.  Improper Dih.          LJ-14     Coulomb-14
    1.07608e+03    1.03862e+03    5.77694e+01    4.28845e+02    4.67085e+03
        LJ (SR)   Coulomb (SR)   COM Pull En.      Potential    Kinetic En.
    4.52061e+03   -5.08055e+04    6.77280e+02   -3.83355e+04    7.17580e+03
   Total Energy  Conserved En.    Temperature Pressure (bar)   Constr. rmsd
   -3.11597e+04    1.83812e+05    3.08729e+02    4.39860e+00    8.78472e-05

           Step           Time
         235000      470.00000

   Energies (kJ/mol)
          Angle    Proper Dih.  Improper Dih.          LJ-14     Coulomb-14
    1.01947e+03    1.05832e+03    4.75749e+01    3.91269e+02    4.59685e+03
        LJ (SR)   Coulomb (SR)   COM Pull En.      Potential    Kinetic En.
    4.19631e+03   -4.99124e+04    6.93042e+02   -3.79095e+04    7.23826e+03
   Total Energy  Conserved En.    Temperature Pressure (bar)   Constr. rmsd
   -3.06713e+04    1.88885e+05    3.11416e+02    6.81320e-01    8.25884e-05

           Step           Time
         240000      480.00000

   Energies (kJ/mol)
          Angle    Proper Dih.  Improper Dih.          LJ-14     Coulomb-14
    1.01342e+03    1.02294e+03    5.66558e+01    3.60667e+02    4.65019e+03
        LJ (SR)   Coulomb (SR)   COM Pull En.      Potential    Kinetic En.
    4.24257e+03   -5.03133e+04    7.41621e+02   -3.82252e+04    7.11362e+03
   Total Energy  Conserved En.    Temperature Pressure (bar)   Constr. rmsd
   -3.11116e+04    1.93887e+05    3.06053e+02   -1.44909e+01    9.58794e-05

           Step           Time
         245000      490.00000

   Energies (kJ/mol)
          Angle    Proper Dih.  Improper Dih.          LJ-14     Coulomb-14
    9.44720e+02    1.08075e+03    6.36256e+01    3.83338e+02    4.66010e+03
        LJ (SR)   Coulomb (SR)   COM Pull En.      Potential    Kinetic En.
    3.76339e+03   -5.01770e+04    7.34271e+02   -3.85468e+04    6.89203e+03
   Total Energy  Conserved En.    Temperature Pressure (bar)   Constr. rmsd
   -3.16548e+04    1.98945e+05    2.96520e+02   -2.27952e+00    8.06031e-05

           Step           Time
         250000      500.00000

   Energies (kJ/mol)
          Angle    Proper Dih.  Improper Dih.          LJ-14     Coulomb-14
    1.01408e+03    1.03128e+03    5.99955e+01    3.72201e+02    4.56661e+03
        LJ (SR)   Coulomb (SR)   COM Pull En.      Potential    Kinetic En.
    4.33934e+03   -5.08506e+04    7.73344e+02   -3.86937e+04    6.94462e+03
   Total Energy  Conserved En.    Temperature Pressure (bar)   Constr. rmsd
   -3.17491e+04    2.04058e+05    2.98782e+02   -2.14007e+00    7.24193e-05

           Step           Time
         255000      510.00000

   Energies (kJ/mol)
          Angle    Proper Dih.  Improper Dih.          LJ-14     Coulomb-14
    1.04042e+03    1.06244e+03    6.59660e+01    3.59864e+02    4.62352e+03
        LJ (SR)   Coulomb (SR)   COM Pull En.      Potential    Kinetic En.
    4.08531e+03   -5.00442e+04    9.07770e+02   -3.78989e+04    6.87963e+03
   Total Energy  Conserved En.    Temperature Pressure (bar)   Constr. rmsd
   -3.10193e+04    2.08767e+05    2.95986e+02   -4.02177e+00    8.17299e-05

           Step           Time
         260000      520.00000

   Energies (kJ/mol)
          Angle    Proper Dih.  Improper Dih.          LJ-14     Coulomb-14
    9.82262e+02    1.07994e+03    4.42453e+01    3.72277e+02    4.68034e+03
        LJ (SR)   Coulomb (SR)   COM Pull En.      Potential    Kinetic En.
    4.30681e+03   -5.08867e+04    9.70308e+02   -3.84505e+04    7.16305e+03
   Total Energy  Conserved En.    Temperature Pressure (bar)   Constr. rmsd
   -3.12874e+04    2.13760e+05    3.08180e+02    4.37712e+00    8.15105e-05

           Step           Time
         265000      530.00000

   Energies (kJ/mol)
          Angle    Proper Dih.  Improper Dih.          LJ-14     Coulomb-14
    9.96550e+02    1.02972e+03    5.77132e+01    3.82624e+02    4.62448e+03
        LJ (SR)   Coulomb (SR)   COM Pull En.      Potential    Kinetic En.
    4.24431e+03   -5.01678e+04    1.00144e+03   -3.78309e+04    6.86641e+03
   Total Energy  Conserved En.    Temperature Pressure (bar)   Constr. rmsd
   -3.09645e+04    2.18517e+05    2.95417e+02    7.40089e-01    8.15692e-05

           Step           Time
         270000      540.00000

   Energies (kJ/mol)
          Angle    Proper Dih.  Improper Dih.          LJ-14     Coulomb-14
    1.14226e+03    9.98435e+02    5.07902e+01    3.80291e+02    4.61992e+03
        LJ (SR)   Coulomb (SR)   COM Pull En.      Potential    Kinetic En.
    4.23635e+03   -4.99031e+04    1.04166e+03   -3.74334e+04    7.14831e+03
   Total Energy  Conserved En.    Temperature Pressure (bar)   Constr. rmsd
   -3.02851e+04    2.23615e+05    3.07546e+02   -1.74433e+00    9.65820e-05

           Step           Time
         275000      550.00000

   Energies (kJ/mol)
          Angle    Proper Dih.  Improper Dih.          LJ-14     Coulomb-14
    1.05423e+03    1.04321e+03    5.52821e+01    3.63701e+02    4.69617e+03
        LJ (SR)   Coulomb (SR)   COM Pull En.      Potential    Kinetic En.
    4.09324e+03   -4.98516e+04    1.09447e+03   -3.74513e+04    7.16159e+03
   Total Energy  Conserved En.    Temperature Pressure (bar)   Constr. rmsd
   -3.02897e+04    2.28391e+05    3.08117e+02    8.65561e+00    9.07809e-05

           Step           Time
         280000      560.00000

   Energies (kJ/mol)
          Angle    Proper Dih.  Improper Dih.          LJ-14     Coulomb-14
    9.81004e+02    1.03114e+03    6.54258e+01    3.62816e+02    4.62658e+03
        LJ (SR)   Coulomb (SR)   COM Pull En.      Potential    Kinetic En.
    4.67453e+03   -5.08983e+04    1.17649e+03   -3.79803e+04    7.16914e+03
   Total Energy  Conserved En.    Temperature Pressure (bar)   Constr. rmsd
   -3.08111e+04    2.33284e+05    3.08442e+02    2.16205e+00    9.50628e-05

           Step           Time
         285000      570.00000

   Energies (kJ/mol)
          Angle    Proper Dih.  Improper Dih.          LJ-14     Coulomb-14
    1.07941e+03    1.04050e+03    6.02996e+01    3.90061e+02    4.61414e+03
        LJ (SR)   Coulomb (SR)   COM Pull En.      Potential    Kinetic En.
    4.07012e+03   -5.02451e+04    1.19817e+03   -3.77924e+04    6.96929e+03
   Total Energy  Conserved En.    Temperature Pressure (bar)   Constr. rmsd
   -3.08231e+04    2.38623e+05    2.99844e+02   -1.27874e+00    8.89940e-05

           Step           Time
         290000      580.00000

   Energies (kJ/mol)
          Angle    Proper Dih.  Improper Dih.          LJ-14     Coulomb-14
    1.04530e+03    1.06272e+03    5.07870e+01    3.93839e+02    4.63885e+03
        LJ (SR)   Coulomb (SR)   COM Pull En.      Potential    Kinetic En.
    4.35347e+03   -5.02372e+04    1.28189e+03   -3.74104e+04    7.10484e+03
   Total Energy  Conserved En.    Temperature Pressure (bar)   Constr. rmsd
   -3.03055e+04    2.43583e+05    3.05676e+02    5.02326e-01    9.12660e-05

           Step           Time
         295000      590.00000

   Energies (kJ/mol)
          Angle    Proper Dih.  Improper Dih.          LJ-14     Coulomb-14
    1.12295e+03    1.08706e+03    5.82959e+01    3.61758e+02    4.55954e+03
        LJ (SR)   Coulomb (SR)   COM Pull En.      Potential    Kinetic En.
    3.82110e+03   -4.98276e+04    1.37572e+03   -3.74412e+04    7.06354e+03
   Total Energy  Conserved En.    Temperature Pressure (bar)   Constr. rmsd
   -3.03776e+04    2.48678e+05    3.03899e+02   -4.45544e+00    1.05369e-04

           Step           Time
         300000      600.00000

   Energies (kJ/mol)
          Angle    Proper Dih.  Improper Dih.          LJ-14     Coulomb-14
    1.11917e+03    1.01601e+03    6.49939e+01    3.78482e+02    4.57114e+03
        LJ (SR)   Coulomb (SR)   COM Pull En.      Potential    Kinetic En.
    4.43328e+03   -5.02888e+04    1.49665e+03   -3.72090e+04    6.91717e+03
   Total Energy  Conserved En.    Temperature Pressure (bar)   Constr. rmsd
   -3.02919e+04    2.53769e+05    2.97601e+02    9.14684e+00    9.66931e-05

           Step           Time
         305000      610.00000

   Energies (kJ/mol)
          Angle    Proper Dih.  Improper Dih.          LJ-14     Coulomb-14
    1.12983e+03    1.01639e+03    7.51336e+01    3.63857e+02    4.58141e+03
        LJ (SR)   Coulomb (SR)   COM Pull En.      Potential    Kinetic En.
    4.27126e+03   -5.03129e+04    1.68368e+03   -3.71913e+04    6.81682e+03
   Total Energy  Conserved En.    Temperature Pressure (bar)   Constr. rmsd
   -3.03745e+04    2.58685e+05    2.93284e+02   -1.07164e+00    1.05834e-04

           Step           Time
         310000      620.00000

   Energies (kJ/mol)
          Angle    Proper Dih.  Improper Dih.          LJ-14     Coulomb-14
    1.18130e+03    1.06605e+03    4.77517e+01    3.79265e+02    4.57641e+03
        LJ (SR)   Coulomb (SR)   COM Pull En.      Potential    Kinetic En.
    4.22057e+03   -5.05268e+04    1.78719e+03   -3.72683e+04    7.02776e+03
   Total Energy  Conserved En.    Temperature Pressure (bar)   Constr. rmsd
   -3.02405e+04    2.63659e+05    3.02359e+02    1.67775e+00    1.05740e-04

           Step           Time
         315000      630.00000

   Energies (kJ/mol)
          Angle    Proper Dih.  Improper Dih.          LJ-14     Coulomb-14
    1.15829e+03    1.02806e+03    6.39885e+01    3.97118e+02    4.60464e+03
        LJ (SR)   Coulomb (SR)   COM Pull En.      Potential    Kinetic En.
    4.30697e+03   -5.02640e+04    1.97725e+03   -3.67277e+04    7.01185e+03
   Total Energy  Conserved En.    Temperature Pressure (bar)   Constr. rmsd
   -2.97159e+04    2.68471e+05    3.01675e+02    3.50122e+00    1.05214e-04

           Step           Time
         320000      640.00000

   Energies (kJ/mol)
          Angle    Proper Dih.  Improper Dih.          LJ-14     Coulomb-14
    1.17928e+03    1.02954e+03    5.20289e+01    3.62429e+02    4.56466e+03
        LJ (SR)   Coulomb (SR)   COM Pull En.      Potential    Kinetic En.
    4.43362e+03   -5.04890e+04    2.11079e+03   -3.67566e+04    6.66035e+03
   Total Energy  Conserved En.    Temperature Pressure (bar)   Constr. rmsd
   -3.00963e+04    2.73399e+05    2.86552e+02   -2.38018e+00    1.20019e-04

           Step           Time
         325000      650.00000

   Energies (kJ/mol)
          Angle    Proper Dih.  Improper Dih.          LJ-14     Coulomb-14
    1.23445e+03    1.08732e+03    4.90077e+01    3.65307e+02    4.56129e+03
        LJ (SR)   Coulomb (SR)   COM Pull En.      Potential    Kinetic En.
    4.29404e+03   -5.01322e+04    2.24450e+03   -3.62963e+04    7.16899e+03
   Total Energy  Conserved En.    Temperature Pressure (bar)   Constr. rmsd
   -2.91273e+04    2.78304e+05    3.08435e+02   -8.65374e+00    1.16209e-04

           Step           Time
         330000      660.00000

   Energies (kJ/mol)
          Angle    Proper Dih.  Improper Dih.          LJ-14     Coulomb-14
    1.21214e+03    1.09153e+03    6.14820e+01    3.60997e+02    4.53529e+03
        LJ (SR)   Coulomb (SR)   COM Pull En.      Potential    Kinetic En.
    4.35268e+03   -5.03882e+04    2.43854e+03   -3.63355e+04    7.18977e+03
   Total Energy  Conserved En.    Temperature Pressure (bar)   Constr. rmsd
   -2.91458e+04    2.83021e+05    3.09329e+02    2.41286e+00    1.16521e-04

           Step           Time
         335000      670.00000

   Energies (kJ/mol)
          Angle    Proper Dih.  Improper Dih.          LJ-14     Coulomb-14
    1.29102e+03    1.12275e+03    6.36444e+01    3.68759e+02    4.52952e+03
        LJ (SR)   Coulomb (SR)   COM Pull En.      Potential    Kinetic En.
    4.18167e+03   -4.99717e+04    2.50516e+03   -3.59091e+04    7.16792e+03
   Total Energy  Conserved En.    Temperature Pressure (bar)   Constr. rmsd
   -2.87412e+04    2.87744e+05    3.08389e+02   -1.50074e+01    1.37502e-04

           Step           Time
         340000      680.00000

   Energies (kJ/mol)
          Angle    Proper Dih.  Improper Dih.          LJ-14     Coulomb-14
    1.32933e+03    1.10652e+03    5.94941e+01    3.72665e+02    4.57088e+03
        LJ (SR)   Coulomb (SR)   COM Pull En.      Potential    Kinetic En.
    4.10544e+03   -4.95413e+04    2.71973e+03   -3.52772e+04    7.41031e+03
   Total Energy  Conserved En.    Temperature Pressure (bar)   Constr. rmsd
   -2.78669e+04    2.92723e+05    3.18818e+02   -1.48903e+00    1.36413e-04

           Step           Time
         345000      690.00000

   Energies (kJ/mol)
          Angle    Proper Dih.  Improper Dih.          LJ-14     Coulomb-14
    1.24069e+03    1.05530e+03    6.82653e+01    3.76474e+02    4.56937e+03
        LJ (SR)   Coulomb (SR)   COM Pull En.      Potential    Kinetic En.
    4.24991e+03   -4.96441e+04    2.90624e+03   -3.51778e+04    7.06364e+03
   Total Energy  Conserved En.    Temperature Pressure (bar)   Constr. rmsd
   -2.81142e+04    2.97909e+05    3.03903e+02    4.43483e+00    1.34728e-04

           Step           Time
         350000      700.00000

   Energies (kJ/mol)
          Angle    Proper Dih.  Improper Dih.          LJ-14     Coulomb-14
    1.23028e+03    1.05972e+03    5.99716e+01    3.83360e+02    4.56234e+03
        LJ (SR)   Coulomb (SR)   COM Pull En.      Potential    Kinetic En.
    4.58085e+03   -5.02425e+04    3.17630e+03   -3.51897e+04    7.11922e+03
   Total Energy  Conserved En.    Temperature Pressure (bar)   Constr. rmsd
   -2.80705e+04    3.02819e+05    3.06294e+02    1.88960e+00    1.12795e-04

           Step           Time
         355000      710.00000

   Energies (kJ/mol)
          Angle    Proper Dih.  Improper Dih.          LJ-14     Coulomb-14
    1.25867e+03    9.72648e+02    4.78588e+01    3.82066e+02    4.53939e+03
        LJ (SR)   Coulomb (SR)   COM Pull En.      Potential    Kinetic En.
    4.52544e+03   -5.00734e+04    3.32233e+03   -3.50250e+04    7.10171e+03
   Total Energy  Conserved En.    Temperature Pressure (bar)   Constr. rmsd
   -2.79233e+04    3.07460e+05    3.05541e+02   -2.90291e+00    1.33336e-04

           Step           Time
         360000      720.00000

   Energies (kJ/mol)
          Angle    Proper Dih.  Improper Dih.          LJ-14     Coulomb-14
    1.30015e+03    9.71669e+02    4.51947e+01    3.79946e+02    4.50996e+03
        LJ (SR)   Coulomb (SR)   COM Pull En.      Potential    Kinetic En.
    4.21589e+03   -5.00771e+04    3.48251e+03   -3.51717e+04    7.08341e+03
   Total Energy  Conserved En.    Temperature Pressure (bar)   Constr. rmsd
   -2.80883e+04    3.12460e+05    3.04754e+02   -5.87987e+00    1.53550e-04

           Step           Time
         365000      730.00000

   Energies (kJ/mol)
          Angle    Proper Dih.  Improper Dih.          LJ-14     Coulomb-14
    1.33662e+03    9.71721e+02    6.44323e+01    3.77376e+02    4.52525e+03
        LJ (SR)   Coulomb (SR)   COM Pull En.      Potential    Kinetic En.
    4.27557e+03   -5.01201e+04    3.76282e+03   -3.48063e+04    7.17421e+03
   Total Energy  Conserved En.    Temperature Pressure (bar)   Constr. rmsd
   -2.76321e+04    3.17404e+05    3.08660e+02   -2.39569e+00    1.51301e-04

           Step           Time
         370000      740.00000

   Energies (kJ/mol)
          Angle    Proper Dih.  Improper Dih.          LJ-14     Coulomb-14
    1.46324e+03    1.00181e+03    4.44032e+01    3.76937e+02    4.52243e+03
        LJ (SR)   Coulomb (SR)   COM Pull En.      Potential    Kinetic En.
    4.29552e+03   -5.02986e+04    3.92995e+03   -3.46643e+04    7.03015e+03
   Total Energy  Conserved En.    Temperature Pressure (bar)   Constr. rmsd
   -2.76341e+04    3.22599e+05    3.02462e+02    7.26368e-02    1.68058e-04

Writing checkpoint, step 372960 at Fri May 12 09:43:39 2023


           Step           Time
         375000      750.00000

   Energies (kJ/mol)
          Angle    Proper Dih.  Improper Dih.          LJ-14     Coulomb-14
    1.31016e+03    9.87565e+02    5.40570e+01    3.83337e+02    4.53744e+03
        LJ (SR)   Coulomb (SR)   COM Pull En.      Potential    Kinetic En.
    4.57879e+03   -5.04835e+04    4.22004e+03   -3.44121e+04    6.98035e+03
   Total Energy  Conserved En.    Temperature Pressure (bar)   Constr. rmsd
   -2.74317e+04    3.27736e+05    3.00320e+02    2.36576e+00    1.46710e-04

           Step           Time
         380000      760.00000

   Energies (kJ/mol)
          Angle    Proper Dih.  Improper Dih.          LJ-14     Coulomb-14
    1.51628e+03    9.79254e+02    5.38707e+01    3.68246e+02    4.46867e+03
        LJ (SR)   Coulomb (SR)   COM Pull En.      Potential    Kinetic En.
    4.23216e+03   -4.96103e+04    4.45415e+03   -3.35377e+04    7.23267e+03
   Total Energy  Conserved En.    Temperature Pressure (bar)   Constr. rmsd
   -2.63050e+04    3.32863e+05    3.11175e+02   -6.52921e-01    1.66124e-04

           Step           Time
         385000      770.00000

   Energies (kJ/mol)
          Angle    Proper Dih.  Improper Dih.          LJ-14     Coulomb-14
    1.46620e+03    9.51253e+02    3.83682e+01    3.61674e+02    4.47869e+03
        LJ (SR)   Coulomb (SR)   COM Pull En.      Potential    Kinetic En.
    4.16260e+03   -5.01072e+04    4.74717e+03   -3.39012e+04    7.04449e+03
   Total Energy  Conserved En.    Temperature Pressure (bar)   Constr. rmsd
   -2.68568e+04    3.37714e+05    3.03079e+02   -5.87469e+00    1.68734e-04

           Step           Time
         390000      780.00000

   Energies (kJ/mol)
          Angle    Proper Dih.  Improper Dih.          LJ-14     Coulomb-14
    1.47180e+03    9.51494e+02    4.82985e+01    3.67459e+02    4.47734e+03
        LJ (SR)   Coulomb (SR)   COM Pull En.      Potential    Kinetic En.
    4.31555e+03   -5.03239e+04    5.03184e+03   -3.36601e+04    6.96389e+03
   Total Energy  Conserved En.    Temperature Pressure (bar)   Constr. rmsd
   -2.66962e+04    3.42895e+05    2.99611e+02    1.17572e+01    1.71311e-04

           Step           Time
         395000      790.00000

   Energies (kJ/mol)
          Angle    Proper Dih.  Improper Dih.          LJ-14     Coulomb-14
    1.43726e+03    9.79032e+02    4.94417e+01    3.63279e+02    4.49833e+03
        LJ (SR)   Coulomb (SR)   COM Pull En.      Potential    Kinetic En.
    4.43864e+03   -5.03725e+04    5.28727e+03   -3.33193e+04    6.81350e+03
   Total Energy  Conserved En.    Temperature Pressure (bar)   Constr. rmsd
   -2.65058e+04    3.47900e+05    2.93141e+02    6.28633e-01    1.71371e-04

           Step           Time
         400000      800.00000

   Energies (kJ/mol)
          Angle    Proper Dih.  Improper Dih.          LJ-14     Coulomb-14
    1.57181e+03    9.87837e+02    5.42177e+01    3.72980e+02    4.50101e+03
        LJ (SR)   Coulomb (SR)   COM Pull En.      Potential    Kinetic En.
    4.46440e+03   -4.98264e+04    5.41511e+03   -3.24590e+04    7.13333e+03
   Total Energy  Conserved En.    Temperature Pressure (bar)   Constr. rmsd
   -2.53257e+04    3.52974e+05    3.06901e+02   -5.82067e+00    1.91003e-04

           Step           Time
         405000      810.00000

   Energies (kJ/mol)
          Angle    Proper Dih.  Improper Dih.          LJ-14     Coulomb-14
    1.53788e+03    9.81528e+02    4.09498e+01    3.75221e+02    4.47296e+03
        LJ (SR)   Coulomb (SR)   COM Pull En.      Potential    Kinetic En.
    4.11022e+03   -4.96554e+04    5.77874e+03   -3.23579e+04    7.26235e+03
   Total Energy  Conserved En.    Temperature Pressure (bar)   Constr. rmsd
   -2.50955e+04    3.58043e+05    3.12452e+02    1.57365e+00    2.08920e-04

           Step           Time
         410000      820.00000

   Energies (kJ/mol)
          Angle    Proper Dih.  Improper Dih.          LJ-14     Coulomb-14
    1.68422e+03    1.00873e+03    5.11395e+01    3.55658e+02    4.41675e+03
        LJ (SR)   Coulomb (SR)   COM Pull En.      Potential    Kinetic En.
    4.53418e+03   -5.00743e+04    5.98038e+03   -3.20432e+04    6.87559e+03
   Total Energy  Conserved En.    Temperature Pressure (bar)   Constr. rmsd
   -2.51676e+04    3.63175e+05    2.95812e+02   -4.44300e+00    2.05201e-04

           Step           Time
         415000      830.00000

   Energies (kJ/mol)
          Angle    Proper Dih.  Improper Dih.          LJ-14     Coulomb-14
    1.56975e+03    1.00274e+03    6.21852e+01    3.50005e+02    4.52478e+03
        LJ (SR)   Coulomb (SR)   COM Pull En.      Potential    Kinetic En.
    4.21840e+03   -4.96521e+04    6.41112e+03   -3.15131e+04    7.24432e+03
   Total Energy  Conserved En.    Temperature Pressure (bar)   Constr. rmsd
   -2.42688e+04    3.68311e+05    3.11676e+02   -5.10915e+00    2.12480e-04

           Step           Time
         420000      840.00000

   Energies (kJ/mol)
          Angle    Proper Dih.  Improper Dih.          LJ-14     Coulomb-14
    1.69964e+03    9.56509e+02    4.73105e+01    3.40342e+02    4.45931e+03
        LJ (SR)   Coulomb (SR)   COM Pull En.      Potential    Kinetic En.
    4.39358e+03   -5.03169e+04    6.67772e+03   -3.17425e+04    6.93667e+03
   Total Energy  Conserved En.    Temperature Pressure (bar)   Constr. rmsd
   -2.48058e+04    3.73418e+05    2.98440e+02   -3.19637e+00    2.17960e-04

           Step           Time
         425000      850.00000

   Energies (kJ/mol)
          Angle    Proper Dih.  Improper Dih.          LJ-14     Coulomb-14
    1.44678e+03    9.74036e+02    4.05342e+01    3.68575e+02    4.45343e+03
        LJ (SR)   Coulomb (SR)   COM Pull En.      Potential    Kinetic En.
    4.56426e+03   -5.02948e+04    7.06572e+03   -3.13815e+04    6.96140e+03
   Total Energy  Conserved En.    Temperature Pressure (bar)   Constr. rmsd
   -2.44201e+04    3.78287e+05    2.99504e+02    6.06396e+00    1.95923e-04

           Step           Time
         430000      860.00000

   Energies (kJ/mol)
          Angle    Proper Dih.  Improper Dih.          LJ-14     Coulomb-14
    1.62700e+03    9.37874e+02    4.81051e+01    3.68738e+02    4.49151e+03
        LJ (SR)   Coulomb (SR)   COM Pull En.      Potential    Kinetic En.
    4.24621e+03   -5.02856e+04    7.34754e+03   -3.12186e+04    7.02015e+03
   Total Energy  Conserved En.    Temperature Pressure (bar)   Constr. rmsd
   -2.41985e+04    3.83557e+05    3.02032e+02    1.26082e+01    2.05530e-04

           Step           Time
         435000      870.00000

   Energies (kJ/mol)
          Angle    Proper Dih.  Improper Dih.          LJ-14     Coulomb-14
    1.67715e+03    9.30279e+02    4.24769e+01    3.89015e+02    4.46206e+03
        LJ (SR)   Coulomb (SR)   COM Pull En.      Potential    Kinetic En.
    4.41631e+03   -5.02057e+04    7.81317e+03   -3.04752e+04    7.27323e+03
   Total Energy  Conserved En.    Temperature Pressure (bar)   Constr. rmsd
   -2.32020e+04    3.88779e+05    3.12920e+02   -7.69209e+00    2.01831e-04

           Step           Time
         440000      880.00000

   Energies (kJ/mol)
          Angle    Proper Dih.  Improper Dih.          LJ-14     Coulomb-14
    1.69848e+03    9.16193e+02    3.59176e+01    3.65729e+02    4.48575e+03
        LJ (SR)   Coulomb (SR)   COM Pull En.      Potential    Kinetic En.
    4.38508e+03   -5.00860e+04    8.13811e+03   -3.00607e+04    6.94013e+03
   Total Energy  Conserved En.    Temperature Pressure (bar)   Constr. rmsd
   -2.31206e+04    3.93875e+05    2.98589e+02    4.60378e+00    2.10881e-04

           Step           Time
         445000      890.00000

   Energies (kJ/mol)
          Angle    Proper Dih.  Improper Dih.          LJ-14     Coulomb-14
    1.72609e+03    9.18095e+02    4.02049e+01    3.75512e+02    4.47968e+03
        LJ (SR)   Coulomb (SR)   COM Pull En.      Potential    Kinetic En.
    4.48311e+03   -5.05147e+04    8.39784e+03   -3.00942e+04    7.02548e+03
   Total Energy  Conserved En.    Temperature Pressure (bar)   Constr. rmsd
   -2.30687e+04    3.99097e+05    3.02261e+02    6.17933e+00    2.39442e-04

           Step           Time
         450000      900.00000

   Energies (kJ/mol)
          Angle    Proper Dih.  Improper Dih.          LJ-14     Coulomb-14
    1.78627e+03    9.70362e+02    3.80627e+01    3.28165e+02    4.48640e+03
        LJ (SR)   Coulomb (SR)   COM Pull En.      Potential    Kinetic En.
    4.31735e+03   -5.00824e+04    8.91439e+03   -2.92414e+04    7.06175e+03
   Total Energy  Conserved En.    Temperature Pressure (bar)   Constr. rmsd
   -2.21797e+04    4.04346e+05    3.03822e+02   -2.89138e+00    2.40405e-04

Group rest with mass  1.73523e+04, Ekrot  1.58167e+00 Det(I) =  2.09142e+12
  COM:     14.91107      14.99090       6.97105
  P:       11.08118       6.99970     -12.21581
  V:        0.00064       0.00040      -0.00070
  J:     -366.29971       4.64050    -245.43372
  w:       -0.00596       0.00047      -0.00399
Inertia tensor (3x3):
   Inertia tensor[    0]={ 5.99750e+03, -1.90000e+02, -4.21125e+02}
   Inertia tensor[    1]={-1.90000e+02,  5.48550e+04, -6.37500e+00}
   Inertia tensor[    2]={-4.21125e+02, -6.37500e+00,  6.38731e+03}
           Step           Time
         455000      910.00000

   Energies (kJ/mol)
          Angle    Proper Dih.  Improper Dih.          LJ-14     Coulomb-14
    1.73606e+03    9.60784e+02    3.05853e+01    3.44889e+02    4.51946e+03
        LJ (SR)   Coulomb (SR)   COM Pull En.      Potential    Kinetic En.
    4.40868e+03   -4.99667e+04    9.19117e+03   -2.87751e+04    7.10299e+03
   Total Energy  Conserved En.    Temperature Pressure (bar)   Constr. rmsd
   -2.16721e+04    4.09658e+05    3.05596e+02   -6.65603e+00    2.58239e-04

           Step           Time
         460000      920.00000

   Energies (kJ/mol)
          Angle    Proper Dih.  Improper Dih.          LJ-14     Coulomb-14
    1.89855e+03    9.78686e+02    4.27393e+01    3.44165e+02    4.47255e+03
        LJ (SR)   Coulomb (SR)   COM Pull En.      Potential    Kinetic En.
    4.45182e+03   -5.03402e+04    9.58018e+03   -2.85715e+04    6.65147e+03
   Total Energy  Conserved En.    Temperature Pressure (bar)   Constr. rmsd
   -2.19200e+04    4.14931e+05    2.86170e+02   -1.92402e+01    2.75558e-04

           Step           Time
         465000      930.00000

   Energies (kJ/mol)
          Angle    Proper Dih.  Improper Dih.          LJ-14     Coulomb-14
    1.72995e+03    1.00279e+03    4.28516e+01    3.68324e+02    4.52064e+03
        LJ (SR)   Coulomb (SR)   COM Pull En.      Potential    Kinetic En.
    4.30860e+03   -5.03011e+04    1.00488e+04   -2.82791e+04    7.01856e+03
   Total Energy  Conserved En.    Temperature Pressure (bar)   Constr. rmsd
   -2.12606e+04    4.20271e+05    3.01963e+02    1.13959e+01    2.44716e-04

           Step           Time
         470000      940.00000

   Energies (kJ/mol)
          Angle    Proper Dih.  Improper Dih.          LJ-14     Coulomb-14
    1.92564e+03    9.56691e+02    3.87229e+01    3.50998e+02    4.38445e+03
        LJ (SR)   Coulomb (SR)   COM Pull En.      Potential    Kinetic En.
    4.58108e+03   -4.96812e+04    1.03816e+04   -2.70621e+04    7.14412e+03
   Total Energy  Conserved En.    Temperature Pressure (bar)   Constr. rmsd
   -1.99179e+04    4.25582e+05    3.07365e+02   -5.53819e-02    2.82504e-04

           Step           Time
         475000      950.00000

   Energies (kJ/mol)
          Angle    Proper Dih.  Improper Dih.          LJ-14     Coulomb-14
    1.91378e+03    1.00269e+03    4.33760e+01    3.69549e+02    4.35195e+03
        LJ (SR)   Coulomb (SR)   COM Pull En.      Potential    Kinetic En.
    4.61034e+03   -5.02494e+04    1.08953e+04   -2.70625e+04    7.13703e+03
   Total Energy  Conserved En.    Temperature Pressure (bar)   Constr. rmsd
   -1.99254e+04    4.30765e+05    3.07060e+02   -2.78310e+00    2.63256e-04

Group rest with mass  1.73523e+04, Ekrot  1.57777e+00 Det(I) =  2.09345e+12
  COM:     14.91066      14.99208       6.97203
  P:       -2.45233       5.28022       0.49184
  V:       -0.00014       0.00030       0.00003
  J:      422.89938       0.31586     117.99955
  w:        0.00692      -0.00011       0.00195
Inertia tensor (3x3):
   Inertia tensor[    0]={ 6.18550e+03, -2.34250e+02,  2.37500e+02}
   Inertia tensor[    1]={-2.34250e+02,  5.50555e+04, -2.52500e+01}
   Inertia tensor[    2]={ 2.37500e+02, -2.52500e+01,  6.15744e+03}
           Step           Time
         480000      960.00000

   Energies (kJ/mol)
          Angle    Proper Dih.  Improper Dih.          LJ-14     Coulomb-14
    1.90648e+03    9.27323e+02    3.52160e+01    3.69388e+02    4.42412e+03
        LJ (SR)   Coulomb (SR)   COM Pull En.      Potential    Kinetic En.
    4.56544e+03   -5.03653e+04    1.13214e+04   -2.68159e+04    7.17321e+03
   Total Energy  Conserved En.    Temperature Pressure (bar)   Constr. rmsd
   -1.96427e+04    4.35904e+05    3.08617e+02   -1.89523e+00    2.72179e-04

           Step           Time
         485000      970.00000

   Energies (kJ/mol)
          Angle    Proper Dih.  Improper Dih.          LJ-14     Coulomb-14
    1.93016e+03    9.30215e+02    3.24816e+01    3.65402e+02    4.42550e+03
        LJ (SR)   Coulomb (SR)   COM Pull En.      Potential    Kinetic En.
    4.43383e+03   -5.03602e+04    1.17955e+04   -2.64471e+04    7.05725e+03
   Total Energy  Conserved En.    Temperature Pressure (bar)   Constr. rmsd
   -1.93899e+04    4.41205e+05    3.03628e+02    4.16444e+00    2.77227e-04

           Step           Time
         490000      980.00000

   Energies (kJ/mol)
          Angle    Proper Dih.  Improper Dih.          LJ-14     Coulomb-14
    2.02195e+03    9.17974e+02    3.41937e+01    3.49725e+02    4.38764e+03
        LJ (SR)   Coulomb (SR)   COM Pull En.      Potential    Kinetic En.
    4.31424e+03   -5.01736e+04    1.21803e+04   -2.59676e+04    7.02054e+03
   Total Energy  Conserved En.    Temperature Pressure (bar)   Constr. rmsd
   -1.89470e+04    4.46483e+05    3.02048e+02   -7.91718e+00    3.05657e-04

           Step           Time
         495000      990.00000

Group rest with mass  1.73523e+04, Ekrot  1.12697e+00 Det(I) =  2.22304e+12
  COM:     14.90948      14.99185       6.97405
  P:        6.16033       2.28768       2.58696
  V:        0.00036       0.00013       0.00015
  J:      -40.07107       1.01955    -369.64011
  w:       -0.00068       0.00038      -0.00602
Inertia tensor (3x3):
   Inertia tensor[    0]={ 6.23925e+03, -6.22750e+02,  2.32750e+02}
   Inertia tensor[    1]={-6.22750e+02,  5.51910e+04, -5.63375e+02}
   Inertia tensor[    2]={ 2.32750e+02, -5.63375e+02,  6.47700e+03}
   Energies (kJ/mol)
          Angle    Proper Dih.  Improper Dih.          LJ-14     Coulomb-14
    1.93247e+03    9.06103e+02    4.00013e+01    3.51812e+02    4.42273e+03
        LJ (SR)   Coulomb (SR)   COM Pull En.      Potential    Kinetic En.
    4.47172e+03   -5.01882e+04    1.28087e+04   -2.52547e+04    6.84582e+03
   Total Energy  Conserved En.    Temperature Pressure (bar)   Constr. rmsd
   -1.84089e+04    4.51903e+05    2.94531e+02   -1.77762e+00    2.75691e-04

           Step           Time
         500000     1000.00000

Writing checkpoint, step 500000 at Fri May 12 09:53:25 2023


   Energies (kJ/mol)
          Angle    Proper Dih.  Improper Dih.          LJ-14     Coulomb-14
    2.18910e+03    9.41402e+02    3.47792e+01    3.47979e+02    4.36678e+03
        LJ (SR)   Coulomb (SR)   COM Pull En.      Potential    Kinetic En.
    4.27624e+03   -4.99030e+04    1.31347e+04   -2.46120e+04    7.05274e+03
   Total Energy  Conserved En.    Temperature Pressure (bar)   Constr. rmsd
   -1.75593e+04    4.57492e+05    3.03434e+02   -1.27655e+00    3.08863e-04


	<======  ###############  ==>
	<====  A V E R A G E S  ====>
	<==  ###############  ======>

	Statistics over 500001 steps using 1001 frames

   Energies (kJ/mol)
          Angle    Proper Dih.  Improper Dih.          LJ-14     Coulomb-14
    1.15666e+03    9.90641e+02    4.99645e+01    3.85694e+02    4.65928e+03
        LJ (SR)   Coulomb (SR)   COM Pull En.      Potential    Kinetic En.
    4.21895e+03   -5.04612e+04    2.73951e+03   -3.62605e+04    7.02039e+03
   Total Energy  Conserved En.    Temperature Pressure (bar)   Constr. rmsd
   -2.92401e+04    2.05897e+05    3.02042e+02    4.26324e-01    0.00000e+00

   Total Virial (kJ/mol)
    2.34671e+03   -3.27732e+01    5.54835e+01
   -3.07979e+01    2.11514e+03   -9.90759e+00
    5.48963e+01   -1.14764e+01    2.34238e+03

   Pressure (bar)
    1.84093e-01    1.30002e-01   -3.50215e-01
    1.18314e-01    8.85848e-01    8.17731e-02
   -3.46741e-01    9.10556e-02    2.09030e-01

        T-Water    T-non-Water
    3.02351e+02    3.00198e+02


	M E G A - F L O P S   A C C O U N T I N G

 NB=Group-cutoff nonbonded kernels    NxN=N-by-N cluster Verlet kernels
 RF=Reaction-Field  VdW=Van der Waals  QSTab=quadratic-spline table
 W3=SPC/TIP3p  W4=TIP4p (single or pairs)
 V&F=Potential and force  V=Potential only  F=Force only

 Computing:                               M-Number         M-Flops  % Flops
-----------------------------------------------------------------------------
 Pair Search distance check            3583.413610       32250.722     0.1
 NxN RF Elec. + LJ [F]               733771.940176    27883333.727    66.1
 NxN RF Elec. + LJ [V&F]               1471.991912       79487.563     0.2
 NxN RF Electrostatics [F]           442821.045680    13727452.416    32.5
 NxN RF Electrostatics [V&F]            888.567048       31988.414     0.1
 1,4 nonbonded interactions             535.001070       48150.096     0.1
 Shift-X                                 35.027802         210.167     0.0
 Angles                                 372.500745       62580.125     0.1
 Propers                                560.001120      128240.256     0.3
 Impropers                               42.500085        8840.018     0.0
 Virial                                   2.849847          51.297     0.0
 Stop-CM                                  2.807604          28.076     0.0
 Calc-Ekin                              280.205604        7565.551     0.0
 Lincs                                  206.001236       12360.074     0.0
 Lincs-Mat                             4470.026820       17880.107     0.0
 Constraint-V                          1610.506442       12884.052     0.0
 Constraint-Vir                           2.811809          67.483     0.0
 Settle                                 399.502397      129039.274     0.3
-----------------------------------------------------------------------------
 Total                                                42182409.420   100.0
-----------------------------------------------------------------------------


     R E A L   C Y C L E   A N D   T I M E   A C C O U N T I N G

On 1 MPI rank, each using 2 OpenMP threads

 Computing:          Num   Num      Call    Wall time         Giga-Cycles
                     Ranks Threads  Count      (s)         total sum    %
-----------------------------------------------------------------------------
 Neighbor search        1    2      12501      43.994        193.558   1.8
 Force                  1    2     500001    1967.717       8657.301  82.5
 NB X/F buffer ops.     1    2     987501      95.415        419.796   4.0
 COM pull force         1    2     500001       5.423         23.860   0.2
 Write traj.            1    2       1003       1.213          5.336   0.1
 Update                 1    2     500001      51.471        226.453   2.2
 Constraints            1    2     500003     205.042        902.118   8.6
 Rest                                          15.694         69.048   0.7
-----------------------------------------------------------------------------
 Total                                       2385.969      10497.471 100.0
-----------------------------------------------------------------------------

               Core t (s)   Wall t (s)        (%)
       Time:     4771.938     2385.969      200.0
                         39:45
                 (ns/day)    (hour/ns)
Performance:       36.212        0.663
Finished mdrun on rank 0 Fri May 12 09:53:25 2023

