              :-) GROMACS - gmx mdrun, 2020.1-Ubuntu-2020.1-1 (-:

                            GROMACS is written by:
     Emile Apol      Rossen Apostolov      Paul Bauer     Herman J.C. Berendsen
    Par Bjelkmar      Christian Blau   Viacheslav Bolnykh     Kevin Boyd    
 Aldert van Buuren   Rudi van Drunen     Anton Feenstra       Alan Gray     
  Gerrit Groenhof     Anca Hamuraru    Vincent Hindriksen  M. Eric Irrgang  
  Aleksei Iupinov   Christoph Junghans     Joe Jordan     Dimitrios Karkoulis
    Peter Kasson        Jiri Kraus      Carsten Kutzner      Per Larsson    
  Justin A. Lemkul    Viveca Lindahl    Magnus Lundborg     Erik Marklund   
    Pascal Merz     Pieter Meulenhoff    Teemu Murtola       Szilard Pall   
    Sander Pronk      Roland Schulz      Michael Shirts    Alexey Shvetsov  
   Alfons Sijbers     Peter Tieleman      Jon Vincent      Teemu Virolainen 
 Christian Wennberg    Maarten Wolf      Artem Zhmurov   
                           and the project leaders:
        Mark Abraham, Berk Hess, Erik Lindahl, and David van der Spoel

Copyright (c) 1991-2000, University of Groningen, The Netherlands.
Copyright (c) 2001-2019, The GROMACS development team at
Uppsala University, Stockholm University and
the Royal Institute of Technology, Sweden.
check out http://www.gromacs.org for more information.

GROMACS is free software; you can redistribute it and/or modify it
under the terms of the GNU Lesser General Public License
as published by the Free Software Foundation; either version 2.1
of the License, or (at your option) any later version.

GROMACS:      gmx mdrun, version 2020.1-Ubuntu-2020.1-1
Executable:   /usr/bin/gmx
Data prefix:  /usr
Working dir:  /content
Process ID:   11728
Command line:
  gmx mdrun -s /content/sandrozzona-multiscala/tat_4_vuoto/Steered/Equilibrazione/tat_4_equili_smd.tpr -v -deffnm /content/sandrozzona-multiscala/tat_4_vuoto/Steered/Equilibrazione/equilibri_smd

GROMACS version:    2020.1-Ubuntu-2020.1-1
Precision:          single
Memory model:       64 bit
MPI library:        thread_mpi
OpenMP support:     enabled (GMX_OPENMP_MAX_THREADS = 64)
GPU support:        disabled
SIMD instructions:  SSE2
FFT library:        fftw-3.3.8-sse2-avx
RDTSCP usage:       disabled
TNG support:        enabled
Hwloc support:      hwloc-2.1.0
Tracing support:    disabled
C compiler:         /usr/bin/cc GNU 9.3.0
C compiler flags:   -msse2 -fexcess-precision=fast -funroll-all-loops
C++ compiler:       /usr/bin/c++ GNU 9.3.0
C++ compiler flags: -msse2 -fexcess-precision=fast -funroll-all-loops -fopenmp


Running on 1 node with total 1 cores, 2 logical cores
Hardware detected:
  CPU info:
    Vendor: Intel
    Brand:  Intel(R) Xeon(R) CPU @ 2.20GHz
    Family: 6   Model: 79   Stepping: 0
    Features: aes apic avx avx2 clfsh cmov cx8 cx16 f16c fma hle htt intel lahf mmx msr nonstop_tsc pcid pclmuldq pdpe1gb popcnt pse rdrnd rdtscp rtm sse2 sse3 sse4.1 sse4.2 ssse3 x2apic
  Hardware topology: Full, with devices
    Sockets, cores, and logical processors:
      Socket  0: [   0   1]
    Numa nodes:
      Node  0 (13616324608 bytes mem):   0   1
      Latency:
               0
         0  1.00
    Caches:
      L1: 32768 bytes, linesize 64 bytes, assoc. 8, shared 2 ways
      L2: 262144 bytes, linesize 64 bytes, assoc. 8, shared 2 ways
      L3: 57671680 bytes, linesize 64 bytes, assoc. 20, shared 2 ways
    PCI devices:
      0000:00:04.0  Id: 1af4:1000  Class: 0x0200  Numa: 0

Highest SIMD level requested by all nodes in run: AVX2_256
SIMD instructions selected at compile time:       SSE2
This program was compiled for different hardware than you are running on,
which could influence performance.
The current CPU can measure timings more accurately than the code in
gmx mdrun was configured to use. This might affect your simulation
speed as accurate timings are needed for load-balancing.
Please consider rebuilding gmx mdrun with the GMX_USE_RDTSCP=ON CMake option.

++++ PLEASE READ AND CITE THE FOLLOWING REFERENCE ++++
M. J. Abraham, T. Murtola, R. Schulz, S. Páll, J. C. Smith, B. Hess, E.
Lindahl
GROMACS: High performance molecular simulations through multi-level
parallelism from laptops to supercomputers
SoftwareX 1 (2015) pp. 19-25
-------- -------- --- Thank You --- -------- --------


++++ PLEASE READ AND CITE THE FOLLOWING REFERENCE ++++
S. Páll, M. J. Abraham, C. Kutzner, B. Hess, E. Lindahl
Tackling Exascale Software Challenges in Molecular Dynamics Simulations with
GROMACS
In S. Markidis & E. Laure (Eds.), Solving Software Challenges for Exascale 8759 (2015) pp. 3-27
-------- -------- --- Thank You --- -------- --------


++++ PLEASE READ AND CITE THE FOLLOWING REFERENCE ++++
S. Pronk, S. Páll, R. Schulz, P. Larsson, P. Bjelkmar, R. Apostolov, M. R.
Shirts, J. C. Smith, P. M. Kasson, D. van der Spoel, B. Hess, and E. Lindahl
GROMACS 4.5: a high-throughput and highly parallel open source molecular
simulation toolkit
Bioinformatics 29 (2013) pp. 845-54
-------- -------- --- Thank You --- -------- --------


++++ PLEASE READ AND CITE THE FOLLOWING REFERENCE ++++
B. Hess and C. Kutzner and D. van der Spoel and E. Lindahl
GROMACS 4: Algorithms for highly efficient, load-balanced, and scalable
molecular simulation
J. Chem. Theory Comput. 4 (2008) pp. 435-447
-------- -------- --- Thank You --- -------- --------


++++ PLEASE READ AND CITE THE FOLLOWING REFERENCE ++++
D. van der Spoel, E. Lindahl, B. Hess, G. Groenhof, A. E. Mark and H. J. C.
Berendsen
GROMACS: Fast, Flexible and Free
J. Comp. Chem. 26 (2005) pp. 1701-1719
-------- -------- --- Thank You --- -------- --------


++++ PLEASE READ AND CITE THE FOLLOWING REFERENCE ++++
E. Lindahl and B. Hess and D. van der Spoel
GROMACS 3.0: A package for molecular simulation and trajectory analysis
J. Mol. Mod. 7 (2001) pp. 306-317
-------- -------- --- Thank You --- -------- --------


++++ PLEASE READ AND CITE THE FOLLOWING REFERENCE ++++
H. J. C. Berendsen, D. van der Spoel and R. van Drunen
GROMACS: A message-passing parallel molecular dynamics implementation
Comp. Phys. Comm. 91 (1995) pp. 43-56
-------- -------- --- Thank You --- -------- --------

Input Parameters:
   integrator                     = md
   tinit                          = 0
   dt                             = 0.002
   nsteps                         = 50000
   init-step                      = 0
   simulation-part                = 1
   comm-mode                      = Angular
   nstcomm                        = 500
   bd-fric                        = 0
   ld-seed                        = -1431624488
   emtol                          = 10
   emstep                         = 0.01
   niter                          = 20
   fcstep                         = 0
   nstcgsteep                     = 1000
   nbfgscorr                      = 10
   rtpi                           = 0.05
   nstxout                        = 500
   nstvout                        = 500
   nstfout                        = 0
   nstlog                         = 5000
   nstcalcenergy                  = 500
   nstenergy                      = 500
   nstxout-compressed             = 0
   compressed-x-precision         = 1000
   cutoff-scheme                  = Verlet
   nstlist                        = 10
   pbc                            = xyz
   periodic-molecules             = false
   verlet-buffer-tolerance        = 0.005
   rlist                          = 1.007
   coulombtype                    = Cut-off
   coulomb-modifier               = Potential-shift
   rcoulomb-switch                = 0
   rcoulomb                       = 1
   epsilon-r                      = 1
   epsilon-rf                     = inf
   vdw-type                       = Cut-off
   vdw-modifier                   = Potential-shift
   rvdw-switch                    = 0
   rvdw                           = 1
   DispCorr                       = No
   table-extension                = 1
   fourierspacing                 = 0.12
   fourier-nx                     = 0
   fourier-ny                     = 0
   fourier-nz                     = 0
   pme-order                      = 4
   ewald-rtol                     = 1e-05
   ewald-rtol-lj                  = 0.001
   lj-pme-comb-rule               = Geometric
   ewald-geometry                 = 0
   epsilon-surface                = 0
   tcoupl                         = Berendsen
   nsttcouple                     = 10
   nh-chain-length                = 0
   print-nose-hoover-chain-variables = false
   pcoupl                         = Berendsen
   pcoupltype                     = Isotropic
   nstpcouple                     = 10
   tau-p                          = 2
   compressibility (3x3):
      compressibility[    0]={ 4.50000e-05,  0.00000e+00,  0.00000e+00}
      compressibility[    1]={ 0.00000e+00,  4.50000e-05,  0.00000e+00}
      compressibility[    2]={ 0.00000e+00,  0.00000e+00,  4.50000e-05}
   ref-p (3x3):
      ref-p[    0]={ 1.00000e+00,  0.00000e+00,  0.00000e+00}
      ref-p[    1]={ 0.00000e+00,  1.00000e+00,  0.00000e+00}
      ref-p[    2]={ 0.00000e+00,  0.00000e+00,  1.00000e+00}
   refcoord-scaling               = COM
   posres-com (3):
      posres-com[0]= 5.00436e-01
      posres-com[1]= 4.99267e-01
      posres-com[2]= 5.00661e-01
   posres-comB (3):
      posres-comB[0]= 5.00436e-01
      posres-comB[1]= 4.99267e-01
      posres-comB[2]= 5.00661e-01
   QMMM                           = false
   QMconstraints                  = 0
   QMMMscheme                     = 0
   MMChargeScaleFactor            = 1
qm-opts:
   ngQM                           = 0
   constraint-algorithm           = Lincs
   continuation                   = false
   Shake-SOR                      = false
   shake-tol                      = 0.0001
   lincs-order                    = 4
   lincs-iter                     = 1
   lincs-warnangle                = 30
   nwall                          = 0
   wall-type                      = 9-3
   wall-r-linpot                  = -1
   wall-atomtype[0]               = -1
   wall-atomtype[1]               = -1
   wall-density[0]                = 0
   wall-density[1]                = 0
   wall-ewald-zfac                = 3
   pull                           = false
   awh                            = false
   rotation                       = false
   interactiveMD                  = false
   disre                          = No
   disre-weighting                = Conservative
   disre-mixed                    = false
   dr-fc                          = 1000
   dr-tau                         = 0
   nstdisreout                    = 100
   orire-fc                       = 0
   orire-tau                      = 0
   nstorireout                    = 100
   free-energy                    = no
   cos-acceleration               = 0
   deform (3x3):
      deform[    0]={ 0.00000e+00,  0.00000e+00,  0.00000e+00}
      deform[    1]={ 0.00000e+00,  0.00000e+00,  0.00000e+00}
      deform[    2]={ 0.00000e+00,  0.00000e+00,  0.00000e+00}
   simulated-tempering            = false
   swapcoords                     = no
   userint1                       = 0
   userint2                       = 0
   userint3                       = 0
   userint4                       = 0
   userreal1                      = 0
   userreal2                      = 0
   userreal3                      = 0
   userreal4                      = 0
   applied-forces:
     electric-field:
       x:
         E0                       = 0
         omega                    = 0
         t0                       = 0
         sigma                    = 0
       y:
         E0                       = 0
         omega                    = 0
         t0                       = 0
         sigma                    = 0
       z:
         E0                       = 0
         omega                    = 0
         t0                       = 0
         sigma                    = 0
     density-guided-simulation:
       active                     = false
       group                      = protein
       similarity-measure         = inner-product
       atom-spreading-weight      = unity
       force-constant             = 1e+09
       gaussian-transform-spreading-width = 0.2
       gaussian-transform-spreading-range-in-multiples-of-width = 4
       reference-density-filename = reference.mrc
       nst                        = 1
       normalize-densities        = true
       adaptive-force-scaling     = false
       adaptive-force-scaling-time-constant = 4
grpopts:
   nrdf:         466
   ref-t:         300
   tau-t:         0.1
annealing:          No
annealing-npoints:           0
   acc:	           0           0           0
   nfreeze:           N           N           N
   energygrp-flags[  0]: 0

Changing nstlist from 10 to 100, rlist from 1.007 to 1.236


Using 1 MPI thread

Non-default thread affinity set, disabling internal thread affinity

Using 2 OpenMP threads 

System total charge: 8.000
Potential shift: LJ r^-12: -1.000e+00 r^-6: -1.000e+00, Coulomb -1e+00
Generated table with 1118 data points for 1-4 COUL.
Tabscale = 500 points/nm
Generated table with 1118 data points for 1-4 LJ6.
Tabscale = 500 points/nm
Generated table with 1118 data points for 1-4 LJ12.
Tabscale = 500 points/nm

Using SIMD 4x4 nonbonded short-range kernels

Using a dual 4x4 pair-list setup updated with dynamic pruning:
  outer list: updated every 100 steps, buffer 0.236 nm, rlist 1.236 nm
  inner list: updated every   6 steps, buffer 0.001 nm, rlist 1.001 nm
At tolerance 0.005 kJ/mol/ps per atom, equivalent classical 1x1 list would be:
  outer list: updated every 100 steps, buffer 0.236 nm, rlist 1.236 nm
  inner list: updated every   6 steps, buffer 0.001 nm, rlist 1.001 nm

Using Lorentz-Berthelot Lennard-Jones combination rule

Removing pbc first time

Initializing LINear Constraint Solver

++++ PLEASE READ AND CITE THE FOLLOWING REFERENCE ++++
B. Hess and H. Bekker and H. J. C. Berendsen and J. G. E. M. Fraaije
LINCS: A Linear Constraint Solver for molecular simulations
J. Comp. Chem. 18 (1997) pp. 1463-1472
-------- -------- --- Thank You --- -------- --------

The number of constraints is 236

++++ PLEASE READ AND CITE THE FOLLOWING REFERENCE ++++
H. J. C. Berendsen, J. P. M. Postma, A. DiNola and J. R. Haak
Molecular dynamics with coupling to an external bath
J. Chem. Phys. 81 (1984) pp. 3684-3690
-------- -------- --- Thank You --- -------- --------

There are: 236 Atoms

Constraining the starting coordinates (step 0)

Constraining the coordinates at t0-dt (step 0)
Center of mass motion removal mode is Angular
We have the following groups for center of mass motion removal:
  0:  rest
RMS relative constraint deviation after constraining: 4.49e-06
Initial temperature: 0.00135622 K

Started mdrun on rank 0 Wed May 10 16:44:43 2023

           Step           Time
              0        0.00000

   Energies (kJ/mol)
          Angle    Proper Dih.  Improper Dih.          LJ-14     Coulomb-14
    1.25251e+02    3.81848e+02    8.27011e+00    1.70342e+02   -3.75656e+03
        LJ (SR)   Coulomb (SR) Position Rest.      Potential    Kinetic En.
   -2.27170e+02   -6.30857e+02    5.36772e-03   -3.92887e+03    1.34650e-01
   Total Energy  Conserved En.    Temperature Pressure (bar)   Constr. rmsd
   -3.92874e+03   -3.92874e+03    6.95050e-02    6.33311e-02    2.57272e-05

Group rest with mass  1.56797e+03, Ekrot  2.13129e+00 Det(I) =  1.75331e+07
  COM:     13.91856      13.90638       6.56254
  P:      -15.34110     -33.82480      24.13992
  V:       -0.00978      -0.02157       0.01540
  J:      -31.23682      45.64999     -11.72836
  w:       -0.04532       0.06040      -0.00764
Inertia tensor (3x3):
   Inertia tensor[    0]={ 2.25938e+02, -1.45938e+01, -6.18438e+01}
   Inertia tensor[    1]={-1.45938e+01,  1.69812e+02,  9.76875e+01}
   Inertia tensor[    2]={-6.18438e+01,  9.76875e+01,  5.28445e+02}
Group rest with mass  1.56797e+03, Ekrot  2.20527e+00 Det(I) =  1.74304e+07
  COM:     13.91428      13.90578       6.56300
  P:      -41.53122       4.21661      -2.84295
  V:       -0.02649       0.00269      -0.00181
  J:      -22.48602      41.15584      14.42676
  w:       -0.03877       0.06430       0.06186
Inertia tensor (3x3):
   Inertia tensor[    0]={ 2.09344e+02, -2.21250e+01, -7.02031e+01}
   Inertia tensor[    1]={-2.21250e+01,  1.80406e+02,  1.08281e+02}
   Inertia tensor[    2]={-7.02031e+01,  1.08281e+02,  5.48258e+02}
Group rest with mass  1.56797e+03, Ekrot  2.27977e+00 Det(I) =  1.79246e+07
  COM:     13.91706      13.90467       6.56087
  P:       52.60904      -1.63918     -15.60353
  V:        0.03355      -0.00105      -0.00995
  J:       38.62404     -18.26379     -20.84564
  w:        0.06229      -0.03640      -0.07143
Inertia tensor (3x3):
   Inertia tensor[    0]={ 2.14938e+02, -2.00625e+01, -6.63906e+01}
   Inertia tensor[    1]={-2.00625e+01,  1.86719e+02,  1.01906e+02}
   Inertia tensor[    2]={-6.63906e+01,  1.01906e+02,  5.21219e+02}
Group rest with mass  1.56797e+03, Ekrot  2.99806e+00 Det(I) =  1.67151e+07
  COM:     13.91492      13.90563       6.56407
  P:      -11.33921     -35.87482     -17.34511
  V:       -0.00723      -0.02288      -0.01106
  J:      -25.24899      49.46841      15.33020
  w:       -0.04352       0.07849       0.06617
Inertia tensor (3x3):
   Inertia tensor[    0]={ 2.01906e+02, -1.63438e+01, -6.05469e+01}
   Inertia tensor[    1]={-1.63438e+01,  1.83438e+02,  9.59531e+01}
   Inertia tensor[    2]={-6.05469e+01,  9.59531e+01,  5.18266e+02}
Group rest with mass  1.56797e+03, Ekrot  2.68968e+00 Det(I) =  1.80398e+07
  COM:     13.91596      13.90534       6.55861
  P:       11.25617       1.79561     -34.66020
  V:        0.00718       0.00115      -0.02211
  J:        6.17575     -63.28668       7.21172
  w:        0.01153      -0.08434      -0.00405
Inertia tensor (3x3):
   Inertia tensor[    0]={ 2.15781e+02, -2.21875e+01, -5.93281e+01}
   Inertia tensor[    1]={-2.21875e+01,  1.76688e+02,  9.62656e+01}
   Inertia tensor[    2]={-5.93281e+01,  9.62656e+01,  5.42281e+02}
           Step           Time
           5000       10.00000

   Energies (kJ/mol)
          Angle    Proper Dih.  Improper Dih.          LJ-14     Coulomb-14
    4.77814e+02    4.54858e+02    2.93024e+01    1.78612e+02   -3.81867e+03
        LJ (SR)   Coulomb (SR) Position Rest.      Potential    Kinetic En.
   -1.68025e+02   -6.81343e+02    9.49522e+01   -3.43250e+03    6.02763e+02
   Total Energy  Conserved En.    Temperature Pressure (bar)   Constr. rmsd
   -2.82974e+03   -3.95730e+03    3.11141e+02    7.19623e-01    5.12882e-05

Group rest with mass  1.56797e+03, Ekrot  1.40151e+00 Det(I) =  1.82792e+07
  COM:     13.91470      13.90410       6.56308
  P:       -6.23565     -11.23450       6.32766
  V:       -0.00398      -0.00717       0.00404
  J:      -30.08093      11.15329      18.17052
  w:       -0.04785       0.02463       0.05993
Inertia tensor (3x3):
   Inertia tensor[    0]={ 2.16000e+02, -2.11562e+01, -6.73594e+01}
   Inertia tensor[    1]={-2.11562e+01,  1.85031e+02,  1.07203e+02}
   Inertia tensor[    2]={-6.73594e+01,  1.07203e+02,  5.38867e+02}
Group rest with mass  1.56797e+03, Ekrot  2.01142e+00 Det(I) =  1.76946e+07
  COM:     13.91517      13.90488       6.56202
  P:        5.30352       6.98913     -19.89159
  V:        0.00338       0.00446      -0.01269
  J:       45.64316      -4.75641     -15.35535
  w:        0.06861      -0.01495      -0.05342
Inertia tensor (3x3):
   Inertia tensor[    0]={ 2.12250e+02, -1.27812e+01, -6.02031e+01}
   Inertia tensor[    1]={-1.27812e+01,  1.81406e+02,  1.03250e+02}
   Inertia tensor[    2]={-6.02031e+01,  1.03250e+02,  5.33539e+02}
           Step           Time
          10000       20.00000

   Energies (kJ/mol)
          Angle    Proper Dih.  Improper Dih.          LJ-14     Coulomb-14
    4.11313e+02    4.43985e+02    4.21672e+01    1.75580e+02   -3.74925e+03
        LJ (SR)   Coulomb (SR) Position Rest.      Potential    Kinetic En.
   -1.89639e+02   -6.91901e+02    1.06090e+02   -3.45165e+03    6.35327e+02
   Total Energy  Conserved En.    Temperature Pressure (bar)   Constr. rmsd
   -2.81632e+03   -3.97543e+03    3.27949e+02    7.34995e-01    4.82921e-05

           Step           Time
          15000       30.00000

   Energies (kJ/mol)
          Angle    Proper Dih.  Improper Dih.          LJ-14     Coulomb-14
    5.02947e+02    4.47462e+02    2.11702e+01    1.79375e+02   -3.77479e+03
        LJ (SR)   Coulomb (SR) Position Rest.      Potential    Kinetic En.
   -1.89114e+02   -7.30899e+02    8.08746e+01   -3.46298e+03    6.31229e+02
   Total Energy  Conserved En.    Temperature Pressure (bar)   Constr. rmsd
   -2.83175e+03   -3.98715e+03    3.25834e+02   -4.75516e+00    6.88558e-05

Group rest with mass  1.56797e+03, Ekrot  1.03168e+00 Det(I) =  1.84639e+07
  COM:     13.91365      13.90266       6.56081
  P:        6.31720       2.75118      -0.69917
  V:        0.00403       0.00175      -0.00045
  J:       24.07119     -29.87447       3.07906
  w:        0.03514      -0.04172      -0.00934
Inertia tensor (3x3):
   Inertia tensor[    0]={ 2.19125e+02, -1.52500e+01, -6.50938e+01}
   Inertia tensor[    1]={-1.52500e+01,  1.86156e+02,  1.09719e+02}
   Inertia tensor[    2]={-6.50938e+01,  1.09719e+02,  5.34352e+02}
Group rest with mass  1.56797e+03, Ekrot  1.14738e+00 Det(I) =  1.74011e+07
  COM:     13.91327      13.90279       6.56156
  P:       -9.42809      -0.91537       2.45042
  V:       -0.00601      -0.00058       0.00156
  J:      -39.87821       1.36607      -8.44043
  w:       -0.05498       0.00174      -0.01182
Inertia tensor (3x3):
   Inertia tensor[    0]={ 2.13188e+02, -2.08125e+01, -6.58281e+01}
   Inertia tensor[    1]={-2.08125e+01,  1.79625e+02,  1.02734e+02}
   Inertia tensor[    2]={-6.58281e+01,  1.02734e+02,  5.32164e+02}
Group rest with mass  1.56797e+03, Ekrot  1.41101e+00 Det(I) =  1.76944e+07
  COM:     13.91310      13.90230       6.55965
  P:       -7.19450      12.08738     -27.38709
  V:       -0.00459       0.00771      -0.01747
  J:       43.86520      -3.98123       0.14169
  w:        0.06361      -0.00841      -0.01222
Inertia tensor (3x3):
   Inertia tensor[    0]={ 2.14062e+02, -1.65000e+01, -6.57188e+01}
   Inertia tensor[    1]={-1.65000e+01,  1.82125e+02,  9.53281e+01}
   Inertia tensor[    2]={-6.57188e+01,  9.53281e+01,  5.22281e+02}
           Step           Time
          20000       40.00000

   Energies (kJ/mol)
          Angle    Proper Dih.  Improper Dih.          LJ-14     Coulomb-14
    5.14241e+02    4.73783e+02    4.25697e+01    1.84637e+02   -3.78067e+03
        LJ (SR)   Coulomb (SR) Position Rest.      Potential    Kinetic En.
   -1.82180e+02   -7.20416e+02    9.25150e+01   -3.37552e+03    5.44872e+02
   Total Energy  Conserved En.    Temperature Pressure (bar)   Constr. rmsd
   -2.83065e+03   -4.00686e+03    2.81258e+02    8.13353e-01    5.36555e-05

           Step           Time
          25000       50.00000

   Energies (kJ/mol)
          Angle    Proper Dih.  Improper Dih.          LJ-14     Coulomb-14
    4.91516e+02    4.42084e+02    1.76413e+01    1.80106e+02   -3.79105e+03
        LJ (SR)   Coulomb (SR) Position Rest.      Potential    Kinetic En.
   -1.91653e+02   -6.78027e+02    9.11718e+01   -3.43821e+03    6.09138e+02
   Total Energy  Conserved En.    Temperature Pressure (bar)   Constr. rmsd
   -2.82907e+03   -4.02046e+03    3.14431e+02   -1.23439e+00    5.01645e-05

Group rest with mass  1.56797e+03, Ekrot  2.93040e+00 Det(I) =  1.80876e+07
  COM:     13.91147      13.89977       6.55989
  P:       14.71129      -2.06609       1.27626
  V:        0.00938      -0.00132       0.00081
  J:      -33.46103     -57.82645       3.44867
  w:       -0.04375      -0.07633      -0.00492
Inertia tensor (3x3):
   Inertia tensor[    0]={ 2.11812e+02, -1.85312e+01, -6.10469e+01}
   Inertia tensor[    1]={-1.85312e+01,  1.83656e+02,  1.05641e+02}
   Inertia tensor[    2]={-6.10469e+01,  1.05641e+02,  5.41969e+02}
           Step           Time
          30000       60.00000

   Energies (kJ/mol)
          Angle    Proper Dih.  Improper Dih.          LJ-14     Coulomb-14
    4.40433e+02    4.92045e+02    3.08472e+01    2.00157e+02   -3.75802e+03
        LJ (SR)   Coulomb (SR) Position Rest.      Potential    Kinetic En.
   -1.69890e+02   -7.37340e+02    9.65946e+01   -3.40517e+03    5.65531e+02
   Total Energy  Conserved En.    Temperature Pressure (bar)   Constr. rmsd
   -2.83964e+03   -4.03682e+03    2.91922e+02    1.48871e+00    4.29134e-05

Group rest with mass  1.56797e+03, Ekrot  1.26772e+00 Det(I) =  1.75835e+07
  COM:     13.91097      13.89907       6.56016
  P:       -2.25404     -11.88532      -3.32763
  V:       -0.00144      -0.00758      -0.00212
  J:      -41.50500      -1.91400       2.93286
  w:       -0.05987       0.00133       0.01806
Inertia tensor (3x3):
   Inertia tensor[    0]={ 2.15062e+02, -1.65625e+01, -6.81250e+01}
   Inertia tensor[    1]={-1.65625e+01,  1.81031e+02,  1.06188e+02}
   Inertia tensor[    2]={-6.81250e+01,  1.06188e+02,  5.33102e+02}
           Step           Time
          35000       70.00000

   Energies (kJ/mol)
          Angle    Proper Dih.  Improper Dih.          LJ-14     Coulomb-14
    4.87469e+02    4.83006e+02    4.20829e+01    1.84533e+02   -3.81901e+03
        LJ (SR)   Coulomb (SR) Position Rest.      Potential    Kinetic En.
   -1.85894e+02   -6.88177e+02    8.26344e+01   -3.41336e+03    5.71506e+02
   Total Energy  Conserved En.    Temperature Pressure (bar)   Constr. rmsd
   -2.84185e+03   -4.06226e+03    2.95006e+02    4.54761e+00    4.41375e-05

Group rest with mass  1.56797e+03, Ekrot  1.04872e+00 Det(I) =  1.75416e+07
  COM:     13.90948      13.89842       6.55862
  P:       -6.72068       7.14229       4.16422
  V:       -0.00429       0.00456       0.00266
  J:       35.60543     -14.33797       6.88684
  w:        0.04998      -0.02046       0.00355
Inertia tensor (3x3):
   Inertia tensor[    0]={ 2.08250e+02, -2.27812e+01, -6.67344e+01}
   Inertia tensor[    1]={-2.27812e+01,  1.86812e+02,  1.04953e+02}
   Inertia tensor[    2]={-6.67344e+01,  1.04953e+02,  5.30117e+02}
           Step           Time
          40000       80.00000

Group rest with mass  1.56797e+03, Ekrot  2.13118e+00 Det(I) =  1.85662e+07
  COM:     13.90783      13.89722       6.55883
  P:      -12.82734     -10.62046      -2.72562
  V:       -0.00818      -0.00677      -0.00174
  J:      -23.18422      49.93746      -4.09819
  w:       -0.03559       0.06996       0.01372
Inertia tensor (3x3):
   Inertia tensor[    0]={ 2.14188e+02, -2.46875e+01, -6.09688e+01}
   Inertia tensor[    1]={-2.46875e+01,  1.90219e+02,  1.06875e+02}
   Inertia tensor[    2]={-6.09688e+01,  1.06875e+02,  5.33180e+02}
   Energies (kJ/mol)
          Angle    Proper Dih.  Improper Dih.          LJ-14     Coulomb-14
    5.29789e+02    4.78413e+02    3.13458e+01    1.80593e+02   -3.80241e+03
        LJ (SR)   Coulomb (SR) Position Rest.      Potential    Kinetic En.
   -1.89341e+02   -6.85753e+02    8.54783e+01   -3.37189e+03    5.33911e+02
   Total Energy  Conserved En.    Temperature Pressure (bar)   Constr. rmsd
   -2.83798e+03   -4.08363e+03    2.75600e+02   -1.03418e-01    4.93280e-05

Group rest with mass  1.56797e+03, Ekrot  1.04801e+00 Det(I) =  1.73270e+07
  COM:     13.90710      13.89692       6.55772
  P:       -5.99440       3.67459      -9.55745
  V:       -0.00382       0.00234      -0.00610
  J:       12.18698     -37.22079       6.93210
  w:        0.01872      -0.05011       0.00038
Inertia tensor (3x3):
   Inertia tensor[    0]={ 2.18531e+02, -2.25938e+01, -6.86406e+01}
   Inertia tensor[    1]={-2.25938e+01,  1.78344e+02,  1.09656e+02}
   Inertia tensor[    2]={-6.86406e+01,  1.09656e+02,  5.31805e+02}
Group rest with mass  1.56797e+03, Ekrot  1.04651e+00 Det(I) =  1.75361e+07
  COM:     13.90698      13.89575       6.55927
  P:        7.45041       1.73415       9.71861
  V:        0.00475       0.00111       0.00620
  J:      -36.56541       5.60471       4.19039
  w:       -0.05289       0.01187       0.02213
Inertia tensor (3x3):
   Inertia tensor[    0]={ 2.09281e+02, -1.95000e+01, -6.04844e+01}
   Inertia tensor[    1]={-1.95000e+01,  1.79750e+02,  1.02688e+02}
   Inertia tensor[    2]={-6.04844e+01,  1.02688e+02,  5.41336e+02}
           Step           Time
          45000       90.00000

   Energies (kJ/mol)
          Angle    Proper Dih.  Improper Dih.          LJ-14     Coulomb-14
    4.93752e+02    4.61140e+02    3.52248e+01    1.95861e+02   -3.78183e+03
        LJ (SR)   Coulomb (SR) Position Rest.      Potential    Kinetic En.
   -1.88763e+02   -6.91220e+02    7.97226e+01   -3.39611e+03    5.65234e+02
   Total Energy  Conserved En.    Temperature Pressure (bar)   Constr. rmsd
   -2.83088e+03   -4.10184e+03    2.91768e+02    3.07503e+00    3.56337e-05

           Step           Time
          50000      100.00000

Writing checkpoint, step 50000 at Wed May 10 16:44:55 2023


   Energies (kJ/mol)
          Angle    Proper Dih.  Improper Dih.          LJ-14     Coulomb-14
    5.01775e+02    4.46269e+02    3.00676e+01    1.94150e+02   -3.77002e+03
        LJ (SR)   Coulomb (SR) Position Rest.      Potential    Kinetic En.
   -1.98958e+02   -7.04443e+02    7.16327e+01   -3.42953e+03    5.60105e+02
   Total Energy  Conserved En.    Temperature Pressure (bar)   Constr. rmsd
   -2.86942e+03   -4.11470e+03    2.89121e+02    7.19129e-01    4.64515e-05


	<======  ###############  ==>
	<====  A V E R A G E S  ====>
	<==  ###############  ======>

	Statistics over 50001 steps using 101 frames

   Energies (kJ/mol)
          Angle    Proper Dih.  Improper Dih.          LJ-14     Coulomb-14
    4.66286e+02    4.61374e+02    3.28458e+01    1.85925e+02   -3.77372e+03
        LJ (SR)   Coulomb (SR) Position Rest.      Potential    Kinetic En.
   -1.88075e+02   -6.99119e+02    9.25204e+01   -3.42197e+03    5.79341e+02
   Total Energy  Conserved En.    Temperature Pressure (bar)   Constr. rmsd
   -2.84263e+03   -4.02418e+03    2.99050e+02    1.90863e-01    0.00000e+00

          Box-X          Box-Y          Box-Z
    1.85394e+01    1.85394e+01    1.31093e+01

   Total Virial (kJ/mol)
    1.66012e+02   -2.70568e+00   -1.52957e+01
   -2.70643e+00    1.97100e+02    9.69203e+01
   -1.52967e+01    9.69193e+01    1.38561e+02

   Pressure (bar)
    2.16560e-01    4.72721e-02    1.08958e-01
    4.72777e-02   -1.34682e-01   -7.01086e-01
    1.08965e-01   -7.01079e-01    4.90710e-01


	M E G A - F L O P S   A C C O U N T I N G

 NB=Group-cutoff nonbonded kernels    NxN=N-by-N cluster Verlet kernels
 RF=Reaction-Field  VdW=Van der Waals  QSTab=quadratic-spline table
 W3=SPC/TIP3p  W4=TIP4p (single or pairs)
 V&F=Potential and force  V=Potential only  F=Force only

 Computing:                               M-Number         M-Flops  % Flops
-----------------------------------------------------------------------------
 Pair Search distance check               3.052500          27.472     0.0
 NxN RF Elec. + LJ [F]                 1247.028296       47387.075    74.1
 NxN RF Elec. + LJ [V&F]                  2.522040         136.190     0.2
 NxN RF Electrostatics [F]               18.282792         566.767     0.9
 NxN RF Electrostatics [V&F]              0.039816           1.433     0.0
 1,4 nonbonded interactions              30.050601        2704.554     4.2
 Shift-X                                  0.118236           0.709     0.0
 Angles                                  20.900418        3511.270     5.5
 Propers                                 29.500590        6755.635    10.6
 Impropers                                2.650053         551.211     0.9
 Pos. Restr.                              5.500110         275.005     0.4
 Virial                                   1.405281          25.295     0.0
 Stop-CM                                  0.024072           0.241     0.0
 P-Coupling                               1.180236           7.081     0.0
 Calc-Ekin                                2.360472          63.733     0.1
 Lincs                                   11.800708         708.042     1.1
 Lincs-Mat                              250.815048        1003.260     1.6
 Constraint-V                            23.600944         188.808     0.3
 Constraint-Vir                           1.180236          28.326     0.0
-----------------------------------------------------------------------------
 Total                                                   63942.109   100.0
-----------------------------------------------------------------------------


     R E A L   C Y C L E   A N D   T I M E   A C C O U N T I N G

On 1 MPI rank, each using 2 OpenMP threads

 Computing:          Num   Num      Call    Wall time         Giga-Cycles
                     Ranks Threads  Count      (s)         total sum    %
-----------------------------------------------------------------------------
 Neighbor search        1    2        501       0.086          0.378   0.7
 Force                  1    2      50001       7.634         33.587  65.1
 NB X/F buffer ops.     1    2      99501       0.739          3.250   6.3
 Write traj.            1    2        101       0.046          0.202   0.4
 Update                 1    2      50001       0.399          1.755   3.4
 Constraints            1    2      50003       2.528         11.121  21.6
 Rest                                           0.294          1.294   2.5
-----------------------------------------------------------------------------
 Total                                         11.726         51.588 100.0
-----------------------------------------------------------------------------

               Core t (s)   Wall t (s)        (%)
       Time:       23.451       11.726      200.0
                 (ns/day)    (hour/ns)
Performance:      736.861        0.033
Finished mdrun on rank 0 Wed May 10 16:44:55 2023

