              :-) GROMACS - gmx mdrun, 2020.1-Ubuntu-2020.1-1 (-:

                            GROMACS is written by:
     Emile Apol      Rossen Apostolov      Paul Bauer     Herman J.C. Berendsen
    Par Bjelkmar      Christian Blau   Viacheslav Bolnykh     Kevin Boyd    
 Aldert van Buuren   Rudi van Drunen     Anton Feenstra       Alan Gray     
  Gerrit Groenhof     Anca Hamuraru    Vincent Hindriksen  M. Eric Irrgang  
  Aleksei Iupinov   Christoph Junghans     Joe Jordan     Dimitrios Karkoulis
    Peter Kasson        Jiri Kraus      Carsten Kutzner      Per Larsson    
  Justin A. Lemkul    Viveca Lindahl    Magnus Lundborg     Erik Marklund   
    Pascal Merz     Pieter Meulenhoff    Teemu Murtola       Szilard Pall   
    Sander Pronk      Roland Schulz      Michael Shirts    Alexey Shvetsov  
   Alfons Sijbers     Peter Tieleman      Jon Vincent      Teemu Virolainen 
 Christian Wennberg    Maarten Wolf      Artem Zhmurov   
                           and the project leaders:
        Mark Abraham, Berk Hess, Erik Lindahl, and David van der Spoel

Copyright (c) 1991-2000, University of Groningen, The Netherlands.
Copyright (c) 2001-2019, The GROMACS development team at
Uppsala University, Stockholm University and
the Royal Institute of Technology, Sweden.
check out http://www.gromacs.org for more information.

GROMACS is free software; you can redistribute it and/or modify it
under the terms of the GNU Lesser General Public License
as published by the Free Software Foundation; either version 2.1
of the License, or (at your option) any later version.

GROMACS:      gmx mdrun, version 2020.1-Ubuntu-2020.1-1
Executable:   /usr/bin/gmx
Data prefix:  /usr
Working dir:  /content
Process ID:   16568
Command line:
  gmx mdrun -s /content/sandrozzona-multiscala/pep_1_acqua/MD-Prod/Seconda_simulazione/posres_pep1_w.tpr -deffnm /content/sandrozzona-multiscala/pep_1_acqua/MD-Prod/Seconda_simulazione/posres_pep1_w -v -nt 12

GROMACS version:    2020.1-Ubuntu-2020.1-1
Precision:          single
Memory model:       64 bit
MPI library:        thread_mpi
OpenMP support:     enabled (GMX_OPENMP_MAX_THREADS = 64)
GPU support:        disabled
SIMD instructions:  SSE2
FFT library:        fftw-3.3.8-sse2-avx
RDTSCP usage:       disabled
TNG support:        enabled
Hwloc support:      hwloc-2.1.0
Tracing support:    disabled
C compiler:         /usr/bin/cc GNU 9.3.0
C compiler flags:   -msse2 -fexcess-precision=fast -funroll-all-loops
C++ compiler:       /usr/bin/c++ GNU 9.3.0
C++ compiler flags: -msse2 -fexcess-precision=fast -funroll-all-loops -fopenmp


Running on 1 node with total 1 cores, 2 logical cores
Hardware detected:
  CPU info:
    Vendor: Intel
    Brand:  Intel(R) Xeon(R) CPU @ 2.20GHz
    Family: 6   Model: 79   Stepping: 0
    Features: aes apic avx avx2 clfsh cmov cx8 cx16 f16c fma hle htt intel lahf mmx msr nonstop_tsc pcid pclmuldq pdpe1gb popcnt pse rdrnd rdtscp rtm sse2 sse3 sse4.1 sse4.2 ssse3 x2apic
  Hardware topology: Full, with devices
    Sockets, cores, and logical processors:
      Socket  0: [   0   1]
    Numa nodes:
      Node  0 (13616324608 bytes mem):   0   1
      Latency:
               0
         0  1.00
    Caches:
      L1: 32768 bytes, linesize 64 bytes, assoc. 8, shared 2 ways
      L2: 262144 bytes, linesize 64 bytes, assoc. 8, shared 2 ways
      L3: 57671680 bytes, linesize 64 bytes, assoc. 20, shared 2 ways
    PCI devices:
      0000:00:04.0  Id: 1af4:1000  Class: 0x0200  Numa: 0

Highest SIMD level requested by all nodes in run: AVX2_256
SIMD instructions selected at compile time:       SSE2
This program was compiled for different hardware than you are running on,
which could influence performance.
The current CPU can measure timings more accurately than the code in
gmx mdrun was configured to use. This might affect your simulation
speed as accurate timings are needed for load-balancing.
Please consider rebuilding gmx mdrun with the GMX_USE_RDTSCP=ON CMake option.

++++ PLEASE READ AND CITE THE FOLLOWING REFERENCE ++++
M. J. Abraham, T. Murtola, R. Schulz, S. Páll, J. C. Smith, B. Hess, E.
Lindahl
GROMACS: High performance molecular simulations through multi-level
parallelism from laptops to supercomputers
SoftwareX 1 (2015) pp. 19-25
-------- -------- --- Thank You --- -------- --------


++++ PLEASE READ AND CITE THE FOLLOWING REFERENCE ++++
S. Páll, M. J. Abraham, C. Kutzner, B. Hess, E. Lindahl
Tackling Exascale Software Challenges in Molecular Dynamics Simulations with
GROMACS
In S. Markidis & E. Laure (Eds.), Solving Software Challenges for Exascale 8759 (2015) pp. 3-27
-------- -------- --- Thank You --- -------- --------


++++ PLEASE READ AND CITE THE FOLLOWING REFERENCE ++++
S. Pronk, S. Páll, R. Schulz, P. Larsson, P. Bjelkmar, R. Apostolov, M. R.
Shirts, J. C. Smith, P. M. Kasson, D. van der Spoel, B. Hess, and E. Lindahl
GROMACS 4.5: a high-throughput and highly parallel open source molecular
simulation toolkit
Bioinformatics 29 (2013) pp. 845-54
-------- -------- --- Thank You --- -------- --------


++++ PLEASE READ AND CITE THE FOLLOWING REFERENCE ++++
B. Hess and C. Kutzner and D. van der Spoel and E. Lindahl
GROMACS 4: Algorithms for highly efficient, load-balanced, and scalable
molecular simulation
J. Chem. Theory Comput. 4 (2008) pp. 435-447
-------- -------- --- Thank You --- -------- --------


++++ PLEASE READ AND CITE THE FOLLOWING REFERENCE ++++
D. van der Spoel, E. Lindahl, B. Hess, G. Groenhof, A. E. Mark and H. J. C.
Berendsen
GROMACS: Fast, Flexible and Free
J. Comp. Chem. 26 (2005) pp. 1701-1719
-------- -------- --- Thank You --- -------- --------


++++ PLEASE READ AND CITE THE FOLLOWING REFERENCE ++++
E. Lindahl and B. Hess and D. van der Spoel
GROMACS 3.0: A package for molecular simulation and trajectory analysis
J. Mol. Mod. 7 (2001) pp. 306-317
-------- -------- --- Thank You --- -------- --------


++++ PLEASE READ AND CITE THE FOLLOWING REFERENCE ++++
H. J. C. Berendsen, D. van der Spoel and R. van Drunen
GROMACS: A message-passing parallel molecular dynamics implementation
Comp. Phys. Comm. 91 (1995) pp. 43-56
-------- -------- --- Thank You --- -------- --------

Input Parameters:
   integrator                     = md
   tinit                          = 0
   dt                             = 0.002
   nsteps                         = 10000
   init-step                      = 0
   simulation-part                = 1
   comm-mode                      = Angular
   nstcomm                        = 500
   bd-fric                        = 0
   ld-seed                        = 302127589
   emtol                          = 10
   emstep                         = 0.01
   niter                          = 20
   fcstep                         = 0
   nstcgsteep                     = 1000
   nbfgscorr                      = 10
   rtpi                           = 0.05
   nstxout                        = 500
   nstvout                        = 500
   nstfout                        = 0
   nstlog                         = 5000
   nstcalcenergy                  = 500
   nstenergy                      = 500
   nstxout-compressed             = 0
   compressed-x-precision         = 1000
   cutoff-scheme                  = Verlet
   nstlist                        = 10
   pbc                            = xyz
   periodic-molecules             = false
   verlet-buffer-tolerance        = 0.005
   rlist                          = 1.104
   coulombtype                    = Cut-off
   coulomb-modifier               = Potential-shift
   rcoulomb-switch                = 0
   rcoulomb                       = 1
   epsilon-r                      = 1
   epsilon-rf                     = inf
   vdw-type                       = Cut-off
   vdw-modifier                   = Potential-shift
   rvdw-switch                    = 0
   rvdw                           = 1
   DispCorr                       = No
   table-extension                = 1
   fourierspacing                 = 0.12
   fourier-nx                     = 0
   fourier-ny                     = 0
   fourier-nz                     = 0
   pme-order                      = 4
   ewald-rtol                     = 1e-05
   ewald-rtol-lj                  = 0.001
   lj-pme-comb-rule               = Geometric
   ewald-geometry                 = 0
   epsilon-surface                = 0
   tcoupl                         = V-rescale
   nsttcouple                     = 10
   nh-chain-length                = 0
   print-nose-hoover-chain-variables = false
   pcoupl                         = No
   pcoupltype                     = Isotropic
   nstpcouple                     = -1
   tau-p                          = 1
   compressibility (3x3):
      compressibility[    0]={ 0.00000e+00,  0.00000e+00,  0.00000e+00}
      compressibility[    1]={ 0.00000e+00,  0.00000e+00,  0.00000e+00}
      compressibility[    2]={ 0.00000e+00,  0.00000e+00,  0.00000e+00}
   ref-p (3x3):
      ref-p[    0]={ 0.00000e+00,  0.00000e+00,  0.00000e+00}
      ref-p[    1]={ 0.00000e+00,  0.00000e+00,  0.00000e+00}
      ref-p[    2]={ 0.00000e+00,  0.00000e+00,  0.00000e+00}
   refcoord-scaling               = No
   posres-com (3):
      posres-com[0]= 0.00000e+00
      posres-com[1]= 0.00000e+00
      posres-com[2]= 0.00000e+00
   posres-comB (3):
      posres-comB[0]= 0.00000e+00
      posres-comB[1]= 0.00000e+00
      posres-comB[2]= 0.00000e+00
   QMMM                           = false
   QMconstraints                  = 0
   QMMMscheme                     = 0
   MMChargeScaleFactor            = 1
qm-opts:
   ngQM                           = 0
   constraint-algorithm           = Lincs
   continuation                   = false
   Shake-SOR                      = false
   shake-tol                      = 0.0001
   lincs-order                    = 4
   lincs-iter                     = 1
   lincs-warnangle                = 30
   nwall                          = 0
   wall-type                      = 9-3
   wall-r-linpot                  = -1
   wall-atomtype[0]               = -1
   wall-atomtype[1]               = -1
   wall-density[0]                = 0
   wall-density[1]                = 0
   wall-ewald-zfac                = 3
   pull                           = false
   awh                            = false
   rotation                       = false
   interactiveMD                  = false
   disre                          = No
   disre-weighting                = Conservative
   disre-mixed                    = false
   dr-fc                          = 1000
   dr-tau                         = 0
   nstdisreout                    = 100
   orire-fc                       = 0
   orire-tau                      = 0
   nstorireout                    = 100
   free-energy                    = no
   cos-acceleration               = 0
   deform (3x3):
      deform[    0]={ 0.00000e+00,  0.00000e+00,  0.00000e+00}
      deform[    1]={ 0.00000e+00,  0.00000e+00,  0.00000e+00}
      deform[    2]={ 0.00000e+00,  0.00000e+00,  0.00000e+00}
   simulated-tempering            = false
   swapcoords                     = no
   userint1                       = 0
   userint2                       = 0
   userint3                       = 0
   userint4                       = 0
   userreal1                      = 0
   userreal2                      = 0
   userreal3                      = 0
   userreal4                      = 0
   applied-forces:
     electric-field:
       x:
         E0                       = 0
         omega                    = 0
         t0                       = 0
         sigma                    = 0
       y:
         E0                       = 0
         omega                    = 0
         t0                       = 0
         sigma                    = 0
       z:
         E0                       = 0
         omega                    = 0
         t0                       = 0
         sigma                    = 0
     density-guided-simulation:
       active                     = false
       group                      = protein
       similarity-measure         = inner-product
       atom-spreading-weight      = unity
       force-constant             = 1e+09
       gaussian-transform-spreading-width = 0.2
       gaussian-transform-spreading-range-in-multiples-of-width = 4
       reference-density-filename = reference.mrc
       nst                        = 1
       normalize-densities        = true
       adaptive-force-scaling     = false
       adaptive-force-scaling-time-constant = 4
grpopts:
   nrdf:     22854.2      868.78
   ref-t:         300         300
   tau-t:           1           1
annealing:          No          No
annealing-npoints:           0           0
   acc:	           0           0           0
   nfreeze:           N           N           N
   energygrp-flags[  0]: 0

Changing nstlist from 10 to 20, rlist from 1.104 to 1.228


Using 1 MPI thread

Non-default thread affinity set, disabling internal thread affinity

Using 12 OpenMP threads 


WARNING: Oversubscribing the available 2 logical CPU cores with 12 threads.
         This will cause considerable performance loss.
System total charge: -0.000
Potential shift: LJ r^-12: -1.000e+00 r^-6: -1.000e+00, Coulomb -1e+00
Generated table with 1114 data points for 1-4 COUL.
Tabscale = 500 points/nm
Generated table with 1114 data points for 1-4 LJ6.
Tabscale = 500 points/nm
Generated table with 1114 data points for 1-4 LJ12.
Tabscale = 500 points/nm

Using SIMD 4x4 nonbonded short-range kernels

Using a dual 4x4 pair-list setup updated with dynamic pruning:
  outer list: updated every 20 steps, buffer 0.228 nm, rlist 1.228 nm
  inner list: updated every  4 steps, buffer 0.031 nm, rlist 1.031 nm
At tolerance 0.005 kJ/mol/ps per atom, equivalent classical 1x1 list would be:
  outer list: updated every 20 steps, buffer 0.274 nm, rlist 1.274 nm
  inner list: updated every  4 steps, buffer 0.039 nm, rlist 1.039 nm

Using Lorentz-Berthelot Lennard-Jones combination rule

Removing pbc first time

Initializing LINear Constraint Solver

++++ PLEASE READ AND CITE THE FOLLOWING REFERENCE ++++
B. Hess and H. Bekker and H. J. C. Berendsen and J. G. E. M. Fraaije
LINCS: A Linear Constraint Solver for molecular simulations
J. Comp. Chem. 18 (1997) pp. 1463-1472
-------- -------- --- Thank You --- -------- --------

The number of constraints is 412

++++ PLEASE READ AND CITE THE FOLLOWING REFERENCE ++++
S. Miyamoto and P. A. Kollman
SETTLE: An Analytical Version of the SHAKE and RATTLE Algorithms for Rigid
Water Models
J. Comp. Chem. 13 (1992) pp. 952-962
-------- -------- --- Thank You --- -------- --------


++++ PLEASE READ AND CITE THE FOLLOWING REFERENCE ++++
G. Bussi, D. Donadio and M. Parrinello
Canonical sampling through velocity rescaling
J. Chem. Phys. 126 (2007) pp. 014101
-------- -------- --- Thank You --- -------- --------

There are: 11857 Atoms

Constraining the starting coordinates (step 0)

Constraining the coordinates at t0-dt (step 0)
Center of mass motion removal mode is Angular
We have the following groups for center of mass motion removal:
  0:  rest
RMS relative constraint deviation after constraining: 2.49e-06
Initial temperature: 5.85411e-05 K

Started mdrun on rank 0 Sat May  6 20:49:06 2023

           Step           Time
              0        0.00000

   Energies (kJ/mol)
          Angle    Proper Dih.  Improper Dih.          LJ-14     Coulomb-14
    2.24394e+02    8.69148e+02    1.50180e+01    3.62236e+02    4.88543e+03
        LJ (SR)   Coulomb (SR)      Potential    Kinetic En.   Total Energy
    2.64221e+04   -2.50535e+05   -2.17757e+05    8.99211e+00   -2.17748e+05
  Conserved En.    Temperature Pressure (bar)   Constr. rmsd
   -2.17748e+05    9.11775e-02   -4.45148e+03    2.43427e-05

Group rest with mass  7.22412e+04, Ekrot  2.17256e+00 Det(I) =  3.14249e+15
  COM:      2.77133       2.78926       1.97951
  P:       24.22586      10.64063     -51.94376
  V:        0.00034       0.00015      -0.00072
  J:     -976.74316     422.85425     299.62866
  w:       -0.00354       0.00152       0.00082
Inertia tensor (3x3):
   Inertia tensor[    0]={ 1.85984e+05,  1.58812e+02, -6.37531e+02}
   Inertia tensor[    1]={ 1.58812e+02,  1.84510e+05,  4.57656e+02}
   Inertia tensor[    2]={-6.37531e+02,  4.57656e+02,  9.15783e+04}
Group rest with mass  7.22412e+04, Ekrot  1.65686e+00 Det(I) =  3.14904e+15
  COM:      2.77569       2.78372       1.97861
  P:        2.45541       0.09120       8.98708
  V:        0.00003       0.00000       0.00012
  J:     -687.57971     476.56320     539.05243
  w:       -0.00249       0.00172       0.00145
Inertia tensor (3x3):
   Inertia tensor[    0]={ 1.86314e+05, -5.33750e+01, -6.91250e+01}
   Inertia tensor[    1]={-5.33750e+01,  1.84944e+05,  2.78562e+02}
   Inertia tensor[    2]={-6.91250e+01,  2.78562e+02,  9.13896e+04}
Group rest with mass  7.22412e+04, Ekrot  3.79601e+00 Det(I) =  3.15674e+15
  COM:      2.77633       2.78515       1.97807
  P:        3.93896      -0.01794       0.28821
  V:        0.00005      -0.00000       0.00000
  J:      292.15234   -1038.83606    1122.00012
  w:        0.00106      -0.00374       0.00302
Inertia tensor (3x3):
   Inertia tensor[    0]={ 1.86177e+05, -3.34375e+02,  3.55375e+02}
   Inertia tensor[    1]={-3.34375e+02,  1.85128e+05, -1.33031e+02}
   Inertia tensor[    2]={ 3.55375e+02, -1.33031e+02,  9.15895e+04}
Group rest with mass  7.22412e+04, Ekrot  9.38820e+00 Det(I) =  3.13869e+15
  COM:      2.77683       2.78927       1.97692
  P:        0.26511      -2.09563      -0.68787
  V:        0.00000      -0.00003      -0.00001
  J:      647.16260   -2061.21143     842.52203
  w:        0.00236      -0.00744       0.00227
Inertia tensor (3x3):
   Inertia tensor[    0]={ 1.85583e+05, -5.11625e+02,  4.33625e+02}
   Inertia tensor[    1]={-5.11625e+02,  1.84755e+05,  2.84375e+02}
   Inertia tensor[    2]={ 4.33625e+02,  2.84375e+02,  9.15427e+04}
Group rest with mass  7.22412e+04, Ekrot  1.02551e+01 Det(I) =  3.14325e+15
  COM:      2.78209       2.80453       1.97670
  P:        1.66853       0.26209       1.11000
  V:        0.00002       0.00000       0.00002
  J:     1804.51978     179.86771    1780.43835
  w:        0.00654       0.00062       0.00483
Inertia tensor (3x3):
   Inertia tensor[    0]={ 1.85340e+05, -1.54712e+03,  1.23544e+03}
   Inertia tensor[    1]={-1.54712e+03,  1.85072e+05,  5.44312e+02}
   Inertia tensor[    2]={ 1.23544e+03,  5.44312e+02,  9.16523e+04}
Group rest with mass  7.22412e+04, Ekrot  8.05390e+00 Det(I) =  3.12412e+15
  COM:      2.77196       2.79527       1.98374
  P:        5.30661      -1.47614      -5.83478
  V:        0.00007      -0.00002      -0.00008
  J:     -229.01939     599.95166    2325.67163
  w:       -0.00081       0.00218       0.00628
Inertia tensor (3x3):
   Inertia tensor[    0]={ 1.85073e+05, -6.73750e+01,  6.79250e+02}
   Inertia tensor[    1]={-6.73750e+01,  1.85164e+05,  4.71781e+02}
   Inertia tensor[    2]={ 6.79250e+02,  4.71781e+02,  9.11684e+04}
Group rest with mass  7.22412e+04, Ekrot  9.42545e+00 Det(I) =  3.13858e+15
  COM:      2.77137       2.80226       1.97441
  P:       -0.19104       2.69730      -3.17555
  V:       -0.00000       0.00004      -0.00004
  J:     -853.29449   -1920.05798   -1041.37134
  w:       -0.00305      -0.00693      -0.00282
Inertia tensor (3x3):
   Inertia tensor[    0]={ 1.85181e+05, -1.27456e+03,  1.91312e+02}
   Inertia tensor[    1]={-1.27456e+03,  1.85401e+05,  4.35469e+02}
   Inertia tensor[    2]={ 1.91312e+02,  4.35469e+02,  9.14221e+04}
Group rest with mass  7.22412e+04, Ekrot  1.05071e+01 Det(I) =  3.14158e+15
  COM:      2.77827       2.79864       1.97011
  P:       -2.91803       0.08813       4.86217
  V:       -0.00004       0.00000       0.00007
  J:     -500.40601   -1893.86536    1630.34900
  w:       -0.00180      -0.00684       0.00439
Inertia tensor (3x3):
   Inertia tensor[    0]={ 1.85116e+05, -2.51625e+02,  1.79594e+02}
   Inertia tensor[    1]={-2.51625e+02,  1.85619e+05,  3.33656e+02}
   Inertia tensor[    2]={ 1.79594e+02,  3.33656e+02,  9.14296e+04}
           Step           Time
           5000       10.00000

Group rest with mass  7.22412e+04, Ekrot  2.77539e+00 Det(I) =  3.13682e+15
  COM:      2.78009       2.79747       1.97833
  P:        0.50970       4.37987       0.48419
  V:        0.00001       0.00006       0.00001
  J:      663.91077    -504.63916    1058.48987
  w:        0.00241      -0.00183       0.00286
Inertia tensor (3x3):
   Inertia tensor[    0]={ 1.84698e+05, -1.18831e+03,  6.08531e+02}
   Inertia tensor[    1]={-1.18831e+03,  1.85885e+05,  3.43812e+02}
   Inertia tensor[    2]={ 6.08531e+02,  3.43812e+02,  9.13721e+04}
   Energies (kJ/mol)
          Angle    Proper Dih.  Improper Dih.          LJ-14     Coulomb-14
    8.06225e+02    9.72187e+02    4.62502e+01    4.08627e+02    4.88413e+03
        LJ (SR)   Coulomb (SR)      Potential    Kinetic En.   Total Energy
    2.16188e+04   -2.32809e+05   -2.04073e+05    3.13551e+04   -1.72718e+05
  Conserved En.    Temperature Pressure (bar)   Constr. rmsd
   -1.94205e+05    3.17932e+02   -2.01132e+03    5.73946e-05

Group rest with mass  7.22412e+04, Ekrot  3.14497e+00 Det(I) =  3.15151e+15
  COM:      2.77106       2.79901       1.98031
  P:        0.83256      -3.24231      -3.02435
  V:        0.00001      -0.00004      -0.00004
  J:    -1015.00964    -840.26105     131.69423
  w:       -0.00365      -0.00302       0.00034
Inertia tensor (3x3):
   Inertia tensor[    0]={ 1.86042e+05, -8.81188e+02,  8.91625e+02}
   Inertia tensor[    1]={-8.81188e+02,  1.85728e+05,  7.06156e+02}
   Inertia tensor[    2]={ 8.91625e+02,  7.06156e+02,  9.12163e+04}
Group rest with mass  7.22412e+04, Ekrot  2.27652e+00 Det(I) =  3.15041e+15
  COM:      2.78073       2.79903       1.97842
  P:       -1.31596       1.92848      -3.93480
  V:       -0.00002       0.00003      -0.00005
  J:      896.15662    -349.73880    -669.82068
  w:        0.00323      -0.00128      -0.00180
Inertia tensor (3x3):
   Inertia tensor[    0]={ 1.85301e+05, -1.08175e+03, -3.02812e+01}
   Inertia tensor[    1]={-1.08175e+03,  1.86281e+05,  1.33250e+02}
   Inertia tensor[    2]={-3.02812e+01,  1.33250e+02,  9.12717e+04}
Group rest with mass  7.22412e+04, Ekrot  2.61566e+00 Det(I) =  3.14860e+15
  COM:      2.75893       2.79287       1.98038
  P:       -3.13052       0.89018      -2.37599
  V:       -0.00004       0.00001      -0.00003
  J:      681.16290    -923.82733    -415.94409
  w:        0.00246      -0.00334      -0.00113
Inertia tensor (3x3):
   Inertia tensor[    0]={ 1.85557e+05, -2.16938e+02, -3.12656e+02}
   Inertia tensor[    1]={-2.16938e+02,  1.85810e+05,  4.68375e+02}
   Inertia tensor[    2]={-3.12656e+02,  4.68375e+02,  9.13229e+04}
Group rest with mass  7.22412e+04, Ekrot  1.33738e+00 Det(I) =  3.12640e+15
  COM:      2.77435       2.79104       1.97625
  P:        3.27260       1.67606       1.72015
  V:        0.00005       0.00002       0.00002
  J:     -484.52573    -453.28561    -630.99408
  w:       -0.00175      -0.00165      -0.00171
Inertia tensor (3x3):
   Inertia tensor[    0]={ 1.84556e+05,  8.75000e+00,  1.03531e+02}
   Inertia tensor[    1]={ 8.75000e+00,  1.85500e+05,  9.49781e+02}
   Inertia tensor[    2]={ 1.03531e+02,  9.49781e+02,  9.13261e+04}
Group rest with mass  7.22412e+04, Ekrot  1.16358e+00 Det(I) =  3.14630e+15
  COM:      2.76391       2.79690       1.97082
  P:        2.67950       3.41081       1.18466
  V:        0.00004       0.00005       0.00002
  J:      771.75836    -194.10201     129.67090
  w:        0.00278      -0.00071       0.00035
Inertia tensor (3x3):
   Inertia tensor[    0]={ 1.84577e+05, -2.88562e+02, -2.86188e+02}
   Inertia tensor[    1]={-2.88562e+02,  1.86134e+05, -2.08031e+02}
   Inertia tensor[    2]={-2.86188e+02, -2.08031e+02,  9.15807e+04}
Group rest with mass  7.22412e+04, Ekrot  5.10348e+00 Det(I) =  3.14950e+15
  COM:      2.76921       2.79914       1.97252
  P:       10.99329       4.23700       1.25583
  V:        0.00015       0.00006       0.00002
  J:      265.90457    1647.75684    -241.03935
  w:        0.00095       0.00595      -0.00064
Inertia tensor (3x3):
   Inertia tensor[    0]={ 1.85338e+05, -2.22250e+02,  6.82875e+02}
   Inertia tensor[    1]={-2.22250e+02,  1.85453e+05,  5.57969e+02}
   Inertia tensor[    2]={ 6.82875e+02,  5.57969e+02,  9.16357e+04}
Group rest with mass  7.22412e+04, Ekrot  3.66008e+00 Det(I) =  3.15429e+15
  COM:      2.76539       2.79161       1.96911
  P:        5.20668       1.78391      -1.90153
  V:        0.00007       0.00002      -0.00003
  J:      491.00769    1313.13696    -293.38666
  w:        0.00178       0.00473      -0.00078
Inertia tensor (3x3):
   Inertia tensor[    0]={ 1.85780e+05,  2.80062e+02,  1.43469e+02}
   Inertia tensor[    1]={ 2.80062e+02,  1.85349e+05,  3.95531e+02}
   Inertia tensor[    2]={ 1.43469e+02,  3.95531e+02,  9.16052e+04}
Group rest with mass  7.22412e+04, Ekrot  2.92532e+00 Det(I) =  3.16525e+15
  COM:      2.76756       2.77937       1.96094
  P:        1.35699       1.71410       0.69994
  V:        0.00002       0.00002       0.00001
  J:      790.74951     384.84677   -1068.07141
  w:        0.00284       0.00139      -0.00287
Inertia tensor (3x3):
   Inertia tensor[    0]={ 1.85519e+05, -5.45375e+02,  2.51562e+02}
   Inertia tensor[    1]={-5.45375e+02,  1.85935e+05, -2.66562e+02}
   Inertia tensor[    2]={ 2.51562e+02, -2.66562e+02,  9.17626e+04}
           Step           Time
          10000       20.00000

Writing checkpoint, step 10000 at Sat May  6 20:51:50 2023


Group rest with mass  7.22412e+04, Ekrot  1.70584e+00 Det(I) =  3.16662e+15
  COM:      2.77605       2.78690       1.96314
  P:        3.02744       4.45507      -5.17184
  V:        0.00004       0.00006      -0.00007
  J:     -192.80667     744.58679     687.30811
  w:       -0.00070       0.00269       0.00185
Inertia tensor (3x3):
   Inertia tensor[    0]={ 1.85622e+05, -1.57056e+03,  1.32509e+03}
   Inertia tensor[    1]={-1.57056e+03,  1.86425e+05,  5.36688e+02}
   Inertia tensor[    2]={ 1.32509e+03,  5.36688e+02,  9.15260e+04}
   Energies (kJ/mol)
          Angle    Proper Dih.  Improper Dih.          LJ-14     Coulomb-14
    7.81910e+02    9.60091e+02    4.94247e+01    4.19955e+02    4.95284e+03
        LJ (SR)   Coulomb (SR)      Potential    Kinetic En.   Total Energy
    2.03878e+04   -2.31649e+05   -2.04097e+05    3.20001e+04   -1.72097e+05
  Conserved En.    Temperature Pressure (bar)   Constr. rmsd
   -1.67658e+05    3.24472e+02   -3.51292e+03    5.79579e-05


	<======  ###############  ==>
	<====  A V E R A G E S  ====>
	<==  ###############  ======>

	Statistics over 10001 steps using 21 frames

   Energies (kJ/mol)
          Angle    Proper Dih.  Improper Dih.          LJ-14     Coulomb-14
    7.40217e+02    9.53900e+02    4.34448e+01    4.04114e+02    4.90508e+03
        LJ (SR)   Coulomb (SR)      Potential    Kinetic En.   Total Energy
    2.18345e+04   -2.35674e+05   -2.06793e+05    2.89507e+04   -1.77842e+05
  Conserved En.    Temperature Pressure (bar)   Constr. rmsd
   -1.93877e+05    2.93552e+02   -2.87413e+03    0.00000e+00

   Total Virial (kJ/mol)
    1.98579e+04   -8.43442e+02   -6.81471e+02
   -8.42584e+02    2.11679e+04    1.38290e+03
   -6.79907e+02    1.38402e+03    1.95193e+04

   Pressure (bar)
   -2.78305e+03    2.28893e+02    1.87027e+02
    2.28658e+02   -3.12817e+03   -3.70145e+02
    1.86600e+02   -3.70450e+02   -2.71116e+03

        T-Water    T-non-Water
    2.94243e+02    2.75386e+02


	M E G A - F L O P S   A C C O U N T I N G

 NB=Group-cutoff nonbonded kernels    NxN=N-by-N cluster Verlet kernels
 RF=Reaction-Field  VdW=Van der Waals  QSTab=quadratic-spline table
 W3=SPC/TIP3p  W4=TIP4p (single or pairs)
 V&F=Potential and force  V=Potential only  F=Force only

 Computing:                               M-Number         M-Flops  % Flops
-----------------------------------------------------------------------------
 Pair Search distance check            2254.953264       20294.579     0.8
 NxN RF Elec. + LJ [F]                39839.899320     1513916.174    56.2
 NxN RF Elec. + LJ [V&F]                 83.839936        4527.357     0.2
 NxN RF Electrostatics [F]            36467.898648     1130504.858    42.0
 NxN RF Electrostatics [V&F]             76.612384        2758.046     0.1
 1,4 nonbonded interactions              10.701070         963.096     0.0
 Shift-X                                  5.940357          35.642     0.0
 Angles                                   7.450745        1251.725     0.0
 Propers                                 11.201120        2565.056     0.1
 Impropers                                0.850085         176.818     0.0
 Virial                                   0.249942           4.499     0.0
 Stop-CM                                  0.260854           2.609     0.0
 Calc-Ekin                               23.737714         640.918     0.0
 Lincs                                    4.121236         247.274     0.0
 Lincs-Mat                               89.426820         357.707     0.0
 Constraint-V                           122.564508         980.516     0.0
 Constraint-Vir                           0.248682           5.968     0.0
 Settle                                  38.111430       12309.992     0.5
-----------------------------------------------------------------------------
 Total                                                 2691542.835   100.0
-----------------------------------------------------------------------------


     R E A L   C Y C L E   A N D   T I M E   A C C O U N T I N G

On 1 MPI rank, each using 12 OpenMP threads

 Computing:          Num   Num      Call    Wall time         Giga-Cycles
                     Ranks Threads  Count      (s)         total sum    %
-----------------------------------------------------------------------------
 Neighbor search        1   12        501      14.211        375.179   8.7
 Force                  1   12      10001     130.371       3441.790  79.5
 NB X/F buffer ops.     1   12      19501       6.226        164.378   3.8
 Write traj.            1   12         21       0.164          4.339   0.1
 Update                 1   12      10001       2.504         66.098   1.5
 Constraints            1   12      10003       9.779        258.154   6.0
 Rest                                           0.749         19.781   0.5
-----------------------------------------------------------------------------
 Total                                        164.004       4329.718 100.0
-----------------------------------------------------------------------------

               Core t (s)   Wall t (s)        (%)
       Time:     1968.051      164.004     1200.0
                 (ns/day)    (hour/ns)
Performance:       10.537        2.278
Finished mdrun on rank 0 Sat May  6 20:51:50 2023

