              :-) GROMACS - gmx mdrun, 2020.1-Ubuntu-2020.1-1 (-:

                            GROMACS is written by:
     Emile Apol      Rossen Apostolov      Paul Bauer     Herman J.C. Berendsen
    Par Bjelkmar      Christian Blau   Viacheslav Bolnykh     Kevin Boyd    
 Aldert van Buuren   Rudi van Drunen     Anton Feenstra       Alan Gray     
  Gerrit Groenhof     Anca Hamuraru    Vincent Hindriksen  M. Eric Irrgang  
  Aleksei Iupinov   Christoph Junghans     Joe Jordan     Dimitrios Karkoulis
    Peter Kasson        Jiri Kraus      Carsten Kutzner      Per Larsson    
  Justin A. Lemkul    Viveca Lindahl    Magnus Lundborg     Erik Marklund   
    Pascal Merz     Pieter Meulenhoff    Teemu Murtola       Szilard Pall   
    Sander Pronk      Roland Schulz      Michael Shirts    Alexey Shvetsov  
   Alfons Sijbers     Peter Tieleman      Jon Vincent      Teemu Virolainen 
 Christian Wennberg    Maarten Wolf      Artem Zhmurov   
                           and the project leaders:
        Mark Abraham, Berk Hess, Erik Lindahl, and David van der Spoel

Copyright (c) 1991-2000, University of Groningen, The Netherlands.
Copyright (c) 2001-2019, The GROMACS development team at
Uppsala University, Stockholm University and
the Royal Institute of Technology, Sweden.
check out http://www.gromacs.org for more information.

GROMACS is free software; you can redistribute it and/or modify it
under the terms of the GNU Lesser General Public License
as published by the Free Software Foundation; either version 2.1
of the License, or (at your option) any later version.

GROMACS:      gmx mdrun, version 2020.1-Ubuntu-2020.1-1
Executable:   /usr/bin/gmx
Data prefix:  /usr
Working dir:  /content
Process ID:   51331
Command line:
  gmx mdrun -s /content/sandrozzona-multiscala/pep_1_vuoto/Steered/Equilibrazione/nuova_box/pep_1_equili_smd.tpr -v -deffnm /content/sandrozzona-multiscala/pep_1_vuoto/Steered/Equilibrazione/nuova_box/equilibri_smd

GROMACS version:    2020.1-Ubuntu-2020.1-1
Precision:          single
Memory model:       64 bit
MPI library:        thread_mpi
OpenMP support:     enabled (GMX_OPENMP_MAX_THREADS = 64)
GPU support:        disabled
SIMD instructions:  SSE2
FFT library:        fftw-3.3.8-sse2-avx
RDTSCP usage:       disabled
TNG support:        enabled
Hwloc support:      hwloc-2.1.0
Tracing support:    disabled
C compiler:         /usr/bin/cc GNU 9.3.0
C compiler flags:   -msse2 -fexcess-precision=fast -funroll-all-loops
C++ compiler:       /usr/bin/c++ GNU 9.3.0
C++ compiler flags: -msse2 -fexcess-precision=fast -funroll-all-loops -fopenmp


Running on 1 node with total 1 cores, 2 logical cores
Hardware detected:
  CPU info:
    Vendor: Intel
    Brand:  Intel(R) Xeon(R) CPU @ 2.20GHz
    Family: 6   Model: 79   Stepping: 0
    Features: aes apic avx avx2 clfsh cmov cx8 cx16 f16c fma hle htt intel lahf mmx msr nonstop_tsc pcid pclmuldq pdpe1gb popcnt pse rdrnd rdtscp rtm sse2 sse3 sse4.1 sse4.2 ssse3 x2apic
  Hardware topology: Full, with devices
    Sockets, cores, and logical processors:
      Socket  0: [   0   1]
    Numa nodes:
      Node  0 (13616316416 bytes mem):   0   1
      Latency:
               0
         0  1.00
    Caches:
      L1: 32768 bytes, linesize 64 bytes, assoc. 8, shared 2 ways
      L2: 262144 bytes, linesize 64 bytes, assoc. 8, shared 2 ways
      L3: 57671680 bytes, linesize 64 bytes, assoc. 20, shared 2 ways
    PCI devices:
      0000:00:04.0  Id: 1af4:1000  Class: 0x0200  Numa: 0

Highest SIMD level requested by all nodes in run: AVX2_256
SIMD instructions selected at compile time:       SSE2
This program was compiled for different hardware than you are running on,
which could influence performance.
The current CPU can measure timings more accurately than the code in
gmx mdrun was configured to use. This might affect your simulation
speed as accurate timings are needed for load-balancing.
Please consider rebuilding gmx mdrun with the GMX_USE_RDTSCP=ON CMake option.

++++ PLEASE READ AND CITE THE FOLLOWING REFERENCE ++++
M. J. Abraham, T. Murtola, R. Schulz, S. Páll, J. C. Smith, B. Hess, E.
Lindahl
GROMACS: High performance molecular simulations through multi-level
parallelism from laptops to supercomputers
SoftwareX 1 (2015) pp. 19-25
-------- -------- --- Thank You --- -------- --------


++++ PLEASE READ AND CITE THE FOLLOWING REFERENCE ++++
S. Páll, M. J. Abraham, C. Kutzner, B. Hess, E. Lindahl
Tackling Exascale Software Challenges in Molecular Dynamics Simulations with
GROMACS
In S. Markidis & E. Laure (Eds.), Solving Software Challenges for Exascale 8759 (2015) pp. 3-27
-------- -------- --- Thank You --- -------- --------


++++ PLEASE READ AND CITE THE FOLLOWING REFERENCE ++++
S. Pronk, S. Páll, R. Schulz, P. Larsson, P. Bjelkmar, R. Apostolov, M. R.
Shirts, J. C. Smith, P. M. Kasson, D. van der Spoel, B. Hess, and E. Lindahl
GROMACS 4.5: a high-throughput and highly parallel open source molecular
simulation toolkit
Bioinformatics 29 (2013) pp. 845-54
-------- -------- --- Thank You --- -------- --------


++++ PLEASE READ AND CITE THE FOLLOWING REFERENCE ++++
B. Hess and C. Kutzner and D. van der Spoel and E. Lindahl
GROMACS 4: Algorithms for highly efficient, load-balanced, and scalable
molecular simulation
J. Chem. Theory Comput. 4 (2008) pp. 435-447
-------- -------- --- Thank You --- -------- --------


++++ PLEASE READ AND CITE THE FOLLOWING REFERENCE ++++
D. van der Spoel, E. Lindahl, B. Hess, G. Groenhof, A. E. Mark and H. J. C.
Berendsen
GROMACS: Fast, Flexible and Free
J. Comp. Chem. 26 (2005) pp. 1701-1719
-------- -------- --- Thank You --- -------- --------


++++ PLEASE READ AND CITE THE FOLLOWING REFERENCE ++++
E. Lindahl and B. Hess and D. van der Spoel
GROMACS 3.0: A package for molecular simulation and trajectory analysis
J. Mol. Mod. 7 (2001) pp. 306-317
-------- -------- --- Thank You --- -------- --------


++++ PLEASE READ AND CITE THE FOLLOWING REFERENCE ++++
H. J. C. Berendsen, D. van der Spoel and R. van Drunen
GROMACS: A message-passing parallel molecular dynamics implementation
Comp. Phys. Comm. 91 (1995) pp. 43-56
-------- -------- --- Thank You --- -------- --------

Input Parameters:
   integrator                     = md
   tinit                          = 0
   dt                             = 0.002
   nsteps                         = 50000
   init-step                      = 0
   simulation-part                = 1
   comm-mode                      = Angular
   nstcomm                        = 500
   bd-fric                        = 0
   ld-seed                        = 111540180
   emtol                          = 10
   emstep                         = 0.01
   niter                          = 20
   fcstep                         = 0
   nstcgsteep                     = 1000
   nbfgscorr                      = 10
   rtpi                           = 0.05
   nstxout                        = 500
   nstvout                        = 500
   nstfout                        = 0
   nstlog                         = 5000
   nstcalcenergy                  = 500
   nstenergy                      = 500
   nstxout-compressed             = 0
   compressed-x-precision         = 1000
   cutoff-scheme                  = Verlet
   nstlist                        = 10
   pbc                            = xyz
   periodic-molecules             = false
   verlet-buffer-tolerance        = 0.005
   rlist                          = 1
   coulombtype                    = Cut-off
   coulomb-modifier               = Potential-shift
   rcoulomb-switch                = 0
   rcoulomb                       = 1
   epsilon-r                      = 1
   epsilon-rf                     = inf
   vdw-type                       = Cut-off
   vdw-modifier                   = Potential-shift
   rvdw-switch                    = 0
   rvdw                           = 1
   DispCorr                       = No
   table-extension                = 1
   fourierspacing                 = 0.12
   fourier-nx                     = 0
   fourier-ny                     = 0
   fourier-nz                     = 0
   pme-order                      = 4
   ewald-rtol                     = 1e-05
   ewald-rtol-lj                  = 0.001
   lj-pme-comb-rule               = Geometric
   ewald-geometry                 = 0
   epsilon-surface                = 0
   tcoupl                         = Berendsen
   nsttcouple                     = 10
   nh-chain-length                = 0
   print-nose-hoover-chain-variables = false
   pcoupl                         = Berendsen
   pcoupltype                     = Isotropic
   nstpcouple                     = 10
   tau-p                          = 2
   compressibility (3x3):
      compressibility[    0]={ 4.50000e-05,  0.00000e+00,  0.00000e+00}
      compressibility[    1]={ 0.00000e+00,  4.50000e-05,  0.00000e+00}
      compressibility[    2]={ 0.00000e+00,  0.00000e+00,  4.50000e-05}
   ref-p (3x3):
      ref-p[    0]={ 1.00000e+00,  0.00000e+00,  0.00000e+00}
      ref-p[    1]={ 0.00000e+00,  1.00000e+00,  0.00000e+00}
      ref-p[    2]={ 0.00000e+00,  0.00000e+00,  1.00000e+00}
   refcoord-scaling               = COM
   posres-com (3):
      posres-com[0]= 4.99850e-01
      posres-com[1]= 4.98775e-01
      posres-com[2]= 5.01083e-01
   posres-comB (3):
      posres-comB[0]= 4.99850e-01
      posres-comB[1]= 4.98775e-01
      posres-comB[2]= 5.01083e-01
   QMMM                           = false
   QMconstraints                  = 0
   QMMMscheme                     = 0
   MMChargeScaleFactor            = 1
qm-opts:
   ngQM                           = 0
   constraint-algorithm           = Lincs
   continuation                   = false
   Shake-SOR                      = false
   shake-tol                      = 0.0001
   lincs-order                    = 4
   lincs-iter                     = 1
   lincs-warnangle                = 30
   nwall                          = 0
   wall-type                      = 9-3
   wall-r-linpot                  = -1
   wall-atomtype[0]               = -1
   wall-atomtype[1]               = -1
   wall-density[0]                = 0
   wall-density[1]                = 0
   wall-ewald-zfac                = 3
   pull                           = false
   awh                            = false
   rotation                       = false
   interactiveMD                  = false
   disre                          = No
   disre-weighting                = Conservative
   disre-mixed                    = false
   dr-fc                          = 1000
   dr-tau                         = 0
   nstdisreout                    = 100
   orire-fc                       = 0
   orire-tau                      = 0
   nstorireout                    = 100
   free-energy                    = no
   cos-acceleration               = 0
   deform (3x3):
      deform[    0]={ 0.00000e+00,  0.00000e+00,  0.00000e+00}
      deform[    1]={ 0.00000e+00,  0.00000e+00,  0.00000e+00}
      deform[    2]={ 0.00000e+00,  0.00000e+00,  0.00000e+00}
   simulated-tempering            = false
   swapcoords                     = no
   userint1                       = 0
   userint2                       = 0
   userint3                       = 0
   userint4                       = 0
   userreal1                      = 0
   userreal2                      = 0
   userreal3                      = 0
   userreal4                      = 0
   applied-forces:
     electric-field:
       x:
         E0                       = 0
         omega                    = 0
         t0                       = 0
         sigma                    = 0
       y:
         E0                       = 0
         omega                    = 0
         t0                       = 0
         sigma                    = 0
       z:
         E0                       = 0
         omega                    = 0
         t0                       = 0
         sigma                    = 0
     density-guided-simulation:
       active                     = false
       group                      = protein
       similarity-measure         = inner-product
       atom-spreading-weight      = unity
       force-constant             = 1e+09
       gaussian-transform-spreading-width = 0.2
       gaussian-transform-spreading-range-in-multiples-of-width = 4
       reference-density-filename = reference.mrc
       nst                        = 1
       normalize-densities        = true
       adaptive-force-scaling     = false
       adaptive-force-scaling-time-constant = 4
grpopts:
   nrdf:         788
   ref-t:         300
   tau-t:         0.1
annealing:          No
annealing-npoints:           0
   acc:	           0           0           0
   nfreeze:           N           N           N
   energygrp-flags[  0]: 0

Changing nstlist from 10 to 100, rlist from 1 to 1


Using 1 MPI thread

Non-default thread affinity set, disabling internal thread affinity

Using 2 OpenMP threads 

System total charge: 3.000
Potential shift: LJ r^-12: -1.000e+00 r^-6: -1.000e+00, Coulomb -1e+00
Generated table with 1000 data points for 1-4 COUL.
Tabscale = 500 points/nm
Generated table with 1000 data points for 1-4 LJ6.
Tabscale = 500 points/nm
Generated table with 1000 data points for 1-4 LJ12.
Tabscale = 500 points/nm

Using SIMD 4x4 nonbonded short-range kernels

Using a 4x4 pair-list setup:
  updated every 100 steps, buffer 0.000 nm, rlist 1.000 nm
At tolerance 0.005 kJ/mol/ps per atom, equivalent classical 1x1 list would be:
  updated every 100 steps, buffer 0.000 nm, rlist 1.000 nm

Using Lorentz-Berthelot Lennard-Jones combination rule

Removing pbc first time

Initializing LINear Constraint Solver

++++ PLEASE READ AND CITE THE FOLLOWING REFERENCE ++++
B. Hess and H. Bekker and H. J. C. Berendsen and J. G. E. M. Fraaije
LINCS: A Linear Constraint Solver for molecular simulations
J. Comp. Chem. 18 (1997) pp. 1463-1472
-------- -------- --- Thank You --- -------- --------

The number of constraints is 412

++++ PLEASE READ AND CITE THE FOLLOWING REFERENCE ++++
H. J. C. Berendsen, J. P. M. Postma, A. DiNola and J. R. Haak
Molecular dynamics with coupling to an external bath
J. Chem. Phys. 81 (1984) pp. 3684-3690
-------- -------- --- Thank You --- -------- --------

There are: 402 Atoms

Constraining the starting coordinates (step 0)

Constraining the coordinates at t0-dt (step 0)
Center of mass motion removal mode is Angular
We have the following groups for center of mass motion removal:
  0:  rest
RMS relative constraint deviation after constraining: 1.74e-05
Initial temperature: 0.00747026 K

Started mdrun on rank 0 Thu May 11 16:28:29 2023

           Step           Time
              0        0.00000

   Energies (kJ/mol)
          Angle    Proper Dih.  Improper Dih.          LJ-14     Coulomb-14
    1.94211e+02    8.22079e+02    9.86461e+00    3.59448e+02    4.91950e+03
        LJ (SR)   Coulomb (SR) Position Rest.      Potential    Kinetic En.
   -5.74733e+02   -7.06358e+03    1.12327e-02   -1.33320e+03    2.84996e-01
   Total Energy  Conserved En.    Temperature Pressure (bar)   Constr. rmsd
   -1.33291e+03   -1.33291e+03    8.69978e-02   -6.23034e-02    3.37803e-05

Group rest with mass  2.85129e+03, Ekrot  2.95221e+00 Det(I) =  1.53247e+08
  COM:     50.98360      50.94433      24.05671
  P:        6.24549     -12.25592      21.52130
  V:        0.00219      -0.00430       0.00755
  J:      -59.00598     -32.65961      49.37433
  w:       -0.01359      -0.07845       0.05145
Inertia tensor (3x3):
   Inertia tensor[    0]={ 2.67000e+02, -1.77500e+02,  1.41250e+02}
   Inertia tensor[    1]={-1.77500e+02,  2.06000e+03, -9.21250e+02}
   Inertia tensor[    2]={ 1.41250e+02, -9.21250e+02,  7.22750e+02}
Group rest with mass  2.85129e+03, Ekrot  2.13026e+00 Det(I) =  1.68762e+08
  COM:     50.98558      50.94501      24.05631
  P:        6.50346      15.70714      -5.73345
  V:        0.00228       0.00551      -0.00201
  J:      -51.33246     -35.86353      30.05670
  w:       -0.01162      -0.06899       0.03959
Inertia tensor (3x3):
   Inertia tensor[    0]={ 2.74000e+02, -1.88500e+02,  1.40000e+02}
   Inertia tensor[    1]={-1.88500e+02,  2.07150e+03, -9.33750e+02}
   Inertia tensor[    2]={ 1.40000e+02, -9.33750e+02,  7.49875e+02}
Group rest with mass  2.85129e+03, Ekrot  2.02038e+00 Det(I) =  1.61651e+08
  COM:     50.98257      50.94507      24.05597
  P:      -12.78022      12.83711     -24.25919
  V:       -0.00448       0.00450      -0.00851
  J:       14.32654      14.21234     -62.51709
  w:       -0.00162       0.06108      -0.05112
Inertia tensor (3x3):
   Inertia tensor[    0]={ 2.66500e+02, -1.87000e+02,  1.45750e+02}
   Inertia tensor[    1]={-1.87000e+02,  2.05900e+03, -9.19000e+02}
   Inertia tensor[    2]={ 1.45750e+02, -9.19000e+02,  7.40375e+02}
Group rest with mass  2.85129e+03, Ekrot  1.95328e+00 Det(I) =  1.58664e+08
  COM:     50.98426      50.94471      24.05503
  P:       20.71656     -29.31498      20.30061
  V:        0.00727      -0.01028       0.00712
  J:       13.82043      49.83884       0.30200
  w:       -0.00159       0.07901      -0.03151
Inertia tensor (3x3):
   Inertia tensor[    0]={ 2.67500e+02, -1.76500e+02,  1.36750e+02}
   Inertia tensor[    1]={-1.76500e+02,  2.05950e+03, -9.29000e+02}
   Inertia tensor[    2]={ 1.36750e+02, -9.29000e+02,  7.37250e+02}
Group rest with mass  2.85129e+03, Ekrot  1.33192e+00 Det(I) =  1.56096e+08
  COM:     50.98298      50.94227      24.05616
  P:      -21.93356     -13.34079      -4.97016
  V:       -0.00769      -0.00468      -0.00174
  J:       -8.00063     -31.98389      19.19913
  w:        0.00306      -0.06382       0.03370
Inertia tensor (3x3):
   Inertia tensor[    0]={ 2.54000e+02, -1.85500e+02,  1.40250e+02}
   Inertia tensor[    1]={-1.85500e+02,  2.06250e+03, -9.15750e+02}
   Inertia tensor[    2]={ 1.40250e+02, -9.15750e+02,  7.39625e+02}
           Step           Time
           5000       10.00000

   Energies (kJ/mol)
          Angle    Proper Dih.  Improper Dih.          LJ-14     Coulomb-14
    7.45711e+02    1.04814e+03    4.96463e+01    3.99644e+02    4.87178e+03
        LJ (SR)   Coulomb (SR) Position Rest.      Potential    Kinetic En.
   -5.48322e+02   -7.47292e+03    2.83187e+02   -6.23132e+02    1.02938e+03
   Total Energy  Conserved En.    Temperature Pressure (bar)   Constr. rmsd
    4.06248e+02   -1.31895e+03    3.14228e+02   -5.71073e-02    6.59858e-05

           Step           Time
          10000       20.00000

   Energies (kJ/mol)
          Angle    Proper Dih.  Improper Dih.          LJ-14     Coulomb-14
    7.84448e+02    9.88513e+02    7.24716e+01    4.08513e+02    4.91948e+03
        LJ (SR)   Coulomb (SR) Position Rest.      Potential    Kinetic En.
   -5.46138e+02   -7.44827e+03    2.28361e+02   -5.92624e+02    9.73174e+02
   Total Energy  Conserved En.    Temperature Pressure (bar)   Constr. rmsd
    3.80550e+02   -1.33684e+03    2.97071e+02   -7.14420e-02    6.58180e-05

Group rest with mass  2.85129e+03, Ekrot  1.64925e+00 Det(I) =  1.59998e+08
  COM:     50.97548      50.93745      24.05366
  P:      -13.97691      13.83674      54.60787
  V:       -0.00490       0.00485       0.01915
  J:       -5.35132     -36.50757      19.78882
  w:        0.00479      -0.07107       0.03686
Inertia tensor (3x3):
   Inertia tensor[    0]={ 2.66000e+02, -1.88500e+02,  1.44500e+02}
   Inertia tensor[    1]={-1.88500e+02,  2.05800e+03, -9.17000e+02}
   Inertia tensor[    2]={ 1.44500e+02, -9.17000e+02,  7.35875e+02}
Group rest with mass  2.85129e+03, Ekrot  1.08486e+00 Det(I) =  1.61077e+08
  COM:     50.97485      50.93507      24.05112
  P:       -3.67906     -17.14265      -4.06783
  V:       -0.00129      -0.00601      -0.00143
  J:       15.90349     -28.53787      13.31482
  w:        0.01068      -0.05662       0.02884
Inertia tensor (3x3):
   Inertia tensor[    0]={ 2.66500e+02, -1.75000e+02,  1.43000e+02}
   Inertia tensor[    1]={-1.75000e+02,  2.06100e+03, -9.23250e+02}
   Inertia tensor[    2]={ 1.43000e+02, -9.23250e+02,  7.40750e+02}
Group rest with mass  2.85129e+03, Ekrot  2.79433e+00 Det(I) =  1.62844e+08
  COM:     50.97279      50.93409      24.05097
  P:       15.65804      11.64688      -4.30223
  V:        0.00549       0.00408      -0.00151
  J:      -16.24622     -11.15790      80.05829
  w:        0.00160      -0.06644       0.06087
Inertia tensor (3x3):
   Inertia tensor[    0]={ 2.70000e+02, -1.77000e+02,  1.47000e+02}
   Inertia tensor[    1]={-1.77000e+02,  2.04450e+03, -9.12000e+02}
   Inertia tensor[    2]={ 1.47000e+02, -9.12000e+02,  7.37750e+02}
           Step           Time
          15000       30.00000

Group rest with mass  2.85129e+03, Ekrot  1.23030e+00 Det(I) =  1.59312e+08
  COM:     50.97101      50.93273      24.05022
  P:      -15.45769     -14.40636      -4.82550
  V:       -0.00542      -0.00505      -0.00169
  J:        2.68008       5.33450     -54.41338
  w:       -0.00392       0.04367      -0.04113
Inertia tensor (3x3):
   Inertia tensor[    0]={ 2.67500e+02, -1.78000e+02,  1.42000e+02}
   Inertia tensor[    1]={-1.78000e+02,  2.04750e+03, -9.21750e+02}
   Inertia tensor[    2]={ 1.42000e+02, -9.21750e+02,  7.38875e+02}
   Energies (kJ/mol)
          Angle    Proper Dih.  Improper Dih.          LJ-14     Coulomb-14
    7.58417e+02    1.00918e+03    3.88375e+01    3.87725e+02    4.90846e+03
        LJ (SR)   Coulomb (SR) Position Rest.      Potential    Kinetic En.
   -5.04866e+02   -7.51553e+03    2.56154e+02   -6.61622e+02    1.02674e+03
   Total Energy  Conserved En.    Temperature Pressure (bar)   Constr. rmsd
    3.65113e+02   -1.39475e+03    3.13421e+02   -3.14487e-02    6.25691e-05

Group rest with mass  2.85129e+03, Ekrot  2.26095e+00 Det(I) =  1.63225e+08
  COM:     50.97182      50.93229      24.05032
  P:       35.15712      -6.82420       3.63519
  V:        0.01233      -0.00239       0.00127
  J:       -4.92468      44.95361     -17.44849
  w:       -0.00932       0.08384      -0.04053
Inertia tensor (3x3):
   Inertia tensor[    0]={ 2.68000e+02, -1.82500e+02,  1.39500e+02}
   Inertia tensor[    1]={-1.82500e+02,  2.05450e+03, -8.99250e+02}
   Inertia tensor[    2]={ 1.39500e+02, -8.99250e+02,  7.23250e+02}
           Step           Time
          20000       40.00000

   Energies (kJ/mol)
          Angle    Proper Dih.  Improper Dih.          LJ-14     Coulomb-14
    8.14975e+02    9.87563e+02    3.68310e+01    3.92607e+02    4.88790e+03
        LJ (SR)   Coulomb (SR) Position Rest.      Potential    Kinetic En.
   -5.65197e+02   -7.43237e+03    2.20151e+02   -6.57540e+02    1.03695e+03
   Total Energy  Conserved En.    Temperature Pressure (bar)   Constr. rmsd
    3.79410e+02   -1.42237e+03    3.16539e+02   -6.62061e-02    6.44942e-05

           Step           Time
          25000       50.00000

   Energies (kJ/mol)
          Angle    Proper Dih.  Improper Dih.          LJ-14     Coulomb-14
    8.28756e+02    9.88426e+02    5.48401e+01    4.04316e+02    4.88769e+03
        LJ (SR)   Coulomb (SR) Position Rest.      Potential    Kinetic En.
   -5.02347e+02   -7.51592e+03    2.22121e+02   -6.32118e+02    1.02964e+03
   Total Energy  Conserved En.    Temperature Pressure (bar)   Constr. rmsd
    3.97520e+02   -1.46246e+03    3.14307e+02   -6.78241e-03    6.25576e-05

           Step           Time
          30000       60.00000

   Energies (kJ/mol)
          Angle    Proper Dih.  Improper Dih.          LJ-14     Coulomb-14
    7.73014e+02    9.79079e+02    5.32713e+01    4.08884e+02    4.95620e+03
        LJ (SR)   Coulomb (SR) Position Rest.      Potential    Kinetic En.
   -5.33149e+02   -7.49665e+03    2.55646e+02   -6.03702e+02    1.00551e+03
   Total Energy  Conserved En.    Temperature Pressure (bar)   Constr. rmsd
    4.01811e+02   -1.53972e+03    3.06943e+02    3.89296e-02    5.84446e-05

           Step           Time
          35000       70.00000

   Energies (kJ/mol)
          Angle    Proper Dih.  Improper Dih.          LJ-14     Coulomb-14
    7.31525e+02    1.01984e+03    7.19173e+01    4.19069e+02    4.93426e+03
        LJ (SR)   Coulomb (SR) Position Rest.      Potential    Kinetic En.
   -5.02071e+02   -7.54818e+03    2.63883e+02   -6.09764e+02    1.01327e+03
   Total Energy  Conserved En.    Temperature Pressure (bar)   Constr. rmsd
    4.03508e+02   -1.58476e+03    3.09311e+02    1.04865e-01    4.90584e-05

           Step           Time
          40000       80.00000

   Energies (kJ/mol)
          Angle    Proper Dih.  Improper Dih.          LJ-14     Coulomb-14
    7.90088e+02    9.92632e+02    5.95107e+01    4.31130e+02    4.94769e+03
        LJ (SR)   Coulomb (SR) Position Rest.      Potential    Kinetic En.
   -5.48520e+02   -7.51915e+03    2.46203e+02   -6.00412e+02    1.00896e+03
   Total Energy  Conserved En.    Temperature Pressure (bar)   Constr. rmsd
    4.08547e+02   -1.60537e+03    3.07995e+02    3.82113e-02    5.91343e-05

Group rest with mass  2.85129e+03, Ekrot  1.61203e+00 Det(I) =  1.58488e+08
  COM:     50.94732      50.90907      24.04047
  P:       14.11034     -24.19872      20.79405
  V:        0.00495      -0.00849       0.00729
  J:      -50.28552     -38.24316       9.03772
  w:       -0.01249      -0.06134       0.02770
Inertia tensor (3x3):
   Inertia tensor[    0]={ 2.55000e+02, -1.81500e+02,  1.39000e+02}
   Inertia tensor[    1]={-1.81500e+02,  2.07450e+03, -9.33000e+02}
   Inertia tensor[    2]={ 1.39000e+02, -9.33000e+02,  7.52875e+02}
Group rest with mass  2.85129e+03, Ekrot  1.65576e+00 Det(I) =  1.60117e+08
  COM:     50.94993      50.90818      24.03725
  P:       24.47537      -2.45036     -37.99240
  V:        0.00858      -0.00086      -0.01332
  J:       47.66467      46.52612       8.48560
  w:        0.01198       0.06259      -0.02023
Inertia tensor (3x3):
   Inertia tensor[    0]={ 2.68500e+02, -1.84500e+02,  1.45000e+02}
   Inertia tensor[    1]={-1.84500e+02,  2.03600e+03, -9.08250e+02}
   Inertia tensor[    2]={ 1.45000e+02, -9.08250e+02,  7.33125e+02}
Group rest with mass  2.85129e+03, Ekrot  1.16715e+00 Det(I) =  1.57210e+08
  COM:     50.94598      50.90913      24.03977
  P:      -67.30312      17.06168      50.15876
  V:       -0.02360       0.00598       0.01759
  J:      -58.94775     -35.54199     -38.06641
  w:       -0.01977      -0.02480      -0.00756
Inertia tensor (3x3):
   Inertia tensor[    0]={ 2.70500e+02, -1.89000e+02,  1.35250e+02}
   Inertia tensor[    1]={-1.89000e+02,  2.06800e+03, -9.30250e+02}
   Inertia tensor[    2]={ 1.35250e+02, -9.30250e+02,  7.28625e+02}
           Step           Time
          45000       90.00000

   Energies (kJ/mol)
          Angle    Proper Dih.  Improper Dih.          LJ-14     Coulomb-14
    7.82474e+02    9.88696e+02    5.71210e+01    4.36336e+02    4.93342e+03
        LJ (SR)   Coulomb (SR) Position Rest.      Potential    Kinetic En.
   -5.16122e+02   -7.54792e+03    2.30729e+02   -6.35265e+02    1.01659e+03
   Total Energy  Conserved En.    Temperature Pressure (bar)   Constr. rmsd
    3.81326e+02   -1.63443e+03    3.10324e+02    8.77047e-02    4.99425e-05

Group rest with mass  2.85129e+03, Ekrot  1.69250e+00 Det(I) =  1.55731e+08
  COM:     50.94494      50.90621      24.03699
  P:       24.27596      19.33534      16.95000
  V:        0.00851       0.00678       0.00594
  J:       25.73877      57.36221      54.90977
  w:        0.00584       0.05396       0.00254
Inertia tensor (3x3):
   Inertia tensor[    0]={ 2.59500e+02, -1.81000e+02,  1.40000e+02}
   Inertia tensor[    1]={-1.81000e+02,  2.05500e+03, -9.23750e+02}
   Inertia tensor[    2]={ 1.40000e+02, -9.23750e+02,  7.40500e+02}
Group rest with mass  2.85129e+03, Ekrot  1.48549e+00 Det(I) =  1.63944e+08
  COM:     50.94219      50.90340      24.03617
  P:       12.60139       1.83729      14.80821
  V:        0.00442       0.00064       0.00519
  J:      -46.45251     -49.63712     -40.40717
  w:       -0.01355      -0.04764       0.00057
Inertia tensor (3x3):
   Inertia tensor[    0]={ 2.67000e+02, -1.78000e+02,  1.36750e+02}
   Inertia tensor[    1]={-1.78000e+02,  2.06200e+03, -9.15000e+02}
   Inertia tensor[    2]={ 1.36750e+02, -9.15000e+02,  7.35250e+02}
Group rest with mass  2.85129e+03, Ekrot  1.20371e+00 Det(I) =  1.64567e+08
  COM:     50.94190      50.90242      24.03699
  P:        3.39070      18.87661      11.73408
  V:        0.00119       0.00662       0.00412
  J:      -22.06807      30.62238     -10.90460
  w:       -0.01333       0.05880      -0.02868
Inertia tensor (3x3):
   Inertia tensor[    0]={ 2.72500e+02, -1.86000e+02,  1.41750e+02}
   Inertia tensor[    1]={-1.86000e+02,  2.04550e+03, -9.13250e+02}
   Inertia tensor[    2]={ 1.41750e+02, -9.13250e+02,  7.36000e+02}
           Step           Time
          50000      100.00000

Writing checkpoint, step 50000 at Thu May 11 16:28:51 2023


   Energies (kJ/mol)
          Angle    Proper Dih.  Improper Dih.          LJ-14     Coulomb-14
    7.59748e+02    1.04078e+03    5.98720e+01    3.93641e+02    4.95087e+03
        LJ (SR)   Coulomb (SR) Position Rest.      Potential    Kinetic En.
   -4.98751e+02   -7.57854e+03    2.73465e+02   -5.98913e+02    1.00715e+03
   Total Energy  Conserved En.    Temperature Pressure (bar)   Constr. rmsd
    4.08240e+02   -1.68431e+03    3.07443e+02   -4.26980e-02    6.04176e-05


	<======  ###############  ==>
	<====  A V E R A G E S  ====>
	<==  ###############  ======>

	Statistics over 50001 steps using 101 frames

   Energies (kJ/mol)
          Angle    Proper Dih.  Improper Dih.          LJ-14     Coulomb-14
    7.71667e+02    9.93134e+02    5.60878e+01    4.13325e+02    4.92064e+03
        LJ (SR)   Coulomb (SR) Position Rest.      Potential    Kinetic En.
   -5.19988e+02   -7.48668e+03    2.45825e+02   -6.05984e+02    9.79423e+02
   Total Energy  Conserved En.    Temperature Pressure (bar)   Constr. rmsd
    3.73439e+02   -1.48123e+03    2.98978e+02    6.20131e-03    0.00000e+00

          Box-X          Box-Y          Box-Z
    6.79328e+01    6.79328e+01    4.80358e+01

   Total Virial (kJ/mol)
    2.79352e+02   -5.17012e+01    8.23886e+01
   -5.17046e+01    2.56892e+02   -1.72285e+02
    8.23828e+01   -1.72292e+02    3.19064e+02

   Pressure (bar)
    7.61925e-03    6.37032e-03   -1.15628e-02
    6.37083e-03    1.02000e-02    2.64309e-02
   -1.15619e-02    2.64319e-02    7.84699e-04


	M E G A - F L O P S   A C C O U N T I N G

 NB=Group-cutoff nonbonded kernels    NxN=N-by-N cluster Verlet kernels
 RF=Reaction-Field  VdW=Van der Waals  QSTab=quadratic-spline table
 W3=SPC/TIP3p  W4=TIP4p (single or pairs)
 V&F=Potential and force  V=Potential only  F=Force only

 Computing:                               M-Number         M-Flops  % Flops
-----------------------------------------------------------------------------
 Pair Search distance check               2.931260          26.381     0.0
 NxN RF Elec. + LJ [F]                 3223.703816      122500.745    80.7
 NxN RF Elec. + LJ [V&F]                  6.526416         352.426     0.2
 NxN RF Electrostatics [F]                0.911000          28.241     0.0
 NxN RF Electrostatics [V&F]              0.001952           0.070     0.0
 1,4 nonbonded interactions              53.501070        4815.096     3.2
 Shift-X                                  0.201402           1.208     0.0
 Angles                                  37.250745        6258.125     4.1
 Propers                                 56.001120       12824.256     8.5
 Impropers                                4.250085         884.018     0.6
 Pos. Restr.                             10.200204         510.010     0.3
 Virial                                   2.235447          40.238     0.0
 Stop-CM                                  0.041004           0.410     0.0
 P-Coupling                               2.010402          12.062     0.0
 Calc-Ekin                                4.020804         108.562     0.1
 Lincs                                   20.601236        1236.074     0.8
 Lincs-Mat                              447.026820        1788.107     1.2
 Constraint-V                            41.201648         329.613     0.2
 Constraint-Vir                           2.060412          49.450     0.0
-----------------------------------------------------------------------------
 Total                                                  151765.095   100.0
-----------------------------------------------------------------------------


     R E A L   C Y C L E   A N D   T I M E   A C C O U N T I N G

On 1 MPI rank, each using 2 OpenMP threads

 Computing:          Num   Num      Call    Wall time         Giga-Cycles
                     Ranks Threads  Count      (s)         total sum    %
-----------------------------------------------------------------------------
 Neighbor search        1    2        501       0.158          0.697   0.7
 Force                  1    2      50001      15.677         68.971  73.0
 NB X/F buffer ops.     1    2      99501       1.027          4.520   4.8
 Write traj.            1    2        101       0.046          0.202   0.2
 Update                 1    2      50001       0.516          2.268   2.4
 Constraints            1    2      50003       3.608         15.874  16.8
 Rest                                           0.429          1.887   2.0
-----------------------------------------------------------------------------
 Total                                         21.461         94.420 100.0
-----------------------------------------------------------------------------

               Core t (s)   Wall t (s)        (%)
       Time:       42.922       21.461      200.0
                 (ns/day)    (hour/ns)
Performance:      402.597        0.060
Finished mdrun on rank 0 Thu May 11 16:28:51 2023

